2025-08-11 07:40:04,805 [INFO] Activator:176 - 


2025-08-11 07:40:04,810 [INFO] Activator:177 - !SESSION log4j initialized
2025-08-11 07:40:11,003 [INFO] LogOutputStream:77 - [STDOUT_REDIRECT] 
2025-08-11 07:40:11,980 [INFO] ApplicationProperties:184 - Using Application install path: /home/amer/st/stm32cubeide_1.12.0/plugins/com.st.stm32cube.common.mx_6.15.0.202507011659
2025-08-11 07:40:12,003 [INFO] DbMcusXml:78 - Set database path to: /home/amer/st/stm32cubeide_1.12.0/plugins/com.st.stm32cube.common.mx_6.15.0.202507011659//db//mcu/
2025-08-11 07:40:12,003 [INFO] ApiDb:274 - Set plugin database path to: /home/amer/st/stm32cubeide_1.12.0/plugins/com.st.stm32cube.common.mx_6.15.0.202507011659//db//plugins/boardmanager/
2025-08-11 07:40:12,004 [WARN] ApiDb:259 - Overriding images path with different value:  => /home/amer/st/stm32cubeide_1.12.0/plugins/com.st.stm32cube.common.mx_6.15.0.202507011659//db//plugins/mcufinder/images/
2025-08-11 07:40:12,011 [INFO] ApiDb:250 - Set database path to: /home/amer/.stmcufinder/plugins/mcufinder//mcu/
2025-08-11 07:40:12,012 [INFO] DbMcusAds:125 - Set database path to: /home/amer/.stmcufinder/plugins/mcufinder//mcu/
2025-08-11 07:40:12,015 [INFO] CrossReferenceDbSqlite:203 - Set database path to: /home/amer/.stmcufinder/plugins/mcufinder//mcu/cs/
2025-08-11 07:40:12,203 [INFO] RulesReader:64 - Compatibility file has been processed (317 Rules)
2025-08-11 07:40:12,317 [INFO] DbMcusXml:78 - Set database path to: /home/amer/st/stm32cubeide_1.12.0/plugins/com.st.stm32cube.common.mx_6.15.0.202507011659//db//mcu/
2025-08-11 07:40:12,317 [INFO] ApiDb:274 - Set plugin database path to: /home/amer/st/stm32cubeide_1.12.0/plugins/com.st.stm32cube.common.mx_6.15.0.202507011659//db//plugins/boardmanager/
2025-08-11 07:40:12,318 [INFO] ApiDb:261 - Set plugin images path to: /home/amer/st/stm32cubeide_1.12.0/plugins/com.st.stm32cube.common.mx_6.15.0.202507011659//db//plugins/mcufinder/images/
2025-08-11 07:40:12,318 [WARN] DbFile:41 - Overriding database path with different value: /home/amer/.stmcufinder/plugins/mcufinder/ => /home/amer/.stmcufinder/plugins/mcufinder
2025-08-11 07:40:12,318 [INFO] ApiDb:250 - Set database path to: /home/amer/.stmcufinder/plugins/mcufinder//mcu/
2025-08-11 07:40:12,318 [WARN] DbFile:41 - Overriding database path with different value: /home/amer/.stmcufinder/plugins/mcufinder/ => /home/amer/.stmcufinder/plugins/mcufinder
2025-08-11 07:40:12,319 [INFO] DbMcusAds:125 - Set database path to: /home/amer/.stmcufinder/plugins/mcufinder//mcu/
2025-08-11 07:40:12,319 [WARN] DbFile:41 - Overriding database path with different value: /home/amer/.stmcufinder/plugins/mcufinder/ => /home/amer/.stmcufinder/plugins/mcufinder
2025-08-11 07:40:12,319 [WARN] DbFile:41 - Overriding database path with different value: /home/amer/.stmcufinder/plugins/mcufinder/ => /home/amer/.stmcufinder/plugins/mcufinder
2025-08-11 07:40:12,319 [INFO] CrossReferenceDbSqlite:203 - Set database path to: /home/amer/.stmcufinder/plugins/mcufinder//mcu/cs/
2025-08-11 07:40:12,401 [INFO] MainPanel:274 - HeapMemory: 268435456
2025-08-11 07:40:12,602 [INFO] DbMcusXml:78 - Set database path to: /home/amer/st/stm32cubeide_1.12.0/plugins/com.st.stm32cube.common.mx_6.15.0.202507011659//db//mcu/
2025-08-11 07:40:12,602 [INFO] ApiDb:274 - Set plugin database path to: /home/amer/st/stm32cubeide_1.12.0/plugins/com.st.stm32cube.common.mx_6.15.0.202507011659//db//plugins/boardmanager/
2025-08-11 07:40:12,603 [INFO] ApiDb:261 - Set plugin images path to: /home/amer/st/stm32cubeide_1.12.0/plugins/com.st.stm32cube.common.mx_6.15.0.202507011659//db//plugins/mcufinder/images/
2025-08-11 07:40:12,604 [WARN] DbFile:41 - Overriding database path with different value: /home/amer/.stmcufinder/plugins/mcufinder/ => /home/amer/.stmcufinder/plugins/mcufinder
2025-08-11 07:40:12,604 [INFO] ApiDb:250 - Set database path to: /home/amer/.stmcufinder/plugins/mcufinder//mcu/
2025-08-11 07:40:12,604 [WARN] DbFile:41 - Overriding database path with different value: /home/amer/.stmcufinder/plugins/mcufinder/ => /home/amer/.stmcufinder/plugins/mcufinder
2025-08-11 07:40:12,605 [INFO] DbMcusAds:125 - Set database path to: /home/amer/.stmcufinder/plugins/mcufinder//mcu/
2025-08-11 07:40:12,605 [WARN] DbFile:41 - Overriding database path with different value: /home/amer/.stmcufinder/plugins/mcufinder/ => /home/amer/.stmcufinder/plugins/mcufinder
2025-08-11 07:40:12,605 [WARN] DbFile:41 - Overriding database path with different value: /home/amer/.stmcufinder/plugins/mcufinder/ => /home/amer/.stmcufinder/plugins/mcufinder
2025-08-11 07:40:12,605 [INFO] CrossReferenceDbSqlite:203 - Set database path to: /home/amer/.stmcufinder/plugins/mcufinder//mcu/cs/
2025-08-11 07:40:12,632 [INFO] ApplicationProperties:184 - Using Application install path: /home/amer/st/stm32cubeide_1.12.0/plugins/com.st.stm32cube.common.mx_6.15.0.202507011659
2025-08-11 07:40:12,633 [INFO] PluginManage:196 - Search for loadable plugins [exclusion list=, ]
2025-08-11 07:40:12,634 [INFO] PluginManage:310 - Check plugin analytics
2025-08-11 07:40:12,846 [INFO] AnalyticsPlugin:253 - Accepted Software Licenses: 
2025-08-11 07:40:12,846 [INFO] AnalyticsPlugin:255 - Accepted CMSIS Pack Licenses: 
2025-08-11 07:40:12,847 [INFO] AnalyticsPlugin:257 - Accepted Firmware Licenses: FW.F4.1.27.0,FW.G0.1.6.0,FW.F4.1.28.0
2025-08-11 07:40:12,849 [INFO] PluginManage:359 - Loaded plugin analytics (category:tool,tabindex:-1)
2025-08-11 07:40:12,850 [INFO] PluginManage:310 - Check plugin cadmodel
2025-08-11 07:40:12,856 [INFO] CADModel:105 - Init CAD model plugin
2025-08-11 07:40:12,857 [INFO] PluginManage:359 - Loaded plugin cadmodel (category:power,tabindex:5)
2025-08-11 07:40:12,857 [INFO] PluginManage:310 - Check plugin clock
2025-08-11 07:40:12,868 [INFO] PluginManage:359 - Loaded plugin clock (category:base,tabindex:2)
2025-08-11 07:40:12,868 [INFO] PluginManage:310 - Check plugin ddr
2025-08-11 07:40:12,872 [INFO] PluginManage:359 - Loaded plugin ddr (category:tool,tabindex:6)
2025-08-11 07:40:12,872 [INFO] PluginManage:310 - Check plugin filemanager
2025-08-11 07:40:13,039 [INFO] PluginManage:359 - Loaded plugin filemanager (category:base,tabindex:10)
2025-08-11 07:40:13,039 [INFO] PluginManage:310 - Check plugin ipmanager
2025-08-11 07:40:13,046 [INFO] PluginManage:359 - Loaded plugin ipmanager (category:base,tabindex:5)
2025-08-11 07:40:13,046 [INFO] PluginManage:310 - Check plugin lpbam
2025-08-11 07:40:13,058 [INFO] PluginManage:359 - Loaded plugin lpbam (category:base,tabindex:0)
2025-08-11 07:40:13,058 [INFO] PluginManage:310 - Check plugin memorymap
2025-08-11 07:40:13,068 [INFO] PluginManage:359 - Loaded plugin memorymap (category:base,tabindex:4)
2025-08-11 07:40:13,068 [INFO] PluginManage:310 - Check plugin pinoutandconfiguration
2025-08-11 07:40:13,079 [INFO] PluginManage:359 - Loaded plugin pinoutandconfiguration (category:base,tabindex:1)
2025-08-11 07:40:13,079 [INFO] PluginManage:310 - Check plugin pinoutconfig
2025-08-11 07:40:13,229 [WARN] SupportedApi:132 - Cannot load RTOS API schema: s4s-elt-must-match.1: The content of 'definitions' must match (annotation?, (simpleType | complexType)?, (unique | key | keyref)*)). A problem was found starting at: attribute.
2025-08-11 07:40:13,399 [INFO] PluginManage:359 - Loaded plugin pinoutconfig (category:base,tabindex:0)
2025-08-11 07:40:13,399 [INFO] PluginManage:310 - Check plugin power
2025-08-11 07:40:13,413 [INFO] PluginManage:359 - Loaded plugin power (category:power,tabindex:4)
2025-08-11 07:40:13,413 [INFO] PluginManage:310 - Check plugin projectmanager
2025-08-11 07:40:13,432 [INFO] PluginManage:359 - Loaded plugin projectmanager (category:projectmanager,tabindex:4)
2025-08-11 07:40:13,433 [INFO] PluginManage:310 - Check plugin rif
2025-08-11 07:40:13,445 [INFO] PluginManage:359 - Loaded plugin rif (category:base,tabindex:3)
2025-08-11 07:40:13,445 [INFO] PluginManage:310 - Check plugin thirdparty
2025-08-11 07:40:13,580 [WARN] IntegrityCheckThread:84 - waiting for thirdparty lock release [integrity check]
2025-08-11 07:40:13,580 [INFO] PluginManage:359 - Loaded plugin thirdparty (category:base,tabindex:-1)
2025-08-11 07:40:13,580 [INFO] IntegrityCheckThread:86 - entering critical section [integrity check]
2025-08-11 07:40:13,581 [INFO] PluginManage:310 - Check plugin tools
2025-08-11 07:40:13,581 [INFO] ThirdPartyUpdaterWithRetryManager:70 - Updater plugin not ready yet. [1/15]
2025-08-11 07:40:13,583 [INFO] PluginManage:359 - Loaded plugin tools (category:base,tabindex:7)
2025-08-11 07:40:13,583 [INFO] PluginManage:310 - Check plugin tutovideos
2025-08-11 07:40:13,771 [INFO] PluginManage:359 - Loaded plugin tutovideos (category:base,tabindex:-1)
2025-08-11 07:40:13,771 [INFO] PluginManage:310 - Check plugin updater
2025-08-11 07:40:13,800 [INFO] PluginManage:359 - Loaded plugin updater (category:base,tabindex:12)
2025-08-11 07:40:13,800 [INFO] PluginManage:310 - Check plugin userauth
2025-08-11 07:40:13,805 [INFO] UserAuth:118 - Init User Auth plugin
2025-08-11 07:40:13,806 [INFO] PluginManage:359 - Loaded plugin userauth (category:base,tabindex:14)
2025-08-11 07:40:13,807 [INFO] PluginManage:283 - PluginManage : Loaded plugins [18]
2025-08-11 07:40:14,024 [INFO] PinOutPanel:1589 - setPackage(No Configuration,No Configuration)
2025-08-11 07:40:14,100 [INFO] CADModel:165 - CPN selected for project level
2025-08-11 07:40:14,101 [INFO] CADModel:114 - Register for checkConnection events
2025-08-11 07:40:14,116 [INFO] IPUIPlugin:80 - create IPUIPlugin
2025-08-11 07:40:14,116 [INFO] PluginManager:220 - loadIPPluginJar : add pdm2pcm
2025-08-11 07:40:14,118 [INFO] IPUIPlugin:80 - create IPUIPlugin
2025-08-11 07:40:14,118 [INFO] PluginManager:220 - loadIPPluginJar : add i3c
2025-08-11 07:40:14,120 [INFO] IPUIPlugin:80 - create IPUIPlugin
2025-08-11 07:40:14,121 [INFO] PluginManager:220 - loadIPPluginJar : add usart
2025-08-11 07:40:14,125 [INFO] IPUIPlugin:80 - create IPUIPlugin
2025-08-11 07:40:14,125 [INFO] PluginManager:220 - loadIPPluginJar : add nvic
2025-08-11 07:40:14,129 [INFO] IPUIPlugin:80 - create IPUIPlugin
2025-08-11 07:40:14,129 [INFO] PluginManager:220 - loadIPPluginJar : add gpio
2025-08-11 07:40:14,130 [INFO] IPUIPlugin:80 - create IPUIPlugin
2025-08-11 07:40:14,130 [INFO] PluginManager:220 - loadIPPluginJar : add quadspi
2025-08-11 07:40:14,131 [INFO] IPUIPlugin:80 - create IPUIPlugin
2025-08-11 07:40:14,131 [INFO] PluginManager:220 - loadIPPluginJar : add aes
2025-08-11 07:40:14,133 [INFO] IPUIPlugin:80 - create IPUIPlugin
2025-08-11 07:40:14,133 [INFO] PluginManager:220 - loadIPPluginJar : add i2c
2025-08-11 07:40:14,136 [INFO] IPUIPlugin:80 - create IPUIPlugin
2025-08-11 07:40:14,136 [INFO] PluginManager:220 - loadIPPluginJar : add ipddr
2025-08-11 07:40:14,141 [INFO] IPUIPlugin:80 - create IPUIPlugin
2025-08-11 07:40:14,141 [INFO] PluginManager:220 - loadIPPluginJar : add cryp
2025-08-11 07:40:14,152 [INFO] IPUIPlugin:80 - create IPUIPlugin
2025-08-11 07:40:14,152 [INFO] PluginManager:220 - loadIPPluginJar : add fmc
2025-08-11 07:40:14,154 [INFO] IPUIPlugin:80 - create IPUIPlugin
2025-08-11 07:40:14,154 [INFO] PluginManager:220 - loadIPPluginJar : add ltdc
2025-08-11 07:40:14,159 [INFO] IPUIPlugin:80 - create IPUIPlugin
2025-08-11 07:40:14,159 [INFO] PluginManager:220 - loadIPPluginJar : add gic
2025-08-11 07:40:14,162 [INFO] IPUIPlugin:80 - create IPUIPlugin
2025-08-11 07:40:14,162 [INFO] PluginManager:220 - loadIPPluginJar : add sai
2025-08-11 07:40:14,164 [INFO] IPUIPlugin:80 - create IPUIPlugin
2025-08-11 07:40:14,164 [INFO] PluginManager:220 - loadIPPluginJar : add ddr_ctrl_phy
2025-08-11 07:40:14,169 [INFO] IPUIPlugin:80 - create IPUIPlugin
2025-08-11 07:40:14,169 [INFO] PluginManager:220 - loadIPPluginJar : add stm32_wpan
2025-08-11 07:40:14,174 [INFO] IPUIPlugin:80 - create IPUIPlugin
2025-08-11 07:40:14,175 [INFO] PluginManager:220 - loadIPPluginJar : add freertos
2025-08-11 07:40:14,177 [INFO] IPUIPlugin:80 - create IPUIPlugin
2025-08-11 07:40:14,177 [INFO] PluginManager:220 - loadIPPluginJar : add i2s
2025-08-11 07:40:14,178 [INFO] IPUIPlugin:80 - create IPUIPlugin
2025-08-11 07:40:14,178 [INFO] PluginManager:220 - loadIPPluginJar : add tracer_emb
2025-08-11 07:40:14,179 [INFO] IPUIPlugin:80 - create IPUIPlugin
2025-08-11 07:40:14,180 [INFO] PluginManager:220 - loadIPPluginJar : add fatfs
2025-08-11 07:40:14,181 [INFO] IPUIPlugin:80 - create IPUIPlugin
2025-08-11 07:40:14,181 [INFO] PluginManager:220 - loadIPPluginJar : add tsc
2025-08-11 07:40:14,182 [INFO] IPUIPlugin:80 - create IPUIPlugin
2025-08-11 07:40:14,182 [INFO] PluginManager:220 - loadIPPluginJar : add spi
2025-08-11 07:40:14,185 [INFO] IPUIPlugin:80 - create IPUIPlugin
2025-08-11 07:40:14,185 [INFO] PluginManager:220 - loadIPPluginJar : add opamp
2025-08-11 07:40:14,187 [INFO] IPUIPlugin:80 - create IPUIPlugin
2025-08-11 07:40:14,187 [INFO] PluginManager:220 - loadIPPluginJar : add hash
2025-08-11 07:40:14,192 [INFO] IPUIPlugin:80 - create IPUIPlugin
2025-08-11 07:40:14,193 [INFO] PluginManager:220 - loadIPPluginJar : add radio
2025-08-11 07:40:14,196 [INFO] IPUIPlugin:80 - create IPUIPlugin
2025-08-11 07:40:14,196 [INFO] PluginManager:220 - loadIPPluginJar : add openamp
2025-08-11 07:40:14,197 [INFO] IPUIPlugin:80 - create IPUIPlugin
2025-08-11 07:40:14,197 [INFO] PluginManager:220 - loadIPPluginJar : add comp
2025-08-11 07:40:14,199 [INFO] IPUIPlugin:80 - create IPUIPlugin
2025-08-11 07:40:14,199 [INFO] PluginManager:220 - loadIPPluginJar : add genericplugin
2025-08-11 07:40:14,201 [INFO] IPUIPlugin:80 - create IPUIPlugin
2025-08-11 07:40:14,201 [INFO] PluginManager:220 - loadIPPluginJar : add dfsdm
2025-08-11 07:40:14,203 [INFO] IPUIPlugin:80 - create IPUIPlugin
2025-08-11 07:40:14,203 [INFO] PluginManager:220 - loadIPPluginJar : add lorawan
2025-08-11 07:40:14,209 [INFO] IPUIPlugin:80 - create IPUIPlugin
2025-08-11 07:40:14,209 [INFO] PluginManager:220 - loadIPPluginJar : add dma
2025-08-11 07:40:14,216 [INFO] IPUIPlugin:80 - create IPUIPlugin
2025-08-11 07:40:14,216 [INFO] PluginManager:220 - loadIPPluginJar : add linkedlist
2025-08-11 07:40:14,220 [INFO] IPUIPlugin:80 - create IPUIPlugin
2025-08-11 07:40:14,221 [INFO] PluginManager:220 - loadIPPluginJar : add usbx
2025-08-11 07:40:14,225 [INFO] IPUIPlugin:80 - create IPUIPlugin
2025-08-11 07:40:14,225 [INFO] PluginManager:220 - loadIPPluginJar : add gtzc
2025-08-11 07:40:14,228 [INFO] IPUIPlugin:80 - create IPUIPlugin
2025-08-11 07:40:14,228 [INFO] PluginManager:220 - loadIPPluginJar : add gfxmmu
2025-08-11 07:40:14,231 [INFO] IPUIPlugin:80 - create IPUIPlugin
2025-08-11 07:40:14,231 [INFO] PluginManager:220 - loadIPPluginJar : add resmgrutility
2025-08-11 07:40:14,232 [INFO] IPUIPlugin:80 - create IPUIPlugin
2025-08-11 07:40:14,232 [INFO] PluginManager:220 - loadIPPluginJar : add ucpd
2025-08-11 07:40:14,233 [INFO] IPUIPlugin:80 - create IPUIPlugin
2025-08-11 07:40:14,233 [INFO] PluginManager:220 - loadIPPluginJar : add tim
2025-08-11 07:40:14,240 [INFO] IPUIPlugin:80 - create IPUIPlugin
2025-08-11 07:40:14,241 [INFO] PluginManager:220 - loadIPPluginJar : add mdma
2025-08-11 07:40:14,243 [INFO] IPUIPlugin:80 - create IPUIPlugin
2025-08-11 07:40:14,243 [INFO] PluginManager:220 - loadIPPluginJar : add extmemmanager
2025-08-11 07:40:14,245 [INFO] IPUIPlugin:80 - create IPUIPlugin
2025-08-11 07:40:14,245 [INFO] PluginManager:220 - loadIPPluginJar : add can
2025-08-11 07:40:14,246 [INFO] IPUIPlugin:80 - create IPUIPlugin
2025-08-11 07:40:14,246 [INFO] PluginManager:220 - loadIPPluginJar : add dma3
2025-08-11 07:40:14,251 [INFO] IPUIPlugin:80 - create IPUIPlugin
2025-08-11 07:40:14,253 [INFO] PluginManager:220 - loadIPPluginJar : add plateformsettings
2025-08-11 07:40:14,256 [INFO] IPUIPlugin:80 - create IPUIPlugin
2025-08-11 07:40:14,256 [INFO] PluginManager:220 - loadIPPluginJar : add touchsensing
2025-08-11 07:40:14,258 [INFO] IPUIPlugin:80 - create IPUIPlugin
2025-08-11 07:40:14,258 [INFO] PluginManager:220 - loadIPPluginJar : add ts
2025-08-11 07:40:14,262 [INFO] IPUIPlugin:80 - create IPUIPlugin
2025-08-11 07:40:14,263 [INFO] PluginManager:220 - loadIPPluginJar : add adc
2025-08-11 07:40:14,367 [FATAL] Updater:351 - Updater called before beeing initialized
2025-08-11 07:40:14,403 [INFO] RulesReader:64 - Compatibility file has been processed (317 Rules)
2025-08-11 07:40:14,425 [INFO] RulesReader:64 - Compatibility file has been processed (317 Rules)
2025-08-11 07:40:14,435 [INFO] CADModel:165 - CPN selected for project level
2025-08-11 07:40:14,435 [INFO] CADModel:114 - Register for checkConnection events
2025-08-11 07:40:14,435 [FATAL] Updater:351 - Updater called before beeing initialized
2025-08-11 07:40:14,435 [ERROR] CADModel:125 - Updater not yet initialized, retry later 
2025-08-11 07:40:14,630 [FATAL] Updater:351 - Updater called before beeing initialized
2025-08-11 07:40:14,633 [INFO] CADModel:165 - CPN selected for project level
2025-08-11 07:40:14,633 [INFO] CADModel:114 - Register for checkConnection events
2025-08-11 07:40:14,633 [FATAL] Updater:351 - Updater called before beeing initialized
2025-08-11 07:40:14,633 [ERROR] CADModel:125 - Updater not yet initialized, retry later 
2025-08-11 07:40:14,639 [FATAL] Updater:351 - Updater called before beeing initialized
2025-08-11 07:40:14,799 [FATAL] Updater:351 - Updater called before beeing initialized
2025-08-11 07:40:14,802 [INFO] DbMcusAds:53 - JSON generation date=Tue Jul 08 11:14:23 EEST 2025 (1751962463582)
2025-08-11 07:40:14,803 [FATAL] Updater:351 - Updater called before beeing initialized
2025-08-11 07:40:14,841 [WARN] DetailPanel:346 - Failed to get advertising image, set to default
2025-08-11 07:40:14,925 [FATAL] Updater:351 - Updater called before beeing initialized
2025-08-11 07:40:14,927 [FATAL] Updater:351 - Updater called before beeing initialized
2025-08-11 07:40:14,927 [FATAL] Updater:351 - Updater called before beeing initialized
2025-08-11 07:40:14,928 [WARN] DetailPanel:346 - Failed to get advertising image, set to default
2025-08-11 07:40:14,929 [FATAL] Updater:351 - Updater called before beeing initialized
2025-08-11 07:40:14,969 [ERROR] Updater:1198 - MainUpdater not yet initialized. External WinMGr cannot be set.
2025-08-11 07:40:14,972 [INFO] Updater:1134 - Updater Version found : 6.15.0
2025-08-11 07:40:14,987 [INFO] ApplicationProperties:184 - Using Application install path: /home/amer/st/stm32cubeide_1.12.0/plugins/com.st.stm32cube.common.mx_6.15.0.202507011659
2025-08-11 07:40:15,498 [INFO] MainUpdater:2872 - connection check result : 10
2025-08-11 07:40:15,498 [INFO] MainUpdater:3604 - Updater definition file requires update
2025-08-11 07:40:15,498 [INFO] MainUpdater:289 - Updater Check For Update Now.
2025-08-11 07:40:15,498 [INFO] MicroXplorer:498 - Change Database Version : DB.6.0.150
2025-08-11 07:40:15,502 [INFO] McuFinderGlobals:63 - Set McuFinder mode to 2 (CubeIDE integrated)
2025-08-11 07:40:15,503 [INFO] UserAuth:487 - Internet connection configuration mode: 1
2025-08-11 07:40:15,519 [INFO] JxBrowserEngine:152 - Initiate JxBrowser Engine with user profile folder
2025-08-11 07:40:15,748 [INFO] ServerAccessManage:452 - Complete download http(s) 200
2025-08-11 07:40:15,749 [INFO] ServerAccessManage:509 - Download File updaters.zip
2025-08-11 07:40:16,013 [INFO] FileExtend:248 - Unzip File : updaters.zip
2025-08-11 07:40:16,013 [INFO] FileExtend:263 - Standard Zip Deflate
2025-08-11 07:40:16,303 [INFO] ServerAccessManage:452 - Complete download http(s) 200
2025-08-11 07:40:16,304 [INFO] ServerAccessManage:509 - Download File PacksControlFlags.xml
2025-08-11 07:40:16,426 [INFO] ServerAccessManage:452 - Complete download http(s) 200
2025-08-11 07:40:16,426 [INFO] ServerAccessManage:509 - Download File cubemx.pidx
2025-08-11 07:40:16,581 [INFO] LoadServerUpdatesThread:375 - End of LoadServerUpdate Thread
2025-08-11 07:40:16,581 [WARN] MainUpdater:1193 - Updater busy. Cannot search thirdparties
2025-08-11 07:40:16,582 [INFO] ThirdPartyUpdaterWithRetryManager:96 - Updater plugin is busy. [1/15]
2025-08-11 07:40:16,783 [INFO] CheckServerUpdateThread:120 - End of CheckServer Thread
2025-08-11 07:40:16,826 [INFO] WebApp:169 - Instantiating new browser for Auth
2025-08-11 07:40:17,856 [ERROR] ConfigurationRetriever:142 - IOException on connection: Read timed out
2025-08-11 07:40:17,955 [INFO] WebApp:463 - Apply proxy settings
2025-08-11 07:40:17,955 [INFO] WebApp:548 - Chromium requires no authentication
2025-08-11 07:40:17,965 [INFO] WebApp:491 - Direct internet connection detected
2025-08-11 07:40:17,987 [INFO] WebApp:900 - Register for checkConnection events
2025-08-11 07:40:17,988 [INFO] WebApp:463 - Apply proxy settings
2025-08-11 07:40:17,989 [INFO] WebApp:548 - Chromium requires no authentication
2025-08-11 07:40:17,990 [INFO] WebApp:491 - Direct internet connection detected
2025-08-11 07:40:18,148 [INFO] WebApp:225 - Starting web application
2025-08-11 07:40:18,148 [INFO] WebApp:593 - Web application path used /home/amer/st/stm32cubeide_1.12.0/plugins/com.st.stm32cube.common.mx_6.15.0.202507011659/db/plugins/mcufinder/reactClient1/index.html
2025-08-11 07:40:18,454 [INFO] WebApp:191 - Connection restablished
2025-08-11 07:40:18,483 [INFO] UserAuth:487 - Internet connection configuration mode: 1
2025-08-11 07:40:19,768 [WARN] PackLoader:240 - Cannot read IP mode file for STMicroelectronics.FP-SNS-MOTENVWB1.1.4.0
2025-08-11 07:40:19,780 [WARN] PackLoader:240 - Cannot read IP mode file for STMicroelectronics.FP-ATR-ASTRA1.2.0.2
2025-08-11 07:40:19,785 [WARN] PackLoader:240 - Cannot read IP mode file for STMicroelectronics.X-CUBE-SMBUS.2.1.0
2025-08-11 07:40:19,793 [WARN] PackLoader:240 - Cannot read IP mode file for STMicroelectronics.X-CUBE-ST60.1.0.0
2025-08-11 07:40:19,869 [WARN] PackLoader:240 - Cannot read IP mode file for STMicroelectronics.X-CUBE-AZRTOS-F7.1.1.0
2025-08-11 07:40:19,953 [WARN] PackLoader:240 - Cannot read IP mode file for Infineon.AIROC-Wi-Fi-Bluetooth-STM32.1.7.1
2025-08-11 07:40:20,018 [WARN] PackLoader:240 - Cannot read IP mode file for STMicroelectronics.X-CUBE-AZRTOS-H7.3.4.0
2025-08-11 07:40:20,044 [WARN] PackLoader:240 - Cannot read IP mode file for STMicroelectronics.X-CUBE-DISPLAY.3.0.0
2025-08-11 07:40:20,065 [WARN] PackLoader:240 - Cannot read IP mode file for STMicroelectronics.X-CUBE-NFC10.1.0.0
2025-08-11 07:40:20,075 [WARN] PackLoader:240 - Cannot read IP mode file for emotas.I-CUBE-CANOPEN.1.3.0
2025-08-11 07:40:20,082 [WARN] PackLoader:240 - Cannot read IP mode file for STMicroelectronics.FP-SNS-STBOX1.2.1.0
2025-08-11 07:40:20,091 [WARN] PackLoader:240 - Cannot read IP mode file for STMicroelectronics.FP-SNS-SMARTAG2.1.2.0
2025-08-11 07:40:20,098 [WARN] PackLoader:240 - Cannot read IP mode file for STMicroelectronics.FP-SNS-FLIGHT1.5.1.0
2025-08-11 07:40:20,108 [INFO] LogOutputStream:77 - [STDOUT_REDIRECT] 1 : Invalid condition id : UX_CORESTACK_Condition cause : null
2025-08-11 07:40:20,109 [INFO] LogOutputStream:77 - [STDOUT_REDIRECT] 1 : Invalid condition id : UX_CORESTACK_Condition cause : null
2025-08-11 07:40:20,109 [INFO] LogOutputStream:77 - [STDOUT_REDIRECT] 1 : Invalid condition id : UX_CORESTACK_Condition cause : null
2025-08-11 07:40:20,110 [INFO] LogOutputStream:77 - [STDOUT_REDIRECT] 1 : Invalid condition id : UX_CORESTACK_Condition cause : null
2025-08-11 07:40:20,110 [INFO] LogOutputStream:77 - [STDOUT_REDIRECT] 1 : Invalid condition id : UX_CORESTACK_Condition cause : null
2025-08-11 07:40:20,116 [WARN] PackLoader:240 - Cannot read IP mode file for STMicroelectronics.X-CUBE-AZRTOS-WL.2.0.0
2025-08-11 07:40:20,125 [WARN] PackLoader:240 - Cannot read IP mode file for STMicroelectronics.FP-SNS-MOTENV1.5.0.0
2025-08-11 07:40:20,137 [WARN] PackLoader:240 - Cannot read IP mode file for WES.I-CUBE-Cesium.1.3.0
2025-08-11 07:40:20,150 [WARN] PackLoader:240 - Cannot read IP mode file for STMicroelectronics.X-CUBE-BLE2.3.3.0
2025-08-11 07:40:20,162 [WARN] PackLoader:240 - Cannot read IP mode file for STMicroelectronics.X-CUBE-NFC9.1.0.0
2025-08-11 07:40:20,170 [WARN] PackLoader:240 - Cannot read IP mode file for wolfSSL.I-CUBE-wolfSSL.5.8.0
2025-08-11 07:40:20,182 [WARN] PackLoader:240 - Cannot read IP mode file for STMicroelectronics.X-CUBE-BLE1.7.1.0
2025-08-11 07:40:20,186 [WARN] PackLoader:240 - Cannot read IP mode file for wolfSSL.I-CUBE-wolfMQTT.1.19.2
2025-08-11 07:40:20,197 [WARN] PackLoader:240 - Cannot read IP mode file for STMicroelectronics.X-CUBE-EEPRMA1.5.2.0
2025-08-11 07:40:20,206 [WARN] PackLoader:240 - Cannot read IP mode file for STMicroelectronics.X-CUBE-AI.10.1.0
2025-08-11 07:40:20,231 [WARN] PackLoader:240 - Cannot read IP mode file for STMicroelectronics.X-CUBE-AZRTOS-G0.1.1.0
2025-08-11 07:40:20,242 [WARN] PackLoader:240 - Cannot read IP mode file for STMicroelectronics.X-CUBE-SAFEA1.1.2.2
2025-08-11 07:40:20,249 [WARN] PackLoader:240 - Cannot read IP mode file for STMicroelectronics.X-CUBE-NFC4.3.0.0
2025-08-11 07:40:20,264 [WARN] PackLoader:240 - Cannot read IP mode file for EmbeddedOffice.I-CUBE-FS-RTOS.1.0.1
2025-08-11 07:40:20,271 [WARN] PackLoader:240 - Cannot read IP mode file for STMicroelectronics.X-CUBE-WB05N.2.0.0
2025-08-11 07:40:20,278 [WARN] PackLoader:240 - Cannot read IP mode file for wolfSSL.I-CUBE-wolfTPM.3.8.0
2025-08-11 07:40:20,283 [WARN] PackLoader:240 - Cannot read IP mode file for STMicroelectronics.X-CUBE-TCPP.4.2.0
2025-08-11 07:40:20,291 [WARN] PackLoader:240 - Cannot read IP mode file for RealThread.X-CUBE-RT-Thread_Nano.4.1.1
2025-08-11 07:40:20,296 [WARN] PackLoader:240 - Cannot read IP mode file for STMicroelectronics.FP-ATR-SIGFOX1.3.2.0
2025-08-11 07:40:20,302 [WARN] PackLoader:240 - Cannot read IP mode file for ITTIA_DB.I-CUBE-ITTIADB.8.9.0
2025-08-11 07:40:20,311 [WARN] PackLoader:240 - Cannot read IP mode file for STMicroelectronics.X-CUBE-ST67W61.1.0.0
2025-08-11 07:40:20,315 [WARN] PackLoader:240 - Cannot read IP mode file for STMicroelectronics.X-CUBE-AI.10.2.0
2025-08-11 07:40:20,349 [WARN] PackLoader:240 - Cannot read IP mode file for SEGGER.I-CUBE-embOS.1.3.1
2025-08-11 07:40:20,412 [WARN] PackLoader:240 - Cannot read IP mode file for STMicroelectronics.X-CUBE-ALGOBUILD.1.4.0
2025-08-11 07:40:20,475 [WARN] PackLoader:240 - Cannot read IP mode file for STMicroelectronics.X-CUBE-MEMS1.11.3.0
2025-08-11 07:40:20,752 [WARN] PackLoader:240 - Cannot read IP mode file for STMicroelectronics.X-CUBE-PM33A1.1.0.0
2025-08-11 07:40:20,780 [WARN] PackLoader:240 - Cannot read IP mode file for STMicroelectronics.X-CUBE-AZRTOS-F4.1.1.0
2025-08-11 07:40:20,786 [WARN] PackLoader:240 - Cannot read IP mode file for Avnet-IotConnect.X-CUBE-IoTC-DA16k-PMOD.1.0.0
2025-08-11 07:40:20,793 [WARN] PackLoader:240 - Cannot read IP mode file for STMicroelectronics.X-CUBE-ISPU.2.1.0
2025-08-11 07:40:20,800 [WARN] PackLoader:240 - Cannot read IP mode file for STMicroelectronics.X-CUBE-NFC12.1.0.0
2025-08-11 07:40:20,827 [WARN] PackLoader:240 - Cannot read IP mode file for STMicroelectronics.X-CUBE-AZRTOS-L5.2.0.0
2025-08-11 07:40:20,838 [WARN] PackLoader:240 - Cannot read IP mode file for STMicroelectronics.X-CUBE-NFC6.3.1.0
2025-08-11 07:40:20,850 [WARN] PackLoader:240 - Cannot read IP mode file for STMicroelectronics.X-CUBE-FREERTOS.1.3.1
2025-08-11 07:40:20,855 [WARN] PackLoader:240 - Cannot read IP mode file for STMicroelectronics.FP-SNS-STAIOTCFT.1.0.0
2025-08-11 07:40:20,862 [WARN] PackLoader:240 - Cannot read IP mode file for STMicroelectronics.X-CUBE-DPower.1.3.0
2025-08-11 07:40:20,892 [WARN] ConditionMgr:438 - getConditionDescription Invalid condition id : LAN8742 Phy interface Condition cause : null
2025-08-11 07:40:20,893 [WARN] PackLoader:240 - Cannot read IP mode file for STMicroelectronics.X-CUBE-AZRTOS-L4.2.0.0
2025-08-11 07:40:20,895 [WARN] ConditionMgr:1044 - genDependencies : Invalid condition id : LAN8742 Phy interface Condition cause : null
2025-08-11 07:40:20,895 [WARN] ConditionMgr:1044 - genDependencies : Invalid condition id : LAN8742 Phy interface Condition cause : null
2025-08-11 07:40:20,896 [WARN] ConditionMgr:1044 - genDependencies : Invalid condition id : LAN8742 Phy interface Condition cause : null
2025-08-11 07:40:20,907 [WARN] PackLoader:240 - Cannot read IP mode file for STMicroelectronics.X-CUBE-SFXS2LP1.4.0.0
2025-08-11 07:40:20,923 [WARN] PackLoader:240 - Cannot read IP mode file for STMicroelectronics.X-CUBE-BLEMGR.4.1.0
2025-08-11 07:40:20,949 [WARN] ConditionMgr:438 - getConditionDescription Invalid condition id : UX DEVICE CLASS RTOS Condition cause : null
2025-08-11 07:40:20,949 [WARN] ConditionMgr:438 - getConditionDescription Invalid condition id : UX DEVICE CLASS RTOS Condition cause : null
2025-08-11 07:40:20,951 [WARN] PackLoader:240 - Cannot read IP mode file for STMicroelectronics.X-CUBE-AZRTOS-WB.2.0.0
2025-08-11 07:40:20,952 [WARN] ConditionMgr:1044 - genDependencies : Invalid condition id : UX DEVICE CLASS RTOS Condition cause : null
2025-08-11 07:40:20,952 [WARN] ConditionMgr:1044 - genDependencies : Invalid condition id : UX DEVICE CLASS RTOS Condition cause : null
2025-08-11 07:40:20,953 [WARN] ConditionMgr:1044 - genDependencies : Invalid condition id : UX DEVICE CLASS RTOS Condition cause : null
2025-08-11 07:40:20,953 [WARN] ConditionMgr:1044 - genDependencies : Invalid condition id : UX DEVICE CLASS RTOS Condition cause : null
2025-08-11 07:40:20,953 [WARN] ConditionMgr:1044 - genDependencies : Invalid condition id : UX DEVICE CLASS RTOS Condition cause : null
2025-08-11 07:40:20,961 [WARN] PackLoader:240 - Cannot read IP mode file for STMicroelectronics.X-CUBE-GNSS1.7.0.1
2025-08-11 07:40:20,966 [WARN] PackLoader:240 - Cannot read IP mode file for STMicroelectronics.X-CUBE-TOUCHGFX.4.25.0
2025-08-11 07:40:20,974 [WARN] PackLoader:240 - Cannot read IP mode file for STMicroelectronics.FP-SNS-STBOX1.2.0.0
2025-08-11 07:40:20,980 [WARN] ConditionMgr:438 - getConditionDescription Invalid condition id : Cortex-A Device cause : null
2025-08-11 07:40:20,987 [WARN] ConditionMgr:1044 - genDependencies : Invalid condition id : Cortex-A Device cause : null
2025-08-11 07:40:20,987 [WARN] ConditionMgr:1044 - genDependencies : Invalid condition id : Cortex-A Device cause : null
2025-08-11 07:40:20,987 [WARN] ConditionMgr:1044 - genDependencies : Invalid condition id : Cortex-A Device cause : null
2025-08-11 07:40:20,998 [WARN] PackLoader:240 - Cannot read IP mode file for STMicroelectronics.X-CUBE-SUBG2.5.0.0
2025-08-11 07:40:21,027 [WARN] PackLoader:240 - Cannot read IP mode file for STMicroelectronics.X-CUBE-AZRTOS-H7RS.1.1.0
2025-08-11 07:40:21,032 [WARN] PackLoader:240 - Cannot read IP mode file for Cesanta.I-CUBE-Mongoose.7.13.0
2025-08-11 07:40:21,065 [WARN] PackLoader:240 - Cannot read IP mode file for STMicroelectronics.X-CUBE-AZRTOS-G4.2.0.0
2025-08-11 07:40:21,069 [WARN] PackLoader:240 - Cannot read IP mode file for wolfSSL.I-CUBE-wolfSSH.1.4.20
2025-08-11 07:40:21,076 [WARN] PackLoader:240 - Cannot read IP mode file for STMicroelectronics.X-CUBE-NFC7.2.0.0
2025-08-11 07:40:21,090 [WARN] PackLoader:240 - Cannot read IP mode file for STMicroelectronics.X-CUBE-IPS.3.1.0
2025-08-11 07:40:21,101 [WARN] PackLoader:240 - Cannot read IP mode file for STMicroelectronics.X-CUBE-ALS.1.0.2
2025-08-11 07:40:21,108 [WARN] PackLoader:240 - Cannot read IP mode file for portGmbH.I-Cube-SoM-uGOAL.1.1.0
2025-08-11 07:40:21,122 [WARN] PackLoader:240 - Cannot read IP mode file for STMicroelectronics.X-CUBE-TOF1.3.4.3
2025-08-11 07:40:21,138 [INFO] ThirdParty:978 - Integrity check success = true
2025-08-11 07:40:21,138 [INFO] IntegrityCheckThread:100 - exiting critical section [integrity check]
2025-08-11 07:40:21,138 [INFO] IntegrityCheckThread:103 - End integrity checks thread
2025-08-11 08:06:31,966 [ERROR] LogOutputStream:75 - [STDERR_REDIRECT] 
