2025-08-03 14:42:49,918 [INFO] Activator:176 - 


2025-08-03 14:42:49,921 [INFO] Activator:177 - !SESSION log4j initialized
2025-08-03 14:42:54,942 [INFO] LogOutputStream:77 - [STDOUT_REDIRECT] 
2025-08-03 14:43:16,363 [ERROR] LogOutputStream:75 - [STDERR_REDIRECT] SLF4J: Failed to load class "org.slf4j.impl.StaticLoggerBinder".
2025-08-03 14:43:16,364 [ERROR] LogOutputStream:75 - [STDERR_REDIRECT] SLF4J: Defaulting to no-operation (NOP) logger implementation
2025-08-03 14:43:16,364 [ERROR] LogOutputStream:75 - [STDERR_REDIRECT] SLF4J: See http://www.slf4j.org/codes.html#StaticLoggerBinder for further details.
2025-08-03 15:09:10,460 [INFO] ApplicationProperties:184 - Using Application install path: /home/amer/st/stm32cubeide_1.12.0/plugins/com.st.stm32cube.common.mx_6.8.0.202302231600
2025-08-03 15:09:10,474 [INFO] DbMcusXml:78 - Set database path to: /home/amer/st/stm32cubeide_1.12.0/plugins/com.st.stm32cube.common.mx_6.8.0.202302231600//db//mcu/
2025-08-03 15:09:10,474 [INFO] ApiDb:274 - Set plugin database path to: /home/amer/st/stm32cubeide_1.12.0/plugins/com.st.stm32cube.common.mx_6.8.0.202302231600//db//plugins/boardmanager/
2025-08-03 15:09:10,477 [WARN] ApiDb:259 - Overriding images path with different value:  => /home/amer/st/stm32cubeide_1.12.0/plugins/com.st.stm32cube.common.mx_6.8.0.202302231600//db//plugins/mcufinder/images/
2025-08-03 15:09:10,496 [INFO] ApiDb:250 - Set database path to: /home/amer/.stmcufinder/plugins/mcufinder//mcu/
2025-08-03 15:09:10,498 [INFO] DbMcusAds:125 - Set database path to: /home/amer/.stmcufinder/plugins/mcufinder//mcu/
2025-08-03 15:09:10,506 [INFO] CrossReferenceDbSqlite:203 - Set database path to: /home/amer/.stmcufinder/plugins/mcufinder//mcu/cs/
2025-08-03 15:09:10,570 [INFO] DbMcusXml:78 - Set database path to: /home/amer/st/stm32cubeide_1.12.0/plugins/com.st.stm32cube.common.mx_6.8.0.202302231600//db//mcu/
2025-08-03 15:09:10,570 [INFO] ApiDb:274 - Set plugin database path to: /home/amer/st/stm32cubeide_1.12.0/plugins/com.st.stm32cube.common.mx_6.8.0.202302231600//db//plugins/boardmanager/
2025-08-03 15:09:10,570 [INFO] ApiDb:261 - Set plugin images path to: /home/amer/st/stm32cubeide_1.12.0/plugins/com.st.stm32cube.common.mx_6.8.0.202302231600//db//plugins/mcufinder/images/
2025-08-03 15:09:10,571 [WARN] DbFile:41 - Overriding database path with different value: /home/amer/.stmcufinder/plugins/mcufinder/ => /home/amer/.stmcufinder/plugins/mcufinder
2025-08-03 15:09:10,571 [INFO] ApiDb:250 - Set database path to: /home/amer/.stmcufinder/plugins/mcufinder//mcu/
2025-08-03 15:09:10,571 [WARN] DbFile:41 - Overriding database path with different value: /home/amer/.stmcufinder/plugins/mcufinder/ => /home/amer/.stmcufinder/plugins/mcufinder
2025-08-03 15:09:10,571 [INFO] DbMcusAds:125 - Set database path to: /home/amer/.stmcufinder/plugins/mcufinder//mcu/
2025-08-03 15:09:10,571 [WARN] DbFile:41 - Overriding database path with different value: /home/amer/.stmcufinder/plugins/mcufinder/ => /home/amer/.stmcufinder/plugins/mcufinder
2025-08-03 15:09:10,571 [WARN] DbFile:41 - Overriding database path with different value: /home/amer/.stmcufinder/plugins/mcufinder/ => /home/amer/.stmcufinder/plugins/mcufinder
2025-08-03 15:09:10,572 [INFO] CrossReferenceDbSqlite:203 - Set database path to: /home/amer/.stmcufinder/plugins/mcufinder//mcu/cs/
2025-08-03 15:09:10,638 [INFO] MainPanel:253 - HeapMemory: 677380096
2025-08-03 15:09:10,744 [INFO] DbMcusXml:78 - Set database path to: /home/amer/st/stm32cubeide_1.12.0/plugins/com.st.stm32cube.common.mx_6.8.0.202302231600//db//mcu/
2025-08-03 15:09:10,744 [INFO] ApiDb:274 - Set plugin database path to: /home/amer/st/stm32cubeide_1.12.0/plugins/com.st.stm32cube.common.mx_6.8.0.202302231600//db//plugins/boardmanager/
2025-08-03 15:09:10,744 [INFO] ApiDb:261 - Set plugin images path to: /home/amer/st/stm32cubeide_1.12.0/plugins/com.st.stm32cube.common.mx_6.8.0.202302231600//db//plugins/mcufinder/images/
2025-08-03 15:09:10,745 [WARN] DbFile:41 - Overriding database path with different value: /home/amer/.stmcufinder/plugins/mcufinder/ => /home/amer/.stmcufinder/plugins/mcufinder
2025-08-03 15:09:10,745 [INFO] ApiDb:250 - Set database path to: /home/amer/.stmcufinder/plugins/mcufinder//mcu/
2025-08-03 15:09:10,745 [WARN] DbFile:41 - Overriding database path with different value: /home/amer/.stmcufinder/plugins/mcufinder/ => /home/amer/.stmcufinder/plugins/mcufinder
2025-08-03 15:09:10,745 [INFO] DbMcusAds:125 - Set database path to: /home/amer/.stmcufinder/plugins/mcufinder//mcu/
2025-08-03 15:09:10,745 [WARN] DbFile:41 - Overriding database path with different value: /home/amer/.stmcufinder/plugins/mcufinder/ => /home/amer/.stmcufinder/plugins/mcufinder
2025-08-03 15:09:10,745 [WARN] DbFile:41 - Overriding database path with different value: /home/amer/.stmcufinder/plugins/mcufinder/ => /home/amer/.stmcufinder/plugins/mcufinder
2025-08-03 15:09:10,745 [INFO] CrossReferenceDbSqlite:203 - Set database path to: /home/amer/.stmcufinder/plugins/mcufinder//mcu/cs/
2025-08-03 15:09:10,763 [INFO] ApplicationProperties:184 - Using Application install path: /home/amer/st/stm32cubeide_1.12.0/plugins/com.st.stm32cube.common.mx_6.8.0.202302231600
2025-08-03 15:09:10,766 [INFO] PluginManage:196 - Search for loadable plugins [exclusion list=, ]
2025-08-03 15:09:10,767 [INFO] PluginManage:310 - Check plugin analytics
2025-08-03 15:09:10,919 [INFO] AnalyticsPlugin:253 - Accepted Software Licenses: 
2025-08-03 15:09:10,920 [INFO] AnalyticsPlugin:255 - Accepted CMSIS Pack Licenses: 
2025-08-03 15:09:10,920 [INFO] AnalyticsPlugin:257 - Accepted Firmware Licenses: FW.F4.1.27.0,FW.G0.1.6.0,FW.F4.1.28.0
2025-08-03 15:09:10,923 [INFO] PluginManage:359 - Loaded plugin analytics (category:tool,tabindex:-1)
2025-08-03 15:09:10,923 [INFO] PluginManage:310 - Check plugin cadmodel
2025-08-03 15:09:10,975 [INFO] CADModel:105 - Init CAD model plugin
2025-08-03 15:09:10,976 [INFO] PluginManage:359 - Loaded plugin cadmodel (category:power,tabindex:5)
2025-08-03 15:09:10,976 [INFO] PluginManage:310 - Check plugin clock
2025-08-03 15:09:10,984 [INFO] PluginManage:359 - Loaded plugin clock (category:base,tabindex:2)
2025-08-03 15:09:10,984 [INFO] PluginManage:310 - Check plugin ddr
2025-08-03 15:09:10,986 [INFO] PluginManage:359 - Loaded plugin ddr (category:tool,tabindex:6)
2025-08-03 15:09:10,986 [INFO] PluginManage:310 - Check plugin filemanager
2025-08-03 15:09:11,092 [INFO] PluginManage:359 - Loaded plugin filemanager (category:base,tabindex:10)
2025-08-03 15:09:11,092 [INFO] PluginManage:310 - Check plugin ipmanager
2025-08-03 15:09:11,095 [INFO] PluginManage:359 - Loaded plugin ipmanager (category:base,tabindex:5)
2025-08-03 15:09:11,095 [INFO] PluginManage:310 - Check plugin lpbam
2025-08-03 15:09:11,102 [INFO] PluginManage:359 - Loaded plugin lpbam (category:base,tabindex:0)
2025-08-03 15:09:11,102 [INFO] PluginManage:310 - Check plugin pinoutandconfiguration
2025-08-03 15:09:11,108 [INFO] PluginManage:359 - Loaded plugin pinoutandconfiguration (category:base,tabindex:1)
2025-08-03 15:09:11,108 [INFO] PluginManage:310 - Check plugin pinoutconfig
2025-08-03 15:09:11,176 [WARN] SupportedApi:132 - Cannot load RTOS API schema: s4s-elt-must-match.1: The content of 'definitions' must match (annotation?, (simpleType | complexType)?, (unique | key | keyref)*)). A problem was found starting at: attribute.
2025-08-03 15:09:11,277 [INFO] PluginManage:359 - Loaded plugin pinoutconfig (category:base,tabindex:0)
2025-08-03 15:09:11,277 [INFO] PluginManage:310 - Check plugin power
2025-08-03 15:09:11,285 [INFO] PluginManage:359 - Loaded plugin power (category:power,tabindex:4)
2025-08-03 15:09:11,285 [INFO] PluginManage:310 - Check plugin projectmanager
2025-08-03 15:09:11,297 [INFO] PluginManage:359 - Loaded plugin projectmanager (category:projectmanager,tabindex:3)
2025-08-03 15:09:11,297 [INFO] PluginManage:310 - Check plugin thirdparty
2025-08-03 15:09:11,374 [INFO] PluginManage:359 - Loaded plugin thirdparty (category:base,tabindex:-1)
2025-08-03 15:09:11,374 [WARN] IntegrityCheckThread:84 - waiting for thirdparty lock release [integrity check]
2025-08-03 15:09:11,374 [INFO] PluginManage:310 - Check plugin tools
2025-08-03 15:09:11,374 [INFO] IntegrityCheckThread:86 - entering critical section [integrity check]
2025-08-03 15:09:11,376 [INFO] ThirdPartyUpdaterWithRetryManager:70 - Updater plugin not ready yet. [1/15]
2025-08-03 15:09:11,376 [INFO] PluginManage:359 - Loaded plugin tools (category:base,tabindex:7)
2025-08-03 15:09:11,376 [INFO] PluginManage:310 - Check plugin tutovideos
2025-08-03 15:09:11,546 [INFO] PluginManage:359 - Loaded plugin tutovideos (category:base,tabindex:-1)
2025-08-03 15:09:11,547 [INFO] PluginManage:310 - Check plugin updater
2025-08-03 15:09:11,559 [INFO] PluginManage:359 - Loaded plugin updater (category:base,tabindex:12)
2025-08-03 15:09:11,560 [INFO] PluginManage:283 - PluginManage : Loaded plugins [15]
2025-08-03 15:09:11,757 [INFO] PinOutPanel:1499 - setPackage(No Configuration,No Configuration)
2025-08-03 15:09:11,799 [INFO] CADModel:165 - CPN selected for project level
2025-08-03 15:09:11,800 [INFO] CADModel:114 - Register for checkConnection events
2025-08-03 15:09:11,811 [INFO] IPUIPlugin:80 - create IPUIPlugin
2025-08-03 15:09:11,812 [INFO] PluginManager:220 - loadIPPluginJar : add pdm2pcm
2025-08-03 15:09:11,813 [INFO] IPUIPlugin:80 - create IPUIPlugin
2025-08-03 15:09:11,813 [INFO] PluginManager:220 - loadIPPluginJar : add i3c
2025-08-03 15:09:11,815 [INFO] IPUIPlugin:80 - create IPUIPlugin
2025-08-03 15:09:11,815 [INFO] PluginManager:220 - loadIPPluginJar : add usart
2025-08-03 15:09:11,819 [INFO] IPUIPlugin:80 - create IPUIPlugin
2025-08-03 15:09:11,819 [INFO] PluginManager:220 - loadIPPluginJar : add nvic
2025-08-03 15:09:11,823 [INFO] IPUIPlugin:80 - create IPUIPlugin
2025-08-03 15:09:11,823 [INFO] PluginManager:220 - loadIPPluginJar : add gpio
2025-08-03 15:09:11,824 [INFO] IPUIPlugin:80 - create IPUIPlugin
2025-08-03 15:09:11,824 [INFO] PluginManager:220 - loadIPPluginJar : add quadspi
2025-08-03 15:09:11,825 [INFO] IPUIPlugin:80 - create IPUIPlugin
2025-08-03 15:09:11,825 [INFO] PluginManager:220 - loadIPPluginJar : add aes
2025-08-03 15:09:11,827 [INFO] IPUIPlugin:80 - create IPUIPlugin
2025-08-03 15:09:11,827 [INFO] PluginManager:220 - loadIPPluginJar : add i2c
2025-08-03 15:09:11,830 [INFO] IPUIPlugin:80 - create IPUIPlugin
2025-08-03 15:09:11,830 [INFO] PluginManager:220 - loadIPPluginJar : add ipddr
2025-08-03 15:09:11,832 [INFO] IPUIPlugin:80 - create IPUIPlugin
2025-08-03 15:09:11,832 [INFO] PluginManager:220 - loadIPPluginJar : add cryp
2025-08-03 15:09:11,837 [INFO] IPUIPlugin:80 - create IPUIPlugin
2025-08-03 15:09:11,837 [INFO] PluginManager:220 - loadIPPluginJar : add fmc
2025-08-03 15:09:11,838 [INFO] IPUIPlugin:80 - create IPUIPlugin
2025-08-03 15:09:11,838 [INFO] PluginManager:220 - loadIPPluginJar : add ltdc
2025-08-03 15:09:11,842 [INFO] IPUIPlugin:80 - create IPUIPlugin
2025-08-03 15:09:11,843 [INFO] PluginManager:220 - loadIPPluginJar : add gic
2025-08-03 15:09:11,845 [INFO] IPUIPlugin:80 - create IPUIPlugin
2025-08-03 15:09:11,845 [INFO] PluginManager:220 - loadIPPluginJar : add sai
2025-08-03 15:09:11,849 [INFO] IPUIPlugin:80 - create IPUIPlugin
2025-08-03 15:09:11,849 [INFO] PluginManager:220 - loadIPPluginJar : add stm32_wpan
2025-08-03 15:09:11,854 [INFO] IPUIPlugin:80 - create IPUIPlugin
2025-08-03 15:09:11,854 [INFO] PluginManager:220 - loadIPPluginJar : add freertos
2025-08-03 15:09:11,856 [INFO] IPUIPlugin:80 - create IPUIPlugin
2025-08-03 15:09:11,856 [INFO] PluginManager:220 - loadIPPluginJar : add i2s
2025-08-03 15:09:11,857 [INFO] IPUIPlugin:80 - create IPUIPlugin
2025-08-03 15:09:11,857 [INFO] PluginManager:220 - loadIPPluginJar : add tracer_emb
2025-08-03 15:09:11,858 [INFO] IPUIPlugin:80 - create IPUIPlugin
2025-08-03 15:09:11,858 [INFO] PluginManager:220 - loadIPPluginJar : add fatfs
2025-08-03 15:09:11,859 [INFO] IPUIPlugin:80 - create IPUIPlugin
2025-08-03 15:09:11,859 [INFO] PluginManager:220 - loadIPPluginJar : add tsc
2025-08-03 15:09:11,861 [INFO] IPUIPlugin:80 - create IPUIPlugin
2025-08-03 15:09:11,861 [INFO] PluginManager:220 - loadIPPluginJar : add spi
2025-08-03 15:09:11,862 [INFO] IPUIPlugin:80 - create IPUIPlugin
2025-08-03 15:09:11,863 [INFO] PluginManager:220 - loadIPPluginJar : add opamp
2025-08-03 15:09:11,864 [INFO] IPUIPlugin:80 - create IPUIPlugin
2025-08-03 15:09:11,864 [INFO] PluginManager:220 - loadIPPluginJar : add hash
2025-08-03 15:09:11,866 [INFO] IPUIPlugin:80 - create IPUIPlugin
2025-08-03 15:09:11,866 [INFO] PluginManager:220 - loadIPPluginJar : add openamp
2025-08-03 15:09:11,868 [INFO] IPUIPlugin:80 - create IPUIPlugin
2025-08-03 15:09:11,868 [INFO] PluginManager:220 - loadIPPluginJar : add comp
2025-08-03 15:09:11,869 [INFO] IPUIPlugin:80 - create IPUIPlugin
2025-08-03 15:09:11,869 [INFO] PluginManager:220 - loadIPPluginJar : add genericplugin
2025-08-03 15:09:11,870 [INFO] IPUIPlugin:80 - create IPUIPlugin
2025-08-03 15:09:11,870 [INFO] PluginManager:220 - loadIPPluginJar : add dfsdm
2025-08-03 15:09:11,872 [INFO] IPUIPlugin:80 - create IPUIPlugin
2025-08-03 15:09:11,872 [INFO] PluginManager:220 - loadIPPluginJar : add lorawan
2025-08-03 15:09:11,877 [INFO] IPUIPlugin:80 - create IPUIPlugin
2025-08-03 15:09:11,877 [INFO] PluginManager:220 - loadIPPluginJar : add dma
2025-08-03 15:09:11,883 [INFO] IPUIPlugin:80 - create IPUIPlugin
2025-08-03 15:09:11,883 [INFO] PluginManager:220 - loadIPPluginJar : add linkedlist
2025-08-03 15:09:11,886 [INFO] IPUIPlugin:80 - create IPUIPlugin
2025-08-03 15:09:11,886 [INFO] PluginManager:220 - loadIPPluginJar : add usbx
2025-08-03 15:09:11,888 [INFO] IPUIPlugin:80 - create IPUIPlugin
2025-08-03 15:09:11,888 [INFO] PluginManager:220 - loadIPPluginJar : add gtzc
2025-08-03 15:09:11,889 [INFO] IPUIPlugin:80 - create IPUIPlugin
2025-08-03 15:09:11,889 [INFO] PluginManager:220 - loadIPPluginJar : add gfxmmu
2025-08-03 15:09:11,892 [INFO] IPUIPlugin:80 - create IPUIPlugin
2025-08-03 15:09:11,892 [INFO] PluginManager:220 - loadIPPluginJar : add resmgrutility
2025-08-03 15:09:11,893 [INFO] IPUIPlugin:80 - create IPUIPlugin
2025-08-03 15:09:11,893 [INFO] PluginManager:220 - loadIPPluginJar : add ucpd
2025-08-03 15:09:11,895 [INFO] IPUIPlugin:80 - create IPUIPlugin
2025-08-03 15:09:11,895 [INFO] PluginManager:220 - loadIPPluginJar : add tim
2025-08-03 15:09:11,900 [INFO] IPUIPlugin:80 - create IPUIPlugin
2025-08-03 15:09:11,900 [INFO] PluginManager:220 - loadIPPluginJar : add mdma
2025-08-03 15:09:11,902 [INFO] IPUIPlugin:80 - create IPUIPlugin
2025-08-03 15:09:11,902 [INFO] PluginManager:220 - loadIPPluginJar : add can
2025-08-03 15:09:11,904 [INFO] IPUIPlugin:80 - create IPUIPlugin
2025-08-03 15:09:11,904 [INFO] PluginManager:220 - loadIPPluginJar : add dma3
2025-08-03 15:09:11,909 [INFO] IPUIPlugin:80 - create IPUIPlugin
2025-08-03 15:09:11,911 [INFO] PluginManager:220 - loadIPPluginJar : add plateformsettings
2025-08-03 15:09:11,914 [INFO] IPUIPlugin:80 - create IPUIPlugin
2025-08-03 15:09:11,914 [INFO] PluginManager:220 - loadIPPluginJar : add touchsensing
2025-08-03 15:09:11,915 [INFO] IPUIPlugin:80 - create IPUIPlugin
2025-08-03 15:09:11,915 [INFO] PluginManager:220 - loadIPPluginJar : add ts
2025-08-03 15:09:11,920 [INFO] IPUIPlugin:80 - create IPUIPlugin
2025-08-03 15:09:11,920 [INFO] PluginManager:220 - loadIPPluginJar : add adc
2025-08-03 15:09:12,020 [INFO] CADModel:165 - CPN selected for project level
2025-08-03 15:09:12,020 [INFO] CADModel:114 - Register for checkConnection events
2025-08-03 15:09:12,020 [FATAL] Updater:308 - Updater called before beeing initialized
2025-08-03 15:09:12,020 [ERROR] CADModel:125 - Updater not yet initialized, retry later 
2025-08-03 15:09:12,136 [INFO] CADModel:165 - CPN selected for project level
2025-08-03 15:09:12,137 [INFO] CADModel:114 - Register for checkConnection events
2025-08-03 15:09:12,137 [FATAL] Updater:308 - Updater called before beeing initialized
2025-08-03 15:09:12,137 [ERROR] CADModel:125 - Updater not yet initialized, retry later 
2025-08-03 15:09:12,139 [FATAL] Updater:308 - Updater called before beeing initialized
2025-08-03 15:09:12,194 [FATAL] Updater:308 - Updater called before beeing initialized
2025-08-03 15:09:12,199 [INFO] DbMcusAds:53 - JSON generation date=Tue Jul 08 10:14:23 EET 2025 (1751962463593)
2025-08-03 15:09:12,199 [FATAL] Updater:308 - Updater called before beeing initialized
2025-08-03 15:09:12,235 [WARN] DetailPanel:346 - Failed to get advertising image, set to default
2025-08-03 15:09:12,335 [FATAL] Updater:308 - Updater called before beeing initialized
2025-08-03 15:09:12,336 [FATAL] Updater:308 - Updater called before beeing initialized
2025-08-03 15:09:12,337 [FATAL] Updater:308 - Updater called before beeing initialized
2025-08-03 15:09:12,337 [WARN] DetailPanel:346 - Failed to get advertising image, set to default
2025-08-03 15:09:12,337 [FATAL] Updater:308 - Updater called before beeing initialized
2025-08-03 15:09:12,365 [ERROR] Updater:1120 - MainUpdater not yet initialized. External WinMGr cannot be set.
2025-08-03 15:09:12,368 [INFO] Updater:1056 - Updater Version found : 6.8.0
2025-08-03 15:09:12,383 [INFO] ApplicationProperties:184 - Using Application install path: /home/amer/st/stm32cubeide_1.12.0/plugins/com.st.stm32cube.common.mx_6.8.0.202302231600
2025-08-03 15:09:12,406 [INFO] MainUpdater:519 - Copy updater definitions from MX database
2025-08-03 15:09:12,878 [INFO] MainUpdater:2854 - connection check result : 10
2025-08-03 15:09:12,878 [INFO] MainUpdater:3548 - Updater definition file requires update
2025-08-03 15:09:12,878 [INFO] MainUpdater:283 - Updater Check For Update Now.
2025-08-03 15:09:12,879 [INFO] MicroXplorer:498 - Change Database Version : DB.6.0.80
2025-08-03 15:09:12,988 [INFO] ServerAccessManage:473 - Download File updaters.zip
2025-08-03 15:09:13,207 [INFO] FileExtend:240 - Unzip File : updaters.zip
2025-08-03 15:09:13,207 [INFO] FileExtend:255 - Standard Zip Deflate
2025-08-03 15:09:13,429 [INFO] ServerAccessManage:473 - Download File PacksControlFlags.xml
2025-08-03 15:09:13,528 [INFO] ServerAccessManage:473 - Download File cubemx.pidx
2025-08-03 15:09:13,856 [INFO] ServerAccessManage:473 - Download File STMicroelectronics.FP-SNS-STBOX1.pdsc
2025-08-03 15:09:14,348 [INFO] ServerAccessManage:473 - Download File STMicroelectronics.X-CUBE-AI.pdsc
2025-08-03 15:09:14,377 [WARN] MainUpdater:1187 - Updater busy. Cannot search thirdparties
2025-08-03 15:09:14,377 [INFO] ThirdPartyUpdaterWithRetryManager:96 - Updater plugin is busy. [1/15]
2025-08-03 15:09:17,378 [WARN] MainUpdater:1187 - Updater busy. Cannot search thirdparties
2025-08-03 15:09:17,378 [INFO] ThirdPartyUpdaterWithRetryManager:96 - Updater plugin is busy. [2/15]
2025-08-03 15:09:17,919 [INFO] ServerAccessManage:473 - Download File STMicroelectronics.X-CUBE-FREERTOS.pdsc
2025-08-03 15:09:19,476 [WARN] PopulateThirdPartyThread:106 - Error when creating pack: /home/amer/.stm32cubemx/thirdparties/pdsc/STMicroelectronics.FP-SNS-STBOX1.pdsc
2025-08-03 15:09:19,493 [WARN] PackLoader:240 - Cannot read IP mode file for STMicroelectronics.X-CUBE-AI.10.2.0
2025-08-03 15:09:19,503 [WARN] PackLoader:240 - Cannot read IP mode file for STMicroelectronics.X-CUBE-FREERTOS.1.3.1
2025-08-03 15:09:19,504 [INFO] PopulateThirdPartyThread:66 - Ending populate Thread
2025-08-03 15:09:19,507 [INFO] ThirdParty:1030 - CMSIS Pack Vendor :STMicroelectronics X-CUBE-FREERTOS 1.3.1
2025-08-03 15:09:19,507 [INFO] ThirdParty:1030 - CMSIS Pack Vendor :STMicroelectronics X-CUBE-AI 10.2.0
2025-08-03 15:09:19,507 [INFO] LoadServerUpdatesThread:373 - End of LoadServerUpdate Thread
2025-08-03 15:09:19,617 [INFO] CheckServerUpdateThread:120 - End of CheckServer Thread
2025-08-03 15:09:19,700 [INFO] MainUpdater:2854 - connection check result : 10
2025-08-03 15:09:19,702 [INFO] McuFinderGlobals:66 - Set McuFinderConnectedMode to true
2025-08-03 15:09:20,075 [INFO] ServerAccessManage:473 - Download File mcusAds.json._tmp_
2025-08-03 15:09:20,178 [INFO] LoadUrlFilesThread:156 - End of LoadUrlFiles Thread
2025-08-03 15:09:20,369 [INFO] ServerAccessManage:473 - Download File cube-finder-db.zip
2025-08-03 15:09:20,378 [WARN] MainUpdater:1187 - Updater busy. Cannot search thirdparties
2025-08-03 15:09:20,378 [INFO] ThirdPartyUpdaterWithRetryManager:96 - Updater plugin is busy. [3/15]
2025-08-03 15:09:23,379 [WARN] MainUpdater:1187 - Updater busy. Cannot search thirdparties
2025-08-03 15:09:23,379 [INFO] ThirdPartyUpdaterWithRetryManager:96 - Updater plugin is busy. [4/15]
2025-08-03 15:09:26,379 [WARN] MainUpdater:1187 - Updater busy. Cannot search thirdparties
2025-08-03 15:09:26,379 [INFO] ThirdPartyUpdaterWithRetryManager:96 - Updater plugin is busy. [5/15]
2025-08-03 15:09:29,379 [WARN] MainUpdater:1187 - Updater busy. Cannot search thirdparties
2025-08-03 15:09:29,379 [INFO] ThirdPartyUpdaterWithRetryManager:96 - Updater plugin is busy. [6/15]
2025-08-03 15:09:32,292 [INFO] FileExtend:240 - Unzip File : cube-finder-db.zip
2025-08-03 15:09:32,293 [INFO] FileExtend:255 - Standard Zip Deflate
2025-08-03 15:09:32,380 [WARN] MainUpdater:1187 - Updater busy. Cannot search thirdparties
2025-08-03 15:09:32,380 [INFO] ThirdPartyUpdaterWithRetryManager:96 - Updater plugin is busy. [7/15]
2025-08-03 15:09:33,094 [INFO] LoadUrlFilesThread:156 - End of LoadUrlFiles Thread
2025-08-03 15:09:33,572 [INFO] ServerAccessManage:473 - Download File crdb.zip
2025-08-03 15:09:34,350 [INFO] FileExtend:240 - Unzip File : crdb.zip
2025-08-03 15:09:34,351 [INFO] FileExtend:255 - Standard Zip Deflate
2025-08-03 15:09:34,497 [INFO] LoadUrlFilesThread:156 - End of LoadUrlFiles Thread
2025-08-03 15:09:34,654 [INFO] ServerAccessManage:473 - Download File tutoVideoDB.zip
2025-08-03 15:09:34,702 [INFO] FileExtend:240 - Unzip File : tutoVideoDB.zip
2025-08-03 15:09:34,702 [INFO] FileExtend:255 - Standard Zip Deflate
2025-08-03 15:09:34,814 [INFO] LoadUrlFilesThread:156 - End of LoadUrlFiles Thread
2025-08-03 15:09:34,829 [WARN] DbFile:41 - Overriding database path with different value: /home/amer/.stmcufinder/plugins/mcufinder/ => /home/amer/.stmcufinder/plugins/mcufinder
2025-08-03 15:09:34,985 [INFO] ServerAccessManage:473 - Download File api_config.json
2025-08-03 15:09:35,093 [INFO] LoadUrlFilesThread:156 - End of LoadUrlFiles Thread
2025-08-03 15:09:35,094 [INFO] DbMcusAds:53 - JSON generation date=Tue Jul 08 10:14:23 EET 2025 (1751962463593)
2025-08-03 15:09:35,122 [INFO] LoadUrlFilesThread:185 - End of LoadServerUrlFiles without Thread
2025-08-03 15:09:35,123 [INFO] TargetSelectorAdapter:259 - Refresh data is successful
2025-08-03 15:09:35,225 [INFO] ApiDb:581 - Connected to CubeFinder SQLite database (/home/amer/.stmcufinder/plugins/mcufinder/mcu/cube-finder-db.db)
2025-08-03 15:09:35,293 [INFO] ApiDb:668 - CubeFinder database Data Model version=2.1
2025-08-03 15:09:35,293 [INFO] ApiDb:669 - CubeFinder database Configuration version=3.0.39
2025-08-03 15:09:35,294 [INFO] ApiDb:670 - CubeFinder database generation date=2025-07-24 (1753349077)
2025-08-03 15:09:35,294 [INFO] ApiDb:671 - CubeFinder database FW Pack versions=[FP-ATR-ASTRA1_V2.0.0, FP-SNS-FLIGHT1_V5.1.0, FP-SNS-MOTENV1_V5.0.0, FP-SNS-MOTENVWB1_V1.4.0, FP-SNS-SMARTAG2_V1.2.0, FP-SNS-STBOX1_V2.0.0, STM32Cube_FW_C0_V1.4.0, STM32Cube_FW_F4_V1.28.2, STM32Cube_FW_F7_V1.17.3, STM32Cube_FW_G0_V1.6.2, STM32Cube_FW_G4_V1.6.1, STM32Cube_FW_H5_V1.5.0, STM32Cube_FW_H7RS_V1.2.0, STM32Cube_FW_H7_V1.12.1, STM32Cube_FW_L0_V1.12.2, STM32Cube_FW_L4_V1.18.1, STM32Cube_FW_L5_V1.5.1, STM32Cube_FW_N6_V1.2.0, STM32Cube_FW_U0_V1.3.0, STM32Cube_FW_U3_V1.2.0, STM32Cube_FW_U5_V1.8.0, STM32Cube_FW_WB0_V1.3.0, STM32Cube_FW_WBA_V1.7.0, STM32Cube_FW_WB_V1.23.0, STM32Cube_FW_WL3_V1.2.0, STM32Cube_FW_WL_V1.3.1, X-CUBE-ALGOBUILD_V1.4.0, X-CUBE-ALS_V1.0.2, X-CUBE-AZRTOS-F4_V1.1.0, X-CUBE-AZRTOS-F7_V1.1.0, X-CUBE-AZRTOS-G0_V1.1.0, X-CUBE-AZRTOS-G4_V2.0.0, X-CUBE-AZRTOS-H7RS_V1.1.0, X-CUBE-AZRTOS-H7_V3.4.0, X-CUBE-AZRTOS-L4_V2.0.0, X-CUBE-AZRTOS-L5_V2.0.0, X-CUBE-AZRTOS-WB_V2.0.0, X-CUBE-AZRTOS-WL_V2.0.0, X-CUBE-BLE1_V7.1.0, X-CUBE-BLE2_V3.3.0, X-CUBE-BLEMGR_V4.1.0, X-CUBE-EEPRMA1_V5.2.0, X-CUBE-FREERTOS_V1.3.1, X-CUBE-GNSS1_V6.0.0, X-CUBE-MEMS1_V11.3.0, X-CUBE-NFC4_V3.0.0, X-CUBE-NFC7_V2.0.0, X-CUBE-SFXS2LP1_V4.0.0, X-CUBE-ST67W61_V1.0.0, X-CUBE-SUBG2_V5.0.0, X-CUBE-TOF1_V3.4.3]
2025-08-03 15:09:35,523 [WARN] PackLoader:240 - Cannot read IP mode file for STMicroelectronics.FP-SNS-MOTENVWB1.1.4.0
2025-08-03 15:09:35,527 [WARN] PackLoader:240 - Cannot read IP mode file for STMicroelectronics.FP-ATR-ASTRA1.2.0.2
2025-08-03 15:09:35,532 [WARN] PackLoader:240 - Cannot read IP mode file for STMicroelectronics.X-CUBE-SMBUS.2.1.0
2025-08-03 15:09:35,534 [ERROR] Engine:466 - /home/amer/.stm32cubemx/thirdparties/pdsc/STMicroelectronics.X-CUBE-ST60.1.0.0.pdsc: PDSC version is not supported
2025-08-03 15:09:35,558 [WARN] PackLoader:240 - Cannot read IP mode file for STMicroelectronics.X-CUBE-AZRTOS-F7.1.1.0
2025-08-03 15:09:35,569 [ERROR] Engine:466 - /home/amer/.stm32cubemx/thirdparties/pdsc/Infineon.AIROC-Wi-Fi-Bluetooth-STM32.1.7.1.pdsc: PDSC version is not supported
2025-08-03 15:09:35,599 [WARN] PackLoader:240 - Cannot read IP mode file for STMicroelectronics.X-CUBE-AZRTOS-H7.3.4.0
2025-08-03 15:09:35,611 [WARN] PackLoader:240 - Cannot read IP mode file for STMicroelectronics.X-CUBE-DISPLAY.3.0.0
2025-08-03 15:09:35,624 [WARN] PackLoader:240 - Cannot read IP mode file for STMicroelectronics.X-CUBE-NFC10.1.0.0
2025-08-03 15:09:35,630 [WARN] PackLoader:240 - Cannot read IP mode file for emotas.I-CUBE-CANOPEN.1.3.0
2025-08-03 15:09:35,633 [ERROR] Engine:466 - /home/amer/.stm32cubemx/thirdparties/pdsc/STMicroelectronics.FP-SNS-STBOX1.2.1.0.pdsc: PDSC version is not supported
2025-08-03 15:09:35,636 [WARN] PackLoader:240 - Cannot read IP mode file for STMicroelectronics.FP-SNS-SMARTAG2.1.2.0
2025-08-03 15:09:35,638 [ERROR] Engine:466 - /home/amer/.stm32cubemx/thirdparties/pdsc/STMicroelectronics.FP-SNS-FLIGHT1.5.1.0.pdsc: PDSC version is not supported
2025-08-03 15:09:35,646 [INFO] LogOutputStream:77 - [STDOUT_REDIRECT] 1 : Invalid condition id : UX_CORESTACK_Condition cause : null
2025-08-03 15:09:35,646 [INFO] LogOutputStream:77 - [STDOUT_REDIRECT] 1 : Invalid condition id : UX_CORESTACK_Condition cause : null
2025-08-03 15:09:35,647 [INFO] LogOutputStream:77 - [STDOUT_REDIRECT] 1 : Invalid condition id : UX_CORESTACK_Condition cause : null
2025-08-03 15:09:35,647 [INFO] LogOutputStream:77 - [STDOUT_REDIRECT] 1 : Invalid condition id : UX_CORESTACK_Condition cause : null
2025-08-03 15:09:35,647 [INFO] LogOutputStream:77 - [STDOUT_REDIRECT] 1 : Invalid condition id : UX_CORESTACK_Condition cause : null
2025-08-03 15:09:35,652 [WARN] PackLoader:240 - Cannot read IP mode file for STMicroelectronics.X-CUBE-AZRTOS-WL.2.0.0
2025-08-03 15:09:35,661 [WARN] PackLoader:240 - Cannot read IP mode file for STMicroelectronics.FP-SNS-MOTENV1.5.0.0
2025-08-03 15:09:35,670 [WARN] PackLoader:240 - Cannot read IP mode file for WES.I-CUBE-Cesium.1.3.0
2025-08-03 15:09:35,674 [WARN] PackLoader:240 - Cannot read IP mode file for STMicroelectronics.X-CUBE-BLE2.3.3.0
2025-08-03 15:09:35,680 [WARN] PackLoader:240 - Cannot read IP mode file for STMicroelectronics.X-CUBE-NFC9.1.0.0
2025-08-03 15:09:35,684 [WARN] PackLoader:240 - Cannot read IP mode file for wolfSSL.I-CUBE-wolfSSL.5.8.0
2025-08-03 15:09:35,687 [WARN] PackLoader:240 - Cannot read IP mode file for STMicroelectronics.X-CUBE-BLE1.7.1.0
2025-08-03 15:09:35,690 [WARN] PackLoader:240 - Cannot read IP mode file for wolfSSL.I-CUBE-wolfMQTT.1.19.2
2025-08-03 15:09:35,694 [WARN] PackLoader:240 - Cannot read IP mode file for STMicroelectronics.X-CUBE-EEPRMA1.5.2.0
2025-08-03 15:09:35,699 [WARN] PackLoader:240 - Cannot read IP mode file for STMicroelectronics.X-CUBE-AI.10.1.0
2025-08-03 15:09:35,714 [WARN] PackLoader:240 - Cannot read IP mode file for STMicroelectronics.X-CUBE-AZRTOS-G0.1.1.0
2025-08-03 15:09:35,722 [WARN] PackLoader:240 - Cannot read IP mode file for STMicroelectronics.X-CUBE-SAFEA1.1.2.2
2025-08-03 15:09:35,728 [WARN] PackLoader:240 - Cannot read IP mode file for STMicroelectronics.X-CUBE-NFC4.3.0.0
2025-08-03 15:09:35,731 [ERROR] Engine:466 - /home/amer/.stm32cubemx/thirdparties/pdsc/EmbeddedOffice.I-CUBE-FS-RTOS.1.0.1.pdsc: PDSC version is not supported
2025-08-03 15:09:35,734 [WARN] PackLoader:240 - Cannot read IP mode file for STMicroelectronics.X-CUBE-WB05N.2.0.0
2025-08-03 15:09:35,737 [WARN] PackLoader:240 - Cannot read IP mode file for wolfSSL.I-CUBE-wolfTPM.3.8.0
2025-08-03 15:09:35,739 [ERROR] Engine:466 - /home/amer/.stm32cubemx/thirdparties/pdsc/STMicroelectronics.X-CUBE-TCPP.4.2.0.pdsc: PDSC version is not supported
2025-08-03 15:09:35,740 [ERROR] Engine:466 - /home/amer/.stm32cubemx/thirdparties/pdsc/RealThread.X-CUBE-RT-Thread_Nano.4.1.1.pdsc: PDSC version is not supported
2025-08-03 15:09:35,742 [WARN] PackLoader:240 - Cannot read IP mode file for STMicroelectronics.FP-ATR-SIGFOX1.3.2.0
2025-08-03 15:09:35,746 [WARN] PackLoader:240 - Cannot read IP mode file for ITTIA_DB.I-CUBE-ITTIADB.8.9.0
2025-08-03 15:09:35,747 [ERROR] Engine:466 - /home/amer/.stm32cubemx/thirdparties/pdsc/STMicroelectronics.X-CUBE-ST67W61.1.0.0.pdsc: PDSC version is not supported
2025-08-03 15:09:35,749 [WARN] PackLoader:240 - Cannot read IP mode file for STMicroelectronics.X-CUBE-AI.10.2.0
2025-08-03 15:09:35,778 [WARN] PackLoader:240 - Cannot read IP mode file for SEGGER.I-CUBE-embOS.1.3.1
2025-08-03 15:09:35,834 [WARN] PackLoader:240 - Cannot read IP mode file for STMicroelectronics.X-CUBE-ALGOBUILD.1.4.0
2025-08-03 15:09:35,888 [WARN] PackLoader:240 - Cannot read IP mode file for STMicroelectronics.X-CUBE-MEMS1.11.3.0
2025-08-03 15:09:36,096 [WARN] PackLoader:240 - Cannot read IP mode file for STMicroelectronics.X-CUBE-PM33A1.1.0.0
2025-08-03 15:09:36,112 [WARN] PackLoader:240 - Cannot read IP mode file for STMicroelectronics.X-CUBE-AZRTOS-F4.1.1.0
2025-08-03 15:09:36,115 [ERROR] Engine:466 - /home/amer/.stm32cubemx/thirdparties/pdsc/Avnet-IotConnect.X-CUBE-IoTC-DA16k-PMOD.1.0.0.pdsc: PDSC version is not supported
2025-08-03 15:09:36,117 [WARN] PackLoader:240 - Cannot read IP mode file for STMicroelectronics.X-CUBE-ISPU.2.1.0
2025-08-03 15:09:36,123 [WARN] PackLoader:240 - Cannot read IP mode file for STMicroelectronics.X-CUBE-NFC12.1.0.0
2025-08-03 15:09:36,141 [WARN] PackLoader:240 - Cannot read IP mode file for STMicroelectronics.X-CUBE-AZRTOS-L5.2.0.0
2025-08-03 15:09:36,149 [WARN] PackLoader:240 - Cannot read IP mode file for STMicroelectronics.X-CUBE-NFC6.3.1.0
2025-08-03 15:09:36,155 [WARN] PackLoader:240 - Cannot read IP mode file for STMicroelectronics.X-CUBE-FREERTOS.1.3.1
2025-08-03 15:09:36,157 [ERROR] Engine:466 - /home/amer/.stm32cubemx/thirdparties/pdsc/STMicroelectronics.FP-SNS-STAIOTCFT.1.0.0.pdsc: PDSC version is not supported
2025-08-03 15:09:36,159 [ERROR] Engine:466 - /home/amer/.stm32cubemx/thirdparties/pdsc/STMicroelectronics.X-CUBE-DPower.1.3.0.pdsc: PDSC version is not supported
2025-08-03 15:09:36,176 [WARN] ConditionMgr:438 - getConditionDescription Invalid condition id : LAN8742 Phy interface Condition cause : null
2025-08-03 15:09:36,176 [WARN] PackLoader:240 - Cannot read IP mode file for STMicroelectronics.X-CUBE-AZRTOS-L4.2.0.0
2025-08-03 15:09:36,178 [WARN] ConditionMgr:1039 - genDependencies : Invalid condition id : LAN8742 Phy interface Condition cause : null
2025-08-03 15:09:36,178 [WARN] ConditionMgr:1039 - genDependencies : Invalid condition id : LAN8742 Phy interface Condition cause : null
2025-08-03 15:09:36,179 [WARN] ConditionMgr:1039 - genDependencies : Invalid condition id : LAN8742 Phy interface Condition cause : null
2025-08-03 15:09:36,184 [WARN] PackLoader:240 - Cannot read IP mode file for STMicroelectronics.X-CUBE-SFXS2LP1.4.0.0
2025-08-03 15:09:36,188 [ERROR] Engine:466 - /home/amer/.stm32cubemx/thirdparties/pdsc/STMicroelectronics.X-CUBE-BLEMGR.4.1.0.pdsc: PDSC version is not supported
2025-08-03 15:09:36,199 [WARN] ConditionMgr:438 - getConditionDescription Invalid condition id : UX DEVICE CLASS RTOS Condition cause : null
2025-08-03 15:09:36,199 [WARN] ConditionMgr:438 - getConditionDescription Invalid condition id : UX DEVICE CLASS RTOS Condition cause : null
2025-08-03 15:09:36,202 [WARN] PackLoader:240 - Cannot read IP mode file for STMicroelectronics.X-CUBE-AZRTOS-WB.2.0.0
2025-08-03 15:09:36,202 [WARN] ConditionMgr:1039 - genDependencies : Invalid condition id : UX DEVICE CLASS RTOS Condition cause : null
2025-08-03 15:09:36,202 [WARN] ConditionMgr:1039 - genDependencies : Invalid condition id : UX DEVICE CLASS RTOS Condition cause : null
2025-08-03 15:09:36,203 [WARN] ConditionMgr:1039 - genDependencies : Invalid condition id : UX DEVICE CLASS RTOS Condition cause : null
2025-08-03 15:09:36,203 [WARN] ConditionMgr:1039 - genDependencies : Invalid condition id : UX DEVICE CLASS RTOS Condition cause : null
2025-08-03 15:09:36,203 [WARN] ConditionMgr:1039 - genDependencies : Invalid condition id : UX DEVICE CLASS RTOS Condition cause : null
2025-08-03 15:09:36,208 [WARN] PackLoader:240 - Cannot read IP mode file for STMicroelectronics.X-CUBE-GNSS1.7.0.1
2025-08-03 15:09:36,211 [WARN] PackLoader:240 - Cannot read IP mode file for STMicroelectronics.X-CUBE-TOUCHGFX.4.25.0
2025-08-03 15:09:36,212 [ERROR] Engine:466 - /home/amer/.stm32cubemx/thirdparties/pdsc/STMicroelectronics.FP-SNS-STBOX1.2.0.0.pdsc: PDSC version is not supported
2025-08-03 15:09:36,213 [ERROR] Engine:466 - /home/amer/.stm32cubemx/thirdparties/pdsc/quantropi.X-CUBE-qispace-sdk-base.2.1.0.pdsc: PDSC version is not supported
2025-08-03 15:09:36,221 [WARN] PackLoader:240 - Cannot read IP mode file for STMicroelectronics.X-CUBE-SUBG2.5.0.0
2025-08-03 15:09:36,248 [WARN] PackLoader:240 - Cannot read IP mode file for STMicroelectronics.X-CUBE-AZRTOS-H7RS.1.1.0
2025-08-03 15:09:36,253 [WARN] PackLoader:240 - Cannot read IP mode file for Cesanta.I-CUBE-Mongoose.7.13.0
2025-08-03 15:09:36,266 [WARN] PackLoader:240 - Cannot read IP mode file for STMicroelectronics.X-CUBE-AZRTOS-G4.2.0.0
2025-08-03 15:09:36,270 [WARN] PackLoader:240 - Cannot read IP mode file for wolfSSL.I-CUBE-wolfSSH.1.4.20
2025-08-03 15:09:36,272 [WARN] PackLoader:240 - Cannot read IP mode file for STMicroelectronics.X-CUBE-NFC7.2.0.0
2025-08-03 15:09:36,277 [ERROR] Engine:466 - /home/amer/.stm32cubemx/thirdparties/pdsc/STMicroelectronics.X-CUBE-IPS.3.1.0.pdsc: PDSC version is not supported
2025-08-03 15:09:36,279 [WARN] PackLoader:240 - Cannot read IP mode file for STMicroelectronics.X-CUBE-ALS.1.0.2
2025-08-03 15:09:36,283 [WARN] PackLoader:240 - Cannot read IP mode file for portGmbH.I-Cube-SoM-uGOAL.1.1.0
2025-08-03 15:09:36,287 [ERROR] Engine:466 - /home/amer/.stm32cubemx/thirdparties/pdsc/STMicroelectronics.X-CUBE-TOF1.3.4.3.pdsc: PDSC version is not supported
2025-08-03 15:09:36,287 [INFO] ThirdParty:978 - Integrity check success = true
2025-08-03 15:09:36,287 [INFO] IntegrityCheckThread:100 - exiting critical section [integrity check]
2025-08-03 15:09:36,287 [INFO] IntegrityCheckThread:103 - End integrity checks thread
2025-08-03 15:09:37,826 [INFO] ApiDb:240 - Found 297 in-development CPN: [B-G473E-ZEST1S, B-WB1M-WPAN1, B-WL5M-SUBG1, NUCLEO-C031C6, NUCLEO-H503RB, NUCLEO-H563ZI, NUCLEO-U545RE-Q, NUCLEO-U5A5ZJ-Q, NUCLEO-WBA52CG, STEVAL-PROTEUS1, STEVAL-STWINBX1, STM320518-EVAL, STM32C0116-DK, STM32C011D6Y3TR, STM32C011D6Y6TR, STM32C011F4P3, STM32C011F4P6, STM32C011F4U3, STM32C011F4U6TR, STM32C011F6P3, STM32C011F6P6, STM32C011F6U3, STM32C011F6U6TR, STM32C011J4M3, STM32C011J4M6, STM32C011J6M3, STM32C011J6M6, STM32C0316-DK, STM32C031C4T3, STM32C031C4T6, STM32C031C4U3, STM32C031C4U6, STM32C031C6T3, STM32C031C6T6, STM32C031C6U3, STM32C031C6U6, STM32C031F4P3, STM32C031F4P6, STM32C031F6P3, STM32C031F6P6, STM32C031G4U3, STM32C031G4U6, STM32C031G6U3, STM32C031G6U6, STM32C031K4T3, STM32C031K4T6, STM32C031K4U3, STM32C031K4U6, STM32C031K6T3, STM32C031K6T6, STM32C031K6U3, STM32C031K6U6, STM32G071K8TXN, STM32G071K8UXN, STM32G081GBU6N, STM32G081KBT6N, STM32G081KBUXN, STM32G0B1CCT6N, STM32G0B1KCT6, STM32G0B1NEY6TR, STM32G0B1RCT6N, STM32G0C1CCT6, STM32G0C1CCT6N, STM32G0C1CCU6N, STM32G0C1CET6N, STM32G0C1CEU6N, STM32G0C1KCT6, STM32G0C1NEY6TR, STM32G0C1RCI6N, STM32G0C1RCT6N, STM32G0C1REI6N, STM32G0C1RET6N, STM32G0C1VCI6, STM32G0C1VEI6, STM32G471CCT6, STM32G471CCU6, STM32G471CET3, STM32G471CET6, STM32G471CEU3, STM32G471CEU6, STM32G471MCT6, STM32G471MET3, STM32G471MET6, STM32G471MEY6TR, STM32G471QCT6, STM32G471QET3, STM32G471RCT6, STM32G471RET3, STM32G471RET6, STM32G471VCH6, STM32G471VCI6, STM32G471VCT6, STM32G471VEH3, STM32G471VEH6, STM32G471VEI3, STM32G471VEI6, STM32G471VET3, STM32G471VET6, STM32G474CCT6, STM32H503CBT6, STM32H503CBU6, STM32H503EBY6TR, STM32H503KBU6, STM32H503RBT6, STM32H562AGI6, STM32H562AII6, STM32H562IGK6, STM32H562IGT6, STM32H562IIK6, STM32H562IIT6, STM32H562RGT6, STM32H562RGV6, STM32H562RIT6, STM32H562RIV6, STM32H562VGT6, STM32H562VIT6, STM32H562ZGT6, STM32H562ZIT6, STM32H563AGI6, STM32H563AII3Q, STM32H563AII6, STM32H563IGK6, STM32H563IGT6, STM32H563IIK3Q, STM32H563IIK6, STM32H563IIT3Q, STM32H563IIT6, STM32H563MIY3QTR, STM32H563RGT6, STM32H563RGV6, STM32H563RIT6, STM32H563RIV6, STM32H563VGT6, STM32H563VIT3Q, STM32H563VIT6, STM32H563ZGT6, STM32H563ZIT3Q, STM32H563ZIT6, STM32H573AII3Q, STM32H573AII6, STM32H573I-DK, STM32H573IIK3Q, STM32H573IIK6, STM32H573IIT3Q, STM32H573IIT6, STM32H573MIY3QTR, STM32H573RIT6, STM32H573RIV6, STM32H573VIT3Q, STM32H573VIT6, STM32H573ZIT3Q, STM32H573ZIT6, STM32L4R5QGI6STR, STM32MP131AAE3, STM32MP131AAF3, STM32MP131AAG3, STM32MP131CAE3, STM32MP131CAF3, STM32MP131CAG3, STM32MP131DAE7, STM32MP131DAF7, STM32MP131DAG7, STM32MP131FAE7, STM32MP131FAF7, STM32MP131FAG7, STM32MP133AAE3, STM32MP133AAF3, STM32MP133AAG3, STM32MP133CAE3, STM32MP133CAF3, STM32MP133CAG3, STM32MP133DAE7, STM32MP133DAF7, STM32MP133DAG7, STM32MP133FAE7, STM32MP133FAF7, STM32MP133FAG7, STM32MP135AAE3, STM32MP135AAF3, STM32MP135AAG3, STM32MP135CAE3, STM32MP135CAF3, STM32MP135CAG3, STM32MP135DAE7, STM32MP135DAF7, STM32MP135DAG7, STM32MP135F-DK, STM32MP135FAE7, STM32MP135FAF7, STM32MP135FAF7T, STM32MP135FAF7U, STM32MP135FAG7, STM32U535CBT6, STM32U535CBT6Q, STM32U535CBU6, STM32U535CBU6Q, STM32U535CCT6, STM32U535CCT6Q, STM32U535CCU6, STM32U535CCU6Q, STM32U535CET6, STM32U535CET6Q, STM32U535CEU6, STM32U535CEU6Q, STM32U535JEY6QTR, STM32U535NCY6QTR, STM32U535NEY6QTR, STM32U535RBI6, STM32U535RBI6Q, STM32U535RBT6, STM32U535RBT6Q, STM32U535RCI6, STM32U535RCI6Q, STM32U535RCT6, STM32U535RCT6Q, STM32U535REI6, STM32U535REI6Q, STM32U535RET6, STM32U535RET6Q, STM32U535VCI6, STM32U535VCI6Q, STM32U535VCT6, STM32U535VCT6Q, STM32U535VEI6, STM32U535VEI6Q, STM32U535VET6, STM32U535VET6Q, STM32U545CET6, STM32U545CET6Q, STM32U545CEU6, STM32U545CEU6Q, STM32U545JEY6QTR, STM32U545NEY6QTR, STM32U545REI6, STM32U545REI6Q, STM32U545RET6, STM32U545RET6Q, STM32U545VEI6, STM32U545VEI6Q, STM32U545VET6, STM32U545VET6Q, STM32U595AIH6, STM32U595AIH6Q, STM32U595AJH6, STM32U595AJH6Q, STM32U595QII6, STM32U595QII6Q, STM32U595QJI6, STM32U595QJI6Q, STM32U595RIT6, STM32U595RIT6Q, STM32U595RJT6, STM32U595RJT6Q, STM32U595VIT6, STM32U595VIT6Q, STM32U595VJT6, STM32U595VJT6Q, STM32U595ZIT6, STM32U595ZIT6Q, STM32U595ZIY6QTR, STM32U595ZJT6, STM32U595ZJT6Q, STM32U595ZJY6QTR, STM32U599BJY6QTR, STM32U599NIH6Q, STM32U599NJH6Q, STM32U599VIT6Q, STM32U599VJT6, STM32U599VJT6Q, STM32U599ZIT6Q, STM32U599ZIY6QTR, STM32U599ZJT6Q, STM32U599ZJY6QTR, STM32U5A5AJH6, STM32U5A5AJH6Q, STM32U5A5QJI6, STM32U5A5QJI6Q, STM32U5A5RJT6, STM32U5A5RJT6Q, STM32U5A5VJT6, STM32U5A5VJT6Q, STM32U5A5ZJT6, STM32U5A5ZJT6Q, STM32U5A5ZJY6QTR, STM32U5A9BJY6QTR, STM32U5A9J-DK, STM32U5A9NJH6Q, STM32U5A9VJT6Q, STM32U5A9ZJT6Q, STM32U5A9ZJY6QTR, STM32WB1MMCH6, STM32WBA52CEU6, STM32WBA52CEU6T, STM32WBA52CGU6, STM32WBA52CGU6T, STM32WL5MOCH6, STM32WL5MOCH6TR]
2025-08-03 15:09:37,830 [INFO] DbMcus:216 - Found 4711 MCUs, 4711 are supported
2025-08-03 15:09:37,840 [INFO] ApiDb:423 - Load user favorites file /home/amer/.stm32cubeide/favorites.mcus.txt: 1 item(s)
2025-08-03 15:09:37,841 [INFO] ApiDb:427 - User favorites MCUs=[STM32G030F6P6]
2025-08-03 15:09:37,841 [INFO] DbMcus:222 - Set 1 / 1 favorites MCUs
2025-08-03 15:09:38,247 [INFO] ApiDb:668 - CubeFinder database Data Model version=2.1
2025-08-03 15:09:38,247 [INFO] ApiDb:669 - CubeFinder database Configuration version=3.0.39
2025-08-03 15:09:38,247 [INFO] ApiDb:670 - CubeFinder database generation date=2025-07-24 (1753349077)
2025-08-03 15:09:38,247 [INFO] ApiDb:671 - CubeFinder database FW Pack versions=[FP-ATR-ASTRA1_V2.0.0, FP-SNS-FLIGHT1_V5.1.0, FP-SNS-MOTENV1_V5.0.0, FP-SNS-MOTENVWB1_V1.4.0, FP-SNS-SMARTAG2_V1.2.0, FP-SNS-STBOX1_V2.0.0, STM32Cube_FW_C0_V1.4.0, STM32Cube_FW_F4_V1.28.2, STM32Cube_FW_F7_V1.17.3, STM32Cube_FW_G0_V1.6.2, STM32Cube_FW_G4_V1.6.1, STM32Cube_FW_H5_V1.5.0, STM32Cube_FW_H7RS_V1.2.0, STM32Cube_FW_H7_V1.12.1, STM32Cube_FW_L0_V1.12.2, STM32Cube_FW_L4_V1.18.1, STM32Cube_FW_L5_V1.5.1, STM32Cube_FW_N6_V1.2.0, STM32Cube_FW_U0_V1.3.0, STM32Cube_FW_U3_V1.2.0, STM32Cube_FW_U5_V1.8.0, STM32Cube_FW_WB0_V1.3.0, STM32Cube_FW_WBA_V1.7.0, STM32Cube_FW_WB_V1.23.0, STM32Cube_FW_WL3_V1.2.0, STM32Cube_FW_WL_V1.3.1, X-CUBE-ALGOBUILD_V1.4.0, X-CUBE-ALS_V1.0.2, X-CUBE-AZRTOS-F4_V1.1.0, X-CUBE-AZRTOS-F7_V1.1.0, X-CUBE-AZRTOS-G0_V1.1.0, X-CUBE-AZRTOS-G4_V2.0.0, X-CUBE-AZRTOS-H7RS_V1.1.0, X-CUBE-AZRTOS-H7_V3.4.0, X-CUBE-AZRTOS-L4_V2.0.0, X-CUBE-AZRTOS-L5_V2.0.0, X-CUBE-AZRTOS-WB_V2.0.0, X-CUBE-AZRTOS-WL_V2.0.0, X-CUBE-BLE1_V7.1.0, X-CUBE-BLE2_V3.3.0, X-CUBE-BLEMGR_V4.1.0, X-CUBE-EEPRMA1_V5.2.0, X-CUBE-FREERTOS_V1.3.1, X-CUBE-GNSS1_V6.0.0, X-CUBE-MEMS1_V11.3.0, X-CUBE-NFC4_V3.0.0, X-CUBE-NFC7_V2.0.0, X-CUBE-SFXS2LP1_V4.0.0, X-CUBE-ST67W61_V1.0.0, X-CUBE-SUBG2_V5.0.0, X-CUBE-TOF1_V3.4.3]
2025-08-03 15:09:38,287 [INFO] DbBoardsSqlite:226 - include board P-NUCLEO-WB55-NUCLEO as a kit item of type 'Nucleo-64'
2025-08-03 15:09:38,287 [INFO] DbBoardsSqlite:226 - include board P-NUCLEO-WB55-USBDONGLE as a kit item of type 'Nucleo USB Dongle'
2025-08-03 15:09:38,287 [INFO] DbBoardsSqlite:226 - include board STEVAL-IDP005V1 as a kit item of type 'Evaluation Board'
2025-08-03 15:09:38,288 [INFO] DbBoardsSqlite:226 - include board STEVAL-IDP005V2 as a kit item of type 'Evaluation Board'
2025-08-03 15:09:38,327 [INFO] ApiDb:240 - Found 297 in-development CPN: [B-G473E-ZEST1S, B-WB1M-WPAN1, B-WL5M-SUBG1, NUCLEO-C031C6, NUCLEO-H503RB, NUCLEO-H563ZI, NUCLEO-U545RE-Q, NUCLEO-U5A5ZJ-Q, NUCLEO-WBA52CG, STEVAL-PROTEUS1, STEVAL-STWINBX1, STM320518-EVAL, STM32C0116-DK, STM32C011D6Y3TR, STM32C011D6Y6TR, STM32C011F4P3, STM32C011F4P6, STM32C011F4U3, STM32C011F4U6TR, STM32C011F6P3, STM32C011F6P6, STM32C011F6U3, STM32C011F6U6TR, STM32C011J4M3, STM32C011J4M6, STM32C011J6M3, STM32C011J6M6, STM32C0316-DK, STM32C031C4T3, STM32C031C4T6, STM32C031C4U3, STM32C031C4U6, STM32C031C6T3, STM32C031C6T6, STM32C031C6U3, STM32C031C6U6, STM32C031F4P3, STM32C031F4P6, STM32C031F6P3, STM32C031F6P6, STM32C031G4U3, STM32C031G4U6, STM32C031G6U3, STM32C031G6U6, STM32C031K4T3, STM32C031K4T6, STM32C031K4U3, STM32C031K4U6, STM32C031K6T3, STM32C031K6T6, STM32C031K6U3, STM32C031K6U6, STM32G071K8TXN, STM32G071K8UXN, STM32G081GBU6N, STM32G081KBT6N, STM32G081KBUXN, STM32G0B1CCT6N, STM32G0B1KCT6, STM32G0B1NEY6TR, STM32G0B1RCT6N, STM32G0C1CCT6, STM32G0C1CCT6N, STM32G0C1CCU6N, STM32G0C1CET6N, STM32G0C1CEU6N, STM32G0C1KCT6, STM32G0C1NEY6TR, STM32G0C1RCI6N, STM32G0C1RCT6N, STM32G0C1REI6N, STM32G0C1RET6N, STM32G0C1VCI6, STM32G0C1VEI6, STM32G471CCT6, STM32G471CCU6, STM32G471CET3, STM32G471CET6, STM32G471CEU3, STM32G471CEU6, STM32G471MCT6, STM32G471MET3, STM32G471MET6, STM32G471MEY6TR, STM32G471QCT6, STM32G471QET3, STM32G471RCT6, STM32G471RET3, STM32G471RET6, STM32G471VCH6, STM32G471VCI6, STM32G471VCT6, STM32G471VEH3, STM32G471VEH6, STM32G471VEI3, STM32G471VEI6, STM32G471VET3, STM32G471VET6, STM32G474CCT6, STM32H503CBT6, STM32H503CBU6, STM32H503EBY6TR, STM32H503KBU6, STM32H503RBT6, STM32H562AGI6, STM32H562AII6, STM32H562IGK6, STM32H562IGT6, STM32H562IIK6, STM32H562IIT6, STM32H562RGT6, STM32H562RGV6, STM32H562RIT6, STM32H562RIV6, STM32H562VGT6, STM32H562VIT6, STM32H562ZGT6, STM32H562ZIT6, STM32H563AGI6, STM32H563AII3Q, STM32H563AII6, STM32H563IGK6, STM32H563IGT6, STM32H563IIK3Q, STM32H563IIK6, STM32H563IIT3Q, STM32H563IIT6, STM32H563MIY3QTR, STM32H563RGT6, STM32H563RGV6, STM32H563RIT6, STM32H563RIV6, STM32H563VGT6, STM32H563VIT3Q, STM32H563VIT6, STM32H563ZGT6, STM32H563ZIT3Q, STM32H563ZIT6, STM32H573AII3Q, STM32H573AII6, STM32H573I-DK, STM32H573IIK3Q, STM32H573IIK6, STM32H573IIT3Q, STM32H573IIT6, STM32H573MIY3QTR, STM32H573RIT6, STM32H573RIV6, STM32H573VIT3Q, STM32H573VIT6, STM32H573ZIT3Q, STM32H573ZIT6, STM32L4R5QGI6STR, STM32MP131AAE3, STM32MP131AAF3, STM32MP131AAG3, STM32MP131CAE3, STM32MP131CAF3, STM32MP131CAG3, STM32MP131DAE7, STM32MP131DAF7, STM32MP131DAG7, STM32MP131FAE7, STM32MP131FAF7, STM32MP131FAG7, STM32MP133AAE3, STM32MP133AAF3, STM32MP133AAG3, STM32MP133CAE3, STM32MP133CAF3, STM32MP133CAG3, STM32MP133DAE7, STM32MP133DAF7, STM32MP133DAG7, STM32MP133FAE7, STM32MP133FAF7, STM32MP133FAG7, STM32MP135AAE3, STM32MP135AAF3, STM32MP135AAG3, STM32MP135CAE3, STM32MP135CAF3, STM32MP135CAG3, STM32MP135DAE7, STM32MP135DAF7, STM32MP135DAG7, STM32MP135F-DK, STM32MP135FAE7, STM32MP135FAF7, STM32MP135FAF7T, STM32MP135FAF7U, STM32MP135FAG7, STM32U535CBT6, STM32U535CBT6Q, STM32U535CBU6, STM32U535CBU6Q, STM32U535CCT6, STM32U535CCT6Q, STM32U535CCU6, STM32U535CCU6Q, STM32U535CET6, STM32U535CET6Q, STM32U535CEU6, STM32U535CEU6Q, STM32U535JEY6QTR, STM32U535NCY6QTR, STM32U535NEY6QTR, STM32U535RBI6, STM32U535RBI6Q, STM32U535RBT6, STM32U535RBT6Q, STM32U535RCI6, STM32U535RCI6Q, STM32U535RCT6, STM32U535RCT6Q, STM32U535REI6, STM32U535REI6Q, STM32U535RET6, STM32U535RET6Q, STM32U535VCI6, STM32U535VCI6Q, STM32U535VCT6, STM32U535VCT6Q, STM32U535VEI6, STM32U535VEI6Q, STM32U535VET6, STM32U535VET6Q, STM32U545CET6, STM32U545CET6Q, STM32U545CEU6, STM32U545CEU6Q, STM32U545JEY6QTR, STM32U545NEY6QTR, STM32U545REI6, STM32U545REI6Q, STM32U545RET6, STM32U545RET6Q, STM32U545VEI6, STM32U545VEI6Q, STM32U545VET6, STM32U545VET6Q, STM32U595AIH6, STM32U595AIH6Q, STM32U595AJH6, STM32U595AJH6Q, STM32U595QII6, STM32U595QII6Q, STM32U595QJI6, STM32U595QJI6Q, STM32U595RIT6, STM32U595RIT6Q, STM32U595RJT6, STM32U595RJT6Q, STM32U595VIT6, STM32U595VIT6Q, STM32U595VJT6, STM32U595VJT6Q, STM32U595ZIT6, STM32U595ZIT6Q, STM32U595ZIY6QTR, STM32U595ZJT6, STM32U595ZJT6Q, STM32U595ZJY6QTR, STM32U599BJY6QTR, STM32U599NIH6Q, STM32U599NJH6Q, STM32U599VIT6Q, STM32U599VJT6, STM32U599VJT6Q, STM32U599ZIT6Q, STM32U599ZIY6QTR, STM32U599ZJT6Q, STM32U599ZJY6QTR, STM32U5A5AJH6, STM32U5A5AJH6Q, STM32U5A5QJI6, STM32U5A5QJI6Q, STM32U5A5RJT6, STM32U5A5RJT6Q, STM32U5A5VJT6, STM32U5A5VJT6Q, STM32U5A5ZJT6, STM32U5A5ZJT6Q, STM32U5A5ZJY6QTR, STM32U5A9BJY6QTR, STM32U5A9J-DK, STM32U5A9NJH6Q, STM32U5A9VJT6Q, STM32U5A9ZJT6Q, STM32U5A9ZJY6QTR, STM32WB1MMCH6, STM32WBA52CEU6, STM32WBA52CEU6T, STM32WBA52CGU6, STM32WBA52CGU6T, STM32WL5MOCH6, STM32WL5MOCH6TR]
2025-08-03 15:09:38,343 [INFO] BoardInfo:880 - No configuration file found for board B-WBA5M-WPAN
2025-08-03 15:09:38,343 [INFO] DbBoards:157 - Board is not supported: B-WBA5M-WPAN
2025-08-03 15:09:38,346 [INFO] BoardInfo:880 - No configuration file found for board NUCLEO-C051C8
2025-08-03 15:09:38,346 [INFO] DbBoards:157 - Board is not supported: NUCLEO-C051C8
2025-08-03 15:09:38,347 [INFO] BoardInfo:880 - No configuration file found for board NUCLEO-C071RB
2025-08-03 15:09:38,347 [INFO] DbBoards:157 - Board is not supported: NUCLEO-C071RB
2025-08-03 15:09:38,349 [INFO] BoardInfo:880 - No configuration file found for board NUCLEO-C092RC
2025-08-03 15:09:38,349 [INFO] DbBoards:157 - Board is not supported: NUCLEO-C092RC
2025-08-03 15:09:38,416 [INFO] BoardInfo:880 - No configuration file found for board NUCLEO-H533RE
2025-08-03 15:09:38,416 [INFO] DbBoards:157 - Board is not supported: NUCLEO-H533RE
2025-08-03 15:09:38,427 [INFO] BoardInfo:880 - No configuration file found for board NUCLEO-H7S3L8
2025-08-03 15:09:38,427 [INFO] DbBoards:157 - Board is not supported: NUCLEO-H7S3L8
2025-08-03 15:09:38,451 [INFO] BoardInfo:880 - No configuration file found for board NUCLEO-N657X0-Q
2025-08-03 15:09:38,451 [INFO] DbBoards:157 - Board is not supported: NUCLEO-N657X0-Q
2025-08-03 15:09:38,452 [INFO] BoardInfo:880 - No configuration file found for board NUCLEO-U031R8
2025-08-03 15:09:38,452 [INFO] DbBoards:157 - Board is not supported: NUCLEO-U031R8
2025-08-03 15:09:38,453 [INFO] BoardInfo:880 - No configuration file found for board NUCLEO-U083RC
2025-08-03 15:09:38,453 [INFO] DbBoards:157 - Board is not supported: NUCLEO-U083RC
2025-08-03 15:09:38,454 [INFO] BoardInfo:880 - No configuration file found for board NUCLEO-U385RG-Q
2025-08-03 15:09:38,454 [INFO] DbBoards:157 - Board is not supported: NUCLEO-U385RG-Q
2025-08-03 15:09:38,457 [INFO] BoardInfo:880 - No configuration file found for board NUCLEO-WB05KZ
2025-08-03 15:09:38,457 [INFO] DbBoards:157 - Board is not supported: NUCLEO-WB05KZ
2025-08-03 15:09:38,458 [INFO] BoardInfo:880 - No configuration file found for board NUCLEO-WB07CC
2025-08-03 15:09:38,458 [INFO] DbBoards:157 - Board is not supported: NUCLEO-WB07CC
2025-08-03 15:09:38,459 [INFO] BoardInfo:880 - No configuration file found for board NUCLEO-WB09KE
2025-08-03 15:09:38,459 [INFO] DbBoards:157 - Board is not supported: NUCLEO-WB09KE
2025-08-03 15:09:38,461 [INFO] BoardInfo:880 - No configuration file found for board NUCLEO-WBA55CG
2025-08-03 15:09:38,462 [INFO] DbBoards:157 - Board is not supported: NUCLEO-WBA55CG
2025-08-03 15:09:38,462 [INFO] BoardInfo:880 - No configuration file found for board NUCLEO-WBA65RI
2025-08-03 15:09:38,462 [INFO] DbBoards:157 - Board is not supported: NUCLEO-WBA65RI
2025-08-03 15:09:38,463 [INFO] BoardInfo:880 - No configuration file found for board NUCLEO-WL33CC1
2025-08-03 15:09:38,463 [INFO] DbBoards:157 - Board is not supported: NUCLEO-WL33CC1
2025-08-03 15:09:38,464 [INFO] BoardInfo:880 - No configuration file found for board NUCLEO-WL33CC2
2025-08-03 15:09:38,464 [INFO] DbBoards:157 - Board is not supported: NUCLEO-WL33CC2
2025-08-03 15:09:38,468 [INFO] BoardInfo:880 - No configuration file found for board P-NUCLEO-WB55
2025-08-03 15:09:38,468 [INFO] DbBoards:157 - Kit is not supported: P-NUCLEO-WB55
2025-08-03 15:09:38,470 [INFO] BoardInfo:880 - No configuration file found for board STEVAL-BFA001V1B
2025-08-03 15:09:38,471 [INFO] DbBoards:157 - Kit is not supported: STEVAL-BFA001V1B
2025-08-03 15:09:38,471 [INFO] BoardInfo:880 - No configuration file found for board STEVAL-BFA001V2B
2025-08-03 15:09:38,471 [INFO] DbBoards:157 - Kit is not supported: STEVAL-BFA001V2B
2025-08-03 15:09:38,474 [INFO] BoardInfo:880 - No configuration file found for board STEVAL-MKBOXPRO
2025-08-03 15:09:38,474 [INFO] DbBoards:157 - Board is not supported: STEVAL-MKBOXPRO
2025-08-03 15:09:38,476 [INFO] BoardInfo:880 - No configuration file found for board STEVAL-SMARTAG2
2025-08-03 15:09:38,476 [INFO] DbBoards:157 - Board is not supported: STEVAL-SMARTAG2
2025-08-03 15:09:38,527 [INFO] BoardInfo:880 - No configuration file found for board STM32H7S78-DK
2025-08-03 15:09:38,527 [INFO] DbBoards:157 - Board is not supported: STM32H7S78-DK
2025-08-03 15:09:38,542 [INFO] BoardInfo:880 - No configuration file found for board STM32MP257F-DK
2025-08-03 15:09:38,542 [INFO] DbBoards:157 - Board is not supported: STM32MP257F-DK
2025-08-03 15:09:38,543 [INFO] BoardInfo:880 - No configuration file found for board STM32MP257F-EV1
2025-08-03 15:09:38,543 [INFO] DbBoards:157 - Board is not supported: STM32MP257F-EV1
2025-08-03 15:09:38,544 [INFO] BoardInfo:880 - No configuration file found for board STM32N6570-DK
2025-08-03 15:09:38,544 [INFO] DbBoards:157 - Board is not supported: STM32N6570-DK
2025-08-03 15:09:38,545 [INFO] BoardInfo:880 - No configuration file found for board STM32U083C-DK
2025-08-03 15:09:38,545 [INFO] DbBoards:157 - Board is not supported: STM32U083C-DK
2025-08-03 15:09:38,548 [INFO] BoardInfo:880 - No configuration file found for board STM32U5G9J-DK1
2025-08-03 15:09:38,548 [INFO] DbBoards:157 - Board is not supported: STM32U5G9J-DK1
2025-08-03 15:09:38,549 [INFO] BoardInfo:880 - No configuration file found for board STM32U5G9J-DK2
2025-08-03 15:09:38,549 [INFO] DbBoards:157 - Board is not supported: STM32U5G9J-DK2
2025-08-03 15:09:38,551 [INFO] BoardInfo:880 - No configuration file found for board STM32WBA55G-DK1
2025-08-03 15:09:38,551 [INFO] DbBoards:157 - Board is not supported: STM32WBA55G-DK1
2025-08-03 15:09:38,552 [INFO] BoardInfo:880 - No configuration file found for board STM32WBA65I-DK1
2025-08-03 15:09:38,552 [INFO] DbBoards:157 - Board is not supported: STM32WBA65I-DK1
2025-08-03 15:09:38,552 [INFO] DbBoards:161 - Found 211 boards, 180 are supported
2025-08-03 15:09:38,562 [INFO] ApiDb:423 - Load user favorites file /home/amer/.stm32cubeide/favorites.boards.txt: 1 item(s)
2025-08-03 15:09:38,562 [INFO] ApiDb:427 - User favorites Boards=[NUCLEO-F446RE]
2025-08-03 15:09:38,562 [INFO] DbBoards:190 - Set 1 / 1 favorites Boards
2025-08-03 15:09:38,565 [INFO] ApiDb:668 - CubeFinder database Data Model version=2.1
2025-08-03 15:09:38,565 [INFO] ApiDb:669 - CubeFinder database Configuration version=3.0.39
2025-08-03 15:09:38,565 [INFO] ApiDb:670 - CubeFinder database generation date=2025-07-24 (1753349077)
2025-08-03 15:09:38,565 [INFO] ApiDb:671 - CubeFinder database FW Pack versions=[FP-ATR-ASTRA1_V2.0.0, FP-SNS-FLIGHT1_V5.1.0, FP-SNS-MOTENV1_V5.0.0, FP-SNS-MOTENVWB1_V1.4.0, FP-SNS-SMARTAG2_V1.2.0, FP-SNS-STBOX1_V2.0.0, STM32Cube_FW_C0_V1.4.0, STM32Cube_FW_F4_V1.28.2, STM32Cube_FW_F7_V1.17.3, STM32Cube_FW_G0_V1.6.2, STM32Cube_FW_G4_V1.6.1, STM32Cube_FW_H5_V1.5.0, STM32Cube_FW_H7RS_V1.2.0, STM32Cube_FW_H7_V1.12.1, STM32Cube_FW_L0_V1.12.2, STM32Cube_FW_L4_V1.18.1, STM32Cube_FW_L5_V1.5.1, STM32Cube_FW_N6_V1.2.0, STM32Cube_FW_U0_V1.3.0, STM32Cube_FW_U3_V1.2.0, STM32Cube_FW_U5_V1.8.0, STM32Cube_FW_WB0_V1.3.0, STM32Cube_FW_WBA_V1.7.0, STM32Cube_FW_WB_V1.23.0, STM32Cube_FW_WL3_V1.2.0, STM32Cube_FW_WL_V1.3.1, X-CUBE-ALGOBUILD_V1.4.0, X-CUBE-ALS_V1.0.2, X-CUBE-AZRTOS-F4_V1.1.0, X-CUBE-AZRTOS-F7_V1.1.0, X-CUBE-AZRTOS-G0_V1.1.0, X-CUBE-AZRTOS-G4_V2.0.0, X-CUBE-AZRTOS-H7RS_V1.1.0, X-CUBE-AZRTOS-H7_V3.4.0, X-CUBE-AZRTOS-L4_V2.0.0, X-CUBE-AZRTOS-L5_V2.0.0, X-CUBE-AZRTOS-WB_V2.0.0, X-CUBE-AZRTOS-WL_V2.0.0, X-CUBE-BLE1_V7.1.0, X-CUBE-BLE2_V3.3.0, X-CUBE-BLEMGR_V4.1.0, X-CUBE-EEPRMA1_V5.2.0, X-CUBE-FREERTOS_V1.3.1, X-CUBE-GNSS1_V6.0.0, X-CUBE-MEMS1_V11.3.0, X-CUBE-NFC4_V3.0.0, X-CUBE-NFC7_V2.0.0, X-CUBE-SFXS2LP1_V4.0.0, X-CUBE-ST67W61_V1.0.0, X-CUBE-SUBG2_V5.0.0, X-CUBE-TOF1_V3.4.3]
2025-08-03 15:09:39,117 [ERROR] DbExamplesSqlite:418 - Missing JSON key: board_cpn
2025-08-03 15:09:39,118 [ERROR] DbExamplesSqlite:418 - Missing JSON key: board_cpn
2025-08-03 15:09:39,118 [ERROR] DbExamplesSqlite:418 - Missing JSON key: board_cpn
2025-08-03 15:09:39,118 [ERROR] DbExamplesSqlite:418 - Missing JSON key: board_cpn
2025-08-03 15:09:39,222 [ERROR] DbExamplesSqlite:418 - Missing JSON key: board_cpn
2025-08-03 15:09:39,223 [ERROR] DbExamplesSqlite:418 - Missing JSON key: board_cpn
2025-08-03 15:09:39,223 [ERROR] DbExamplesSqlite:418 - Missing JSON key: board_cpn
2025-08-03 15:09:39,223 [ERROR] DbExamplesSqlite:418 - Missing JSON key: board_cpn
2025-08-03 15:09:39,223 [ERROR] DbExamplesSqlite:418 - Missing JSON key: board_cpn
2025-08-03 15:09:39,223 [ERROR] DbExamplesSqlite:418 - Missing JSON key: board_cpn
2025-08-03 15:09:39,223 [ERROR] DbExamplesSqlite:418 - Missing JSON key: board_cpn
2025-08-03 15:09:39,224 [ERROR] DbExamplesSqlite:418 - Missing JSON key: board_cpn
2025-08-03 15:09:39,224 [ERROR] DbExamplesSqlite:418 - Missing JSON key: board_cpn
2025-08-03 15:09:39,373 [ERROR] DbExamplesSqlite:418 - Missing JSON key: board_cpn
2025-08-03 15:09:39,373 [ERROR] DbExamplesSqlite:418 - Missing JSON key: board_cpn
2025-08-03 15:09:39,375 [INFO] DbExamplesSqlite:376 - Ignored 33 examples not supported by CubeIDE
2025-08-03 15:09:39,375 [INFO] DbExamplesSqlite:377 - Found 10866 examples active
2025-08-03 15:09:39,376 [INFO] DbExamplesSqlite:378 - Found 0 examples obsolete
2025-08-03 15:09:39,376 [INFO] DbExamplesSqlite:379 - Found 0 examples under development
2025-08-03 15:09:39,376 [INFO] DbExamplesSqlite:380 - Found 65 examples not building
2025-08-03 15:09:39,378 [INFO] DbExamples:125 - Found 10898 examples
2025-08-03 15:09:39,392 [INFO] DbExamples:222 - Found 134 boards with related examples
2025-08-03 15:09:39,393 [INFO] DbExamples:235 - Found 111 MCUs with related examples
2025-08-03 15:09:39,415 [INFO] ApiDb:414 - User favorites file not found: /home/amer/.stm32cubeide/favorites.examples.txt
2025-08-03 15:09:39,416 [INFO] DbExamples:250 - Set 0 / 0 favorites Examples
2025-08-03 15:09:39,601 [INFO] McuFinderGlobals:66 - Set McuFinderConnectedMode to true
2025-08-03 15:09:39,613 [INFO] MultiScanPanel:200 - Auto-refresh data requested => check proxy status ongoing
2025-08-03 15:09:39,619 [INFO] FinderPluginLoader:95 - Searching for filters in installed packs
2025-08-03 15:09:40,972 [INFO] LoadUrlFilesThread:185 - End of LoadServerUrlFiles without Thread
2025-08-03 15:09:41,125 [INFO] DetailPanel:341 - Set advertising image to /home/amer/STM32Cube/Repository//en.2400x1350px.jpeg
2025-08-03 15:11:32,592 [ERROR] LogOutputStream:75 - [STDERR_REDIRECT] Exception in thread "AWT-EventQueue-0" org.eclipse.swt.SWTException: Device is disposed
2025-08-03 15:11:32,592 [ERROR] LogOutputStream:75 - [STDERR_REDIRECT] 	at org.eclipse.swt.SWT.error(SWT.java:4918)
2025-08-03 15:11:32,593 [ERROR] LogOutputStream:75 - [STDERR_REDIRECT] 	at org.eclipse.swt.SWT.error(SWT.java:4833)
2025-08-03 15:11:32,593 [ERROR] LogOutputStream:75 - [STDERR_REDIRECT] 	at org.eclipse.swt.SWT.error(SWT.java:4804)
2025-08-03 15:11:32,593 [ERROR] LogOutputStream:75 - [STDERR_REDIRECT] 	at org.eclipse.swt.widgets.Display.error(Display.java:1518)
2025-08-03 15:11:32,593 [ERROR] LogOutputStream:75 - [STDERR_REDIRECT] 	at org.eclipse.swt.widgets.Display.asyncExec(Display.java:930)
2025-08-03 15:11:32,593 [ERROR] LogOutputStream:75 - [STDERR_REDIRECT] 	at com.st.stm32cube.common.mx.oss.core.awtswtbridge.AwtEnvironment$2.run(AwtEnvironment.java:168)
2025-08-03 15:11:32,593 [ERROR] LogOutputStream:75 - [STDERR_REDIRECT] 	at java.desktop/java.awt.event.InvocationEvent.dispatch(InvocationEvent.java:313)
2025-08-03 15:11:32,594 [ERROR] LogOutputStream:75 - [STDERR_REDIRECT] 	at java.desktop/java.awt.EventQueue.dispatchEventImpl(EventQueue.java:770)
2025-08-03 15:11:32,594 [ERROR] LogOutputStream:75 - [STDERR_REDIRECT] 	at java.desktop/java.awt.EventQueue$4.run(EventQueue.java:721)
2025-08-03 15:11:32,594 [ERROR] LogOutputStream:75 - [STDERR_REDIRECT] 	at java.desktop/java.awt.EventQueue$4.run(EventQueue.java:715)
2025-08-03 15:11:32,594 [ERROR] LogOutputStream:75 - [STDERR_REDIRECT] 	at java.base/java.security.AccessController.doPrivileged(Native Method)
2025-08-03 15:11:32,595 [ERROR] LogOutputStream:75 - [STDERR_REDIRECT] 	at java.base/java.security.ProtectionDomain$JavaSecurityAccessImpl.doIntersectionPrivilege(ProtectionDomain.java:85)
2025-08-03 15:11:32,595 [ERROR] LogOutputStream:75 - [STDERR_REDIRECT] 	at java.desktop/java.awt.EventQueue.dispatchEvent(EventQueue.java:740)
2025-08-03 15:11:32,595 [ERROR] LogOutputStream:75 - [STDERR_REDIRECT] 	at java.desktop/java.awt.EventDispatchThread.pumpOneEventForFilters(EventDispatchThread.java:203)
2025-08-03 15:11:32,595 [ERROR] LogOutputStream:75 - [STDERR_REDIRECT] 	at java.desktop/java.awt.EventDispatchThread.pumpEventsForFilter(EventDispatchThread.java:124)
2025-08-03 15:11:32,595 [ERROR] LogOutputStream:75 - [STDERR_REDIRECT] 	at java.desktop/java.awt.EventDispatchThread.pumpEventsForHierarchy(EventDispatchThread.java:113)
2025-08-03 15:11:32,596 [ERROR] LogOutputStream:75 - [STDERR_REDIRECT] 	at java.desktop/java.awt.EventDispatchThread.pumpEvents(EventDispatchThread.java:109)
2025-08-03 15:11:32,596 [ERROR] LogOutputStream:75 - [STDERR_REDIRECT] 	at java.desktop/java.awt.EventDispatchThread.pumpEvents(EventDispatchThread.java:101)
2025-08-03 15:11:32,596 [ERROR] LogOutputStream:75 - [STDERR_REDIRECT] 	at java.desktop/java.awt.EventDispatchThread.run(EventDispatchThread.java:90)
