2025-08-05 03:06:27,156 [INFO] Activator:176 - 


2025-08-05 03:06:27,157 [INFO] Activator:177 - !SESSION log4j initialized
2025-08-05 03:06:29,714 [INFO] LogOutputStream:77 - [STDOUT_REDIRECT] 
2025-08-05 03:06:35,494 [INFO] ApplicationProperties:184 - Using Application install path: /home/amer/st/stm32cubeide_1.12.0/plugins/com.st.stm32cube.common.mx_6.15.0.202507011659
2025-08-05 03:06:35,514 [INFO] DbMcusXml:78 - Set database path to: /home/amer/st/stm32cubeide_1.12.0/plugins/com.st.stm32cube.common.mx_6.15.0.202507011659//db//mcu/
2025-08-05 03:06:35,514 [INFO] ApiDb:274 - Set plugin database path to: /home/amer/st/stm32cubeide_1.12.0/plugins/com.st.stm32cube.common.mx_6.15.0.202507011659//db//plugins/boardmanager/
2025-08-05 03:06:35,515 [WARN] ApiDb:259 - Overriding images path with different value:  => /home/amer/st/stm32cubeide_1.12.0/plugins/com.st.stm32cube.common.mx_6.15.0.202507011659//db//plugins/mcufinder/images/
2025-08-05 03:06:35,523 [INFO] ApiDb:250 - Set database path to: /home/amer/.stmcufinder/plugins/mcufinder//mcu/
2025-08-05 03:06:35,525 [INFO] DbMcusAds:125 - Set database path to: /home/amer/.stmcufinder/plugins/mcufinder//mcu/
2025-08-05 03:06:35,530 [INFO] CrossReferenceDbSqlite:203 - Set database path to: /home/amer/.stmcufinder/plugins/mcufinder//mcu/cs/
2025-08-05 03:06:35,647 [INFO] RulesReader:64 - Compatibility file has been processed (317 Rules)
2025-08-05 03:06:35,733 [INFO] DbMcusXml:78 - Set database path to: /home/amer/st/stm32cubeide_1.12.0/plugins/com.st.stm32cube.common.mx_6.15.0.202507011659//db//mcu/
2025-08-05 03:06:35,733 [INFO] ApiDb:274 - Set plugin database path to: /home/amer/st/stm32cubeide_1.12.0/plugins/com.st.stm32cube.common.mx_6.15.0.202507011659//db//plugins/boardmanager/
2025-08-05 03:06:35,733 [INFO] ApiDb:261 - Set plugin images path to: /home/amer/st/stm32cubeide_1.12.0/plugins/com.st.stm32cube.common.mx_6.15.0.202507011659//db//plugins/mcufinder/images/
2025-08-05 03:06:35,733 [WARN] DbFile:41 - Overriding database path with different value: /home/amer/.stmcufinder/plugins/mcufinder/ => /home/amer/.stmcufinder/plugins/mcufinder
2025-08-05 03:06:35,733 [INFO] ApiDb:250 - Set database path to: /home/amer/.stmcufinder/plugins/mcufinder//mcu/
2025-08-05 03:06:35,733 [WARN] DbFile:41 - Overriding database path with different value: /home/amer/.stmcufinder/plugins/mcufinder/ => /home/amer/.stmcufinder/plugins/mcufinder
2025-08-05 03:06:35,733 [INFO] DbMcusAds:125 - Set database path to: /home/amer/.stmcufinder/plugins/mcufinder//mcu/
2025-08-05 03:06:35,733 [WARN] DbFile:41 - Overriding database path with different value: /home/amer/.stmcufinder/plugins/mcufinder/ => /home/amer/.stmcufinder/plugins/mcufinder
2025-08-05 03:06:35,733 [WARN] DbFile:41 - Overriding database path with different value: /home/amer/.stmcufinder/plugins/mcufinder/ => /home/amer/.stmcufinder/plugins/mcufinder
2025-08-05 03:06:35,734 [INFO] CrossReferenceDbSqlite:203 - Set database path to: /home/amer/.stmcufinder/plugins/mcufinder//mcu/cs/
2025-08-05 03:06:35,814 [INFO] MainPanel:274 - HeapMemory: 268435456
2025-08-05 03:06:35,977 [INFO] DbMcusXml:78 - Set database path to: /home/amer/st/stm32cubeide_1.12.0/plugins/com.st.stm32cube.common.mx_6.15.0.202507011659//db//mcu/
2025-08-05 03:06:35,977 [INFO] ApiDb:274 - Set plugin database path to: /home/amer/st/stm32cubeide_1.12.0/plugins/com.st.stm32cube.common.mx_6.15.0.202507011659//db//plugins/boardmanager/
2025-08-05 03:06:35,977 [INFO] ApiDb:261 - Set plugin images path to: /home/amer/st/stm32cubeide_1.12.0/plugins/com.st.stm32cube.common.mx_6.15.0.202507011659//db//plugins/mcufinder/images/
2025-08-05 03:06:35,977 [WARN] DbFile:41 - Overriding database path with different value: /home/amer/.stmcufinder/plugins/mcufinder/ => /home/amer/.stmcufinder/plugins/mcufinder
2025-08-05 03:06:35,978 [INFO] ApiDb:250 - Set database path to: /home/amer/.stmcufinder/plugins/mcufinder//mcu/
2025-08-05 03:06:35,978 [WARN] DbFile:41 - Overriding database path with different value: /home/amer/.stmcufinder/plugins/mcufinder/ => /home/amer/.stmcufinder/plugins/mcufinder
2025-08-05 03:06:35,978 [INFO] DbMcusAds:125 - Set database path to: /home/amer/.stmcufinder/plugins/mcufinder//mcu/
2025-08-05 03:06:35,978 [WARN] DbFile:41 - Overriding database path with different value: /home/amer/.stmcufinder/plugins/mcufinder/ => /home/amer/.stmcufinder/plugins/mcufinder
2025-08-05 03:06:35,978 [WARN] DbFile:41 - Overriding database path with different value: /home/amer/.stmcufinder/plugins/mcufinder/ => /home/amer/.stmcufinder/plugins/mcufinder
2025-08-05 03:06:35,978 [INFO] CrossReferenceDbSqlite:203 - Set database path to: /home/amer/.stmcufinder/plugins/mcufinder//mcu/cs/
2025-08-05 03:06:36,008 [INFO] ApplicationProperties:184 - Using Application install path: /home/amer/st/stm32cubeide_1.12.0/plugins/com.st.stm32cube.common.mx_6.15.0.202507011659
2025-08-05 03:06:36,009 [INFO] PluginManage:196 - Search for loadable plugins [exclusion list=, ]
2025-08-05 03:06:36,010 [INFO] PluginManage:310 - Check plugin analytics
2025-08-05 03:06:36,147 [INFO] AnalyticsPlugin:253 - Accepted Software Licenses: 
2025-08-05 03:06:36,147 [INFO] AnalyticsPlugin:255 - Accepted CMSIS Pack Licenses: 
2025-08-05 03:06:36,147 [INFO] AnalyticsPlugin:257 - Accepted Firmware Licenses: FW.F4.1.27.0,FW.G0.1.6.0,FW.F4.1.28.0
2025-08-05 03:06:36,149 [INFO] PluginManage:359 - Loaded plugin analytics (category:tool,tabindex:-1)
2025-08-05 03:06:36,149 [INFO] PluginManage:310 - Check plugin cadmodel
2025-08-05 03:06:36,156 [INFO] CADModel:105 - Init CAD model plugin
2025-08-05 03:06:36,156 [INFO] PluginManage:359 - Loaded plugin cadmodel (category:power,tabindex:5)
2025-08-05 03:06:36,156 [INFO] PluginManage:310 - Check plugin clock
2025-08-05 03:06:36,166 [INFO] PluginManage:359 - Loaded plugin clock (category:base,tabindex:2)
2025-08-05 03:06:36,166 [INFO] PluginManage:310 - Check plugin ddr
2025-08-05 03:06:36,168 [INFO] PluginManage:359 - Loaded plugin ddr (category:tool,tabindex:6)
2025-08-05 03:06:36,168 [INFO] PluginManage:310 - Check plugin filemanager
2025-08-05 03:06:36,344 [INFO] PluginManage:359 - Loaded plugin filemanager (category:base,tabindex:10)
2025-08-05 03:06:36,344 [INFO] PluginManage:310 - Check plugin ipmanager
2025-08-05 03:06:36,349 [INFO] PluginManage:359 - Loaded plugin ipmanager (category:base,tabindex:5)
2025-08-05 03:06:36,350 [INFO] PluginManage:310 - Check plugin lpbam
2025-08-05 03:06:36,369 [INFO] PluginManage:359 - Loaded plugin lpbam (category:base,tabindex:0)
2025-08-05 03:06:36,369 [INFO] PluginManage:310 - Check plugin memorymap
2025-08-05 03:06:36,387 [INFO] PluginManage:359 - Loaded plugin memorymap (category:base,tabindex:4)
2025-08-05 03:06:36,387 [INFO] PluginManage:310 - Check plugin pinoutandconfiguration
2025-08-05 03:06:36,398 [INFO] PluginManage:359 - Loaded plugin pinoutandconfiguration (category:base,tabindex:1)
2025-08-05 03:06:36,398 [INFO] PluginManage:310 - Check plugin pinoutconfig
2025-08-05 03:06:36,485 [WARN] SupportedApi:132 - Cannot load RTOS API schema: s4s-elt-must-match.1: The content of 'definitions' must match (annotation?, (simpleType | complexType)?, (unique | key | keyref)*)). A problem was found starting at: attribute.
2025-08-05 03:06:36,624 [INFO] PluginManage:359 - Loaded plugin pinoutconfig (category:base,tabindex:0)
2025-08-05 03:06:36,624 [INFO] PluginManage:310 - Check plugin power
2025-08-05 03:06:36,637 [INFO] PluginManage:359 - Loaded plugin power (category:power,tabindex:4)
2025-08-05 03:06:36,637 [INFO] PluginManage:310 - Check plugin projectmanager
2025-08-05 03:06:36,649 [INFO] PluginManage:359 - Loaded plugin projectmanager (category:projectmanager,tabindex:4)
2025-08-05 03:06:36,650 [INFO] PluginManage:310 - Check plugin rif
2025-08-05 03:06:36,658 [INFO] PluginManage:359 - Loaded plugin rif (category:base,tabindex:3)
2025-08-05 03:06:36,659 [INFO] PluginManage:310 - Check plugin thirdparty
2025-08-05 03:06:36,783 [INFO] PluginManage:359 - Loaded plugin thirdparty (category:base,tabindex:-1)
2025-08-05 03:06:36,783 [WARN] IntegrityCheckThread:84 - waiting for thirdparty lock release [integrity check]
2025-08-05 03:06:36,783 [INFO] PluginManage:310 - Check plugin tools
2025-08-05 03:06:36,783 [INFO] IntegrityCheckThread:86 - entering critical section [integrity check]
2025-08-05 03:06:36,784 [INFO] ThirdPartyUpdaterWithRetryManager:70 - Updater plugin not ready yet. [1/15]
2025-08-05 03:06:36,785 [INFO] PluginManage:359 - Loaded plugin tools (category:base,tabindex:7)
2025-08-05 03:06:36,785 [INFO] PluginManage:310 - Check plugin tutovideos
2025-08-05 03:06:36,989 [INFO] PluginManage:359 - Loaded plugin tutovideos (category:base,tabindex:-1)
2025-08-05 03:06:36,990 [INFO] PluginManage:310 - Check plugin updater
2025-08-05 03:06:37,016 [INFO] PluginManage:359 - Loaded plugin updater (category:base,tabindex:12)
2025-08-05 03:06:37,017 [INFO] PluginManage:310 - Check plugin userauth
2025-08-05 03:06:37,020 [INFO] UserAuth:118 - Init User Auth plugin
2025-08-05 03:06:37,021 [INFO] PluginManage:359 - Loaded plugin userauth (category:base,tabindex:14)
2025-08-05 03:06:37,021 [INFO] PluginManage:283 - PluginManage : Loaded plugins [18]
2025-08-05 03:06:37,195 [INFO] PinOutPanel:1589 - setPackage(No Configuration,No Configuration)
2025-08-05 03:06:37,260 [INFO] CADModel:165 - CPN selected for project level
2025-08-05 03:06:37,260 [INFO] CADModel:114 - Register for checkConnection events
2025-08-05 03:06:37,269 [INFO] IPUIPlugin:80 - create IPUIPlugin
2025-08-05 03:06:37,269 [INFO] PluginManager:220 - loadIPPluginJar : add pdm2pcm
2025-08-05 03:06:37,270 [INFO] IPUIPlugin:80 - create IPUIPlugin
2025-08-05 03:06:37,270 [INFO] PluginManager:220 - loadIPPluginJar : add i3c
2025-08-05 03:06:37,272 [INFO] IPUIPlugin:80 - create IPUIPlugin
2025-08-05 03:06:37,272 [INFO] PluginManager:220 - loadIPPluginJar : add usart
2025-08-05 03:06:37,277 [INFO] IPUIPlugin:80 - create IPUIPlugin
2025-08-05 03:06:37,277 [INFO] PluginManager:220 - loadIPPluginJar : add nvic
2025-08-05 03:06:37,285 [INFO] IPUIPlugin:80 - create IPUIPlugin
2025-08-05 03:06:37,285 [INFO] PluginManager:220 - loadIPPluginJar : add gpio
2025-08-05 03:06:37,286 [INFO] IPUIPlugin:80 - create IPUIPlugin
2025-08-05 03:06:37,286 [INFO] PluginManager:220 - loadIPPluginJar : add quadspi
2025-08-05 03:06:37,287 [INFO] IPUIPlugin:80 - create IPUIPlugin
2025-08-05 03:06:37,288 [INFO] PluginManager:220 - loadIPPluginJar : add aes
2025-08-05 03:06:37,292 [INFO] IPUIPlugin:80 - create IPUIPlugin
2025-08-05 03:06:37,292 [INFO] PluginManager:220 - loadIPPluginJar : add i2c
2025-08-05 03:06:37,294 [INFO] IPUIPlugin:80 - create IPUIPlugin
2025-08-05 03:06:37,294 [INFO] PluginManager:220 - loadIPPluginJar : add ipddr
2025-08-05 03:06:37,296 [INFO] IPUIPlugin:80 - create IPUIPlugin
2025-08-05 03:06:37,296 [INFO] PluginManager:220 - loadIPPluginJar : add cryp
2025-08-05 03:06:37,302 [INFO] IPUIPlugin:80 - create IPUIPlugin
2025-08-05 03:06:37,302 [INFO] PluginManager:220 - loadIPPluginJar : add fmc
2025-08-05 03:06:37,302 [INFO] IPUIPlugin:80 - create IPUIPlugin
2025-08-05 03:06:37,302 [INFO] PluginManager:220 - loadIPPluginJar : add ltdc
2025-08-05 03:06:37,309 [INFO] IPUIPlugin:80 - create IPUIPlugin
2025-08-05 03:06:37,309 [INFO] PluginManager:220 - loadIPPluginJar : add gic
2025-08-05 03:06:37,315 [INFO] IPUIPlugin:80 - create IPUIPlugin
2025-08-05 03:06:37,315 [INFO] PluginManager:220 - loadIPPluginJar : add sai
2025-08-05 03:06:37,317 [INFO] IPUIPlugin:80 - create IPUIPlugin
2025-08-05 03:06:37,317 [INFO] PluginManager:220 - loadIPPluginJar : add ddr_ctrl_phy
2025-08-05 03:06:37,321 [INFO] IPUIPlugin:80 - create IPUIPlugin
2025-08-05 03:06:37,321 [INFO] PluginManager:220 - loadIPPluginJar : add stm32_wpan
2025-08-05 03:06:37,325 [INFO] IPUIPlugin:80 - create IPUIPlugin
2025-08-05 03:06:37,325 [INFO] PluginManager:220 - loadIPPluginJar : add freertos
2025-08-05 03:06:37,326 [INFO] IPUIPlugin:80 - create IPUIPlugin
2025-08-05 03:06:37,326 [INFO] PluginManager:220 - loadIPPluginJar : add i2s
2025-08-05 03:06:37,327 [INFO] IPUIPlugin:80 - create IPUIPlugin
2025-08-05 03:06:37,327 [INFO] PluginManager:220 - loadIPPluginJar : add tracer_emb
2025-08-05 03:06:37,331 [INFO] IPUIPlugin:80 - create IPUIPlugin
2025-08-05 03:06:37,331 [INFO] PluginManager:220 - loadIPPluginJar : add fatfs
2025-08-05 03:06:37,332 [INFO] IPUIPlugin:80 - create IPUIPlugin
2025-08-05 03:06:37,332 [INFO] PluginManager:220 - loadIPPluginJar : add tsc
2025-08-05 03:06:37,333 [INFO] IPUIPlugin:80 - create IPUIPlugin
2025-08-05 03:06:37,334 [INFO] PluginManager:220 - loadIPPluginJar : add spi
2025-08-05 03:06:37,335 [INFO] IPUIPlugin:80 - create IPUIPlugin
2025-08-05 03:06:37,335 [INFO] PluginManager:220 - loadIPPluginJar : add opamp
2025-08-05 03:06:37,339 [INFO] IPUIPlugin:80 - create IPUIPlugin
2025-08-05 03:06:37,339 [INFO] PluginManager:220 - loadIPPluginJar : add hash
2025-08-05 03:06:37,340 [INFO] IPUIPlugin:80 - create IPUIPlugin
2025-08-05 03:06:37,340 [INFO] PluginManager:220 - loadIPPluginJar : add radio
2025-08-05 03:06:37,342 [INFO] IPUIPlugin:80 - create IPUIPlugin
2025-08-05 03:06:37,342 [INFO] PluginManager:220 - loadIPPluginJar : add openamp
2025-08-05 03:06:37,343 [INFO] IPUIPlugin:80 - create IPUIPlugin
2025-08-05 03:06:37,343 [INFO] PluginManager:220 - loadIPPluginJar : add comp
2025-08-05 03:06:37,347 [INFO] IPUIPlugin:80 - create IPUIPlugin
2025-08-05 03:06:37,348 [INFO] PluginManager:220 - loadIPPluginJar : add genericplugin
2025-08-05 03:06:37,349 [INFO] IPUIPlugin:80 - create IPUIPlugin
2025-08-05 03:06:37,349 [INFO] PluginManager:220 - loadIPPluginJar : add dfsdm
2025-08-05 03:06:37,351 [INFO] IPUIPlugin:80 - create IPUIPlugin
2025-08-05 03:06:37,351 [INFO] PluginManager:220 - loadIPPluginJar : add lorawan
2025-08-05 03:06:37,356 [INFO] IPUIPlugin:80 - create IPUIPlugin
2025-08-05 03:06:37,356 [INFO] PluginManager:220 - loadIPPluginJar : add dma
2025-08-05 03:06:37,360 [INFO] IPUIPlugin:80 - create IPUIPlugin
2025-08-05 03:06:37,360 [INFO] PluginManager:220 - loadIPPluginJar : add linkedlist
2025-08-05 03:06:37,363 [INFO] IPUIPlugin:80 - create IPUIPlugin
2025-08-05 03:06:37,363 [INFO] PluginManager:220 - loadIPPluginJar : add usbx
2025-08-05 03:06:37,366 [INFO] IPUIPlugin:80 - create IPUIPlugin
2025-08-05 03:06:37,366 [INFO] PluginManager:220 - loadIPPluginJar : add gtzc
2025-08-05 03:06:37,370 [INFO] IPUIPlugin:80 - create IPUIPlugin
2025-08-05 03:06:37,370 [INFO] PluginManager:220 - loadIPPluginJar : add gfxmmu
2025-08-05 03:06:37,373 [INFO] IPUIPlugin:80 - create IPUIPlugin
2025-08-05 03:06:37,373 [INFO] PluginManager:220 - loadIPPluginJar : add resmgrutility
2025-08-05 03:06:37,374 [INFO] IPUIPlugin:80 - create IPUIPlugin
2025-08-05 03:06:37,374 [INFO] PluginManager:220 - loadIPPluginJar : add ucpd
2025-08-05 03:06:37,375 [INFO] IPUIPlugin:80 - create IPUIPlugin
2025-08-05 03:06:37,375 [INFO] PluginManager:220 - loadIPPluginJar : add tim
2025-08-05 03:06:37,380 [INFO] IPUIPlugin:80 - create IPUIPlugin
2025-08-05 03:06:37,380 [INFO] PluginManager:220 - loadIPPluginJar : add mdma
2025-08-05 03:06:37,382 [INFO] IPUIPlugin:80 - create IPUIPlugin
2025-08-05 03:06:37,382 [INFO] PluginManager:220 - loadIPPluginJar : add extmemmanager
2025-08-05 03:06:37,384 [INFO] IPUIPlugin:80 - create IPUIPlugin
2025-08-05 03:06:37,384 [INFO] PluginManager:220 - loadIPPluginJar : add can
2025-08-05 03:06:37,388 [INFO] IPUIPlugin:80 - create IPUIPlugin
2025-08-05 03:06:37,388 [INFO] PluginManager:220 - loadIPPluginJar : add dma3
2025-08-05 03:06:37,395 [INFO] IPUIPlugin:80 - create IPUIPlugin
2025-08-05 03:06:37,397 [INFO] PluginManager:220 - loadIPPluginJar : add plateformsettings
2025-08-05 03:06:37,399 [INFO] IPUIPlugin:80 - create IPUIPlugin
2025-08-05 03:06:37,399 [INFO] PluginManager:220 - loadIPPluginJar : add touchsensing
2025-08-05 03:06:37,402 [INFO] IPUIPlugin:80 - create IPUIPlugin
2025-08-05 03:06:37,402 [INFO] PluginManager:220 - loadIPPluginJar : add ts
2025-08-05 03:06:37,406 [INFO] IPUIPlugin:80 - create IPUIPlugin
2025-08-05 03:06:37,406 [INFO] PluginManager:220 - loadIPPluginJar : add adc
2025-08-05 03:06:37,504 [FATAL] Updater:351 - Updater called before beeing initialized
2025-08-05 03:06:37,539 [INFO] RulesReader:64 - Compatibility file has been processed (317 Rules)
2025-08-05 03:06:37,552 [INFO] RulesReader:64 - Compatibility file has been processed (317 Rules)
2025-08-05 03:06:37,556 [INFO] CADModel:165 - CPN selected for project level
2025-08-05 03:06:37,557 [INFO] CADModel:114 - Register for checkConnection events
2025-08-05 03:06:37,557 [FATAL] Updater:351 - Updater called before beeing initialized
2025-08-05 03:06:37,557 [ERROR] CADModel:125 - Updater not yet initialized, retry later 
2025-08-05 03:06:37,676 [FATAL] Updater:351 - Updater called before beeing initialized
2025-08-05 03:06:37,677 [INFO] CADModel:165 - CPN selected for project level
2025-08-05 03:06:37,677 [INFO] CADModel:114 - Register for checkConnection events
2025-08-05 03:06:37,677 [FATAL] Updater:351 - Updater called before beeing initialized
2025-08-05 03:06:37,677 [ERROR] CADModel:125 - Updater not yet initialized, retry later 
2025-08-05 03:06:37,680 [FATAL] Updater:351 - Updater called before beeing initialized
2025-08-05 03:06:37,756 [FATAL] Updater:351 - Updater called before beeing initialized
2025-08-05 03:06:37,759 [INFO] DbMcusAds:53 - JSON generation date=Tue Jul 08 11:14:23 EEST 2025 (1751962463582)
2025-08-05 03:06:37,759 [FATAL] Updater:351 - Updater called before beeing initialized
2025-08-05 03:06:37,809 [WARN] DetailPanel:346 - Failed to get advertising image, set to default
2025-08-05 03:06:37,870 [FATAL] Updater:351 - Updater called before beeing initialized
2025-08-05 03:06:37,872 [FATAL] Updater:351 - Updater called before beeing initialized
2025-08-05 03:06:37,872 [FATAL] Updater:351 - Updater called before beeing initialized
2025-08-05 03:06:37,872 [WARN] DetailPanel:346 - Failed to get advertising image, set to default
2025-08-05 03:06:37,873 [FATAL] Updater:351 - Updater called before beeing initialized
2025-08-05 03:06:37,902 [ERROR] Updater:1198 - MainUpdater not yet initialized. External WinMGr cannot be set.
2025-08-05 03:06:37,903 [INFO] Updater:1134 - Updater Version found : 6.15.0
2025-08-05 03:06:37,919 [INFO] ApplicationProperties:184 - Using Application install path: /home/amer/st/stm32cubeide_1.12.0/plugins/com.st.stm32cube.common.mx_6.15.0.202507011659
2025-08-05 03:06:38,310 [INFO] MainUpdater:2872 - connection check result : 10
2025-08-05 03:06:38,311 [INFO] MainUpdater:289 - Updater Check For Update Now.
2025-08-05 03:06:38,311 [INFO] MicroXplorer:498 - Change Database Version : DB.6.0.150
2025-08-05 03:06:38,315 [INFO] McuFinderGlobals:63 - Set McuFinder mode to 2 (CubeIDE integrated)
2025-08-05 03:06:38,316 [INFO] UserAuth:487 - Internet connection configuration mode: 1
2025-08-05 03:06:38,345 [INFO] JxBrowserEngine:152 - Initiate JxBrowser Engine with user profile folder
2025-08-05 03:06:38,498 [INFO] CheckServerUpdateThread:120 - End of CheckServer Thread
2025-08-05 03:06:40,084 [WARN] PackLoader:240 - Cannot read IP mode file for STMicroelectronics.FP-SNS-MOTENVWB1.1.4.0
2025-08-05 03:06:40,092 [WARN] PackLoader:240 - Cannot read IP mode file for STMicroelectronics.FP-ATR-ASTRA1.2.0.2
2025-08-05 03:06:40,100 [WARN] PackLoader:240 - Cannot read IP mode file for STMicroelectronics.X-CUBE-SMBUS.2.1.0
2025-08-05 03:06:40,105 [WARN] PackLoader:240 - Cannot read IP mode file for STMicroelectronics.X-CUBE-ST60.1.0.0
2025-08-05 03:06:40,150 [WARN] PackLoader:240 - Cannot read IP mode file for STMicroelectronics.X-CUBE-AZRTOS-F7.1.1.0
2025-08-05 03:06:40,170 [INFO] WebApp:169 - Instantiating new browser for Auth
2025-08-05 03:06:40,196 [WARN] PackLoader:240 - Cannot read IP mode file for Infineon.AIROC-Wi-Fi-Bluetooth-STM32.1.7.1
2025-08-05 03:06:40,246 [WARN] PackLoader:240 - Cannot read IP mode file for STMicroelectronics.X-CUBE-AZRTOS-H7.3.4.0
2025-08-05 03:06:40,260 [WARN] PackLoader:240 - Cannot read IP mode file for STMicroelectronics.X-CUBE-DISPLAY.3.0.0
2025-08-05 03:06:40,277 [WARN] PackLoader:240 - Cannot read IP mode file for STMicroelectronics.X-CUBE-NFC10.1.0.0
2025-08-05 03:06:40,286 [WARN] PackLoader:240 - Cannot read IP mode file for emotas.I-CUBE-CANOPEN.1.3.0
2025-08-05 03:06:40,304 [WARN] PackLoader:240 - Cannot read IP mode file for STMicroelectronics.FP-SNS-STBOX1.2.1.0
2025-08-05 03:06:40,312 [WARN] PackLoader:240 - Cannot read IP mode file for STMicroelectronics.FP-SNS-SMARTAG2.1.2.0
2025-08-05 03:06:40,315 [WARN] PackLoader:240 - Cannot read IP mode file for STMicroelectronics.FP-SNS-FLIGHT1.5.1.0
2025-08-05 03:06:40,331 [INFO] LogOutputStream:77 - [STDOUT_REDIRECT] 1 : Invalid condition id : UX_CORESTACK_Condition cause : null
2025-08-05 03:06:40,331 [INFO] LogOutputStream:77 - [STDOUT_REDIRECT] 1 : Invalid condition id : UX_CORESTACK_Condition cause : null
2025-08-05 03:06:40,332 [INFO] LogOutputStream:77 - [STDOUT_REDIRECT] 1 : Invalid condition id : UX_CORESTACK_Condition cause : null
2025-08-05 03:06:40,334 [INFO] LogOutputStream:77 - [STDOUT_REDIRECT] 1 : Invalid condition id : UX_CORESTACK_Condition cause : null
2025-08-05 03:06:40,338 [INFO] LogOutputStream:77 - [STDOUT_REDIRECT] 1 : Invalid condition id : UX_CORESTACK_Condition cause : null
2025-08-05 03:06:40,346 [WARN] PackLoader:240 - Cannot read IP mode file for STMicroelectronics.X-CUBE-AZRTOS-WL.2.0.0
2025-08-05 03:06:40,351 [WARN] PackLoader:240 - Cannot read IP mode file for STMicroelectronics.FP-SNS-MOTENV1.5.0.0
2025-08-05 03:06:40,360 [WARN] PackLoader:240 - Cannot read IP mode file for WES.I-CUBE-Cesium.1.3.0
2025-08-05 03:06:40,367 [WARN] PackLoader:240 - Cannot read IP mode file for STMicroelectronics.X-CUBE-BLE2.3.3.0
2025-08-05 03:06:40,375 [WARN] PackLoader:240 - Cannot read IP mode file for STMicroelectronics.X-CUBE-NFC9.1.0.0
2025-08-05 03:06:40,383 [WARN] PackLoader:240 - Cannot read IP mode file for wolfSSL.I-CUBE-wolfSSL.5.8.0
2025-08-05 03:06:40,387 [WARN] PackLoader:240 - Cannot read IP mode file for STMicroelectronics.X-CUBE-BLE1.7.1.0
2025-08-05 03:06:40,390 [WARN] PackLoader:240 - Cannot read IP mode file for wolfSSL.I-CUBE-wolfMQTT.1.19.2
2025-08-05 03:06:40,395 [WARN] PackLoader:240 - Cannot read IP mode file for STMicroelectronics.X-CUBE-EEPRMA1.5.2.0
2025-08-05 03:06:40,400 [WARN] PackLoader:240 - Cannot read IP mode file for STMicroelectronics.X-CUBE-AI.10.1.0
2025-08-05 03:06:40,424 [WARN] PackLoader:240 - Cannot read IP mode file for STMicroelectronics.X-CUBE-AZRTOS-G0.1.1.0
2025-08-05 03:06:40,432 [WARN] PackLoader:240 - Cannot read IP mode file for STMicroelectronics.X-CUBE-SAFEA1.1.2.2
2025-08-05 03:06:40,437 [WARN] PackLoader:240 - Cannot read IP mode file for STMicroelectronics.X-CUBE-NFC4.3.0.0
2025-08-05 03:06:40,447 [WARN] PackLoader:240 - Cannot read IP mode file for EmbeddedOffice.I-CUBE-FS-RTOS.1.0.1
2025-08-05 03:06:40,452 [WARN] PackLoader:240 - Cannot read IP mode file for STMicroelectronics.X-CUBE-WB05N.2.0.0
2025-08-05 03:06:40,457 [WARN] PackLoader:240 - Cannot read IP mode file for wolfSSL.I-CUBE-wolfTPM.3.8.0
2025-08-05 03:06:40,463 [WARN] PackLoader:240 - Cannot read IP mode file for STMicroelectronics.X-CUBE-TCPP.4.2.0
2025-08-05 03:06:40,468 [WARN] PackLoader:240 - Cannot read IP mode file for RealThread.X-CUBE-RT-Thread_Nano.4.1.1
2025-08-05 03:06:40,473 [WARN] PackLoader:240 - Cannot read IP mode file for STMicroelectronics.FP-ATR-SIGFOX1.3.2.0
2025-08-05 03:06:40,477 [WARN] PackLoader:240 - Cannot read IP mode file for ITTIA_DB.I-CUBE-ITTIADB.8.9.0
2025-08-05 03:06:40,483 [WARN] PackLoader:240 - Cannot read IP mode file for STMicroelectronics.X-CUBE-ST67W61.1.0.0
2025-08-05 03:06:40,488 [WARN] PackLoader:240 - Cannot read IP mode file for STMicroelectronics.X-CUBE-AI.10.2.0
2025-08-05 03:06:40,521 [WARN] PackLoader:240 - Cannot read IP mode file for SEGGER.I-CUBE-embOS.1.3.1
2025-08-05 03:06:40,586 [WARN] PackLoader:240 - Cannot read IP mode file for STMicroelectronics.X-CUBE-ALGOBUILD.1.4.0
2025-08-05 03:06:40,649 [WARN] PackLoader:240 - Cannot read IP mode file for STMicroelectronics.X-CUBE-MEMS1.11.3.0
2025-08-05 03:06:40,860 [WARN] PackLoader:240 - Cannot read IP mode file for STMicroelectronics.X-CUBE-PM33A1.1.0.0
2025-08-05 03:06:40,886 [WARN] PackLoader:240 - Cannot read IP mode file for STMicroelectronics.X-CUBE-AZRTOS-F4.1.1.0
2025-08-05 03:06:40,894 [WARN] PackLoader:240 - Cannot read IP mode file for Avnet-IotConnect.X-CUBE-IoTC-DA16k-PMOD.1.0.0
2025-08-05 03:06:40,898 [WARN] PackLoader:240 - Cannot read IP mode file for STMicroelectronics.X-CUBE-ISPU.2.1.0
2025-08-05 03:06:40,929 [WARN] PackLoader:240 - Cannot read IP mode file for STMicroelectronics.X-CUBE-NFC12.1.0.0
2025-08-05 03:06:40,957 [WARN] PackLoader:240 - Cannot read IP mode file for STMicroelectronics.X-CUBE-AZRTOS-L5.2.0.0
2025-08-05 03:06:40,967 [WARN] PackLoader:240 - Cannot read IP mode file for STMicroelectronics.X-CUBE-NFC6.3.1.0
2025-08-05 03:06:40,975 [WARN] PackLoader:240 - Cannot read IP mode file for STMicroelectronics.X-CUBE-FREERTOS.1.3.1
2025-08-05 03:06:40,982 [WARN] PackLoader:240 - Cannot read IP mode file for STMicroelectronics.FP-SNS-STAIOTCFT.1.0.0
2025-08-05 03:06:40,990 [WARN] PackLoader:240 - Cannot read IP mode file for STMicroelectronics.X-CUBE-DPower.1.3.0
2025-08-05 03:06:41,012 [WARN] ConditionMgr:438 - getConditionDescription Invalid condition id : LAN8742 Phy interface Condition cause : null
2025-08-05 03:06:41,013 [WARN] PackLoader:240 - Cannot read IP mode file for STMicroelectronics.X-CUBE-AZRTOS-L4.2.0.0
2025-08-05 03:06:41,015 [WARN] ConditionMgr:1044 - genDependencies : Invalid condition id : LAN8742 Phy interface Condition cause : null
2025-08-05 03:06:41,015 [WARN] ConditionMgr:1044 - genDependencies : Invalid condition id : LAN8742 Phy interface Condition cause : null
2025-08-05 03:06:41,016 [WARN] ConditionMgr:1044 - genDependencies : Invalid condition id : LAN8742 Phy interface Condition cause : null
2025-08-05 03:06:41,030 [WARN] PackLoader:240 - Cannot read IP mode file for STMicroelectronics.X-CUBE-SFXS2LP1.4.0.0
2025-08-05 03:06:41,058 [WARN] PackLoader:240 - Cannot read IP mode file for STMicroelectronics.X-CUBE-BLEMGR.4.1.0
2025-08-05 03:06:41,081 [WARN] ConditionMgr:438 - getConditionDescription Invalid condition id : UX DEVICE CLASS RTOS Condition cause : null
2025-08-05 03:06:41,081 [WARN] ConditionMgr:438 - getConditionDescription Invalid condition id : UX DEVICE CLASS RTOS Condition cause : null
2025-08-05 03:06:41,084 [WARN] PackLoader:240 - Cannot read IP mode file for STMicroelectronics.X-CUBE-AZRTOS-WB.2.0.0
2025-08-05 03:06:41,085 [WARN] ConditionMgr:1044 - genDependencies : Invalid condition id : UX DEVICE CLASS RTOS Condition cause : null
2025-08-05 03:06:41,085 [WARN] ConditionMgr:1044 - genDependencies : Invalid condition id : UX DEVICE CLASS RTOS Condition cause : null
2025-08-05 03:06:41,086 [WARN] ConditionMgr:1044 - genDependencies : Invalid condition id : UX DEVICE CLASS RTOS Condition cause : null
2025-08-05 03:06:41,086 [WARN] ConditionMgr:1044 - genDependencies : Invalid condition id : UX DEVICE CLASS RTOS Condition cause : null
2025-08-05 03:06:41,086 [WARN] ConditionMgr:1044 - genDependencies : Invalid condition id : UX DEVICE CLASS RTOS Condition cause : null
2025-08-05 03:06:41,100 [WARN] PackLoader:240 - Cannot read IP mode file for STMicroelectronics.X-CUBE-GNSS1.7.0.1
2025-08-05 03:06:41,111 [WARN] PackLoader:240 - Cannot read IP mode file for STMicroelectronics.X-CUBE-TOUCHGFX.4.25.0
2025-08-05 03:06:41,124 [WARN] PackLoader:240 - Cannot read IP mode file for STMicroelectronics.FP-SNS-STBOX1.2.0.0
2025-08-05 03:06:41,131 [WARN] ConditionMgr:438 - getConditionDescription Invalid condition id : Cortex-A Device cause : null
2025-08-05 03:06:41,140 [WARN] ConditionMgr:1044 - genDependencies : Invalid condition id : Cortex-A Device cause : null
2025-08-05 03:06:41,140 [WARN] ConditionMgr:1044 - genDependencies : Invalid condition id : Cortex-A Device cause : null
2025-08-05 03:06:41,140 [WARN] ConditionMgr:1044 - genDependencies : Invalid condition id : Cortex-A Device cause : null
2025-08-05 03:06:41,157 [WARN] PackLoader:240 - Cannot read IP mode file for STMicroelectronics.X-CUBE-SUBG2.5.0.0
2025-08-05 03:06:41,191 [WARN] PackLoader:240 - Cannot read IP mode file for STMicroelectronics.X-CUBE-AZRTOS-H7RS.1.1.0
2025-08-05 03:06:41,198 [WARN] PackLoader:240 - Cannot read IP mode file for Cesanta.I-CUBE-Mongoose.7.13.0
2025-08-05 03:06:41,215 [WARN] PackLoader:240 - Cannot read IP mode file for STMicroelectronics.X-CUBE-AZRTOS-G4.2.0.0
2025-08-05 03:06:41,222 [WARN] PackLoader:240 - Cannot read IP mode file for wolfSSL.I-CUBE-wolfSSH.1.4.20
2025-08-05 03:06:41,232 [WARN] PackLoader:240 - Cannot read IP mode file for STMicroelectronics.X-CUBE-NFC7.2.0.0
2025-08-05 03:06:41,251 [WARN] PackLoader:240 - Cannot read IP mode file for STMicroelectronics.X-CUBE-IPS.3.1.0
2025-08-05 03:06:41,262 [WARN] PackLoader:240 - Cannot read IP mode file for STMicroelectronics.X-CUBE-ALS.1.0.2
2025-08-05 03:06:41,270 [WARN] PackLoader:240 - Cannot read IP mode file for portGmbH.I-Cube-SoM-uGOAL.1.1.0
2025-08-05 03:06:41,286 [WARN] PackLoader:240 - Cannot read IP mode file for STMicroelectronics.X-CUBE-TOF1.3.4.3
2025-08-05 03:06:41,303 [INFO] ThirdParty:978 - Integrity check success = true
2025-08-05 03:06:41,303 [INFO] IntegrityCheckThread:100 - exiting critical section [integrity check]
2025-08-05 03:06:41,303 [INFO] IntegrityCheckThread:103 - End integrity checks thread
2025-08-05 03:06:41,616 [INFO] WebApp:463 - Apply proxy settings
2025-08-05 03:06:41,616 [INFO] WebApp:548 - Chromium requires no authentication
2025-08-05 03:06:41,660 [INFO] WebApp:491 - Direct internet connection detected
2025-08-05 03:06:41,722 [INFO] WebApp:900 - Register for checkConnection events
2025-08-05 03:06:41,722 [INFO] WebApp:463 - Apply proxy settings
2025-08-05 03:06:41,722 [INFO] WebApp:548 - Chromium requires no authentication
2025-08-05 03:06:41,723 [INFO] WebApp:491 - Direct internet connection detected
2025-08-05 03:06:41,949 [INFO] WebApp:225 - Starting web application
2025-08-05 03:06:41,949 [INFO] WebApp:593 - Web application path used /home/amer/st/stm32cubeide_1.12.0/plugins/com.st.stm32cube.common.mx_6.15.0.202507011659/db/plugins/mcufinder/reactClient1/index.html
2025-08-05 03:06:42,142 [INFO] UserAuth:487 - Internet connection configuration mode: 1
2025-08-05 03:06:42,266 [INFO] WebApp:191 - Connection restablished
2025-08-05 23:58:10,860 [INFO] WebApp:194 - Connection lost
2025-08-05 23:58:11,405 [INFO] WebApp:191 - Connection restablished
2025-08-05 23:58:20,369 [INFO] WebApp:194 - Connection lost
2025-08-05 23:58:20,621 [INFO] WebApp:191 - Connection restablished
2025-08-05 23:58:33,495 [INFO] WebApp:194 - Connection lost
2025-08-05 23:58:33,747 [INFO] WebApp:191 - Connection restablished
