2025-08-08 04:09:26,457 [INFO] Activator:176 - 


2025-08-08 04:09:26,460 [INFO] Activator:177 - !SESSION log4j initialized
2025-08-08 04:09:31,215 [INFO] LogOutputStream:77 - [STDOUT_REDIRECT] 
2025-08-08 04:09:32,106 [INFO] ApplicationProperties:184 - Using Application install path: /home/amer/st/stm32cubeide_1.12.0/plugins/com.st.stm32cube.common.mx_6.15.0.202507011659
2025-08-08 04:09:32,126 [INFO] DbMcusXml:78 - Set database path to: /home/amer/st/stm32cubeide_1.12.0/plugins/com.st.stm32cube.common.mx_6.15.0.202507011659//db//mcu/
2025-08-08 04:09:32,126 [INFO] ApiDb:274 - Set plugin database path to: /home/amer/st/stm32cubeide_1.12.0/plugins/com.st.stm32cube.common.mx_6.15.0.202507011659//db//plugins/boardmanager/
2025-08-08 04:09:32,127 [WARN] ApiDb:259 - Overriding images path with different value:  => /home/amer/st/stm32cubeide_1.12.0/plugins/com.st.stm32cube.common.mx_6.15.0.202507011659//db//plugins/mcufinder/images/
2025-08-08 04:09:32,135 [INFO] ApiDb:250 - Set database path to: /home/amer/.stmcufinder/plugins/mcufinder//mcu/
2025-08-08 04:09:32,137 [INFO] DbMcusAds:125 - Set database path to: /home/amer/.stmcufinder/plugins/mcufinder//mcu/
2025-08-08 04:09:32,139 [INFO] CrossReferenceDbSqlite:203 - Set database path to: /home/amer/.stmcufinder/plugins/mcufinder//mcu/cs/
2025-08-08 04:09:32,280 [INFO] RulesReader:64 - Compatibility file has been processed (317 Rules)
2025-08-08 04:09:32,370 [INFO] DbMcusXml:78 - Set database path to: /home/amer/st/stm32cubeide_1.12.0/plugins/com.st.stm32cube.common.mx_6.15.0.202507011659//db//mcu/
2025-08-08 04:09:32,370 [INFO] ApiDb:274 - Set plugin database path to: /home/amer/st/stm32cubeide_1.12.0/plugins/com.st.stm32cube.common.mx_6.15.0.202507011659//db//plugins/boardmanager/
2025-08-08 04:09:32,370 [INFO] ApiDb:261 - Set plugin images path to: /home/amer/st/stm32cubeide_1.12.0/plugins/com.st.stm32cube.common.mx_6.15.0.202507011659//db//plugins/mcufinder/images/
2025-08-08 04:09:32,371 [WARN] DbFile:41 - Overriding database path with different value: /home/amer/.stmcufinder/plugins/mcufinder/ => /home/amer/.stmcufinder/plugins/mcufinder
2025-08-08 04:09:32,371 [INFO] ApiDb:250 - Set database path to: /home/amer/.stmcufinder/plugins/mcufinder//mcu/
2025-08-08 04:09:32,371 [WARN] DbFile:41 - Overriding database path with different value: /home/amer/.stmcufinder/plugins/mcufinder/ => /home/amer/.stmcufinder/plugins/mcufinder
2025-08-08 04:09:32,371 [INFO] DbMcusAds:125 - Set database path to: /home/amer/.stmcufinder/plugins/mcufinder//mcu/
2025-08-08 04:09:32,371 [WARN] DbFile:41 - Overriding database path with different value: /home/amer/.stmcufinder/plugins/mcufinder/ => /home/amer/.stmcufinder/plugins/mcufinder
2025-08-08 04:09:32,371 [WARN] DbFile:41 - Overriding database path with different value: /home/amer/.stmcufinder/plugins/mcufinder/ => /home/amer/.stmcufinder/plugins/mcufinder
2025-08-08 04:09:32,372 [INFO] CrossReferenceDbSqlite:203 - Set database path to: /home/amer/.stmcufinder/plugins/mcufinder//mcu/cs/
2025-08-08 04:09:32,464 [INFO] MainPanel:274 - HeapMemory: 268435456
2025-08-08 04:09:32,624 [INFO] DbMcusXml:78 - Set database path to: /home/amer/st/stm32cubeide_1.12.0/plugins/com.st.stm32cube.common.mx_6.15.0.202507011659//db//mcu/
2025-08-08 04:09:32,625 [INFO] ApiDb:274 - Set plugin database path to: /home/amer/st/stm32cubeide_1.12.0/plugins/com.st.stm32cube.common.mx_6.15.0.202507011659//db//plugins/boardmanager/
2025-08-08 04:09:32,625 [INFO] ApiDb:261 - Set plugin images path to: /home/amer/st/stm32cubeide_1.12.0/plugins/com.st.stm32cube.common.mx_6.15.0.202507011659//db//plugins/mcufinder/images/
2025-08-08 04:09:32,625 [WARN] DbFile:41 - Overriding database path with different value: /home/amer/.stmcufinder/plugins/mcufinder/ => /home/amer/.stmcufinder/plugins/mcufinder
2025-08-08 04:09:32,625 [INFO] ApiDb:250 - Set database path to: /home/amer/.stmcufinder/plugins/mcufinder//mcu/
2025-08-08 04:09:32,625 [WARN] DbFile:41 - Overriding database path with different value: /home/amer/.stmcufinder/plugins/mcufinder/ => /home/amer/.stmcufinder/plugins/mcufinder
2025-08-08 04:09:32,625 [INFO] DbMcusAds:125 - Set database path to: /home/amer/.stmcufinder/plugins/mcufinder//mcu/
2025-08-08 04:09:32,625 [WARN] DbFile:41 - Overriding database path with different value: /home/amer/.stmcufinder/plugins/mcufinder/ => /home/amer/.stmcufinder/plugins/mcufinder
2025-08-08 04:09:32,625 [WARN] DbFile:41 - Overriding database path with different value: /home/amer/.stmcufinder/plugins/mcufinder/ => /home/amer/.stmcufinder/plugins/mcufinder
2025-08-08 04:09:32,625 [INFO] CrossReferenceDbSqlite:203 - Set database path to: /home/amer/.stmcufinder/plugins/mcufinder//mcu/cs/
2025-08-08 04:09:32,639 [INFO] ApplicationProperties:184 - Using Application install path: /home/amer/st/stm32cubeide_1.12.0/plugins/com.st.stm32cube.common.mx_6.15.0.202507011659
2025-08-08 04:09:32,641 [INFO] PluginManage:196 - Search for loadable plugins [exclusion list=, ]
2025-08-08 04:09:32,642 [INFO] PluginManage:310 - Check plugin analytics
2025-08-08 04:09:32,764 [INFO] AnalyticsPlugin:253 - Accepted Software Licenses: 
2025-08-08 04:09:32,764 [INFO] AnalyticsPlugin:255 - Accepted CMSIS Pack Licenses: 
2025-08-08 04:09:32,764 [INFO] AnalyticsPlugin:257 - Accepted Firmware Licenses: FW.F4.1.27.0,FW.G0.1.6.0,FW.F4.1.28.0
2025-08-08 04:09:32,767 [INFO] PluginManage:359 - Loaded plugin analytics (category:tool,tabindex:-1)
2025-08-08 04:09:32,768 [INFO] PluginManage:310 - Check plugin cadmodel
2025-08-08 04:09:32,772 [INFO] CADModel:105 - Init CAD model plugin
2025-08-08 04:09:32,773 [INFO] PluginManage:359 - Loaded plugin cadmodel (category:power,tabindex:5)
2025-08-08 04:09:32,773 [INFO] PluginManage:310 - Check plugin clock
2025-08-08 04:09:32,779 [INFO] PluginManage:359 - Loaded plugin clock (category:base,tabindex:2)
2025-08-08 04:09:32,780 [INFO] PluginManage:310 - Check plugin ddr
2025-08-08 04:09:32,781 [INFO] PluginManage:359 - Loaded plugin ddr (category:tool,tabindex:6)
2025-08-08 04:09:32,781 [INFO] PluginManage:310 - Check plugin filemanager
2025-08-08 04:09:32,906 [INFO] PluginManage:359 - Loaded plugin filemanager (category:base,tabindex:10)
2025-08-08 04:09:32,906 [INFO] PluginManage:310 - Check plugin ipmanager
2025-08-08 04:09:32,910 [INFO] PluginManage:359 - Loaded plugin ipmanager (category:base,tabindex:5)
2025-08-08 04:09:32,910 [INFO] PluginManage:310 - Check plugin lpbam
2025-08-08 04:09:32,918 [INFO] PluginManage:359 - Loaded plugin lpbam (category:base,tabindex:0)
2025-08-08 04:09:32,918 [INFO] PluginManage:310 - Check plugin memorymap
2025-08-08 04:09:32,929 [INFO] PluginManage:359 - Loaded plugin memorymap (category:base,tabindex:4)
2025-08-08 04:09:32,929 [INFO] PluginManage:310 - Check plugin pinoutandconfiguration
2025-08-08 04:09:32,936 [INFO] PluginManage:359 - Loaded plugin pinoutandconfiguration (category:base,tabindex:1)
2025-08-08 04:09:32,937 [INFO] PluginManage:310 - Check plugin pinoutconfig
2025-08-08 04:09:33,007 [WARN] SupportedApi:132 - Cannot load RTOS API schema: s4s-elt-must-match.1: The content of 'definitions' must match (annotation?, (simpleType | complexType)?, (unique | key | keyref)*)). A problem was found starting at: attribute.
2025-08-08 04:09:33,110 [INFO] PluginManage:359 - Loaded plugin pinoutconfig (category:base,tabindex:0)
2025-08-08 04:09:33,110 [INFO] PluginManage:310 - Check plugin power
2025-08-08 04:09:33,117 [INFO] PluginManage:359 - Loaded plugin power (category:power,tabindex:4)
2025-08-08 04:09:33,118 [INFO] PluginManage:310 - Check plugin projectmanager
2025-08-08 04:09:33,133 [INFO] PluginManage:359 - Loaded plugin projectmanager (category:projectmanager,tabindex:4)
2025-08-08 04:09:33,133 [INFO] PluginManage:310 - Check plugin rif
2025-08-08 04:09:33,141 [INFO] PluginManage:359 - Loaded plugin rif (category:base,tabindex:3)
2025-08-08 04:09:33,141 [INFO] PluginManage:310 - Check plugin thirdparty
2025-08-08 04:09:33,238 [INFO] PluginManage:359 - Loaded plugin thirdparty (category:base,tabindex:-1)
2025-08-08 04:09:33,238 [WARN] IntegrityCheckThread:84 - waiting for thirdparty lock release [integrity check]
2025-08-08 04:09:33,238 [INFO] IntegrityCheckThread:86 - entering critical section [integrity check]
2025-08-08 04:09:33,238 [INFO] PluginManage:310 - Check plugin tools
2025-08-08 04:09:33,239 [INFO] ThirdPartyUpdaterWithRetryManager:70 - Updater plugin not ready yet. [1/15]
2025-08-08 04:09:33,240 [INFO] PluginManage:359 - Loaded plugin tools (category:base,tabindex:7)
2025-08-08 04:09:33,240 [INFO] PluginManage:310 - Check plugin tutovideos
2025-08-08 04:09:33,379 [INFO] PluginManage:359 - Loaded plugin tutovideos (category:base,tabindex:-1)
2025-08-08 04:09:33,379 [INFO] PluginManage:310 - Check plugin updater
2025-08-08 04:09:33,398 [INFO] PluginManage:359 - Loaded plugin updater (category:base,tabindex:12)
2025-08-08 04:09:33,398 [INFO] PluginManage:310 - Check plugin userauth
2025-08-08 04:09:33,400 [INFO] UserAuth:118 - Init User Auth plugin
2025-08-08 04:09:33,401 [INFO] PluginManage:359 - Loaded plugin userauth (category:base,tabindex:14)
2025-08-08 04:09:33,401 [INFO] PluginManage:283 - PluginManage : Loaded plugins [18]
2025-08-08 04:09:33,526 [INFO] PinOutPanel:1589 - setPackage(No Configuration,No Configuration)
2025-08-08 04:09:33,579 [INFO] CADModel:165 - CPN selected for project level
2025-08-08 04:09:33,579 [INFO] CADModel:114 - Register for checkConnection events
2025-08-08 04:09:33,589 [INFO] IPUIPlugin:80 - create IPUIPlugin
2025-08-08 04:09:33,589 [INFO] PluginManager:220 - loadIPPluginJar : add pdm2pcm
2025-08-08 04:09:33,591 [INFO] IPUIPlugin:80 - create IPUIPlugin
2025-08-08 04:09:33,591 [INFO] PluginManager:220 - loadIPPluginJar : add i3c
2025-08-08 04:09:33,593 [INFO] IPUIPlugin:80 - create IPUIPlugin
2025-08-08 04:09:33,593 [INFO] PluginManager:220 - loadIPPluginJar : add usart
2025-08-08 04:09:33,595 [INFO] IPUIPlugin:80 - create IPUIPlugin
2025-08-08 04:09:33,596 [INFO] PluginManager:220 - loadIPPluginJar : add nvic
2025-08-08 04:09:33,599 [INFO] IPUIPlugin:80 - create IPUIPlugin
2025-08-08 04:09:33,599 [INFO] PluginManager:220 - loadIPPluginJar : add gpio
2025-08-08 04:09:33,599 [INFO] IPUIPlugin:80 - create IPUIPlugin
2025-08-08 04:09:33,600 [INFO] PluginManager:220 - loadIPPluginJar : add quadspi
2025-08-08 04:09:33,601 [INFO] IPUIPlugin:80 - create IPUIPlugin
2025-08-08 04:09:33,601 [INFO] PluginManager:220 - loadIPPluginJar : add aes
2025-08-08 04:09:33,603 [INFO] IPUIPlugin:80 - create IPUIPlugin
2025-08-08 04:09:33,603 [INFO] PluginManager:220 - loadIPPluginJar : add i2c
2025-08-08 04:09:33,605 [INFO] IPUIPlugin:80 - create IPUIPlugin
2025-08-08 04:09:33,605 [INFO] PluginManager:220 - loadIPPluginJar : add ipddr
2025-08-08 04:09:33,606 [INFO] IPUIPlugin:80 - create IPUIPlugin
2025-08-08 04:09:33,607 [INFO] PluginManager:220 - loadIPPluginJar : add cryp
2025-08-08 04:09:33,610 [INFO] IPUIPlugin:80 - create IPUIPlugin
2025-08-08 04:09:33,611 [INFO] PluginManager:220 - loadIPPluginJar : add fmc
2025-08-08 04:09:33,611 [INFO] IPUIPlugin:80 - create IPUIPlugin
2025-08-08 04:09:33,612 [INFO] PluginManager:220 - loadIPPluginJar : add ltdc
2025-08-08 04:09:33,615 [INFO] IPUIPlugin:80 - create IPUIPlugin
2025-08-08 04:09:33,615 [INFO] PluginManager:220 - loadIPPluginJar : add gic
2025-08-08 04:09:33,617 [INFO] IPUIPlugin:80 - create IPUIPlugin
2025-08-08 04:09:33,617 [INFO] PluginManager:220 - loadIPPluginJar : add sai
2025-08-08 04:09:33,619 [INFO] IPUIPlugin:80 - create IPUIPlugin
2025-08-08 04:09:33,619 [INFO] PluginManager:220 - loadIPPluginJar : add ddr_ctrl_phy
2025-08-08 04:09:33,623 [INFO] IPUIPlugin:80 - create IPUIPlugin
2025-08-08 04:09:33,623 [INFO] PluginManager:220 - loadIPPluginJar : add stm32_wpan
2025-08-08 04:09:33,627 [INFO] IPUIPlugin:80 - create IPUIPlugin
2025-08-08 04:09:33,627 [INFO] PluginManager:220 - loadIPPluginJar : add freertos
2025-08-08 04:09:33,629 [INFO] IPUIPlugin:80 - create IPUIPlugin
2025-08-08 04:09:33,629 [INFO] PluginManager:220 - loadIPPluginJar : add i2s
2025-08-08 04:09:33,630 [INFO] IPUIPlugin:80 - create IPUIPlugin
2025-08-08 04:09:33,630 [INFO] PluginManager:220 - loadIPPluginJar : add tracer_emb
2025-08-08 04:09:33,630 [INFO] IPUIPlugin:80 - create IPUIPlugin
2025-08-08 04:09:33,630 [INFO] PluginManager:220 - loadIPPluginJar : add fatfs
2025-08-08 04:09:33,631 [INFO] IPUIPlugin:80 - create IPUIPlugin
2025-08-08 04:09:33,631 [INFO] PluginManager:220 - loadIPPluginJar : add tsc
2025-08-08 04:09:33,633 [INFO] IPUIPlugin:80 - create IPUIPlugin
2025-08-08 04:09:33,633 [INFO] PluginManager:220 - loadIPPluginJar : add spi
2025-08-08 04:09:33,634 [INFO] IPUIPlugin:80 - create IPUIPlugin
2025-08-08 04:09:33,634 [INFO] PluginManager:220 - loadIPPluginJar : add opamp
2025-08-08 04:09:33,636 [INFO] IPUIPlugin:80 - create IPUIPlugin
2025-08-08 04:09:33,636 [INFO] PluginManager:220 - loadIPPluginJar : add hash
2025-08-08 04:09:33,637 [INFO] IPUIPlugin:80 - create IPUIPlugin
2025-08-08 04:09:33,638 [INFO] PluginManager:220 - loadIPPluginJar : add radio
2025-08-08 04:09:33,639 [INFO] IPUIPlugin:80 - create IPUIPlugin
2025-08-08 04:09:33,639 [INFO] PluginManager:220 - loadIPPluginJar : add openamp
2025-08-08 04:09:33,640 [INFO] IPUIPlugin:80 - create IPUIPlugin
2025-08-08 04:09:33,640 [INFO] PluginManager:220 - loadIPPluginJar : add comp
2025-08-08 04:09:33,641 [INFO] IPUIPlugin:80 - create IPUIPlugin
2025-08-08 04:09:33,641 [INFO] PluginManager:220 - loadIPPluginJar : add genericplugin
2025-08-08 04:09:33,642 [INFO] IPUIPlugin:80 - create IPUIPlugin
2025-08-08 04:09:33,642 [INFO] PluginManager:220 - loadIPPluginJar : add dfsdm
2025-08-08 04:09:33,644 [INFO] IPUIPlugin:80 - create IPUIPlugin
2025-08-08 04:09:33,644 [INFO] PluginManager:220 - loadIPPluginJar : add lorawan
2025-08-08 04:09:33,647 [INFO] IPUIPlugin:80 - create IPUIPlugin
2025-08-08 04:09:33,647 [INFO] PluginManager:220 - loadIPPluginJar : add dma
2025-08-08 04:09:33,652 [INFO] IPUIPlugin:80 - create IPUIPlugin
2025-08-08 04:09:33,652 [INFO] PluginManager:220 - loadIPPluginJar : add linkedlist
2025-08-08 04:09:33,654 [INFO] IPUIPlugin:80 - create IPUIPlugin
2025-08-08 04:09:33,654 [INFO] PluginManager:220 - loadIPPluginJar : add usbx
2025-08-08 04:09:33,656 [INFO] IPUIPlugin:80 - create IPUIPlugin
2025-08-08 04:09:33,656 [INFO] PluginManager:220 - loadIPPluginJar : add gtzc
2025-08-08 04:09:33,657 [INFO] IPUIPlugin:80 - create IPUIPlugin
2025-08-08 04:09:33,657 [INFO] PluginManager:220 - loadIPPluginJar : add gfxmmu
2025-08-08 04:09:33,659 [INFO] IPUIPlugin:80 - create IPUIPlugin
2025-08-08 04:09:33,660 [INFO] PluginManager:220 - loadIPPluginJar : add resmgrutility
2025-08-08 04:09:33,661 [INFO] IPUIPlugin:80 - create IPUIPlugin
2025-08-08 04:09:33,661 [INFO] PluginManager:220 - loadIPPluginJar : add ucpd
2025-08-08 04:09:33,661 [INFO] IPUIPlugin:80 - create IPUIPlugin
2025-08-08 04:09:33,662 [INFO] PluginManager:220 - loadIPPluginJar : add tim
2025-08-08 04:09:33,666 [INFO] IPUIPlugin:80 - create IPUIPlugin
2025-08-08 04:09:33,666 [INFO] PluginManager:220 - loadIPPluginJar : add mdma
2025-08-08 04:09:33,668 [INFO] IPUIPlugin:80 - create IPUIPlugin
2025-08-08 04:09:33,668 [INFO] PluginManager:220 - loadIPPluginJar : add extmemmanager
2025-08-08 04:09:33,670 [INFO] IPUIPlugin:80 - create IPUIPlugin
2025-08-08 04:09:33,670 [INFO] PluginManager:220 - loadIPPluginJar : add can
2025-08-08 04:09:33,671 [INFO] IPUIPlugin:80 - create IPUIPlugin
2025-08-08 04:09:33,671 [INFO] PluginManager:220 - loadIPPluginJar : add dma3
2025-08-08 04:09:33,676 [INFO] IPUIPlugin:80 - create IPUIPlugin
2025-08-08 04:09:33,677 [INFO] PluginManager:220 - loadIPPluginJar : add plateformsettings
2025-08-08 04:09:33,679 [INFO] IPUIPlugin:80 - create IPUIPlugin
2025-08-08 04:09:33,679 [INFO] PluginManager:220 - loadIPPluginJar : add touchsensing
2025-08-08 04:09:33,680 [INFO] IPUIPlugin:80 - create IPUIPlugin
2025-08-08 04:09:33,680 [INFO] PluginManager:220 - loadIPPluginJar : add ts
2025-08-08 04:09:33,684 [INFO] IPUIPlugin:80 - create IPUIPlugin
2025-08-08 04:09:33,684 [INFO] PluginManager:220 - loadIPPluginJar : add adc
2025-08-08 04:09:33,777 [FATAL] Updater:351 - Updater called before beeing initialized
2025-08-08 04:09:33,797 [INFO] RulesReader:64 - Compatibility file has been processed (317 Rules)
2025-08-08 04:09:33,807 [INFO] RulesReader:64 - Compatibility file has been processed (317 Rules)
2025-08-08 04:09:33,812 [INFO] CADModel:165 - CPN selected for project level
2025-08-08 04:09:33,812 [INFO] CADModel:114 - Register for checkConnection events
2025-08-08 04:09:33,812 [FATAL] Updater:351 - Updater called before beeing initialized
2025-08-08 04:09:33,812 [ERROR] CADModel:125 - Updater not yet initialized, retry later 
2025-08-08 04:09:33,911 [FATAL] Updater:351 - Updater called before beeing initialized
2025-08-08 04:09:33,912 [INFO] CADModel:165 - CPN selected for project level
2025-08-08 04:09:33,912 [INFO] CADModel:114 - Register for checkConnection events
2025-08-08 04:09:33,913 [FATAL] Updater:351 - Updater called before beeing initialized
2025-08-08 04:09:33,913 [ERROR] CADModel:125 - Updater not yet initialized, retry later 
2025-08-08 04:09:33,915 [FATAL] Updater:351 - Updater called before beeing initialized
2025-08-08 04:09:33,977 [FATAL] Updater:351 - Updater called before beeing initialized
2025-08-08 04:09:33,980 [INFO] DbMcusAds:53 - JSON generation date=Tue Jul 08 11:14:23 EEST 2025 (1751962463582)
2025-08-08 04:09:33,980 [FATAL] Updater:351 - Updater called before beeing initialized
2025-08-08 04:09:34,009 [WARN] DetailPanel:346 - Failed to get advertising image, set to default
2025-08-08 04:09:34,065 [FATAL] Updater:351 - Updater called before beeing initialized
2025-08-08 04:09:34,066 [FATAL] Updater:351 - Updater called before beeing initialized
2025-08-08 04:09:34,066 [FATAL] Updater:351 - Updater called before beeing initialized
2025-08-08 04:09:34,067 [WARN] DetailPanel:346 - Failed to get advertising image, set to default
2025-08-08 04:09:34,067 [FATAL] Updater:351 - Updater called before beeing initialized
2025-08-08 04:09:34,093 [ERROR] Updater:1198 - MainUpdater not yet initialized. External WinMGr cannot be set.
2025-08-08 04:09:34,094 [INFO] Updater:1134 - Updater Version found : 6.15.0
2025-08-08 04:09:34,106 [INFO] ApplicationProperties:184 - Using Application install path: /home/amer/st/stm32cubeide_1.12.0/plugins/com.st.stm32cube.common.mx_6.15.0.202507011659
2025-08-08 04:09:34,465 [INFO] MainUpdater:2872 - connection check result : 10
2025-08-08 04:09:34,466 [INFO] MainUpdater:289 - Updater Check For Update Now.
2025-08-08 04:09:34,466 [INFO] MicroXplorer:498 - Change Database Version : DB.6.0.150
2025-08-08 04:09:34,471 [INFO] McuFinderGlobals:63 - Set McuFinder mode to 2 (CubeIDE integrated)
2025-08-08 04:09:34,472 [INFO] UserAuth:487 - Internet connection configuration mode: 1
2025-08-08 04:09:34,494 [INFO] JxBrowserEngine:152 - Initiate JxBrowser Engine with user profile folder
2025-08-08 04:09:34,651 [INFO] CheckServerUpdateThread:120 - End of CheckServer Thread
2025-08-08 04:09:35,481 [INFO] WebApp:169 - Instantiating new browser for Auth
2025-08-08 04:09:36,169 [INFO] WebApp:463 - Apply proxy settings
2025-08-08 04:09:36,169 [INFO] WebApp:548 - Chromium requires no authentication
2025-08-08 04:09:36,175 [INFO] WebApp:491 - Direct internet connection detected
2025-08-08 04:09:36,187 [INFO] WebApp:900 - Register for checkConnection events
2025-08-08 04:09:36,187 [INFO] WebApp:463 - Apply proxy settings
2025-08-08 04:09:36,187 [INFO] WebApp:548 - Chromium requires no authentication
2025-08-08 04:09:36,188 [INFO] WebApp:491 - Direct internet connection detected
2025-08-08 04:09:36,295 [INFO] WebApp:225 - Starting web application
2025-08-08 04:09:36,296 [INFO] WebApp:593 - Web application path used /home/amer/st/stm32cubeide_1.12.0/plugins/com.st.stm32cube.common.mx_6.15.0.202507011659/db/plugins/mcufinder/reactClient1/index.html
2025-08-08 04:09:36,367 [WARN] PackLoader:240 - Cannot read IP mode file for STMicroelectronics.FP-SNS-MOTENVWB1.1.4.0
2025-08-08 04:09:36,371 [WARN] PackLoader:240 - Cannot read IP mode file for STMicroelectronics.FP-ATR-ASTRA1.2.0.2
2025-08-08 04:09:36,375 [WARN] PackLoader:240 - Cannot read IP mode file for STMicroelectronics.X-CUBE-SMBUS.2.1.0
2025-08-08 04:09:36,378 [WARN] PackLoader:240 - Cannot read IP mode file for STMicroelectronics.X-CUBE-ST60.1.0.0
2025-08-08 04:09:36,402 [WARN] PackLoader:240 - Cannot read IP mode file for STMicroelectronics.X-CUBE-AZRTOS-F7.1.1.0
2025-08-08 04:09:36,444 [WARN] PackLoader:240 - Cannot read IP mode file for Infineon.AIROC-Wi-Fi-Bluetooth-STM32.1.7.1
2025-08-08 04:09:36,477 [INFO] WebApp:191 - Connection restablished
2025-08-08 04:09:36,482 [WARN] PackLoader:240 - Cannot read IP mode file for STMicroelectronics.X-CUBE-AZRTOS-H7.3.4.0
2025-08-08 04:09:36,505 [WARN] PackLoader:240 - Cannot read IP mode file for STMicroelectronics.X-CUBE-DISPLAY.3.0.0
2025-08-08 04:09:36,516 [WARN] PackLoader:240 - Cannot read IP mode file for STMicroelectronics.X-CUBE-NFC10.1.0.0
2025-08-08 04:09:36,522 [WARN] PackLoader:240 - Cannot read IP mode file for emotas.I-CUBE-CANOPEN.1.3.0
2025-08-08 04:09:36,528 [WARN] PackLoader:240 - Cannot read IP mode file for STMicroelectronics.FP-SNS-STBOX1.2.1.0
2025-08-08 04:09:36,533 [WARN] PackLoader:240 - Cannot read IP mode file for STMicroelectronics.FP-SNS-SMARTAG2.1.2.0
2025-08-08 04:09:36,536 [WARN] PackLoader:240 - Cannot read IP mode file for STMicroelectronics.FP-SNS-FLIGHT1.5.1.0
2025-08-08 04:09:36,552 [INFO] LogOutputStream:77 - [STDOUT_REDIRECT] 1 : Invalid condition id : UX_CORESTACK_Condition cause : null
2025-08-08 04:09:36,553 [INFO] LogOutputStream:77 - [STDOUT_REDIRECT] 1 : Invalid condition id : UX_CORESTACK_Condition cause : null
2025-08-08 04:09:36,554 [INFO] LogOutputStream:77 - [STDOUT_REDIRECT] 1 : Invalid condition id : UX_CORESTACK_Condition cause : null
2025-08-08 04:09:36,554 [INFO] LogOutputStream:77 - [STDOUT_REDIRECT] 1 : Invalid condition id : UX_CORESTACK_Condition cause : null
2025-08-08 04:09:36,554 [INFO] LogOutputStream:77 - [STDOUT_REDIRECT] 1 : Invalid condition id : UX_CORESTACK_Condition cause : null
2025-08-08 04:09:36,558 [WARN] PackLoader:240 - Cannot read IP mode file for STMicroelectronics.X-CUBE-AZRTOS-WL.2.0.0
2025-08-08 04:09:36,565 [WARN] PackLoader:240 - Cannot read IP mode file for STMicroelectronics.FP-SNS-MOTENV1.5.0.0
2025-08-08 04:09:36,574 [WARN] PackLoader:240 - Cannot read IP mode file for WES.I-CUBE-Cesium.1.3.0
2025-08-08 04:09:36,580 [WARN] PackLoader:240 - Cannot read IP mode file for STMicroelectronics.X-CUBE-BLE2.3.3.0
2025-08-08 04:09:36,587 [WARN] PackLoader:240 - Cannot read IP mode file for STMicroelectronics.X-CUBE-NFC9.1.0.0
2025-08-08 04:09:36,593 [WARN] PackLoader:240 - Cannot read IP mode file for wolfSSL.I-CUBE-wolfSSL.5.8.0
2025-08-08 04:09:36,597 [WARN] PackLoader:240 - Cannot read IP mode file for STMicroelectronics.X-CUBE-BLE1.7.1.0
2025-08-08 04:09:36,600 [WARN] PackLoader:240 - Cannot read IP mode file for wolfSSL.I-CUBE-wolfMQTT.1.19.2
2025-08-08 04:09:36,603 [WARN] PackLoader:240 - Cannot read IP mode file for STMicroelectronics.X-CUBE-EEPRMA1.5.2.0
2025-08-08 04:09:36,607 [WARN] PackLoader:240 - Cannot read IP mode file for STMicroelectronics.X-CUBE-AI.10.1.0
2025-08-08 04:09:36,625 [WARN] PackLoader:240 - Cannot read IP mode file for STMicroelectronics.X-CUBE-AZRTOS-G0.1.1.0
2025-08-08 04:09:36,635 [WARN] PackLoader:240 - Cannot read IP mode file for STMicroelectronics.X-CUBE-SAFEA1.1.2.2
2025-08-08 04:09:36,641 [WARN] PackLoader:240 - Cannot read IP mode file for STMicroelectronics.X-CUBE-NFC4.3.0.0
2025-08-08 04:09:36,651 [WARN] PackLoader:240 - Cannot read IP mode file for EmbeddedOffice.I-CUBE-FS-RTOS.1.0.1
2025-08-08 04:09:36,657 [WARN] PackLoader:240 - Cannot read IP mode file for STMicroelectronics.X-CUBE-WB05N.2.0.0
2025-08-08 04:09:36,660 [WARN] PackLoader:240 - Cannot read IP mode file for wolfSSL.I-CUBE-wolfTPM.3.8.0
2025-08-08 04:09:36,665 [WARN] PackLoader:240 - Cannot read IP mode file for STMicroelectronics.X-CUBE-TCPP.4.2.0
2025-08-08 04:09:36,676 [WARN] PackLoader:240 - Cannot read IP mode file for RealThread.X-CUBE-RT-Thread_Nano.4.1.1
2025-08-08 04:09:36,678 [WARN] PackLoader:240 - Cannot read IP mode file for STMicroelectronics.FP-ATR-SIGFOX1.3.2.0
2025-08-08 04:09:36,681 [WARN] PackLoader:240 - Cannot read IP mode file for ITTIA_DB.I-CUBE-ITTIADB.8.9.0
2025-08-08 04:09:36,685 [WARN] PackLoader:240 - Cannot read IP mode file for STMicroelectronics.X-CUBE-ST67W61.1.0.0
2025-08-08 04:09:36,687 [WARN] PackLoader:240 - Cannot read IP mode file for STMicroelectronics.X-CUBE-AI.10.2.0
2025-08-08 04:09:36,705 [WARN] PackLoader:240 - Cannot read IP mode file for SEGGER.I-CUBE-embOS.1.3.1
2025-08-08 04:09:36,746 [WARN] PackLoader:240 - Cannot read IP mode file for STMicroelectronics.X-CUBE-ALGOBUILD.1.4.0
2025-08-08 04:09:36,798 [WARN] PackLoader:240 - Cannot read IP mode file for STMicroelectronics.X-CUBE-MEMS1.11.3.0
2025-08-08 04:09:36,916 [WARN] PackLoader:240 - Cannot read IP mode file for STMicroelectronics.X-CUBE-PM33A1.1.0.0
2025-08-08 04:09:36,928 [WARN] PackLoader:240 - Cannot read IP mode file for STMicroelectronics.X-CUBE-AZRTOS-F4.1.1.0
2025-08-08 04:09:36,932 [WARN] PackLoader:240 - Cannot read IP mode file for Avnet-IotConnect.X-CUBE-IoTC-DA16k-PMOD.1.0.0
2025-08-08 04:09:36,935 [WARN] PackLoader:240 - Cannot read IP mode file for STMicroelectronics.X-CUBE-ISPU.2.1.0
2025-08-08 04:09:36,940 [WARN] PackLoader:240 - Cannot read IP mode file for STMicroelectronics.X-CUBE-NFC12.1.0.0
2025-08-08 04:09:36,962 [WARN] PackLoader:240 - Cannot read IP mode file for STMicroelectronics.X-CUBE-AZRTOS-L5.2.0.0
2025-08-08 04:09:36,973 [WARN] PackLoader:240 - Cannot read IP mode file for STMicroelectronics.X-CUBE-NFC6.3.1.0
2025-08-08 04:09:36,982 [WARN] PackLoader:240 - Cannot read IP mode file for STMicroelectronics.X-CUBE-FREERTOS.1.3.1
2025-08-08 04:09:36,987 [WARN] PackLoader:240 - Cannot read IP mode file for STMicroelectronics.FP-SNS-STAIOTCFT.1.0.0
2025-08-08 04:09:36,992 [WARN] PackLoader:240 - Cannot read IP mode file for STMicroelectronics.X-CUBE-DPower.1.3.0
2025-08-08 04:09:37,012 [WARN] ConditionMgr:438 - getConditionDescription Invalid condition id : LAN8742 Phy interface Condition cause : null
2025-08-08 04:09:37,012 [WARN] PackLoader:240 - Cannot read IP mode file for STMicroelectronics.X-CUBE-AZRTOS-L4.2.0.0
2025-08-08 04:09:37,014 [WARN] ConditionMgr:1044 - genDependencies : Invalid condition id : LAN8742 Phy interface Condition cause : null
2025-08-08 04:09:37,014 [WARN] ConditionMgr:1044 - genDependencies : Invalid condition id : LAN8742 Phy interface Condition cause : null
2025-08-08 04:09:37,015 [WARN] ConditionMgr:1044 - genDependencies : Invalid condition id : LAN8742 Phy interface Condition cause : null
2025-08-08 04:09:37,022 [WARN] PackLoader:240 - Cannot read IP mode file for STMicroelectronics.X-CUBE-SFXS2LP1.4.0.0
2025-08-08 04:09:37,035 [WARN] PackLoader:240 - Cannot read IP mode file for STMicroelectronics.X-CUBE-BLEMGR.4.1.0
2025-08-08 04:09:37,040 [INFO] UserAuth:487 - Internet connection configuration mode: 1
2025-08-08 04:09:37,053 [WARN] ConditionMgr:438 - getConditionDescription Invalid condition id : UX DEVICE CLASS RTOS Condition cause : null
2025-08-08 04:09:37,054 [WARN] ConditionMgr:438 - getConditionDescription Invalid condition id : UX DEVICE CLASS RTOS Condition cause : null
2025-08-08 04:09:37,058 [WARN] PackLoader:240 - Cannot read IP mode file for STMicroelectronics.X-CUBE-AZRTOS-WB.2.0.0
2025-08-08 04:09:37,059 [WARN] ConditionMgr:1044 - genDependencies : Invalid condition id : UX DEVICE CLASS RTOS Condition cause : null
2025-08-08 04:09:37,060 [WARN] ConditionMgr:1044 - genDependencies : Invalid condition id : UX DEVICE CLASS RTOS Condition cause : null
2025-08-08 04:09:37,060 [WARN] ConditionMgr:1044 - genDependencies : Invalid condition id : UX DEVICE CLASS RTOS Condition cause : null
2025-08-08 04:09:37,061 [WARN] ConditionMgr:1044 - genDependencies : Invalid condition id : UX DEVICE CLASS RTOS Condition cause : null
2025-08-08 04:09:37,061 [WARN] ConditionMgr:1044 - genDependencies : Invalid condition id : UX DEVICE CLASS RTOS Condition cause : null
2025-08-08 04:09:37,067 [WARN] PackLoader:240 - Cannot read IP mode file for STMicroelectronics.X-CUBE-GNSS1.7.0.1
2025-08-08 04:09:37,072 [WARN] PackLoader:240 - Cannot read IP mode file for STMicroelectronics.X-CUBE-TOUCHGFX.4.25.0
2025-08-08 04:09:37,081 [WARN] PackLoader:240 - Cannot read IP mode file for STMicroelectronics.FP-SNS-STBOX1.2.0.0
2025-08-08 04:09:37,089 [WARN] ConditionMgr:438 - getConditionDescription Invalid condition id : Cortex-A Device cause : null
2025-08-08 04:09:37,104 [WARN] ConditionMgr:1044 - genDependencies : Invalid condition id : Cortex-A Device cause : null
2025-08-08 04:09:37,105 [WARN] ConditionMgr:1044 - genDependencies : Invalid condition id : Cortex-A Device cause : null
2025-08-08 04:09:37,105 [WARN] ConditionMgr:1044 - genDependencies : Invalid condition id : Cortex-A Device cause : null
2025-08-08 04:09:37,115 [WARN] PackLoader:240 - Cannot read IP mode file for STMicroelectronics.X-CUBE-SUBG2.5.0.0
2025-08-08 04:09:37,152 [WARN] PackLoader:240 - Cannot read IP mode file for STMicroelectronics.X-CUBE-AZRTOS-H7RS.1.1.0
2025-08-08 04:09:37,159 [WARN] PackLoader:240 - Cannot read IP mode file for Cesanta.I-CUBE-Mongoose.7.13.0
2025-08-08 04:09:37,178 [WARN] PackLoader:240 - Cannot read IP mode file for STMicroelectronics.X-CUBE-AZRTOS-G4.2.0.0
2025-08-08 04:09:37,184 [WARN] PackLoader:240 - Cannot read IP mode file for wolfSSL.I-CUBE-wolfSSH.1.4.20
2025-08-08 04:09:37,188 [WARN] PackLoader:240 - Cannot read IP mode file for STMicroelectronics.X-CUBE-NFC7.2.0.0
2025-08-08 04:09:37,222 [WARN] PackLoader:240 - Cannot read IP mode file for STMicroelectronics.X-CUBE-IPS.3.1.0
2025-08-08 04:09:37,234 [WARN] PackLoader:240 - Cannot read IP mode file for STMicroelectronics.X-CUBE-ALS.1.0.2
2025-08-08 04:09:37,239 [WARN] PackLoader:240 - Cannot read IP mode file for portGmbH.I-Cube-SoM-uGOAL.1.1.0
2025-08-08 04:09:37,252 [WARN] PackLoader:240 - Cannot read IP mode file for STMicroelectronics.X-CUBE-TOF1.3.4.3
2025-08-08 04:09:37,267 [INFO] ThirdParty:978 - Integrity check success = true
2025-08-08 04:09:37,267 [INFO] IntegrityCheckThread:100 - exiting critical section [integrity check]
2025-08-08 04:09:37,267 [INFO] IntegrityCheckThread:103 - End integrity checks thread
2025-08-08 04:09:37,876 [ERROR] ConfigurationRetriever:142 - IOException on connection: Read timed out
2025-08-08 07:26:00,738 [INFO] WebApp:194 - Connection lost
2025-08-08 07:26:02,531 [INFO] WebApp:191 - Connection restablished
2025-08-08 08:43:24,950 [INFO] WebApp:194 - Connection lost
2025-08-08 08:43:28,771 [INFO] WebApp:191 - Connection restablished
2025-08-08 08:44:02,307 [INFO] WebApp:194 - Connection lost
2025-08-08 08:44:06,400 [INFO] WebApp:191 - Connection restablished
2025-08-08 08:49:18,682 [ERROR] LogOutputStream:75 - [STDERR_REDIRECT] 
