2025-06-24 20:38:14,743 [INFO] Activator:176 - 


2025-06-24 20:38:14,747 [INFO] Activator:177 - !SESSION log4j initialized
2025-06-24 20:38:17,267 [INFO] LogOutputStream:77 - [STDOUT_REDIRECT] 
2025-06-24 20:38:29,245 [INFO] ApplicationProperties:184 - Using Application install path: /app/stm32cubeide/plugins/com.st.stm32cube.common.mx_6.8.0.202302231600
2025-06-24 20:38:29,267 [INFO] DbMcusXml:78 - Set database path to: /app/stm32cubeide/plugins/com.st.stm32cube.common.mx_6.8.0.202302231600//db//mcu/
2025-06-24 20:38:29,268 [INFO] ApiDb:274 - Set plugin database path to: /app/stm32cubeide/plugins/com.st.stm32cube.common.mx_6.8.0.202302231600//db//plugins/boardmanager/
2025-06-24 20:38:29,271 [WARN] ApiDb:259 - Overriding images path with different value:  => /app/stm32cubeide/plugins/com.st.stm32cube.common.mx_6.8.0.202302231600//db//plugins/mcufinder/images/
2025-06-24 20:38:29,287 [INFO] ApiDb:250 - Set database path to: /home/amer/.stmcufinder/plugins/mcufinder//mcu/
2025-06-24 20:38:29,288 [INFO] DbMcusAds:125 - Set database path to: /home/amer/.stmcufinder/plugins/mcufinder//mcu/
2025-06-24 20:38:29,298 [INFO] CrossReferenceDbSqlite:203 - Set database path to: /home/amer/.stmcufinder/plugins/mcufinder//mcu/cs/
2025-06-24 20:38:29,411 [INFO] RulesReader:64 - Compatibility file has been processed (293 Rules)
2025-06-24 20:38:29,477 [INFO] DbMcusXml:78 - Set database path to: /app/stm32cubeide/plugins/com.st.stm32cube.common.mx_6.8.0.202302231600//db//mcu/
2025-06-24 20:38:29,477 [INFO] ApiDb:274 - Set plugin database path to: /app/stm32cubeide/plugins/com.st.stm32cube.common.mx_6.8.0.202302231600//db//plugins/boardmanager/
2025-06-24 20:38:29,478 [INFO] ApiDb:261 - Set plugin images path to: /app/stm32cubeide/plugins/com.st.stm32cube.common.mx_6.8.0.202302231600//db//plugins/mcufinder/images/
2025-06-24 20:38:29,478 [WARN] DbFile:41 - Overriding database path with different value: /home/amer/.stmcufinder/plugins/mcufinder/ => /home/amer/.stmcufinder/plugins/mcufinder
2025-06-24 20:38:29,478 [INFO] ApiDb:250 - Set database path to: /home/amer/.stmcufinder/plugins/mcufinder//mcu/
2025-06-24 20:38:29,479 [WARN] DbFile:41 - Overriding database path with different value: /home/amer/.stmcufinder/plugins/mcufinder/ => /home/amer/.stmcufinder/plugins/mcufinder
2025-06-24 20:38:29,479 [INFO] DbMcusAds:125 - Set database path to: /home/amer/.stmcufinder/plugins/mcufinder//mcu/
2025-06-24 20:38:29,479 [WARN] DbFile:41 - Overriding database path with different value: /home/amer/.stmcufinder/plugins/mcufinder/ => /home/amer/.stmcufinder/plugins/mcufinder
2025-06-24 20:38:29,479 [WARN] DbFile:41 - Overriding database path with different value: /home/amer/.stmcufinder/plugins/mcufinder/ => /home/amer/.stmcufinder/plugins/mcufinder
2025-06-24 20:38:29,479 [INFO] CrossReferenceDbSqlite:203 - Set database path to: /home/amer/.stmcufinder/plugins/mcufinder//mcu/cs/
2025-06-24 20:38:29,559 [INFO] MainPanel:253 - HeapMemory: 268435456
2025-06-24 20:38:29,682 [INFO] DbMcusXml:78 - Set database path to: /app/stm32cubeide/plugins/com.st.stm32cube.common.mx_6.8.0.202302231600//db//mcu/
2025-06-24 20:38:29,682 [INFO] ApiDb:274 - Set plugin database path to: /app/stm32cubeide/plugins/com.st.stm32cube.common.mx_6.8.0.202302231600//db//plugins/boardmanager/
2025-06-24 20:38:29,682 [INFO] ApiDb:261 - Set plugin images path to: /app/stm32cubeide/plugins/com.st.stm32cube.common.mx_6.8.0.202302231600//db//plugins/mcufinder/images/
2025-06-24 20:38:29,682 [WARN] DbFile:41 - Overriding database path with different value: /home/amer/.stmcufinder/plugins/mcufinder/ => /home/amer/.stmcufinder/plugins/mcufinder
2025-06-24 20:38:29,682 [INFO] ApiDb:250 - Set database path to: /home/amer/.stmcufinder/plugins/mcufinder//mcu/
2025-06-24 20:38:29,683 [WARN] DbFile:41 - Overriding database path with different value: /home/amer/.stmcufinder/plugins/mcufinder/ => /home/amer/.stmcufinder/plugins/mcufinder
2025-06-24 20:38:29,683 [INFO] DbMcusAds:125 - Set database path to: /home/amer/.stmcufinder/plugins/mcufinder//mcu/
2025-06-24 20:38:29,683 [WARN] DbFile:41 - Overriding database path with different value: /home/amer/.stmcufinder/plugins/mcufinder/ => /home/amer/.stmcufinder/plugins/mcufinder
2025-06-24 20:38:29,683 [WARN] DbFile:41 - Overriding database path with different value: /home/amer/.stmcufinder/plugins/mcufinder/ => /home/amer/.stmcufinder/plugins/mcufinder
2025-06-24 20:38:29,683 [INFO] CrossReferenceDbSqlite:203 - Set database path to: /home/amer/.stmcufinder/plugins/mcufinder//mcu/cs/
2025-06-24 20:38:29,701 [INFO] ApplicationProperties:184 - Using Application install path: /app/stm32cubeide/plugins/com.st.stm32cube.common.mx_6.8.0.202302231600
2025-06-24 20:38:29,703 [INFO] PluginManage:196 - Search for loadable plugins [exclusion list=, ]
2025-06-24 20:38:29,704 [INFO] PluginManage:310 - Check plugin analytics
2025-06-24 20:38:29,869 [INFO] AnalyticsPlugin:253 - Accepted Software Licenses: 
2025-06-24 20:38:29,870 [INFO] AnalyticsPlugin:255 - Accepted CMSIS Pack Licenses: 
2025-06-24 20:38:29,870 [INFO] AnalyticsPlugin:257 - Accepted Firmware Licenses: FW.F4.1.27.0
2025-06-24 20:38:29,877 [INFO] PluginManage:359 - Loaded plugin analytics (category:tool,tabindex:-1)
2025-06-24 20:38:29,878 [INFO] PluginManage:310 - Check plugin cadmodel
2025-06-24 20:38:29,927 [INFO] CADModel:105 - Init CAD model plugin
2025-06-24 20:38:29,928 [INFO] PluginManage:359 - Loaded plugin cadmodel (category:power,tabindex:5)
2025-06-24 20:38:29,928 [INFO] PluginManage:310 - Check plugin clock
2025-06-24 20:38:29,939 [INFO] PluginManage:359 - Loaded plugin clock (category:base,tabindex:2)
2025-06-24 20:38:29,939 [INFO] PluginManage:310 - Check plugin ddr
2025-06-24 20:38:29,942 [INFO] PluginManage:359 - Loaded plugin ddr (category:tool,tabindex:6)
2025-06-24 20:38:29,942 [INFO] PluginManage:310 - Check plugin filemanager
2025-06-24 20:38:30,118 [INFO] PluginManage:359 - Loaded plugin filemanager (category:base,tabindex:10)
2025-06-24 20:38:30,118 [INFO] PluginManage:310 - Check plugin ipmanager
2025-06-24 20:38:30,124 [INFO] PluginManage:359 - Loaded plugin ipmanager (category:base,tabindex:5)
2025-06-24 20:38:30,124 [INFO] PluginManage:310 - Check plugin lpbam
2025-06-24 20:38:30,135 [INFO] PluginManage:359 - Loaded plugin lpbam (category:base,tabindex:0)
2025-06-24 20:38:30,135 [INFO] PluginManage:310 - Check plugin pinoutandconfiguration
2025-06-24 20:38:30,144 [INFO] PluginManage:359 - Loaded plugin pinoutandconfiguration (category:base,tabindex:1)
2025-06-24 20:38:30,144 [INFO] PluginManage:310 - Check plugin pinoutconfig
2025-06-24 20:38:30,232 [WARN] SupportedApi:132 - Cannot load RTOS API schema: s4s-elt-must-match.1: The content of 'definitions' must match (annotation?, (simpleType | complexType)?, (unique | key | keyref)*)). A problem was found starting at: attribute.
2025-06-24 20:38:30,393 [INFO] PluginManage:359 - Loaded plugin pinoutconfig (category:base,tabindex:0)
2025-06-24 20:38:30,393 [INFO] PluginManage:310 - Check plugin power
2025-06-24 20:38:30,406 [INFO] PluginManage:359 - Loaded plugin power (category:power,tabindex:4)
2025-06-24 20:38:30,407 [INFO] PluginManage:310 - Check plugin projectmanager
2025-06-24 20:38:30,426 [INFO] PluginManage:359 - Loaded plugin projectmanager (category:projectmanager,tabindex:3)
2025-06-24 20:38:30,426 [INFO] PluginManage:310 - Check plugin thirdparty
2025-06-24 20:38:30,562 [WARN] IntegrityCheckThread:84 - waiting for thirdparty lock release [integrity check]
2025-06-24 20:38:30,563 [INFO] PluginManage:359 - Loaded plugin thirdparty (category:base,tabindex:-1)
2025-06-24 20:38:30,563 [INFO] IntegrityCheckThread:86 - entering critical section [integrity check]
2025-06-24 20:38:30,563 [INFO] PluginManage:310 - Check plugin tools
2025-06-24 20:38:30,565 [INFO] ThirdPartyUpdaterWithRetryManager:70 - Updater plugin not ready yet. [1/15]
2025-06-24 20:38:30,566 [INFO] PluginManage:359 - Loaded plugin tools (category:base,tabindex:7)
2025-06-24 20:38:30,567 [INFO] PluginManage:310 - Check plugin tutovideos
2025-06-24 20:38:30,821 [INFO] PluginManage:359 - Loaded plugin tutovideos (category:base,tabindex:-1)
2025-06-24 20:38:30,821 [INFO] PluginManage:310 - Check plugin updater
2025-06-24 20:38:30,841 [INFO] PluginManage:359 - Loaded plugin updater (category:base,tabindex:12)
2025-06-24 20:38:30,842 [INFO] PluginManage:283 - PluginManage : Loaded plugins [15]
2025-06-24 20:38:31,120 [INFO] PinOutPanel:1499 - setPackage(No Configuration,No Configuration)
2025-06-24 20:38:31,183 [INFO] CADModel:165 - CPN selected for project level
2025-06-24 20:38:31,183 [INFO] CADModel:114 - Register for checkConnection events
2025-06-24 20:38:31,199 [INFO] IPUIPlugin:80 - create IPUIPlugin
2025-06-24 20:38:31,199 [INFO] PluginManager:220 - loadIPPluginJar : add pdm2pcm
2025-06-24 20:38:31,202 [INFO] IPUIPlugin:80 - create IPUIPlugin
2025-06-24 20:38:31,202 [INFO] PluginManager:220 - loadIPPluginJar : add i3c
2025-06-24 20:38:31,205 [INFO] IPUIPlugin:80 - create IPUIPlugin
2025-06-24 20:38:31,205 [INFO] PluginManager:220 - loadIPPluginJar : add usart
2025-06-24 20:38:31,209 [INFO] IPUIPlugin:80 - create IPUIPlugin
2025-06-24 20:38:31,210 [INFO] PluginManager:220 - loadIPPluginJar : add nvic
2025-06-24 20:38:31,214 [INFO] IPUIPlugin:80 - create IPUIPlugin
2025-06-24 20:38:31,214 [INFO] PluginManager:220 - loadIPPluginJar : add gpio
2025-06-24 20:38:31,216 [INFO] IPUIPlugin:80 - create IPUIPlugin
2025-06-24 20:38:31,216 [INFO] PluginManager:220 - loadIPPluginJar : add quadspi
2025-06-24 20:38:31,218 [INFO] IPUIPlugin:80 - create IPUIPlugin
2025-06-24 20:38:31,219 [INFO] PluginManager:220 - loadIPPluginJar : add aes
2025-06-24 20:38:31,221 [INFO] IPUIPlugin:80 - create IPUIPlugin
2025-06-24 20:38:31,221 [INFO] PluginManager:220 - loadIPPluginJar : add i2c
2025-06-24 20:38:31,225 [INFO] IPUIPlugin:80 - create IPUIPlugin
2025-06-24 20:38:31,225 [INFO] PluginManager:220 - loadIPPluginJar : add ipddr
2025-06-24 20:38:31,227 [INFO] IPUIPlugin:80 - create IPUIPlugin
2025-06-24 20:38:31,227 [INFO] PluginManager:220 - loadIPPluginJar : add cryp
2025-06-24 20:38:31,234 [INFO] IPUIPlugin:80 - create IPUIPlugin
2025-06-24 20:38:31,234 [INFO] PluginManager:220 - loadIPPluginJar : add fmc
2025-06-24 20:38:31,235 [INFO] IPUIPlugin:80 - create IPUIPlugin
2025-06-24 20:38:31,235 [INFO] PluginManager:220 - loadIPPluginJar : add ltdc
2025-06-24 20:38:31,241 [INFO] IPUIPlugin:80 - create IPUIPlugin
2025-06-24 20:38:31,241 [INFO] PluginManager:220 - loadIPPluginJar : add gic
2025-06-24 20:38:31,244 [INFO] IPUIPlugin:80 - create IPUIPlugin
2025-06-24 20:38:31,244 [INFO] PluginManager:220 - loadIPPluginJar : add sai
2025-06-24 20:38:31,249 [INFO] IPUIPlugin:80 - create IPUIPlugin
2025-06-24 20:38:31,249 [INFO] PluginManager:220 - loadIPPluginJar : add stm32_wpan
2025-06-24 20:38:31,256 [INFO] IPUIPlugin:80 - create IPUIPlugin
2025-06-24 20:38:31,256 [INFO] PluginManager:220 - loadIPPluginJar : add freertos
2025-06-24 20:38:31,258 [INFO] IPUIPlugin:80 - create IPUIPlugin
2025-06-24 20:38:31,258 [INFO] PluginManager:220 - loadIPPluginJar : add i2s
2025-06-24 20:38:31,260 [INFO] IPUIPlugin:80 - create IPUIPlugin
2025-06-24 20:38:31,260 [INFO] PluginManager:220 - loadIPPluginJar : add tracer_emb
2025-06-24 20:38:31,262 [INFO] IPUIPlugin:80 - create IPUIPlugin
2025-06-24 20:38:31,262 [INFO] PluginManager:220 - loadIPPluginJar : add fatfs
2025-06-24 20:38:31,263 [INFO] IPUIPlugin:80 - create IPUIPlugin
2025-06-24 20:38:31,263 [INFO] PluginManager:220 - loadIPPluginJar : add tsc
2025-06-24 20:38:31,265 [INFO] IPUIPlugin:80 - create IPUIPlugin
2025-06-24 20:38:31,265 [INFO] PluginManager:220 - loadIPPluginJar : add spi
2025-06-24 20:38:31,268 [INFO] IPUIPlugin:80 - create IPUIPlugin
2025-06-24 20:38:31,268 [INFO] PluginManager:220 - loadIPPluginJar : add opamp
2025-06-24 20:38:31,270 [INFO] IPUIPlugin:80 - create IPUIPlugin
2025-06-24 20:38:31,271 [INFO] PluginManager:220 - loadIPPluginJar : add hash
2025-06-24 20:38:31,273 [INFO] IPUIPlugin:80 - create IPUIPlugin
2025-06-24 20:38:31,273 [INFO] PluginManager:220 - loadIPPluginJar : add openamp
2025-06-24 20:38:31,275 [INFO] IPUIPlugin:80 - create IPUIPlugin
2025-06-24 20:38:31,275 [INFO] PluginManager:220 - loadIPPluginJar : add comp
2025-06-24 20:38:31,276 [INFO] IPUIPlugin:80 - create IPUIPlugin
2025-06-24 20:38:31,276 [INFO] PluginManager:220 - loadIPPluginJar : add genericplugin
2025-06-24 20:38:31,279 [INFO] IPUIPlugin:80 - create IPUIPlugin
2025-06-24 20:38:31,279 [INFO] PluginManager:220 - loadIPPluginJar : add dfsdm
2025-06-24 20:38:31,281 [INFO] IPUIPlugin:80 - create IPUIPlugin
2025-06-24 20:38:31,282 [INFO] PluginManager:220 - loadIPPluginJar : add lorawan
2025-06-24 20:38:31,288 [INFO] IPUIPlugin:80 - create IPUIPlugin
2025-06-24 20:38:31,288 [INFO] PluginManager:220 - loadIPPluginJar : add dma
2025-06-24 20:38:31,296 [INFO] IPUIPlugin:80 - create IPUIPlugin
2025-06-24 20:38:31,296 [INFO] PluginManager:220 - loadIPPluginJar : add linkedlist
2025-06-24 20:38:31,299 [INFO] IPUIPlugin:80 - create IPUIPlugin
2025-06-24 20:38:31,299 [INFO] PluginManager:220 - loadIPPluginJar : add usbx
2025-06-24 20:38:31,301 [INFO] IPUIPlugin:80 - create IPUIPlugin
2025-06-24 20:38:31,301 [INFO] PluginManager:220 - loadIPPluginJar : add gtzc
2025-06-24 20:38:31,303 [INFO] IPUIPlugin:80 - create IPUIPlugin
2025-06-24 20:38:31,303 [INFO] PluginManager:220 - loadIPPluginJar : add gfxmmu
2025-06-24 20:38:31,307 [INFO] IPUIPlugin:80 - create IPUIPlugin
2025-06-24 20:38:31,307 [INFO] PluginManager:220 - loadIPPluginJar : add resmgrutility
2025-06-24 20:38:31,308 [INFO] IPUIPlugin:80 - create IPUIPlugin
2025-06-24 20:38:31,308 [INFO] PluginManager:220 - loadIPPluginJar : add ucpd
2025-06-24 20:38:31,310 [INFO] IPUIPlugin:80 - create IPUIPlugin
2025-06-24 20:38:31,310 [INFO] PluginManager:220 - loadIPPluginJar : add tim
2025-06-24 20:38:31,318 [INFO] IPUIPlugin:80 - create IPUIPlugin
2025-06-24 20:38:31,318 [INFO] PluginManager:220 - loadIPPluginJar : add mdma
2025-06-24 20:38:31,321 [INFO] IPUIPlugin:80 - create IPUIPlugin
2025-06-24 20:38:31,321 [INFO] PluginManager:220 - loadIPPluginJar : add can
2025-06-24 20:38:31,323 [INFO] IPUIPlugin:80 - create IPUIPlugin
2025-06-24 20:38:31,324 [INFO] PluginManager:220 - loadIPPluginJar : add dma3
2025-06-24 20:38:31,331 [INFO] IPUIPlugin:80 - create IPUIPlugin
2025-06-24 20:38:31,334 [INFO] PluginManager:220 - loadIPPluginJar : add plateformsettings
2025-06-24 20:38:31,338 [INFO] IPUIPlugin:80 - create IPUIPlugin
2025-06-24 20:38:31,338 [INFO] PluginManager:220 - loadIPPluginJar : add touchsensing
2025-06-24 20:38:31,339 [INFO] IPUIPlugin:80 - create IPUIPlugin
2025-06-24 20:38:31,339 [INFO] PluginManager:220 - loadIPPluginJar : add ts
2025-06-24 20:38:31,345 [INFO] IPUIPlugin:80 - create IPUIPlugin
2025-06-24 20:38:31,346 [INFO] PluginManager:220 - loadIPPluginJar : add adc
2025-06-24 20:38:31,454 [INFO] CADModel:165 - CPN selected for project level
2025-06-24 20:38:31,454 [INFO] CADModel:114 - Register for checkConnection events
2025-06-24 20:38:31,455 [FATAL] Updater:308 - Updater called before beeing initialized
2025-06-24 20:38:31,455 [ERROR] CADModel:125 - Updater not yet initialized, retry later 
2025-06-24 20:38:31,597 [INFO] CADModel:165 - CPN selected for project level
2025-06-24 20:38:31,597 [INFO] CADModel:114 - Register for checkConnection events
2025-06-24 20:38:31,597 [FATAL] Updater:308 - Updater called before beeing initialized
2025-06-24 20:38:31,597 [ERROR] CADModel:125 - Updater not yet initialized, retry later 
2025-06-24 20:38:31,601 [FATAL] Updater:308 - Updater called before beeing initialized
2025-06-24 20:38:31,685 [FATAL] Updater:308 - Updater called before beeing initialized
2025-06-24 20:38:31,694 [INFO] DbMcusAds:53 - JSON generation date=Thu Jun 19 10:32:34 EET 2025 (1750321954384)
2025-06-24 20:38:31,694 [FATAL] Updater:308 - Updater called before beeing initialized
2025-06-24 20:38:31,757 [WARN] DetailPanel:346 - Failed to get advertising image, set to default
2025-06-24 20:38:31,923 [FATAL] Updater:308 - Updater called before beeing initialized
2025-06-24 20:38:31,926 [FATAL] Updater:308 - Updater called before beeing initialized
2025-06-24 20:38:31,926 [FATAL] Updater:308 - Updater called before beeing initialized
2025-06-24 20:38:31,926 [WARN] DetailPanel:346 - Failed to get advertising image, set to default
2025-06-24 20:38:31,927 [FATAL] Updater:308 - Updater called before beeing initialized
2025-06-24 20:38:31,994 [ERROR] Updater:1120 - MainUpdater not yet initialized. External WinMGr cannot be set.
2025-06-24 20:38:31,997 [INFO] Updater:1056 - Updater Version found : 6.8.0
2025-06-24 20:38:32,018 [INFO] ApplicationProperties:184 - Using Application install path: /app/stm32cubeide/plugins/com.st.stm32cube.common.mx_6.8.0.202302231600
2025-06-24 20:38:32,381 [INFO] MainUpdater:2854 - connection check result : 10
2025-06-24 20:38:32,382 [INFO] MainUpdater:283 - Updater Check For Update Now.
2025-06-24 20:38:32,383 [INFO] MicroXplorer:498 - Change Database Version : DB.6.0.80
2025-06-24 20:38:32,564 [INFO] CheckServerUpdateThread:120 - End of CheckServer Thread
2025-06-24 20:38:32,589 [INFO] MainUpdater:2854 - connection check result : 10
2025-06-24 20:38:32,591 [INFO] MainUpdater:2854 - connection check result : 10
2025-06-24 20:38:32,623 [INFO] MicroXplorer:468 - Change Database Path : 
2025-06-24 20:38:32,624 [INFO] MicroXplorer:498 - Change Database Version : DB.6.0.80
2025-06-24 20:38:32,624 [WARN] ThirdParty:871 - waiting for thirdparty lock release [close project]
2025-06-24 20:38:33,692 [WARN] PackLoader:240 - Cannot read IP mode file for STMicroelectronics.FP-SNS-MOTENVWB1.1.4.0
2025-06-24 20:38:33,698 [WARN] PackLoader:240 - Cannot read IP mode file for STMicroelectronics.FP-ATR-ASTRA1.2.0.2
2025-06-24 20:38:33,704 [WARN] PackLoader:240 - Cannot read IP mode file for STMicroelectronics.X-CUBE-SMBUS.2.1.0
2025-06-24 20:38:33,706 [ERROR] Engine:466 - /home/amer/.stm32cubemx/thirdparties/pdsc/STMicroelectronics.X-CUBE-ST60.1.0.0.pdsc: PDSC version is not supported
2025-06-24 20:38:33,733 [WARN] PackLoader:240 - Cannot read IP mode file for STMicroelectronics.X-CUBE-AZRTOS-F7.1.1.0
2025-06-24 20:38:33,745 [ERROR] Engine:466 - /home/amer/.stm32cubemx/thirdparties/pdsc/Infineon.AIROC-Wi-Fi-Bluetooth-STM32.1.7.0.pdsc: PDSC version is not supported
2025-06-24 20:38:33,754 [WARN] PackLoader:240 - Cannot read IP mode file for STMicroelectronics.X-CUBE-DISPLAY.3.0.0
2025-06-24 20:38:33,768 [WARN] PackLoader:240 - Cannot read IP mode file for STMicroelectronics.X-CUBE-NFC10.1.0.0
2025-06-24 20:38:33,773 [ERROR] Engine:466 - /home/amer/.stm32cubemx/thirdparties/pdsc/STMicroelectronics.X-CUBE-BLEMGR.4.0.0.pdsc: PDSC version is not supported
2025-06-24 20:38:33,776 [WARN] PackLoader:240 - Cannot read IP mode file for emotas.I-CUBE-CANOPEN.1.3.0
2025-06-24 20:38:33,778 [ERROR] Engine:466 - /home/amer/.stm32cubemx/thirdparties/pdsc/quantropi.X-CUBE-qispace-sdk-base.2.0.0.pdsc: PDSC version is not supported
2025-06-24 20:38:33,781 [WARN] PackLoader:240 - Cannot read IP mode file for STMicroelectronics.FP-SNS-SMARTAG2.1.2.0
2025-06-24 20:38:33,783 [ERROR] Engine:466 - /home/amer/.stm32cubemx/thirdparties/pdsc/STMicroelectronics.FP-SNS-FLIGHT1.5.1.0.pdsc: PDSC version is not supported
2025-06-24 20:38:33,792 [INFO] LogOutputStream:77 - [STDOUT_REDIRECT] 1 : Invalid condition id : UX_CORESTACK_Condition cause : null
2025-06-24 20:38:33,793 [INFO] LogOutputStream:77 - [STDOUT_REDIRECT] 1 : Invalid condition id : UX_CORESTACK_Condition cause : null
2025-06-24 20:38:33,793 [INFO] LogOutputStream:77 - [STDOUT_REDIRECT] 1 : Invalid condition id : UX_CORESTACK_Condition cause : null
2025-06-24 20:38:33,793 [INFO] LogOutputStream:77 - [STDOUT_REDIRECT] 1 : Invalid condition id : UX_CORESTACK_Condition cause : null
2025-06-24 20:38:33,794 [INFO] LogOutputStream:77 - [STDOUT_REDIRECT] 1 : Invalid condition id : UX_CORESTACK_Condition cause : null
2025-06-24 20:38:33,798 [WARN] PackLoader:240 - Cannot read IP mode file for STMicroelectronics.X-CUBE-AZRTOS-WL.2.0.0
2025-06-24 20:38:33,803 [WARN] PackLoader:240 - Cannot read IP mode file for STMicroelectronics.FP-SNS-MOTENV1.5.0.0
2025-06-24 20:38:33,810 [WARN] PackLoader:240 - Cannot read IP mode file for WES.I-CUBE-Cesium.1.3.0
2025-06-24 20:38:33,814 [WARN] PackLoader:240 - Cannot read IP mode file for STMicroelectronics.X-CUBE-BLE2.3.3.0
2025-06-24 20:38:33,822 [WARN] PackLoader:240 - Cannot read IP mode file for STMicroelectronics.X-CUBE-NFC9.1.0.0
2025-06-24 20:38:33,828 [WARN] PackLoader:240 - Cannot read IP mode file for wolfSSL.I-CUBE-wolfSSL.5.8.0
2025-06-24 20:38:33,831 [WARN] PackLoader:240 - Cannot read IP mode file for STMicroelectronics.X-CUBE-BLE1.7.1.0
2025-06-24 20:38:33,833 [WARN] PackLoader:240 - Cannot read IP mode file for wolfSSL.I-CUBE-wolfMQTT.1.19.2
2025-06-24 20:38:33,836 [WARN] PackLoader:240 - Cannot read IP mode file for STMicroelectronics.X-CUBE-AI.10.1.0
2025-06-24 20:38:33,852 [WARN] PackLoader:240 - Cannot read IP mode file for STMicroelectronics.X-CUBE-AZRTOS-G0.1.1.0
2025-06-24 20:38:33,861 [WARN] PackLoader:240 - Cannot read IP mode file for STMicroelectronics.X-CUBE-SAFEA1.1.2.2
2025-06-24 20:38:33,866 [WARN] PackLoader:240 - Cannot read IP mode file for STMicroelectronics.X-CUBE-NFC4.3.0.0
2025-06-24 20:38:33,870 [ERROR] Engine:466 - /home/amer/.stm32cubemx/thirdparties/pdsc/EmbeddedOffice.I-CUBE-FS-RTOS.1.0.1.pdsc: PDSC version is not supported
2025-06-24 20:38:33,873 [WARN] PackLoader:240 - Cannot read IP mode file for STMicroelectronics.X-CUBE-WB05N.2.0.0
2025-06-24 20:38:33,876 [WARN] PackLoader:240 - Cannot read IP mode file for wolfSSL.I-CUBE-wolfTPM.3.8.0
2025-06-24 20:38:33,879 [ERROR] Engine:466 - /home/amer/.stm32cubemx/thirdparties/pdsc/STMicroelectronics.X-CUBE-TCPP.4.2.0.pdsc: PDSC version is not supported
2025-06-24 20:38:33,880 [ERROR] Engine:466 - /home/amer/.stm32cubemx/thirdparties/pdsc/RealThread.X-CUBE-RT-Thread_Nano.4.1.1.pdsc: PDSC version is not supported
2025-06-24 20:38:33,882 [WARN] PackLoader:240 - Cannot read IP mode file for STMicroelectronics.FP-ATR-SIGFOX1.3.2.0
2025-06-24 20:38:33,886 [WARN] PackLoader:240 - Cannot read IP mode file for STMicroelectronics.X-CUBE-EEPRMA1.5.1.0
2025-06-24 20:38:33,891 [WARN] PackLoader:240 - Cannot read IP mode file for ITTIA_DB.I-CUBE-ITTIADB.8.9.0
2025-06-24 20:38:33,893 [ERROR] Engine:466 - /home/amer/.stm32cubemx/thirdparties/pdsc/STMicroelectronics.X-CUBE-ST67W61.1.0.0.pdsc: PDSC version is not supported
2025-06-24 20:38:33,933 [WARN] PackLoader:240 - Cannot read IP mode file for SEGGER.I-CUBE-embOS.1.3.1
2025-06-24 20:38:33,977 [WARN] PackLoader:240 - Cannot read IP mode file for STMicroelectronics.X-CUBE-ALGOBUILD.1.4.0
2025-06-24 20:38:34,021 [WARN] PackLoader:240 - Cannot read IP mode file for STMicroelectronics.X-CUBE-MEMS1.11.3.0
2025-06-24 20:38:34,193 [WARN] PackLoader:240 - Cannot read IP mode file for STMicroelectronics.X-CUBE-PM33A1.1.0.0
2025-06-24 20:38:34,207 [WARN] PackLoader:240 - Cannot read IP mode file for STMicroelectronics.X-CUBE-AZRTOS-F4.1.1.0
2025-06-24 20:38:34,212 [ERROR] Engine:466 - /home/amer/.stm32cubemx/thirdparties/pdsc/Avnet-IotConnect.X-CUBE-IoTC-DA16k-PMOD.1.0.0.pdsc: PDSC version is not supported
2025-06-24 20:38:34,215 [WARN] PackLoader:240 - Cannot read IP mode file for STMicroelectronics.X-CUBE-ISPU.2.1.0
2025-06-24 20:38:34,231 [WARN] PackLoader:240 - Cannot read IP mode file for STMicroelectronics.X-CUBE-AZRTOS-L5.2.0.0
2025-06-24 20:38:34,239 [WARN] PackLoader:240 - Cannot read IP mode file for STMicroelectronics.X-CUBE-NFC6.3.1.0
2025-06-24 20:38:34,245 [WARN] PackLoader:240 - Cannot read IP mode file for STMicroelectronics.X-CUBE-FREERTOS.1.3.1
2025-06-24 20:38:34,247 [ERROR] Engine:466 - /home/amer/.stm32cubemx/thirdparties/pdsc/STMicroelectronics.X-CUBE-DPower.1.3.0.pdsc: PDSC version is not supported
2025-06-24 20:38:34,265 [WARN] ConditionMgr:438 - getConditionDescription Invalid condition id : LAN8742 Phy interface Condition cause : null
2025-06-24 20:38:34,265 [WARN] PackLoader:240 - Cannot read IP mode file for STMicroelectronics.X-CUBE-AZRTOS-L4.2.0.0
2025-06-24 20:38:34,267 [WARN] ConditionMgr:1039 - genDependencies : Invalid condition id : LAN8742 Phy interface Condition cause : null
2025-06-24 20:38:34,267 [WARN] ConditionMgr:1039 - genDependencies : Invalid condition id : LAN8742 Phy interface Condition cause : null
2025-06-24 20:38:34,268 [WARN] ConditionMgr:1039 - genDependencies : Invalid condition id : LAN8742 Phy interface Condition cause : null
2025-06-24 20:38:34,273 [WARN] PackLoader:240 - Cannot read IP mode file for STMicroelectronics.X-CUBE-SFXS2LP1.4.0.0
2025-06-24 20:38:34,293 [WARN] PackLoader:240 - Cannot read IP mode file for STMicroelectronics.X-CUBE-AZRTOS-H7.3.3.0
2025-06-24 20:38:34,307 [WARN] ConditionMgr:438 - getConditionDescription Invalid condition id : UX DEVICE CLASS RTOS Condition cause : null
2025-06-24 20:38:34,307 [WARN] ConditionMgr:438 - getConditionDescription Invalid condition id : UX DEVICE CLASS RTOS Condition cause : null
2025-06-24 20:38:34,309 [WARN] PackLoader:240 - Cannot read IP mode file for STMicroelectronics.X-CUBE-AZRTOS-WB.2.0.0
2025-06-24 20:38:34,310 [WARN] ConditionMgr:1039 - genDependencies : Invalid condition id : UX DEVICE CLASS RTOS Condition cause : null
2025-06-24 20:38:34,310 [WARN] ConditionMgr:1039 - genDependencies : Invalid condition id : UX DEVICE CLASS RTOS Condition cause : null
2025-06-24 20:38:34,310 [WARN] ConditionMgr:1039 - genDependencies : Invalid condition id : UX DEVICE CLASS RTOS Condition cause : null
2025-06-24 20:38:34,311 [WARN] ConditionMgr:1039 - genDependencies : Invalid condition id : UX DEVICE CLASS RTOS Condition cause : null
2025-06-24 20:38:34,311 [WARN] ConditionMgr:1039 - genDependencies : Invalid condition id : UX DEVICE CLASS RTOS Condition cause : null
2025-06-24 20:38:34,315 [WARN] PackLoader:240 - Cannot read IP mode file for STMicroelectronics.X-CUBE-GNSS1.7.0.1
2025-06-24 20:38:34,319 [WARN] PackLoader:240 - Cannot read IP mode file for STMicroelectronics.X-CUBE-TOUCHGFX.4.25.0
2025-06-24 20:38:34,321 [ERROR] Engine:466 - /home/amer/.stm32cubemx/thirdparties/pdsc/STMicroelectronics.FP-SNS-STBOX1.2.0.0.pdsc: PDSC version is not supported
2025-06-24 20:38:34,328 [WARN] PackLoader:240 - Cannot read IP mode file for STMicroelectronics.X-CUBE-SUBG2.5.0.0
2025-06-24 20:38:34,349 [WARN] PackLoader:240 - Cannot read IP mode file for STMicroelectronics.X-CUBE-AZRTOS-H7RS.1.1.0
2025-06-24 20:38:34,354 [WARN] PackLoader:240 - Cannot read IP mode file for Cesanta.I-CUBE-Mongoose.7.13.0
2025-06-24 20:38:34,366 [WARN] PackLoader:240 - Cannot read IP mode file for STMicroelectronics.X-CUBE-AZRTOS-G4.2.0.0
2025-06-24 20:38:34,369 [WARN] PackLoader:240 - Cannot read IP mode file for wolfSSL.I-CUBE-wolfSSH.1.4.20
2025-06-24 20:38:34,372 [WARN] PackLoader:240 - Cannot read IP mode file for STMicroelectronics.X-CUBE-NFC7.2.0.0
2025-06-24 20:38:34,376 [ERROR] Engine:466 - /home/amer/.stm32cubemx/thirdparties/pdsc/STMicroelectronics.X-CUBE-IPS.3.1.0.pdsc: PDSC version is not supported
2025-06-24 20:38:34,378 [WARN] PackLoader:240 - Cannot read IP mode file for STMicroelectronics.X-CUBE-ALS.1.0.2
2025-06-24 20:38:34,381 [WARN] PackLoader:240 - Cannot read IP mode file for portGmbH.I-Cube-SoM-uGOAL.1.1.0
2025-06-24 20:38:34,396 [ERROR] Engine:466 - /home/amer/.stm32cubemx/thirdparties/pdsc/STMicroelectronics.X-CUBE-TOF1.3.4.3.pdsc: PDSC version is not supported
2025-06-24 20:38:34,396 [INFO] ThirdParty:978 - Integrity check success = true
2025-06-24 20:38:34,396 [INFO] IntegrityCheckThread:100 - exiting critical section [integrity check]
2025-06-24 20:38:34,396 [INFO] IntegrityCheckThread:103 - End integrity checks thread
2025-06-24 20:38:34,396 [INFO] ThirdParty:873 - entering critical section [close project]
2025-06-24 20:38:34,397 [INFO] ThirdParty:883 - exiting critical section [close project]
2025-06-24 20:38:34,401 [INFO] PinOutPanel:1499 - setPackage(No Configuration,No Configuration)
2025-06-24 20:38:34,406 [INFO] UtilMem:75 - Begin LoadConfig() Used Memory: 107931656 Bytes (268435456)
2025-06-24 20:38:34,407 [INFO] MicroXplorer:468 - Change Database Path : 
2025-06-24 20:38:34,407 [INFO] MicroXplorer:498 - Change Database Version : DB.6.0.80
2025-06-24 20:38:34,407 [INFO] OpenFileManager:308 - Change cursor
2025-06-24 20:38:34,429 [INFO] Mcu:1937 - Initializing MCU STM32F405RGTx STM32F405RGTx STM32F405RGT6
2025-06-24 20:38:35,681 [INFO] Context:659 - Trying to add GPIOservice into a context  which must be forbidden
2025-06-24 20:38:36,140 [INFO] RtosManager:555 - Registered RTOS mode: class=CMSIS, group=RTOS, mode=CMSIS_V1, owner=FREERTOS
2025-06-24 20:38:36,141 [INFO] RtosManager:555 - Registered RTOS mode: class=CMSIS, group=RTOS2, mode=CMSIS_V2, owner=FREERTOS
2025-06-24 20:38:36,141 [INFO] RtosManager:555 - Registered RTOS mode: class=RTOS, group=Core, mode=CMSIS_V1, owner=FREERTOS
2025-06-24 20:38:36,141 [INFO] RtosManager:555 - Registered RTOS mode: class=RTOS, group=Core, mode=CMSIS_V2, owner=FREERTOS
2025-06-24 20:38:36,141 [WARN] ModelIntegratedComponent:184 - Missing modes for component STMicroelectronics:FreeRTOS:0.0.1:STMicroelectronics:RTOS:FreeRTOS:Core:::10.2.0:
2025-06-24 20:38:36,154 [WARN] ModelIntegratedComponent:63 - No mode defined for component null
2025-06-24 20:38:36,154 [WARN] ModelIntegratedComponent:63 - No mode defined for component null
2025-06-24 20:38:36,154 [WARN] ModelIntegratedComponent:63 - No mode defined for component null
2025-06-24 20:38:36,154 [WARN] ModelIntegratedComponent:63 - No mode defined for component null
2025-06-24 20:38:36,154 [WARN] ModelIntegratedComponent:63 - No mode defined for component null
2025-06-24 20:38:36,154 [WARN] ModelIntegratedComponent:63 - No mode defined for component null
2025-06-24 20:38:36,154 [WARN] ModelIntegratedComponent:63 - No mode defined for component null
2025-06-24 20:38:36,154 [WARN] ModelIntegratedComponent:63 - No mode defined for component null
2025-06-24 20:38:36,154 [WARN] ModelIntegratedComponent:63 - No mode defined for component null
2025-06-24 20:38:36,154 [WARN] ModelIntegratedComponent:63 - No mode defined for component null
2025-06-24 20:38:36,154 [WARN] ModelIntegratedComponent:63 - No mode defined for component null
2025-06-24 20:38:36,154 [WARN] ModelIntegratedComponent:63 - No mode defined for component null
2025-06-24 20:38:36,154 [WARN] ModelIntegratedComponent:63 - No mode defined for component null
2025-06-24 20:38:36,154 [WARN] ModelIntegratedComponent:63 - No mode defined for component null
2025-06-24 20:38:36,154 [WARN] ModelIntegratedComponent:63 - No mode defined for component null
2025-06-24 20:38:36,154 [WARN] ModelIntegratedComponent:63 - No mode defined for component null
2025-06-24 20:38:36,154 [WARN] ModelIntegratedComponent:63 - No mode defined for component null
2025-06-24 20:38:36,155 [WARN] ModelIntegratedComponent:63 - No mode defined for component null
2025-06-24 20:38:36,155 [WARN] ModelIntegratedComponent:63 - No mode defined for component null
2025-06-24 20:38:36,155 [WARN] ModelIntegratedComponent:63 - No mode defined for component null
2025-06-24 20:38:36,155 [WARN] ModelIntegratedComponent:63 - No mode defined for component null
2025-06-24 20:38:36,155 [WARN] ModelIntegratedComponent:63 - No mode defined for component null
2025-06-24 20:38:36,155 [WARN] ModelIntegratedComponent:63 - No mode defined for component null
2025-06-24 20:38:36,155 [WARN] ModelIntegratedComponent:63 - No mode defined for component null
2025-06-24 20:38:36,155 [WARN] ModelIntegratedComponent:63 - No mode defined for component null
2025-06-24 20:38:36,155 [WARN] ModelIntegratedComponent:63 - No mode defined for component null
2025-06-24 20:38:36,155 [WARN] ModelIntegratedComponent:63 - No mode defined for component null
2025-06-24 20:38:36,155 [WARN] ModelIntegratedComponent:63 - No mode defined for component null
2025-06-24 20:38:36,155 [WARN] ModelIntegratedComponent:63 - No mode defined for component null
2025-06-24 20:38:36,155 [WARN] ModelIntegratedComponent:63 - No mode defined for component null
2025-06-24 20:38:36,155 [WARN] ModelIntegratedComponent:63 - No mode defined for component null
2025-06-24 20:38:36,155 [WARN] ModelIntegratedComponent:63 - No mode defined for component null
2025-06-24 20:38:36,155 [WARN] ModelIntegratedComponent:63 - No mode defined for component null
2025-06-24 20:38:36,287 [INFO] ThirdPartyModel:298 - Start build external matchings
2025-06-24 20:38:36,521 [INFO] ThirdPartyModel:316 - End build external matchings
2025-06-24 20:38:36,717 [INFO] UtilMem:75 - End LoadConfig() Used Memory: 218521832 Bytes (268435456)
2025-06-24 20:38:36,814 [INFO] ApiDb:581 - Connected to CubeFinder SQLite database (/home/amer/.stmcufinder/plugins/mcufinder/mcu/cube-finder-db.db)
2025-06-24 20:38:36,891 [INFO] ApiDb:668 - CubeFinder database Data Model version=2.1
2025-06-24 20:38:36,892 [INFO] ApiDb:669 - CubeFinder database Configuration version=3.0.39
2025-06-24 20:38:36,892 [INFO] ApiDb:670 - CubeFinder database generation date=2025-06-16 (1750072209)
2025-06-24 20:38:36,892 [INFO] ApiDb:671 - CubeFinder database FW Pack versions=[FP-ATR-ASTRA1_V2.0.0, FP-SNS-FLIGHT1_V5.1.0, FP-SNS-MOTENV1_V5.0.0, FP-SNS-MOTENVWB1_V1.4.0, FP-SNS-SMARTAG2_V1.2.0, FP-SNS-STBOX1_V2.0.0, STM32Cube_FW_C0_V1.4.0, STM32Cube_FW_F4_V1.28.2, STM32Cube_FW_F7_V1.17.3, STM32Cube_FW_G0_V1.6.2, STM32Cube_FW_G4_V1.6.1, STM32Cube_FW_H5_V1.5.0, STM32Cube_FW_H7RS_V1.2.0, STM32Cube_FW_H7_V1.12.1, STM32Cube_FW_L0_V1.12.2, STM32Cube_FW_L4_V1.18.1, STM32Cube_FW_L5_V1.5.1, STM32Cube_FW_N6_V1.1.1, STM32Cube_FW_U0_V1.2.0, STM32Cube_FW_U3_V1.1.0, STM32Cube_FW_U5_V1.7.0, STM32Cube_FW_WB0_V1.2.0, STM32Cube_FW_WBA_V1.6.0, STM32Cube_FW_WB_V1.22.0, STM32Cube_FW_WL3_V1.1.0, STM32Cube_FW_WL_V1.3.1, X-CUBE-ALGOBUILD_V1.4.0, X-CUBE-ALS_V1.0.2, X-CUBE-AZRTOS-F4_V1.1.0, X-CUBE-AZRTOS-F7_V1.1.0, X-CUBE-AZRTOS-G0_V1.1.0, X-CUBE-AZRTOS-G4_V2.0.0, X-CUBE-AZRTOS-H7RS_V1.1.0, X-CUBE-AZRTOS-H7_V3.3.0, X-CUBE-AZRTOS-L4_V2.0.0, X-CUBE-AZRTOS-L5_V2.0.0, X-CUBE-AZRTOS-WB_V2.0.0, X-CUBE-AZRTOS-WL_V2.0.0, X-CUBE-BLE1_V7.1.0, X-CUBE-BLE2_V3.3.0, X-CUBE-BLEMGR_V4.0.0, X-CUBE-EEPRMA1_V5.1.0, X-CUBE-FREERTOS_V1.3.1, X-CUBE-GNSS1_V6.0.0, X-CUBE-MEMS1_V11.3.0, X-CUBE-NFC4_V3.0.0, X-CUBE-NFC7_V2.0.0, X-CUBE-SFXS2LP1_V4.0.0, X-CUBE-SUBG2_V5.0.0, X-CUBE-TOF1_V3.4.3]
2025-06-24 20:38:38,171 [ERROR] LogOutputStream:75 - [STDERR_REDIRECT] SLF4J: Failed to load class "org.slf4j.impl.StaticLoggerBinder".
2025-06-24 20:38:38,172 [ERROR] LogOutputStream:75 - [STDERR_REDIRECT] SLF4J: Defaulting to no-operation (NOP) logger implementation
2025-06-24 20:38:38,172 [ERROR] LogOutputStream:75 - [STDERR_REDIRECT] SLF4J: See http://www.slf4j.org/codes.html#StaticLoggerBinder for further details.
2025-06-24 20:38:39,336 [INFO] ApiDb:240 - Found 297 in-development CPN: [B-G473E-ZEST1S, B-WB1M-WPAN1, B-WL5M-SUBG1, NUCLEO-C031C6, NUCLEO-H503RB, NUCLEO-H563ZI, NUCLEO-U545RE-Q, NUCLEO-U5A5ZJ-Q, NUCLEO-WBA52CG, STEVAL-PROTEUS1, STEVAL-STWINBX1, STM320518-EVAL, STM32C0116-DK, STM32C011D6Y3TR, STM32C011D6Y6TR, STM32C011F4P3, STM32C011F4P6, STM32C011F4U3, STM32C011F4U6TR, STM32C011F6P3, STM32C011F6P6, STM32C011F6U3, STM32C011F6U6TR, STM32C011J4M3, STM32C011J4M6, STM32C011J6M3, STM32C011J6M6, STM32C0316-DK, STM32C031C4T3, STM32C031C4T6, STM32C031C4U3, STM32C031C4U6, STM32C031C6T3, STM32C031C6T6, STM32C031C6U3, STM32C031C6U6, STM32C031F4P3, STM32C031F4P6, STM32C031F6P3, STM32C031F6P6, STM32C031G4U3, STM32C031G4U6, STM32C031G6U3, STM32C031G6U6, STM32C031K4T3, STM32C031K4T6, STM32C031K4U3, STM32C031K4U6, STM32C031K6T3, STM32C031K6T6, STM32C031K6U3, STM32C031K6U6, STM32G071K8TXN, STM32G071K8UXN, STM32G081GBU6N, STM32G081KBT6N, STM32G081KBUXN, STM32G0B1CCT6N, STM32G0B1KCT6, STM32G0B1NEY6TR, STM32G0B1RCT6N, STM32G0C1CCT6, STM32G0C1CCT6N, STM32G0C1CCU6N, STM32G0C1CET6N, STM32G0C1CEU6N, STM32G0C1KCT6, STM32G0C1NEY6TR, STM32G0C1RCI6N, STM32G0C1RCT6N, STM32G0C1REI6N, STM32G0C1RET6N, STM32G0C1VCI6, STM32G0C1VEI6, STM32G471CCT6, STM32G471CCU6, STM32G471CET3, STM32G471CET6, STM32G471CEU3, STM32G471CEU6, STM32G471MCT6, STM32G471MET3, STM32G471MET6, STM32G471MEY6TR, STM32G471QCT6, STM32G471QET3, STM32G471RCT6, STM32G471RET3, STM32G471RET6, STM32G471VCH6, STM32G471VCI6, STM32G471VCT6, STM32G471VEH3, STM32G471VEH6, STM32G471VEI3, STM32G471VEI6, STM32G471VET3, STM32G471VET6, STM32G474CCT6, STM32H503CBT6, STM32H503CBU6, STM32H503EBY6TR, STM32H503KBU6, STM32H503RBT6, STM32H562AGI6, STM32H562AII6, STM32H562IGK6, STM32H562IGT6, STM32H562IIK6, STM32H562IIT6, STM32H562RGT6, STM32H562RGV6, STM32H562RIT6, STM32H562RIV6, STM32H562VGT6, STM32H562VIT6, STM32H562ZGT6, STM32H562ZIT6, STM32H563AGI6, STM32H563AII3Q, STM32H563AII6, STM32H563IGK6, STM32H563IGT6, STM32H563IIK3Q, STM32H563IIK6, STM32H563IIT3Q, STM32H563IIT6, STM32H563MIY3QTR, STM32H563RGT6, STM32H563RGV6, STM32H563RIT6, STM32H563RIV6, STM32H563VGT6, STM32H563VIT3Q, STM32H563VIT6, STM32H563ZGT6, STM32H563ZIT3Q, STM32H563ZIT6, STM32H573AII3Q, STM32H573AII6, STM32H573I-DK, STM32H573IIK3Q, STM32H573IIK6, STM32H573IIT3Q, STM32H573IIT6, STM32H573MIY3QTR, STM32H573RIT6, STM32H573RIV6, STM32H573VIT3Q, STM32H573VIT6, STM32H573ZIT3Q, STM32H573ZIT6, STM32L4R5QGI6STR, STM32MP131AAE3, STM32MP131AAF3, STM32MP131AAG3, STM32MP131CAE3, STM32MP131CAF3, STM32MP131CAG3, STM32MP131DAE7, STM32MP131DAF7, STM32MP131DAG7, STM32MP131FAE7, STM32MP131FAF7, STM32MP131FAG7, STM32MP133AAE3, STM32MP133AAF3, STM32MP133AAG3, STM32MP133CAE3, STM32MP133CAF3, STM32MP133CAG3, STM32MP133DAE7, STM32MP133DAF7, STM32MP133DAG7, STM32MP133FAE7, STM32MP133FAF7, STM32MP133FAG7, STM32MP135AAE3, STM32MP135AAF3, STM32MP135AAG3, STM32MP135CAE3, STM32MP135CAF3, STM32MP135CAG3, STM32MP135DAE7, STM32MP135DAF7, STM32MP135DAG7, STM32MP135F-DK, STM32MP135FAE7, STM32MP135FAF7, STM32MP135FAF7T, STM32MP135FAF7U, STM32MP135FAG7, STM32U535CBT6, STM32U535CBT6Q, STM32U535CBU6, STM32U535CBU6Q, STM32U535CCT6, STM32U535CCT6Q, STM32U535CCU6, STM32U535CCU6Q, STM32U535CET6, STM32U535CET6Q, STM32U535CEU6, STM32U535CEU6Q, STM32U535JEY6QTR, STM32U535NCY6QTR, STM32U535NEY6QTR, STM32U535RBI6, STM32U535RBI6Q, STM32U535RBT6, STM32U535RBT6Q, STM32U535RCI6, STM32U535RCI6Q, STM32U535RCT6, STM32U535RCT6Q, STM32U535REI6, STM32U535REI6Q, STM32U535RET6, STM32U535RET6Q, STM32U535VCI6, STM32U535VCI6Q, STM32U535VCT6, STM32U535VCT6Q, STM32U535VEI6, STM32U535VEI6Q, STM32U535VET6, STM32U535VET6Q, STM32U545CET6, STM32U545CET6Q, STM32U545CEU6, STM32U545CEU6Q, STM32U545JEY6QTR, STM32U545NEY6QTR, STM32U545REI6, STM32U545REI6Q, STM32U545RET6, STM32U545RET6Q, STM32U545VEI6, STM32U545VEI6Q, STM32U545VET6, STM32U545VET6Q, STM32U595AIH6, STM32U595AIH6Q, STM32U595AJH6, STM32U595AJH6Q, STM32U595QII6, STM32U595QII6Q, STM32U595QJI6, STM32U595QJI6Q, STM32U595RIT6, STM32U595RIT6Q, STM32U595RJT6, STM32U595RJT6Q, STM32U595VIT6, STM32U595VIT6Q, STM32U595VJT6, STM32U595VJT6Q, STM32U595ZIT6, STM32U595ZIT6Q, STM32U595ZIY6QTR, STM32U595ZJT6, STM32U595ZJT6Q, STM32U595ZJY6QTR, STM32U599BJY6QTR, STM32U599NIH6Q, STM32U599NJH6Q, STM32U599VIT6Q, STM32U599VJT6, STM32U599VJT6Q, STM32U599ZIT6Q, STM32U599ZIY6QTR, STM32U599ZJT6Q, STM32U599ZJY6QTR, STM32U5A5AJH6, STM32U5A5AJH6Q, STM32U5A5QJI6, STM32U5A5QJI6Q, STM32U5A5RJT6, STM32U5A5RJT6Q, STM32U5A5VJT6, STM32U5A5VJT6Q, STM32U5A5ZJT6, STM32U5A5ZJT6Q, STM32U5A5ZJY6QTR, STM32U5A9BJY6QTR, STM32U5A9J-DK, STM32U5A9NJH6Q, STM32U5A9VJT6Q, STM32U5A9ZJT6Q, STM32U5A9ZJY6QTR, STM32WB1MMCH6, STM32WBA52CEU6, STM32WBA52CEU6T, STM32WBA52CGU6, STM32WBA52CGU6T, STM32WL5MOCH6, STM32WL5MOCH6TR]
2025-06-24 20:38:39,351 [INFO] DbMcus:216 - Found 4635 MCUs, 4635 are supported
2025-06-24 20:38:39,353 [INFO] ApiDb:423 - Load user favorites file /home/amer/.stm32cubeide/favorites.mcus.txt: 1 item(s)
2025-06-24 20:38:39,353 [INFO] ApiDb:427 - User favorites MCUs=[STM32F405RGT6]
2025-06-24 20:38:39,354 [INFO] DbMcus:222 - Set 1 / 1 favorites MCUs
2025-06-24 20:38:40,059 [WARN] ThirdParty:833 - waiting for thirdparty lock release [change project]
2025-06-24 20:38:40,059 [INFO] ThirdParty:835 - entering critical section [change project]
2025-06-24 20:38:40,060 [INFO] ThirdParty:1030 - CMSIS Pack Vendor :STMicroelectronics X-CUBE-PM33A1 1.0.0
2025-06-24 20:38:40,060 [INFO] ThirdParty:1030 - CMSIS Pack Vendor :STMicroelectronics X-CUBE-AZRTOS-H7 3.3.0
2025-06-24 20:38:40,060 [INFO] ThirdParty:1030 - CMSIS Pack Vendor :STMicroelectronics X-CUBE-NFC9 1.0.0
2025-06-24 20:38:40,060 [INFO] ThirdParty:1030 - CMSIS Pack Vendor :wolfSSL I-CUBE-wolfSSL 5.8.0
2025-06-24 20:38:40,060 [INFO] ThirdParty:1030 - CMSIS Pack Vendor :STMicroelectronics USB_HOST 2.0.0
2025-06-24 20:38:40,060 [INFO] ThirdParty:1030 - CMSIS Pack Vendor :STMicroelectronics FP-SNS-MOTENVWB1 1.4.0
2025-06-24 20:38:40,060 [INFO] ThirdParty:1030 - CMSIS Pack Vendor :STMicroelectronics X-CUBE-AZRTOS-F4 1.1.0
2025-06-24 20:38:40,060 [INFO] ThirdParty:1030 - CMSIS Pack Vendor :STMicroelectronics LIBJPEG 8.0.0
2025-06-24 20:38:40,060 [INFO] ThirdParty:1030 - CMSIS Pack Vendor :STMicroelectronics FP-ATR-ASTRA1 2.0.2
2025-06-24 20:38:40,060 [INFO] ThirdParty:1030 - CMSIS Pack Vendor :STMicroelectronics X-CUBE-BLE1 7.1.0
2025-06-24 20:38:40,060 [INFO] ThirdParty:1030 - CMSIS Pack Vendor :STMicroelectronics X-CUBE-SMBUS 2.1.0
2025-06-24 20:38:40,060 [INFO] ThirdParty:1030 - CMSIS Pack Vendor :wolfSSL I-CUBE-wolfMQTT 1.19.2
2025-06-24 20:38:40,060 [INFO] ThirdParty:1030 - CMSIS Pack Vendor :STMicroelectronics USB_DEVICE 3.0.0
2025-06-24 20:38:40,060 [INFO] ThirdParty:1030 - CMSIS Pack Vendor :STMicroelectronics X-CUBE-ISPU 2.1.0
2025-06-24 20:38:40,061 [INFO] ThirdParty:1030 - CMSIS Pack Vendor :STMicroelectronics X-CUBE-AZRTOS-WB 2.0.0
2025-06-24 20:38:40,061 [INFO] ThirdParty:1030 - CMSIS Pack Vendor :STMicroelectronics X-CUBE-GNSS1 7.0.1
2025-06-24 20:38:40,061 [INFO] ThirdParty:1030 - CMSIS Pack Vendor :STMicroelectronics X-CUBE-AZRTOS-F7 1.1.0
2025-06-24 20:38:40,061 [INFO] ThirdParty:1030 - CMSIS Pack Vendor :STMicroelectronics X-CUBE-AZRTOS-L5 2.0.0
2025-06-24 20:38:40,061 [INFO] ThirdParty:1030 - CMSIS Pack Vendor :STMicroelectronics X-CUBE-TOUCHGFX 4.25.0
2025-06-24 20:38:40,061 [INFO] ThirdParty:1030 - CMSIS Pack Vendor :STMicroelectronics USB_DEVICE 2.0.0
2025-06-24 20:38:40,061 [INFO] ThirdParty:1030 - CMSIS Pack Vendor :STMicroelectronics X-CUBE-NFC6 3.1.0
2025-06-24 20:38:40,061 [INFO] ThirdParty:1030 - CMSIS Pack Vendor :STMicroelectronics X-CUBE-AI 10.1.0
2025-06-24 20:38:40,061 [INFO] ThirdParty:1030 - CMSIS Pack Vendor :STMicroelectronics FreeRTOS 0.0.1
2025-06-24 20:38:40,061 [INFO] ThirdParty:1030 - CMSIS Pack Vendor :STMicroelectronics X-CUBE-AZRTOS-G0 1.1.0
2025-06-24 20:38:40,061 [INFO] ThirdParty:1030 - CMSIS Pack Vendor :STMicroelectronics X-CUBE-SAFEA1 1.2.2
2025-06-24 20:38:40,061 [INFO] ThirdParty:1030 - CMSIS Pack Vendor :STMicroelectronics X-CUBE-NFC4 3.0.0
2025-06-24 20:38:40,061 [INFO] ThirdParty:1030 - CMSIS Pack Vendor :STMicroelectronics X-CUBE-SUBG2 5.0.0
2025-06-24 20:38:40,061 [INFO] ThirdParty:1030 - CMSIS Pack Vendor :STMicroelectronics X-CUBE-AZRTOS-H7RS 1.1.0
2025-06-24 20:38:40,061 [INFO] ThirdParty:1030 - CMSIS Pack Vendor :STMicroelectronics STM32_WPAN 1.0.0
2025-06-24 20:38:40,062 [INFO] ThirdParty:1030 - CMSIS Pack Vendor :STMicroelectronics lwIP 2.0.3
2025-06-24 20:38:40,062 [INFO] ThirdParty:1030 - CMSIS Pack Vendor :Cesanta I-CUBE-Mongoose 7.13.0
2025-06-24 20:38:40,062 [INFO] ThirdParty:1030 - CMSIS Pack Vendor :STMicroelectronics USB_HOST 1.0.0
2025-06-24 20:38:40,062 [INFO] ThirdParty:1030 - CMSIS Pack Vendor :STMicroelectronics X-CUBE-AZRTOS-G4 2.0.0
2025-06-24 20:38:40,062 [INFO] ThirdParty:1030 - CMSIS Pack Vendor :STMicroelectronics X-CUBE-WB05N 2.0.0
2025-06-24 20:38:40,062 [INFO] ThirdParty:1030 - CMSIS Pack Vendor :STMicroelectronics PDM2PCM 3.1.0
2025-06-24 20:38:40,062 [INFO] ThirdParty:1030 - CMSIS Pack Vendor :STMicroelectronics PDM2PCM 3.3.0
2025-06-24 20:38:40,062 [INFO] ThirdParty:1030 - CMSIS Pack Vendor :wolfSSL I-CUBE-wolfTPM 3.8.0
2025-06-24 20:38:40,062 [INFO] ThirdParty:1030 - CMSIS Pack Vendor :STMicroelectronics X-CUBE-DISPLAY 3.0.0
2025-06-24 20:38:40,062 [INFO] ThirdParty:1030 - CMSIS Pack Vendor :wolfSSL I-CUBE-wolfSSH 1.4.20
2025-06-24 20:38:40,062 [INFO] ThirdParty:1030 - CMSIS Pack Vendor :STMicroelectronics X-CUBE-NFC7 2.0.0
2025-06-24 20:38:40,062 [INFO] ThirdParty:1030 - CMSIS Pack Vendor :STMicroelectronics FP-ATR-SIGFOX1 3.2.0
2025-06-24 20:38:40,062 [INFO] ThirdParty:1030 - CMSIS Pack Vendor :STMicroelectronics X-CUBE-NFC10 1.0.0
2025-06-24 20:38:40,062 [INFO] ThirdParty:1030 - CMSIS Pack Vendor :STMicroelectronics X-CUBE-EEPRMA1 5.1.0
2025-06-24 20:38:40,062 [INFO] ThirdParty:1030 - CMSIS Pack Vendor :STMicroelectronics X-CUBE-FREERTOS 1.3.1
2025-06-24 20:38:40,062 [INFO] ThirdParty:1030 - CMSIS Pack Vendor :STMicroelectronics HAL Drivers 0.0.0
2025-06-24 20:38:40,062 [INFO] ThirdParty:1030 - CMSIS Pack Vendor :STMicroelectronics MBEDTLS 2.16.2
2025-06-24 20:38:40,062 [INFO] ThirdParty:1030 - CMSIS Pack Vendor :STMicroelectronics X-CUBE-ALS 1.0.2
2025-06-24 20:38:40,062 [INFO] ThirdParty:1030 - CMSIS Pack Vendor :emotas I-CUBE-CANOPEN 1.3.0
2025-06-24 20:38:40,063 [INFO] ThirdParty:1030 - CMSIS Pack Vendor :STMicroelectronics MBEDTLS 2.14.1
2025-06-24 20:38:40,063 [INFO] ThirdParty:1030 - CMSIS Pack Vendor :ITTIA_DB I-CUBE-ITTIADB 8.9.0
2025-06-24 20:38:40,063 [INFO] ThirdParty:1030 - CMSIS Pack Vendor :portGmbH I-Cube-SoM-uGOAL 1.1.0
2025-06-24 20:38:40,063 [INFO] ThirdParty:1030 - CMSIS Pack Vendor :STMicroelectronics ThreadX 1.0.0
2025-06-24 20:38:40,063 [INFO] ThirdParty:1030 - CMSIS Pack Vendor :STMicroelectronics FP-SNS-SMARTAG2 1.2.0
2025-06-24 20:38:40,063 [INFO] ThirdParty:1030 - CMSIS Pack Vendor :STMicroelectronics X-CUBE-AZRTOS-WL 2.0.0
2025-06-24 20:38:40,063 [INFO] ThirdParty:1030 - CMSIS Pack Vendor :SEGGER I-CUBE-embOS 1.3.1
2025-06-24 20:38:40,063 [INFO] ThirdParty:1030 - CMSIS Pack Vendor :STMicroelectronics X-CUBE-ALGOBUILD 1.4.0
2025-06-24 20:38:40,064 [INFO] ThirdParty:1030 - CMSIS Pack Vendor :STMicroelectronics X-CUBE-MEMS1 11.3.0
2025-06-24 20:38:40,064 [INFO] ThirdParty:1030 - CMSIS Pack Vendor :STMicroelectronics FP-SNS-MOTENV1 5.0.0
2025-06-24 20:38:40,064 [INFO] ThirdParty:1030 - CMSIS Pack Vendor :STMicroelectronics USB_DEVICE 1.0.0
2025-06-24 20:38:40,064 [INFO] ThirdParty:1030 - CMSIS Pack Vendor :STMicroelectronics X-CUBE-AZRTOS-L4 2.0.0
2025-06-24 20:38:40,064 [INFO] ThirdParty:1030 - CMSIS Pack Vendor :STMicroelectronics ThreadX 0.0.2
2025-06-24 20:38:40,064 [INFO] ThirdParty:1030 - CMSIS Pack Vendor :WES I-CUBE-Cesium 1.3.0
2025-06-24 20:38:40,064 [INFO] ThirdParty:1030 - CMSIS Pack Vendor :STMicroelectronics lwIP 2.1.2
2025-06-24 20:38:40,064 [INFO] ThirdParty:1030 - CMSIS Pack Vendor :STMicroelectronics X-CUBE-SFXS2LP1 4.0.0
2025-06-24 20:38:40,065 [INFO] ThirdParty:1030 - CMSIS Pack Vendor :STMicroelectronics X-CUBE-BLE2 3.3.0
2025-06-24 20:38:40,065 [INFO] ThirdParty:1030 - CMSIS Pack Vendor :STMicroelectronics PDM2PCM 3.2.0
2025-06-24 20:38:40,065 [INFO] ThirdParty:841 - exiting critical section [change project]
2025-06-24 20:38:40,563 [INFO] PinOutPanel:1499 - setPackage(No Configuration,No Configuration)
2025-06-24 20:38:40,564 [INFO] PinOutPanel:1499 - setPackage(STM32F405RGTx,LQFP64)
2025-06-24 20:38:40,990 [INFO] UtilMem:75 - Before build in PCC Used Memory: 176074560 Bytes (268435456)
2025-06-24 20:38:41,594 [INFO] UtilMem:75 - After build in PCC Used Memory: 190386464 Bytes (268435456)
2025-06-24 20:38:41,623 [INFO] IPUIPlugin:80 - create IPUIPlugin
2025-06-24 20:38:41,623 [INFO] IPUIPlugin:80 - create IPUIPlugin
2025-06-24 20:38:41,623 [INFO] IPUIPlugin:80 - create IPUIPlugin
2025-06-24 20:38:41,623 [INFO] IPUIPlugin:80 - create IPUIPlugin
2025-06-24 20:38:41,624 [INFO] IPUIPlugin:80 - create IPUIPlugin
2025-06-24 20:38:41,624 [INFO] IPUIPlugin:80 - create IPUIPlugin
2025-06-24 20:38:41,624 [INFO] IPUIPlugin:80 - create IPUIPlugin
2025-06-24 20:38:41,624 [INFO] IPUIPlugin:80 - create IPUIPlugin
2025-06-24 20:38:41,624 [INFO] IPUIPlugin:80 - create IPUIPlugin
2025-06-24 20:38:41,624 [INFO] IPUIPlugin:80 - create IPUIPlugin
2025-06-24 20:38:41,624 [INFO] IPUIPlugin:80 - create IPUIPlugin
2025-06-24 20:38:41,624 [INFO] IPUIPlugin:80 - create IPUIPlugin
2025-06-24 20:38:41,624 [INFO] IPUIPlugin:80 - create IPUIPlugin
2025-06-24 20:38:41,625 [INFO] IPUIPlugin:80 - create IPUIPlugin
2025-06-24 20:38:41,625 [INFO] IPUIPlugin:80 - create IPUIPlugin
2025-06-24 20:38:41,625 [INFO] IPUIPlugin:80 - create IPUIPlugin
2025-06-24 20:38:41,625 [INFO] IPUIPlugin:80 - create IPUIPlugin
2025-06-24 20:38:41,626 [INFO] IPUIPlugin:80 - create IPUIPlugin
2025-06-24 20:38:41,626 [INFO] IPUIPlugin:80 - create IPUIPlugin
2025-06-24 20:38:41,626 [INFO] IPUIPlugin:80 - create IPUIPlugin
2025-06-24 20:38:41,626 [INFO] IPUIPlugin:80 - create IPUIPlugin
2025-06-24 20:38:41,626 [INFO] IPUIPlugin:80 - create IPUIPlugin
2025-06-24 20:38:41,626 [INFO] IPUIPlugin:80 - create IPUIPlugin
2025-06-24 20:38:41,627 [INFO] IPUIPlugin:80 - create IPUIPlugin
2025-06-24 20:38:41,627 [INFO] IPUIPlugin:80 - create IPUIPlugin
2025-06-24 20:38:41,627 [INFO] IPUIPlugin:80 - create IPUIPlugin
2025-06-24 20:38:41,627 [INFO] IPUIPlugin:80 - create IPUIPlugin
2025-06-24 20:38:41,627 [INFO] IPUIPlugin:80 - create IPUIPlugin
2025-06-24 20:38:41,627 [INFO] IPUIPlugin:80 - create IPUIPlugin
2025-06-24 20:38:41,628 [INFO] IPUIPlugin:80 - create IPUIPlugin
2025-06-24 20:38:41,628 [INFO] IPUIPlugin:80 - create IPUIPlugin
2025-06-24 20:38:41,628 [INFO] IPUIPlugin:80 - create IPUIPlugin
2025-06-24 20:38:41,628 [INFO] IPUIPlugin:80 - create IPUIPlugin
2025-06-24 20:38:41,628 [INFO] IPUIPlugin:80 - create IPUIPlugin
2025-06-24 20:38:41,629 [INFO] IPUIPlugin:80 - create IPUIPlugin
2025-06-24 20:38:41,629 [INFO] IPUIPlugin:80 - create IPUIPlugin
2025-06-24 20:38:41,629 [INFO] IPUIPlugin:80 - create IPUIPlugin
2025-06-24 20:38:41,629 [INFO] IPUIPlugin:80 - create IPUIPlugin
2025-06-24 20:38:41,630 [INFO] IPUIPlugin:80 - create IPUIPlugin
2025-06-24 20:38:41,630 [INFO] IPUIPlugin:80 - create IPUIPlugin
2025-06-24 20:38:41,630 [INFO] IPUIPlugin:80 - create IPUIPlugin
2025-06-24 20:38:41,630 [INFO] IPUIPlugin:80 - create IPUIPlugin
2025-06-24 20:38:41,631 [INFO] IPUIPlugin:80 - create IPUIPlugin
2025-06-24 20:38:41,631 [INFO] IPUIPlugin:80 - create IPUIPlugin
2025-06-24 20:38:41,631 [INFO] IPUIPlugin:80 - create IPUIPlugin
2025-06-24 20:38:41,631 [INFO] IPUIPlugin:80 - create IPUIPlugin
2025-06-24 20:38:41,631 [INFO] IPUIPlugin:80 - create IPUIPlugin
2025-06-24 20:38:41,631 [INFO] IPUIPlugin:80 - create IPUIPlugin
2025-06-24 20:38:41,631 [INFO] IPUIPlugin:80 - create IPUIPlugin
2025-06-24 20:38:41,631 [INFO] IPUIPlugin:80 - create IPUIPlugin
2025-06-24 20:38:41,632 [INFO] IPUIPlugin:80 - create IPUIPlugin
2025-06-24 20:38:41,632 [INFO] IPUIPlugin:80 - create IPUIPlugin
2025-06-24 20:38:41,632 [INFO] IPUIPlugin:80 - create IPUIPlugin
2025-06-24 20:38:41,633 [INFO] IPUIPlugin:80 - create IPUIPlugin
2025-06-24 20:38:41,680 [INFO] ApiDbMcu:507 - Load IP Config File for PDM2PCM
2025-06-24 20:38:41,810 [INFO] CADModel:165 - CPN selected for project levelSTM32F405RGT6
2025-06-24 20:38:41,810 [INFO] CADModel:114 - Register for checkConnection events
2025-06-24 20:38:41,850 [INFO] OpenFileManager:328 - Restore cursor
2025-06-24 20:42:11,258 [INFO] Mcu:1596 - InternalPropertyChange: try BijectiveRequest:Asynchronous
2025-06-24 20:42:18,296 [INFO] Mcu:1596 - InternalPropertyChange: try BijectiveRequest:Asynchronous
2025-06-24 20:57:09,537 [INFO] UtilMem:75 - End SaveConfig() Used Memory: 623360856 Bytes (703594496)
2025-06-24 20:57:09,740 [INFO] UtilMem:75 - End SaveConfig() Used Memory: 649271856 Bytes (703594496)
2025-06-24 20:57:09,977 [INFO] UtilMem:75 - End SaveConfig() Used Memory: 647732192 Bytes (703594496)
2025-06-24 20:57:10,676 [INFO] BlockDiagram:2759 - set Specific Code input for plugin: SPI
2025-06-24 20:57:10,676 [INFO] BlockDiagram:2759 - set Specific Code input for plugin: SPI
2025-06-24 20:57:10,676 [INFO] BlockDiagram:2759 - set Specific Code input for plugin: SPI
2025-06-24 20:57:10,677 [INFO] BlockDiagram:2759 - set Specific Code input for plugin: RCC
2025-06-24 20:57:10,677 [INFO] BlockDiagram:2759 - set Specific Code input for plugin: NVIC
2025-06-24 20:57:10,677 [INFO] BlockDiagram:2759 - set Specific Code input for plugin: USART
2025-06-24 20:57:10,677 [INFO] BlockDiagram:2759 - set Specific Code input for plugin: USART
2025-06-24 20:57:10,677 [INFO] BlockDiagram:2759 - set Specific Code input for plugin: USART
2025-06-24 20:57:10,677 [INFO] BlockDiagram:2759 - set Specific Code input for plugin: USART
2025-06-24 20:57:10,677 [INFO] BlockDiagram:2759 - set Specific Code input for plugin: UART
2025-06-24 20:57:10,677 [INFO] BlockDiagram:2759 - set Specific Code input for plugin: UART
2025-06-24 20:57:10,678 [INFO] BlockDiagram:2759 - set Specific Code input for plugin: GPIO
2025-06-24 20:57:10,679 [INFO] CodeGenerator:793 - code generatio: config db path: /app/stm32cubeide/plugins/com.st.stm32cube.common.mx_6.8.0.202302231600//db/
2025-06-24 20:57:11,140 [INFO] CodeEngine:255 - oldGeneratedFile, /home/amer/STM32CubeIDE/workspace_1.12.0/model-A/MXTmpFiles/license.tmp_save
2025-06-24 20:57:11,526 [INFO] CodeEngine:279 - Generated code: /home/amer/STM32CubeIDE/workspace_1.12.0/model-A/MXTmpFiles/license.tmp
2025-06-24 20:57:11,659 [INFO] CodeEngine:255 - oldGeneratedFile, /home/amer/STM32CubeIDE/workspace_1.12.0/model-A/MXTmpFiles/gpio.tmp_save
2025-06-24 20:57:11,787 [INFO] CodeEngine:279 - Generated code: /home/amer/STM32CubeIDE/workspace_1.12.0/model-A/MXTmpFiles/gpio.tmp
2025-06-24 20:57:12,315 [INFO] CodeEngine:255 - oldGeneratedFile, /home/amer/STM32CubeIDE/workspace_1.12.0/model-A/Core/Src/stm32f4xx_it.c_save
2025-06-24 20:57:12,476 [INFO] CodeEngine:279 - Generated code: /home/amer/STM32CubeIDE/workspace_1.12.0/model-A/Core/Src/stm32f4xx_it.c
2025-06-24 20:57:12,477 [INFO] CodeEngine:255 - oldGeneratedFile, /home/amer/STM32CubeIDE/workspace_1.12.0/model-A/Core/Inc/stm32f4xx_it.h_save
2025-06-24 20:57:12,579 [INFO] CodeEngine:279 - Generated code: /home/amer/STM32CubeIDE/workspace_1.12.0/model-A/Core/Inc/stm32f4xx_it.h
2025-06-24 20:57:12,605 [INFO] CodeEngine:255 - oldGeneratedFile, /home/amer/STM32CubeIDE/workspace_1.12.0/model-A/Core/Src/stm32f4xx_hal_msp.c_save
2025-06-24 20:57:12,814 [INFO] CodeEngine:279 - Generated code: /home/amer/STM32CubeIDE/workspace_1.12.0/model-A/Core/Src/stm32f4xx_hal_msp.c
2025-06-24 20:57:12,815 [INFO] CodeEngine:255 - oldGeneratedFile, /home/amer/STM32CubeIDE/workspace_1.12.0/model-A/MXTmpFiles/system.tmp_save
2025-06-24 20:57:12,907 [INFO] CodeEngine:279 - Generated code: /home/amer/STM32CubeIDE/workspace_1.12.0/model-A/MXTmpFiles/system.tmp
2025-06-24 20:57:12,911 [INFO] CodeEngine:311 - oldGeneratedFile, /home/amer/STM32CubeIDE/workspace_1.12.0/model-A/Core/Inc/stm32f4xx_hal_conf.h_save
2025-06-24 20:57:13,026 [INFO] CodeEngine:335 - Generated code: /home/amer/STM32CubeIDE/workspace_1.12.0/model-A/Core/Inc/stm32f4xx_hal_conf.h
2025-06-24 20:57:13,070 [INFO] CodeEngine:255 - oldGeneratedFile, /home/amer/STM32CubeIDE/workspace_1.12.0/model-A/Core/Inc/main.h_save
2025-06-24 20:57:13,181 [INFO] CodeEngine:279 - Generated code: /home/amer/STM32CubeIDE/workspace_1.12.0/model-A/Core/Inc/main.h
2025-06-24 20:57:13,183 [INFO] CodeEngine:255 - oldGeneratedFile, /home/amer/STM32CubeIDE/workspace_1.12.0/model-A/Core/Src/main.c_save
2025-06-24 20:57:13,378 [INFO] CodeEngine:279 - Generated code: /home/amer/STM32CubeIDE/workspace_1.12.0/model-A/Core/Src/main.c
2025-06-24 20:57:13,918 [INFO] ProjectBuilder:2996 - Time for Copy HAL[1] : 53mS.
2025-06-24 20:57:13,930 [INFO] ProjectBuilder:4304 - Project Generator version: 3.19.2
2025-06-24 20:57:14,233 [INFO] ConfigFileManager:1483 - The Die is : DIE413
2025-06-24 20:57:14,251 [INFO] ApiDbMcu:507 - Load IP Config File for FATFS
2025-06-24 20:57:14,277 [INFO] ApiDbMcu:507 - Load IP Config File for FREERTOS
2025-06-24 20:57:14,280 [INFO] ApiDbMcu:507 - Load IP Config File for LIBJPEG
2025-06-24 20:57:14,315 [INFO] ApiDbMcu:507 - Load IP Config File for MBEDTLS
2025-06-24 20:57:14,350 [INFO] ApiDbMcu:507 - Load IP Config File for USB_DEVICE
2025-06-24 20:57:14,361 [INFO] ApiDbMcu:507 - Load IP Config File for USB_HOST
2025-06-24 20:57:15,112 [INFO] LogOutputStream:77 - [STDOUT_REDIRECT] 
2025-06-24 20:57:15,892 [INFO] ProjectBuilder:4505 - Time for Generating toolchain IDE Files: 1960mS.
2025-06-24 20:57:15,892 [INFO] ProjectBuilder:2867 - Time for Copy CMSIS : 0mS.
2025-06-24 20:57:15,893 [INFO] ProjectBuilder:2867 - Time for Copy CMSIS : 0mS.
