2025-06-11 20:20:49,177 [INFO] MainUpdater:2854 - connection check result : 10
2025-06-11 20:20:49,327 [INFO] McuFinderGlobals:66 - Set McuFinderConnectedMode to true
2025-06-11 20:20:49,330 [INFO] MultiScanPanel:200 - Auto-refresh data requested => check proxy status ongoing
2025-06-11 20:20:49,330 [INFO] FinderPluginLoader:95 - Searching for filters in installed packs
2025-06-11 20:20:50,555 [INFO] LoadUrlFilesThread:185 - End of LoadServerUrlFiles without Thread
2025-06-11 20:20:50,557 [INFO] DetailPanel:341 - Set advertising image to /home/amer/STM32Cube/Repository//en.summit-h1-25-promotion.jpg
2025-06-11 20:21:00,212 [INFO] ApiDb:581 - Connected to CubeFinder SQLite database (/home/amer/.stmcufinder/plugins/mcufinder/mcu/cube-finder-db.db)
2025-06-11 20:21:51,687 [INFO] McuResultTable:1387 - Unmark MCU STM32F405RGT6 as favorite
2025-06-11 20:21:53,153 [INFO] McuResultTable:1387 - Mark MCU STM32F405RGT6 as favorite
2025-06-11 20:21:53,160 [INFO] McuResultTable:1387 - Unmark MCU STM32F405RGT6 as favorite
2025-06-11 20:22:41,199 [INFO] MainUpdater:2854 - connection check result : 10
2025-06-11 20:22:41,199 [INFO] MainUpdater:2854 - connection check result : 10
2025-06-11 20:22:41,208 [ERROR] IocParser:57 - IOException caught: /home/amer/STM32CubeIDE/workspace_1.12.0/project_traning/project_traning.ioc (No such file or directory)
2025-06-11 20:22:41,208 [ERROR] PeripheralListParser:95 - Something went wrong with ioc file reading: /home/amer/STM32CubeIDE/workspace_1.12.0/project_traning/project_traning.ioc (No such file or directory)
2025-06-11 20:22:41,209 [ERROR] RegexParser:59 - Issue caught when parsing regex: /home/amer/STM32CubeIDE/workspace_1.12.0/project_traning/project_traning.ioc (No such file or directory)
2025-06-11 20:22:41,525 [INFO] MicroXplorer:468 - Change Database Path : 
2025-06-11 20:22:41,525 [INFO] MicroXplorer:498 - Change Database Version : DB.6.0.80
2025-06-11 20:22:41,540 [WARN] ThirdParty:871 - waiting for thirdparty lock release [close project]
2025-06-11 20:22:41,540 [INFO] ThirdParty:873 - entering critical section [close project]
2025-06-11 20:22:41,540 [INFO] ThirdParty:883 - exiting critical section [close project]
2025-06-11 20:22:41,541 [INFO] PinOutPanel:1499 - setPackage(No Configuration,No Configuration)
2025-06-11 20:22:41,562 [WARN] IpParametersView:150 - Warning: This peripheral hasn't parameters
2025-06-11 20:22:41,575 [WARN] MainPanel:257 - <html><b><center>Warning: This peripheral has no parameters to be configured<br></b></html>
2025-06-11 20:22:41,591 [INFO] UtilMem:75 - Begin LoadConfig() Used Memory: 283357200 Bytes (804257792)
2025-06-11 20:22:41,592 [INFO] MicroXplorer:468 - Change Database Path : 
2025-06-11 20:22:41,592 [INFO] MicroXplorer:498 - Change Database Version : DB.6.0.80
2025-06-11 20:22:41,592 [INFO] OpenFileManager:308 - Change cursor
2025-06-11 20:22:41,605 [INFO] RulesReader:64 - Compatibility file has been processed (293 Rules)
2025-06-11 20:22:41,609 [INFO] Mcu:1937 - Initializing MCU STM32F405RGTx STM32F405RGTx 
2025-06-11 20:22:41,609 [INFO] Mcu:1950 - No CPN specified => set CPN to STM32F405RGT6
2025-06-11 20:22:42,402 [INFO] Context:659 - Trying to add GPIOservice into a context  which must be forbidden
2025-06-11 20:22:42,638 [INFO] ImportTextPane:194 - (OptionalMessage_ERROR) Unable to find key (Mcu.ThirdPartyNb) in loaded IOC file
2025-06-11 20:22:42,638 [INFO] ImportTextPane:194 - (OptionalMessage_ERROR) Unable to find key (Mcu.PinsNb) in loaded IOC file
2025-06-11 20:22:42,638 [INFO] ImportTextPane:194 - (OptionalMessage_ERROR) Unable to find key (Mcu.IPNb) in loaded IOC file
2025-06-11 20:22:42,662 [INFO] RtosManager:555 - Registered RTOS mode: class=CMSIS, group=RTOS, mode=CMSIS_V1, owner=FREERTOS
2025-06-11 20:22:42,662 [INFO] RtosManager:555 - Registered RTOS mode: class=CMSIS, group=RTOS2, mode=CMSIS_V2, owner=FREERTOS
2025-06-11 20:22:42,662 [INFO] RtosManager:555 - Registered RTOS mode: class=RTOS, group=Core, mode=CMSIS_V1, owner=FREERTOS
2025-06-11 20:22:42,662 [INFO] RtosManager:555 - Registered RTOS mode: class=RTOS, group=Core, mode=CMSIS_V2, owner=FREERTOS
2025-06-11 20:22:42,662 [WARN] ModelIntegratedComponent:184 - Missing modes for component STMicroelectronics:FreeRTOS:0.0.1:STMicroelectronics:RTOS:FreeRTOS:Core:::10.2.0:
2025-06-11 20:22:42,668 [WARN] ModelIntegratedComponent:63 - No mode defined for component null
2025-06-11 20:22:42,668 [WARN] ModelIntegratedComponent:63 - No mode defined for component null
2025-06-11 20:22:42,668 [WARN] ModelIntegratedComponent:63 - No mode defined for component null
2025-06-11 20:22:42,669 [WARN] ModelIntegratedComponent:63 - No mode defined for component null
2025-06-11 20:22:42,669 [WARN] ModelIntegratedComponent:63 - No mode defined for component null
2025-06-11 20:22:42,669 [WARN] ModelIntegratedComponent:63 - No mode defined for component null
2025-06-11 20:22:42,669 [WARN] ModelIntegratedComponent:63 - No mode defined for component null
2025-06-11 20:22:42,669 [WARN] ModelIntegratedComponent:63 - No mode defined for component null
2025-06-11 20:22:42,669 [WARN] ModelIntegratedComponent:63 - No mode defined for component null
2025-06-11 20:22:42,669 [WARN] ModelIntegratedComponent:63 - No mode defined for component null
2025-06-11 20:22:42,669 [WARN] ModelIntegratedComponent:63 - No mode defined for component null
2025-06-11 20:22:42,669 [WARN] ModelIntegratedComponent:63 - No mode defined for component null
2025-06-11 20:22:42,669 [WARN] ModelIntegratedComponent:63 - No mode defined for component null
2025-06-11 20:22:42,669 [WARN] ModelIntegratedComponent:63 - No mode defined for component null
2025-06-11 20:22:42,669 [WARN] ModelIntegratedComponent:63 - No mode defined for component null
2025-06-11 20:22:42,669 [WARN] ModelIntegratedComponent:63 - No mode defined for component null
2025-06-11 20:22:42,669 [WARN] ModelIntegratedComponent:63 - No mode defined for component null
2025-06-11 20:22:42,669 [WARN] ModelIntegratedComponent:63 - No mode defined for component null
2025-06-11 20:22:42,669 [WARN] ModelIntegratedComponent:63 - No mode defined for component null
2025-06-11 20:22:42,669 [WARN] ModelIntegratedComponent:63 - No mode defined for component null
2025-06-11 20:22:42,669 [WARN] ModelIntegratedComponent:63 - No mode defined for component null
2025-06-11 20:22:42,669 [WARN] ModelIntegratedComponent:63 - No mode defined for component null
2025-06-11 20:22:42,669 [WARN] ModelIntegratedComponent:63 - No mode defined for component null
2025-06-11 20:22:42,669 [WARN] ModelIntegratedComponent:63 - No mode defined for component null
2025-06-11 20:22:42,669 [WARN] ModelIntegratedComponent:63 - No mode defined for component null
2025-06-11 20:22:42,669 [WARN] ModelIntegratedComponent:63 - No mode defined for component null
2025-06-11 20:22:42,669 [WARN] ModelIntegratedComponent:63 - No mode defined for component null
2025-06-11 20:22:42,670 [WARN] ModelIntegratedComponent:63 - No mode defined for component null
2025-06-11 20:22:42,670 [WARN] ModelIntegratedComponent:63 - No mode defined for component null
2025-06-11 20:22:42,670 [WARN] ModelIntegratedComponent:63 - No mode defined for component null
2025-06-11 20:22:42,670 [WARN] ModelIntegratedComponent:63 - No mode defined for component null
2025-06-11 20:22:42,670 [WARN] ModelIntegratedComponent:63 - No mode defined for component null
2025-06-11 20:22:42,670 [WARN] ModelIntegratedComponent:63 - No mode defined for component null
2025-06-11 20:22:42,803 [INFO] ThirdPartyModel:298 - Start build external matchings
2025-06-11 20:22:43,143 [INFO] ThirdPartyModel:316 - End build external matchings
2025-06-11 20:22:43,301 [INFO] UtilMem:75 - End LoadConfig() Used Memory: 341717616 Bytes (804257792)
2025-06-11 20:22:43,308 [WARN] ThirdParty:833 - waiting for thirdparty lock release [change project]
2025-06-11 20:22:43,308 [INFO] ThirdParty:835 - entering critical section [change project]
2025-06-11 20:22:43,308 [INFO] ThirdParty:1030 - CMSIS Pack Vendor :STMicroelectronics X-CUBE-AZRTOS-H7 3.3.0
2025-06-11 20:22:43,308 [INFO] ThirdParty:1030 - CMSIS Pack Vendor :STMicroelectronics X-CUBE-NFC9 1.0.0
2025-06-11 20:22:43,308 [INFO] ThirdParty:1030 - CMSIS Pack Vendor :wolfSSL I-CUBE-wolfSSL 5.8.0
2025-06-11 20:22:43,308 [INFO] ThirdParty:1030 - CMSIS Pack Vendor :STMicroelectronics USB_HOST 2.0.0
2025-06-11 20:22:43,308 [INFO] ThirdParty:1030 - CMSIS Pack Vendor :STMicroelectronics FP-SNS-MOTENVWB1 1.4.0
2025-06-11 20:22:43,308 [INFO] ThirdParty:1030 - CMSIS Pack Vendor :STMicroelectronics X-CUBE-AZRTOS-F4 1.1.0
2025-06-11 20:22:43,308 [INFO] ThirdParty:1030 - CMSIS Pack Vendor :STMicroelectronics LIBJPEG 8.0.0
2025-06-11 20:22:43,308 [INFO] ThirdParty:1030 - CMSIS Pack Vendor :STMicroelectronics FP-ATR-ASTRA1 2.0.2
2025-06-11 20:22:43,308 [INFO] ThirdParty:1030 - CMSIS Pack Vendor :STMicroelectronics X-CUBE-BLE1 7.1.0
2025-06-11 20:22:43,308 [INFO] ThirdParty:1030 - CMSIS Pack Vendor :STMicroelectronics X-CUBE-SMBUS 2.1.0
2025-06-11 20:22:43,308 [INFO] ThirdParty:1030 - CMSIS Pack Vendor :wolfSSL I-CUBE-wolfMQTT 1.19.2
2025-06-11 20:22:43,308 [INFO] ThirdParty:1030 - CMSIS Pack Vendor :STMicroelectronics USB_DEVICE 3.0.0
2025-06-11 20:22:43,308 [INFO] ThirdParty:1030 - CMSIS Pack Vendor :STMicroelectronics X-CUBE-ISPU 2.1.0
2025-06-11 20:22:43,309 [INFO] ThirdParty:1030 - CMSIS Pack Vendor :STMicroelectronics X-CUBE-AZRTOS-WB 2.0.0
2025-06-11 20:22:43,309 [INFO] ThirdParty:1030 - CMSIS Pack Vendor :STMicroelectronics X-CUBE-GNSS1 7.0.1
2025-06-11 20:22:43,309 [INFO] ThirdParty:1030 - CMSIS Pack Vendor :STMicroelectronics X-CUBE-AZRTOS-F7 1.1.0
2025-06-11 20:22:43,309 [INFO] ThirdParty:1030 - CMSIS Pack Vendor :STMicroelectronics X-CUBE-AZRTOS-L5 2.0.0
2025-06-11 20:22:43,309 [INFO] ThirdParty:1030 - CMSIS Pack Vendor :STMicroelectronics X-CUBE-TOUCHGFX 4.25.0
2025-06-11 20:22:43,309 [INFO] ThirdParty:1030 - CMSIS Pack Vendor :STMicroelectronics USB_DEVICE 2.0.0
2025-06-11 20:22:43,309 [INFO] ThirdParty:1030 - CMSIS Pack Vendor :STMicroelectronics X-CUBE-NFC6 3.1.0
2025-06-11 20:22:43,309 [INFO] ThirdParty:1030 - CMSIS Pack Vendor :STMicroelectronics X-CUBE-AI 10.1.0
2025-06-11 20:22:43,309 [INFO] ThirdParty:1030 - CMSIS Pack Vendor :STMicroelectronics FreeRTOS 0.0.1
2025-06-11 20:22:43,309 [INFO] ThirdParty:1030 - CMSIS Pack Vendor :STMicroelectronics X-CUBE-AZRTOS-G0 1.1.0
2025-06-11 20:22:43,309 [INFO] ThirdParty:1030 - CMSIS Pack Vendor :STMicroelectronics X-CUBE-SAFEA1 1.2.2
2025-06-11 20:22:43,309 [INFO] ThirdParty:1030 - CMSIS Pack Vendor :STMicroelectronics X-CUBE-NFC4 3.0.0
2025-06-11 20:22:43,309 [INFO] ThirdParty:1030 - CMSIS Pack Vendor :STMicroelectronics X-CUBE-SUBG2 5.0.0
2025-06-11 20:22:43,309 [INFO] ThirdParty:1030 - CMSIS Pack Vendor :STMicroelectronics X-CUBE-AZRTOS-H7RS 1.1.0
2025-06-11 20:22:43,309 [INFO] ThirdParty:1030 - CMSIS Pack Vendor :STMicroelectronics STM32_WPAN 1.0.0
2025-06-11 20:22:43,309 [INFO] ThirdParty:1030 - CMSIS Pack Vendor :STMicroelectronics lwIP 2.0.3
2025-06-11 20:22:43,309 [INFO] ThirdParty:1030 - CMSIS Pack Vendor :Cesanta I-CUBE-Mongoose 7.13.0
2025-06-11 20:22:43,309 [INFO] ThirdParty:1030 - CMSIS Pack Vendor :STMicroelectronics USB_HOST 1.0.0
2025-06-11 20:22:43,309 [INFO] ThirdParty:1030 - CMSIS Pack Vendor :STMicroelectronics X-CUBE-AZRTOS-G4 2.0.0
2025-06-11 20:22:43,309 [INFO] ThirdParty:1030 - CMSIS Pack Vendor :STMicroelectronics X-CUBE-WB05N 2.0.0
2025-06-11 20:22:43,309 [INFO] ThirdParty:1030 - CMSIS Pack Vendor :STMicroelectronics PDM2PCM 3.1.0
2025-06-11 20:22:43,309 [INFO] ThirdParty:1030 - CMSIS Pack Vendor :STMicroelectronics PDM2PCM 3.3.0
2025-06-11 20:22:43,309 [INFO] ThirdParty:1030 - CMSIS Pack Vendor :wolfSSL I-CUBE-wolfTPM 3.8.0
2025-06-11 20:22:43,309 [INFO] ThirdParty:1030 - CMSIS Pack Vendor :STMicroelectronics X-CUBE-DISPLAY 3.0.0
2025-06-11 20:22:43,309 [INFO] ThirdParty:1030 - CMSIS Pack Vendor :wolfSSL I-CUBE-wolfSSH 1.4.20
2025-06-11 20:22:43,309 [INFO] ThirdParty:1030 - CMSIS Pack Vendor :STMicroelectronics X-CUBE-NFC7 2.0.0
2025-06-11 20:22:43,309 [INFO] ThirdParty:1030 - CMSIS Pack Vendor :STMicroelectronics FP-ATR-SIGFOX1 3.2.0
2025-06-11 20:22:43,309 [INFO] ThirdParty:1030 - CMSIS Pack Vendor :STMicroelectronics X-CUBE-NFC10 1.0.0
2025-06-11 20:22:43,309 [INFO] ThirdParty:1030 - CMSIS Pack Vendor :STMicroelectronics X-CUBE-EEPRMA1 5.1.0
2025-06-11 20:22:43,309 [INFO] ThirdParty:1030 - CMSIS Pack Vendor :STMicroelectronics X-CUBE-FREERTOS 1.3.1
2025-06-11 20:22:43,309 [INFO] ThirdParty:1030 - CMSIS Pack Vendor :STMicroelectronics HAL Drivers 0.0.0
2025-06-11 20:22:43,309 [INFO] ThirdParty:1030 - CMSIS Pack Vendor :STMicroelectronics MBEDTLS 2.16.2
2025-06-11 20:22:43,309 [INFO] ThirdParty:1030 - CMSIS Pack Vendor :STMicroelectronics X-CUBE-ALS 1.0.2
2025-06-11 20:22:43,309 [INFO] ThirdParty:1030 - CMSIS Pack Vendor :emotas I-CUBE-CANOPEN 1.3.0
2025-06-11 20:22:43,309 [INFO] ThirdParty:1030 - CMSIS Pack Vendor :STMicroelectronics MBEDTLS 2.14.1
2025-06-11 20:22:43,309 [INFO] ThirdParty:1030 - CMSIS Pack Vendor :ITTIA_DB I-CUBE-ITTIADB 8.9.0
2025-06-11 20:22:43,309 [INFO] ThirdParty:1030 - CMSIS Pack Vendor :portGmbH I-Cube-SoM-uGOAL 1.1.0
2025-06-11 20:22:43,309 [INFO] ThirdParty:1030 - CMSIS Pack Vendor :STMicroelectronics ThreadX 1.0.0
2025-06-11 20:22:43,309 [INFO] ThirdParty:1030 - CMSIS Pack Vendor :STMicroelectronics FP-SNS-SMARTAG2 1.2.0
2025-06-11 20:22:43,309 [INFO] ThirdParty:1030 - CMSIS Pack Vendor :STMicroelectronics X-CUBE-AZRTOS-WL 2.0.0
2025-06-11 20:22:43,309 [INFO] ThirdParty:1030 - CMSIS Pack Vendor :SEGGER I-CUBE-embOS 1.3.1
2025-06-11 20:22:43,309 [INFO] ThirdParty:1030 - CMSIS Pack Vendor :STMicroelectronics X-CUBE-ALGOBUILD 1.4.0
2025-06-11 20:22:43,309 [INFO] ThirdParty:1030 - CMSIS Pack Vendor :STMicroelectronics X-CUBE-MEMS1 11.3.0
2025-06-11 20:22:43,309 [INFO] ThirdParty:1030 - CMSIS Pack Vendor :STMicroelectronics FP-SNS-MOTENV1 5.0.0
2025-06-11 20:22:43,309 [INFO] ThirdParty:1030 - CMSIS Pack Vendor :STMicroelectronics USB_DEVICE 1.0.0
2025-06-11 20:22:43,309 [INFO] ThirdParty:1030 - CMSIS Pack Vendor :STMicroelectronics X-CUBE-AZRTOS-L4 2.0.0
2025-06-11 20:22:43,309 [INFO] ThirdParty:1030 - CMSIS Pack Vendor :STMicroelectronics ThreadX 0.0.2
2025-06-11 20:22:43,309 [INFO] ThirdParty:1030 - CMSIS Pack Vendor :WES I-CUBE-Cesium 1.3.0
2025-06-11 20:22:43,309 [INFO] ThirdParty:1030 - CMSIS Pack Vendor :STMicroelectronics lwIP 2.1.2
2025-06-11 20:22:43,309 [INFO] ThirdParty:1030 - CMSIS Pack Vendor :STMicroelectronics X-CUBE-SFXS2LP1 4.0.0
2025-06-11 20:22:43,309 [INFO] ThirdParty:1030 - CMSIS Pack Vendor :STMicroelectronics X-CUBE-BLE2 3.3.0
2025-06-11 20:22:43,309 [INFO] ThirdParty:1030 - CMSIS Pack Vendor :STMicroelectronics PDM2PCM 3.2.0
2025-06-11 20:22:43,310 [INFO] ThirdParty:841 - exiting critical section [change project]
2025-06-11 20:22:43,531 [INFO] PinOutPanel:1499 - setPackage(No Configuration,No Configuration)
2025-06-11 20:22:43,533 [INFO] PinOutPanel:1499 - setPackage(STM32F405RGTx,LQFP64)
2025-06-11 20:22:43,750 [INFO] UtilMem:75 - Before build in PCC Used Memory: 290831048 Bytes (804257792)
2025-06-11 20:22:44,031 [INFO] UtilMem:75 - After build in PCC Used Memory: 336442056 Bytes (804257792)
2025-06-11 20:22:44,066 [INFO] IPUIPlugin:80 - create IPUIPlugin
2025-06-11 20:22:44,066 [INFO] IPUIPlugin:80 - create IPUIPlugin
2025-06-11 20:22:44,067 [INFO] IPUIPlugin:80 - create IPUIPlugin
2025-06-11 20:22:44,067 [INFO] IPUIPlugin:80 - create IPUIPlugin
2025-06-11 20:22:44,067 [INFO] IPUIPlugin:80 - create IPUIPlugin
2025-06-11 20:22:44,067 [INFO] IPUIPlugin:80 - create IPUIPlugin
2025-06-11 20:22:44,067 [INFO] IPUIPlugin:80 - create IPUIPlugin
2025-06-11 20:22:44,067 [INFO] IPUIPlugin:80 - create IPUIPlugin
2025-06-11 20:22:44,067 [INFO] IPUIPlugin:80 - create IPUIPlugin
2025-06-11 20:22:44,067 [INFO] IPUIPlugin:80 - create IPUIPlugin
2025-06-11 20:22:44,068 [INFO] IPUIPlugin:80 - create IPUIPlugin
2025-06-11 20:22:44,068 [INFO] IPUIPlugin:80 - create IPUIPlugin
2025-06-11 20:22:44,068 [INFO] IPUIPlugin:80 - create IPUIPlugin
2025-06-11 20:22:44,068 [INFO] IPUIPlugin:80 - create IPUIPlugin
2025-06-11 20:22:44,068 [INFO] IPUIPlugin:80 - create IPUIPlugin
2025-06-11 20:22:44,068 [INFO] IPUIPlugin:80 - create IPUIPlugin
2025-06-11 20:22:44,068 [INFO] IPUIPlugin:80 - create IPUIPlugin
2025-06-11 20:22:44,068 [INFO] IPUIPlugin:80 - create IPUIPlugin
2025-06-11 20:22:44,068 [INFO] IPUIPlugin:80 - create IPUIPlugin
2025-06-11 20:22:44,068 [INFO] IPUIPlugin:80 - create IPUIPlugin
2025-06-11 20:22:44,068 [INFO] IPUIPlugin:80 - create IPUIPlugin
2025-06-11 20:22:44,069 [INFO] IPUIPlugin:80 - create IPUIPlugin
2025-06-11 20:22:44,069 [INFO] IPUIPlugin:80 - create IPUIPlugin
2025-06-11 20:22:44,069 [INFO] IPUIPlugin:80 - create IPUIPlugin
2025-06-11 20:22:44,069 [INFO] IPUIPlugin:80 - create IPUIPlugin
2025-06-11 20:22:44,069 [INFO] IPUIPlugin:80 - create IPUIPlugin
2025-06-11 20:22:44,069 [INFO] IPUIPlugin:80 - create IPUIPlugin
2025-06-11 20:22:44,069 [INFO] IPUIPlugin:80 - create IPUIPlugin
2025-06-11 20:22:44,070 [INFO] IPUIPlugin:80 - create IPUIPlugin
2025-06-11 20:22:44,070 [INFO] IPUIPlugin:80 - create IPUIPlugin
2025-06-11 20:22:44,070 [INFO] IPUIPlugin:80 - create IPUIPlugin
2025-06-11 20:22:44,070 [INFO] IPUIPlugin:80 - create IPUIPlugin
2025-06-11 20:22:44,070 [INFO] IPUIPlugin:80 - create IPUIPlugin
2025-06-11 20:22:44,070 [INFO] IPUIPlugin:80 - create IPUIPlugin
2025-06-11 20:22:44,071 [INFO] IPUIPlugin:80 - create IPUIPlugin
2025-06-11 20:22:44,071 [INFO] IPUIPlugin:80 - create IPUIPlugin
2025-06-11 20:22:44,071 [INFO] IPUIPlugin:80 - create IPUIPlugin
2025-06-11 20:22:44,071 [INFO] IPUIPlugin:80 - create IPUIPlugin
2025-06-11 20:22:44,071 [INFO] IPUIPlugin:80 - create IPUIPlugin
2025-06-11 20:22:44,071 [INFO] IPUIPlugin:80 - create IPUIPlugin
2025-06-11 20:22:44,072 [INFO] IPUIPlugin:80 - create IPUIPlugin
2025-06-11 20:22:44,072 [INFO] IPUIPlugin:80 - create IPUIPlugin
2025-06-11 20:22:44,072 [INFO] IPUIPlugin:80 - create IPUIPlugin
2025-06-11 20:22:44,072 [INFO] IPUIPlugin:80 - create IPUIPlugin
2025-06-11 20:22:44,072 [INFO] IPUIPlugin:80 - create IPUIPlugin
2025-06-11 20:22:44,072 [INFO] IPUIPlugin:80 - create IPUIPlugin
2025-06-11 20:22:44,072 [INFO] IPUIPlugin:80 - create IPUIPlugin
2025-06-11 20:22:44,072 [INFO] IPUIPlugin:80 - create IPUIPlugin
2025-06-11 20:22:44,072 [INFO] IPUIPlugin:80 - create IPUIPlugin
2025-06-11 20:22:44,073 [INFO] IPUIPlugin:80 - create IPUIPlugin
2025-06-11 20:22:44,073 [INFO] IPUIPlugin:80 - create IPUIPlugin
2025-06-11 20:22:44,073 [INFO] IPUIPlugin:80 - create IPUIPlugin
2025-06-11 20:22:44,074 [INFO] IPUIPlugin:80 - create IPUIPlugin
2025-06-11 20:22:44,074 [INFO] IPUIPlugin:80 - create IPUIPlugin
2025-06-11 20:22:44,078 [INFO] ApiDbMcu:507 - Load IP Config File for PDM2PCM
2025-06-11 20:22:44,095 [INFO] CADModel:165 - CPN selected for project levelSTM32F405RGT6
2025-06-11 20:22:44,095 [INFO] CADModel:114 - Register for checkConnection events
2025-06-11 20:22:44,134 [INFO] OpenFileManager:328 - Restore cursor
2025-06-11 20:22:44,569 [INFO] UtilMem:75 - End SaveConfig() Used Memory: 423781408 Bytes (804257792)
2025-06-11 20:22:44,619 [INFO] UtilMem:75 - End SaveConfig() Used Memory: 443396808 Bytes (804257792)
2025-06-11 20:22:44,832 [INFO] BlockDiagram:2759 - set Specific Code input for plugin: RCC
2025-06-11 20:22:44,832 [INFO] BlockDiagram:2759 - set Specific Code input for plugin: NVIC
2025-06-11 20:22:44,833 [INFO] CodeGenerator:793 - code generatio: config db path: /app/stm32cubeide/plugins/com.st.stm32cube.common.mx_6.8.0.202302231600//db/
2025-06-11 20:22:45,012 [INFO] CodeEngine:255 - oldGeneratedFile, /home/amer/STM32CubeIDE/workspace_1.12.0/cpp_v0/MXTmpFiles/license.tmp_save
2025-06-11 20:22:45,228 [INFO] CodeEngine:279 - Generated code: /home/amer/STM32CubeIDE/workspace_1.12.0/cpp_v0/MXTmpFiles/license.tmp
2025-06-11 20:22:45,235 [INFO] CodeEngine:255 - oldGeneratedFile, /home/amer/STM32CubeIDE/workspace_1.12.0/cpp_v0/Core/Src/stm32f4xx_it.c_save
2025-06-11 20:22:45,654 [INFO] CodeEngine:279 - Generated code: /home/amer/STM32CubeIDE/workspace_1.12.0/cpp_v0/Core/Src/stm32f4xx_it.c
2025-06-11 20:22:45,656 [INFO] CodeEngine:255 - oldGeneratedFile, /home/amer/STM32CubeIDE/workspace_1.12.0/cpp_v0/Core/Inc/stm32f4xx_it.h_save
2025-06-11 20:22:45,745 [INFO] CodeEngine:279 - Generated code: /home/amer/STM32CubeIDE/workspace_1.12.0/cpp_v0/Core/Inc/stm32f4xx_it.h
2025-06-11 20:22:45,786 [INFO] CodeEngine:255 - oldGeneratedFile, /home/amer/STM32CubeIDE/workspace_1.12.0/cpp_v0/Core/Src/stm32f4xx_hal_msp.c_save
2025-06-11 20:22:45,910 [INFO] CodeEngine:279 - Generated code: /home/amer/STM32CubeIDE/workspace_1.12.0/cpp_v0/Core/Src/stm32f4xx_hal_msp.c
2025-06-11 20:22:45,919 [INFO] CodeEngine:255 - oldGeneratedFile, /home/amer/STM32CubeIDE/workspace_1.12.0/cpp_v0/MXTmpFiles/system.tmp_save
2025-06-11 20:22:45,985 [INFO] CodeEngine:279 - Generated code: /home/amer/STM32CubeIDE/workspace_1.12.0/cpp_v0/MXTmpFiles/system.tmp
2025-06-11 20:22:45,987 [INFO] CodeEngine:311 - oldGeneratedFile, /home/amer/STM32CubeIDE/workspace_1.12.0/cpp_v0/Core/Inc/stm32f4xx_hal_conf.h_save
2025-06-11 20:22:46,049 [INFO] CodeEngine:335 - Generated code: /home/amer/STM32CubeIDE/workspace_1.12.0/cpp_v0/Core/Inc/stm32f4xx_hal_conf.h
2025-06-11 20:22:46,077 [INFO] CodeEngine:255 - oldGeneratedFile, /home/amer/STM32CubeIDE/workspace_1.12.0/cpp_v0/Core/Inc/main.h_save
2025-06-11 20:22:46,142 [INFO] CodeEngine:279 - Generated code: /home/amer/STM32CubeIDE/workspace_1.12.0/cpp_v0/Core/Inc/main.h
2025-06-11 20:22:46,143 [INFO] CodeEngine:255 - oldGeneratedFile, /home/amer/STM32CubeIDE/workspace_1.12.0/cpp_v0/Core/Src/main.c_save
2025-06-11 20:22:46,232 [INFO] CodeEngine:279 - Generated code: /home/amer/STM32CubeIDE/workspace_1.12.0/cpp_v0/Core/Src/main.c
2025-06-11 20:22:46,707 [INFO] ProjectBuilder:2996 - Time for Copy HAL[1] : 30mS.
2025-06-11 20:22:46,708 [INFO] ProjectBuilder:4304 - Project Generator version: 3.19.2
2025-06-11 20:22:46,891 [INFO] ConfigFileManager:1483 - The Die is : DIE413
2025-06-11 20:22:46,897 [INFO] ApiDbMcu:507 - Load IP Config File for FATFS
2025-06-11 20:22:46,916 [INFO] ApiDbMcu:507 - Load IP Config File for FREERTOS
2025-06-11 20:22:46,919 [INFO] ApiDbMcu:507 - Load IP Config File for LIBJPEG
2025-06-11 20:22:46,949 [INFO] ApiDbMcu:507 - Load IP Config File for MBEDTLS
2025-06-11 20:22:46,975 [INFO] ApiDbMcu:507 - Load IP Config File for USB_DEVICE
2025-06-11 20:22:46,983 [INFO] ApiDbMcu:507 - Load IP Config File for USB_HOST
2025-06-11 20:22:49,472 [INFO] ProjectBuilder:4505 - Time for Generating toolchain IDE Files: 2764mS.
2025-06-11 20:22:49,473 [INFO] ProjectBuilder:2867 - Time for Copy CMSIS : 1mS.
2025-06-11 20:22:49,474 [INFO] ProjectBuilder:2867 - Time for Copy CMSIS : 0mS.
2025-06-11 20:22:50,003 [INFO] McuFinderGlobals:66 - Set McuFinderConnectedMode to true
2025-06-11 20:22:50,008 [INFO] ApiDb:448 - Save user favorites file /home/amer/.stm32cubeide/favorites.mcus.txt: 0 item(s)
2025-06-11 20:22:50,008 [INFO] ApiDb:452 - User favorites MCUs=[]
2025-06-11 22:28:05,462 [INFO] UtilMem:75 - End SaveConfig() Used Memory: 520750432 Bytes (815792128)
2025-06-11 22:28:10,169 [INFO] UtilMem:75 - End SaveConfig() Used Memory: 561118560 Bytes (815792128)
2025-06-11 22:28:20,481 [INFO] UtilMem:75 - End SaveConfig() Used Memory: 696384864 Bytes (815792128)
2025-06-11 22:28:20,784 [INFO] BlockDiagram:2759 - set Specific Code input for plugin: RCC
2025-06-11 22:28:20,784 [INFO] BlockDiagram:2759 - set Specific Code input for plugin: NVIC
2025-06-11 22:28:20,784 [INFO] BlockDiagram:2759 - set Specific Code input for plugin: UART
2025-06-11 22:28:20,784 [INFO] BlockDiagram:2759 - set Specific Code input for plugin: UART
2025-06-11 22:28:20,784 [INFO] BlockDiagram:2759 - set Specific Code input for plugin: GPIO
2025-06-11 22:28:20,784 [INFO] CodeGenerator:793 - code generatio: config db path: /app/stm32cubeide/plugins/com.st.stm32cube.common.mx_6.8.0.202302231600//db/
2025-06-11 22:28:21,022 [INFO] CodeEngine:255 - oldGeneratedFile, /home/amer/STM32CubeIDE/workspace_1.12.0/cpp_v0/MXTmpFiles/license.tmp_save
2025-06-11 22:28:21,162 [INFO] CodeEngine:279 - Generated code: /home/amer/STM32CubeIDE/workspace_1.12.0/cpp_v0/MXTmpFiles/license.tmp
2025-06-11 22:28:21,195 [INFO] CodeEngine:255 - oldGeneratedFile, /home/amer/STM32CubeIDE/workspace_1.12.0/cpp_v0/MXTmpFiles/gpio.tmp_save
2025-06-11 22:28:21,274 [INFO] CodeEngine:279 - Generated code: /home/amer/STM32CubeIDE/workspace_1.12.0/cpp_v0/MXTmpFiles/gpio.tmp
2025-06-11 22:28:21,322 [INFO] CodeEngine:255 - oldGeneratedFile, /home/amer/STM32CubeIDE/workspace_1.12.0/cpp_v0/Core/Src/stm32f4xx_it.c_save
2025-06-11 22:28:21,427 [INFO] CodeEngine:279 - Generated code: /home/amer/STM32CubeIDE/workspace_1.12.0/cpp_v0/Core/Src/stm32f4xx_it.c
2025-06-11 22:28:21,428 [INFO] CodeEngine:255 - oldGeneratedFile, /home/amer/STM32CubeIDE/workspace_1.12.0/cpp_v0/Core/Inc/stm32f4xx_it.h_save
2025-06-11 22:28:21,470 [INFO] CodeEngine:279 - Generated code: /home/amer/STM32CubeIDE/workspace_1.12.0/cpp_v0/Core/Inc/stm32f4xx_it.h
2025-06-11 22:28:21,477 [INFO] CodeEngine:255 - oldGeneratedFile, /home/amer/STM32CubeIDE/workspace_1.12.0/cpp_v0/Core/Src/stm32f4xx_hal_msp.c_save
2025-06-11 22:28:21,587 [INFO] CodeEngine:279 - Generated code: /home/amer/STM32CubeIDE/workspace_1.12.0/cpp_v0/Core/Src/stm32f4xx_hal_msp.c
2025-06-11 22:28:21,589 [INFO] CodeEngine:255 - oldGeneratedFile, /home/amer/STM32CubeIDE/workspace_1.12.0/cpp_v0/MXTmpFiles/system.tmp_save
2025-06-11 22:28:21,636 [INFO] CodeEngine:279 - Generated code: /home/amer/STM32CubeIDE/workspace_1.12.0/cpp_v0/MXTmpFiles/system.tmp
2025-06-11 22:28:21,637 [INFO] CodeEngine:311 - oldGeneratedFile, /home/amer/STM32CubeIDE/workspace_1.12.0/cpp_v0/Core/Inc/stm32f4xx_hal_conf.h_save
2025-06-11 22:28:21,684 [INFO] CodeEngine:335 - Generated code: /home/amer/STM32CubeIDE/workspace_1.12.0/cpp_v0/Core/Inc/stm32f4xx_hal_conf.h
2025-06-11 22:28:21,691 [INFO] CodeEngine:255 - oldGeneratedFile, /home/amer/STM32CubeIDE/workspace_1.12.0/cpp_v0/Core/Inc/main.h_save
2025-06-11 22:28:21,744 [INFO] CodeEngine:279 - Generated code: /home/amer/STM32CubeIDE/workspace_1.12.0/cpp_v0/Core/Inc/main.h
2025-06-11 22:28:21,745 [INFO] CodeEngine:255 - oldGeneratedFile, /home/amer/STM32CubeIDE/workspace_1.12.0/cpp_v0/Core/Src/main.c_save
2025-06-11 22:28:21,817 [INFO] CodeEngine:279 - Generated code: /home/amer/STM32CubeIDE/workspace_1.12.0/cpp_v0/Core/Src/main.c
2025-06-11 22:28:22,296 [INFO] ProjectBuilder:2996 - Time for Copy HAL[1] : 22mS.
2025-06-11 22:28:22,298 [INFO] ProjectBuilder:4304 - Project Generator version: 3.19.2
2025-06-11 22:28:22,582 [INFO] ConfigFileManager:1483 - The Die is : DIE413
2025-06-11 22:28:23,661 [INFO] ProjectBuilder:4505 - Time for Generating toolchain IDE Files: 1363mS.
2025-06-11 22:28:23,661 [INFO] ProjectBuilder:2867 - Time for Copy CMSIS : 0mS.
2025-06-11 22:28:23,662 [INFO] ProjectBuilder:2867 - Time for Copy CMSIS : 1mS.
