2025-07-20 16:00:20,590 [INFO] Activator:176 - 


2025-07-20 16:00:20,592 [INFO] Activator:177 - !SESSION log4j initialized
2025-07-20 16:00:24,387 [INFO] LogOutputStream:77 - [STDOUT_REDIRECT] 
2025-07-20 16:00:25,275 [INFO] ApplicationProperties:184 - Using Application install path: /opt/st/stm32cubeide_1.19.0/plugins/com.st.stm32cube.common.mx_6.15.0.202507011659
2025-07-20 16:00:25,296 [INFO] DbMcusXml:78 - Set database path to: /opt/st/stm32cubeide_1.19.0/plugins/com.st.stm32cube.common.mx_6.15.0.202507011659//db//mcu/
2025-07-20 16:00:25,296 [INFO] ApiDb:274 - Set plugin database path to: /opt/st/stm32cubeide_1.19.0/plugins/com.st.stm32cube.common.mx_6.15.0.202507011659//db//plugins/boardmanager/
2025-07-20 16:00:25,296 [WARN] ApiDb:259 - Overriding images path with different value:  => /opt/st/stm32cubeide_1.19.0/plugins/com.st.stm32cube.common.mx_6.15.0.202507011659//db//plugins/mcufinder/images/
2025-07-20 16:00:25,305 [INFO] ApiDb:250 - Set database path to: /home/amer/.stmcufinder/plugins/mcufinder//mcu/
2025-07-20 16:00:25,306 [INFO] DbMcusAds:125 - Set database path to: /home/amer/.stmcufinder/plugins/mcufinder//mcu/
2025-07-20 16:00:25,309 [INFO] CrossReferenceDbSqlite:203 - Set database path to: /home/amer/.stmcufinder/plugins/mcufinder//mcu/cs/
2025-07-20 16:00:25,455 [INFO] RulesReader:64 - Compatibility file has been processed (317 Rules)
2025-07-20 16:00:25,537 [INFO] DbMcusXml:78 - Set database path to: /opt/st/stm32cubeide_1.19.0/plugins/com.st.stm32cube.common.mx_6.15.0.202507011659//db//mcu/
2025-07-20 16:00:25,537 [INFO] ApiDb:274 - Set plugin database path to: /opt/st/stm32cubeide_1.19.0/plugins/com.st.stm32cube.common.mx_6.15.0.202507011659//db//plugins/boardmanager/
2025-07-20 16:00:25,537 [INFO] ApiDb:261 - Set plugin images path to: /opt/st/stm32cubeide_1.19.0/plugins/com.st.stm32cube.common.mx_6.15.0.202507011659//db//plugins/mcufinder/images/
2025-07-20 16:00:25,538 [WARN] DbFile:41 - Overriding database path with different value: /home/amer/.stmcufinder/plugins/mcufinder/ => /home/amer/.stmcufinder/plugins/mcufinder
2025-07-20 16:00:25,538 [INFO] ApiDb:250 - Set database path to: /home/amer/.stmcufinder/plugins/mcufinder//mcu/
2025-07-20 16:00:25,538 [WARN] DbFile:41 - Overriding database path with different value: /home/amer/.stmcufinder/plugins/mcufinder/ => /home/amer/.stmcufinder/plugins/mcufinder
2025-07-20 16:00:25,538 [INFO] DbMcusAds:125 - Set database path to: /home/amer/.stmcufinder/plugins/mcufinder//mcu/
2025-07-20 16:00:25,538 [WARN] DbFile:41 - Overriding database path with different value: /home/amer/.stmcufinder/plugins/mcufinder/ => /home/amer/.stmcufinder/plugins/mcufinder
2025-07-20 16:00:25,539 [WARN] DbFile:41 - Overriding database path with different value: /home/amer/.stmcufinder/plugins/mcufinder/ => /home/amer/.stmcufinder/plugins/mcufinder
2025-07-20 16:00:25,539 [INFO] CrossReferenceDbSqlite:203 - Set database path to: /home/amer/.stmcufinder/plugins/mcufinder//mcu/cs/
2025-07-20 16:00:25,651 [INFO] MainPanel:274 - HeapMemory: 268435456
2025-07-20 16:00:25,908 [INFO] DbMcusXml:78 - Set database path to: /opt/st/stm32cubeide_1.19.0/plugins/com.st.stm32cube.common.mx_6.15.0.202507011659//db//mcu/
2025-07-20 16:00:25,909 [INFO] ApiDb:274 - Set plugin database path to: /opt/st/stm32cubeide_1.19.0/plugins/com.st.stm32cube.common.mx_6.15.0.202507011659//db//plugins/boardmanager/
2025-07-20 16:00:25,909 [INFO] ApiDb:261 - Set plugin images path to: /opt/st/stm32cubeide_1.19.0/plugins/com.st.stm32cube.common.mx_6.15.0.202507011659//db//plugins/mcufinder/images/
2025-07-20 16:00:25,909 [WARN] DbFile:41 - Overriding database path with different value: /home/amer/.stmcufinder/plugins/mcufinder/ => /home/amer/.stmcufinder/plugins/mcufinder
2025-07-20 16:00:25,909 [INFO] ApiDb:250 - Set database path to: /home/amer/.stmcufinder/plugins/mcufinder//mcu/
2025-07-20 16:00:25,909 [WARN] DbFile:41 - Overriding database path with different value: /home/amer/.stmcufinder/plugins/mcufinder/ => /home/amer/.stmcufinder/plugins/mcufinder
2025-07-20 16:00:25,910 [INFO] DbMcusAds:125 - Set database path to: /home/amer/.stmcufinder/plugins/mcufinder//mcu/
2025-07-20 16:00:25,910 [WARN] DbFile:41 - Overriding database path with different value: /home/amer/.stmcufinder/plugins/mcufinder/ => /home/amer/.stmcufinder/plugins/mcufinder
2025-07-20 16:00:25,910 [WARN] DbFile:41 - Overriding database path with different value: /home/amer/.stmcufinder/plugins/mcufinder/ => /home/amer/.stmcufinder/plugins/mcufinder
2025-07-20 16:00:25,910 [INFO] CrossReferenceDbSqlite:203 - Set database path to: /home/amer/.stmcufinder/plugins/mcufinder//mcu/cs/
2025-07-20 16:00:25,933 [INFO] ApplicationProperties:184 - Using Application install path: /opt/st/stm32cubeide_1.19.0/plugins/com.st.stm32cube.common.mx_6.15.0.202507011659
2025-07-20 16:00:25,935 [INFO] PluginManage:196 - Search for loadable plugins [exclusion list=, ]
2025-07-20 16:00:25,937 [INFO] PluginManage:310 - Check plugin analytics
2025-07-20 16:00:26,160 [INFO] AnalyticsPlugin:253 - Accepted Software Licenses: 
2025-07-20 16:00:26,161 [INFO] AnalyticsPlugin:255 - Accepted CMSIS Pack Licenses: 
2025-07-20 16:00:26,161 [INFO] AnalyticsPlugin:257 - Accepted Firmware Licenses: FW.F4.1.27.0
2025-07-20 16:00:26,167 [INFO] PluginManage:359 - Loaded plugin analytics (category:tool,tabindex:-1)
2025-07-20 16:00:26,167 [INFO] PluginManage:310 - Check plugin cadmodel
2025-07-20 16:00:26,173 [INFO] CADModel:105 - Init CAD model plugin
2025-07-20 16:00:26,173 [INFO] PluginManage:359 - Loaded plugin cadmodel (category:power,tabindex:5)
2025-07-20 16:00:26,174 [INFO] PluginManage:310 - Check plugin clock
2025-07-20 16:00:26,185 [INFO] PluginManage:359 - Loaded plugin clock (category:base,tabindex:2)
2025-07-20 16:00:26,185 [INFO] PluginManage:310 - Check plugin ddr
2025-07-20 16:00:26,187 [INFO] PluginManage:359 - Loaded plugin ddr (category:tool,tabindex:6)
2025-07-20 16:00:26,187 [INFO] PluginManage:310 - Check plugin filemanager
2025-07-20 16:00:26,385 [INFO] PluginManage:359 - Loaded plugin filemanager (category:base,tabindex:10)
2025-07-20 16:00:26,385 [INFO] PluginManage:310 - Check plugin ipmanager
2025-07-20 16:00:26,392 [INFO] PluginManage:359 - Loaded plugin ipmanager (category:base,tabindex:5)
2025-07-20 16:00:26,392 [INFO] PluginManage:310 - Check plugin lpbam
2025-07-20 16:00:26,404 [INFO] PluginManage:359 - Loaded plugin lpbam (category:base,tabindex:0)
2025-07-20 16:00:26,404 [INFO] PluginManage:310 - Check plugin memorymap
2025-07-20 16:00:26,421 [INFO] PluginManage:359 - Loaded plugin memorymap (category:base,tabindex:4)
2025-07-20 16:00:26,421 [INFO] PluginManage:310 - Check plugin pinoutandconfiguration
2025-07-20 16:00:26,433 [INFO] PluginManage:359 - Loaded plugin pinoutandconfiguration (category:base,tabindex:1)
2025-07-20 16:00:26,433 [INFO] PluginManage:310 - Check plugin pinoutconfig
2025-07-20 16:00:26,556 [WARN] SupportedApi:132 - Cannot load RTOS API schema: s4s-elt-must-match.1: The content of 'definitions' must match (annotation?, (simpleType | complexType)?, (unique | key | keyref)*)). A problem was found starting at: attribute.
2025-07-20 16:00:26,755 [INFO] PluginManage:359 - Loaded plugin pinoutconfig (category:base,tabindex:0)
2025-07-20 16:00:26,755 [INFO] PluginManage:310 - Check plugin power
2025-07-20 16:00:26,770 [INFO] PluginManage:359 - Loaded plugin power (category:power,tabindex:4)
2025-07-20 16:00:26,771 [INFO] PluginManage:310 - Check plugin projectmanager
2025-07-20 16:00:26,800 [INFO] PluginManage:359 - Loaded plugin projectmanager (category:projectmanager,tabindex:4)
2025-07-20 16:00:26,800 [INFO] PluginManage:310 - Check plugin rif
2025-07-20 16:00:26,813 [INFO] PluginManage:359 - Loaded plugin rif (category:base,tabindex:3)
2025-07-20 16:00:26,813 [INFO] PluginManage:310 - Check plugin thirdparty
2025-07-20 16:00:26,990 [INFO] PluginManage:359 - Loaded plugin thirdparty (category:base,tabindex:-1)
2025-07-20 16:00:26,990 [WARN] IntegrityCheckThread:84 - waiting for thirdparty lock release [integrity check]
2025-07-20 16:00:26,991 [INFO] IntegrityCheckThread:86 - entering critical section [integrity check]
2025-07-20 16:00:26,991 [INFO] PluginManage:310 - Check plugin tools
2025-07-20 16:00:26,992 [INFO] ThirdPartyUpdaterWithRetryManager:70 - Updater plugin not ready yet. [1/15]
2025-07-20 16:00:26,995 [INFO] PluginManage:359 - Loaded plugin tools (category:base,tabindex:7)
2025-07-20 16:00:26,995 [INFO] PluginManage:310 - Check plugin tutovideos
2025-07-20 16:00:27,249 [INFO] PluginManage:359 - Loaded plugin tutovideos (category:base,tabindex:-1)
2025-07-20 16:00:27,249 [INFO] PluginManage:310 - Check plugin updater
2025-07-20 16:00:27,277 [INFO] PluginManage:359 - Loaded plugin updater (category:base,tabindex:12)
2025-07-20 16:00:27,277 [INFO] PluginManage:310 - Check plugin userauth
2025-07-20 16:00:27,280 [INFO] UserAuth:118 - Init User Auth plugin
2025-07-20 16:00:27,281 [INFO] PluginManage:359 - Loaded plugin userauth (category:base,tabindex:14)
2025-07-20 16:00:27,281 [INFO] PluginManage:283 - PluginManage : Loaded plugins [18]
2025-07-20 16:00:27,560 [INFO] PinOutPanel:1589 - setPackage(No Configuration,No Configuration)
2025-07-20 16:00:27,640 [INFO] CADModel:165 - CPN selected for project level
2025-07-20 16:00:27,641 [INFO] CADModel:114 - Register for checkConnection events
2025-07-20 16:00:27,655 [INFO] IPUIPlugin:80 - create IPUIPlugin
2025-07-20 16:00:27,656 [INFO] PluginManager:220 - loadIPPluginJar : add pdm2pcm
2025-07-20 16:00:27,659 [INFO] IPUIPlugin:80 - create IPUIPlugin
2025-07-20 16:00:27,659 [INFO] PluginManager:220 - loadIPPluginJar : add i3c
2025-07-20 16:00:27,662 [INFO] IPUIPlugin:80 - create IPUIPlugin
2025-07-20 16:00:27,662 [INFO] PluginManager:220 - loadIPPluginJar : add usart
2025-07-20 16:00:27,666 [INFO] IPUIPlugin:80 - create IPUIPlugin
2025-07-20 16:00:27,666 [INFO] PluginManager:220 - loadIPPluginJar : add nvic
2025-07-20 16:00:27,673 [INFO] IPUIPlugin:80 - create IPUIPlugin
2025-07-20 16:00:27,674 [INFO] PluginManager:220 - loadIPPluginJar : add gpio
2025-07-20 16:00:27,675 [INFO] IPUIPlugin:80 - create IPUIPlugin
2025-07-20 16:00:27,675 [INFO] PluginManager:220 - loadIPPluginJar : add quadspi
2025-07-20 16:00:27,678 [INFO] IPUIPlugin:80 - create IPUIPlugin
2025-07-20 16:00:27,678 [INFO] PluginManager:220 - loadIPPluginJar : add aes
2025-07-20 16:00:27,680 [INFO] IPUIPlugin:80 - create IPUIPlugin
2025-07-20 16:00:27,680 [INFO] PluginManager:220 - loadIPPluginJar : add i2c
2025-07-20 16:00:27,683 [INFO] IPUIPlugin:80 - create IPUIPlugin
2025-07-20 16:00:27,684 [INFO] PluginManager:220 - loadIPPluginJar : add ipddr
2025-07-20 16:00:27,687 [INFO] IPUIPlugin:80 - create IPUIPlugin
2025-07-20 16:00:27,687 [INFO] PluginManager:220 - loadIPPluginJar : add cryp
2025-07-20 16:00:27,692 [INFO] IPUIPlugin:80 - create IPUIPlugin
2025-07-20 16:00:27,693 [INFO] PluginManager:220 - loadIPPluginJar : add fmc
2025-07-20 16:00:27,694 [INFO] IPUIPlugin:80 - create IPUIPlugin
2025-07-20 16:00:27,694 [INFO] PluginManager:220 - loadIPPluginJar : add ltdc
2025-07-20 16:00:27,698 [INFO] IPUIPlugin:80 - create IPUIPlugin
2025-07-20 16:00:27,698 [INFO] PluginManager:220 - loadIPPluginJar : add gic
2025-07-20 16:00:27,701 [INFO] IPUIPlugin:80 - create IPUIPlugin
2025-07-20 16:00:27,701 [INFO] PluginManager:220 - loadIPPluginJar : add sai
2025-07-20 16:00:27,704 [INFO] IPUIPlugin:80 - create IPUIPlugin
2025-07-20 16:00:27,704 [INFO] PluginManager:220 - loadIPPluginJar : add ddr_ctrl_phy
2025-07-20 16:00:27,710 [INFO] IPUIPlugin:80 - create IPUIPlugin
2025-07-20 16:00:27,710 [INFO] PluginManager:220 - loadIPPluginJar : add stm32_wpan
2025-07-20 16:00:27,714 [INFO] IPUIPlugin:80 - create IPUIPlugin
2025-07-20 16:00:27,714 [INFO] PluginManager:220 - loadIPPluginJar : add freertos
2025-07-20 16:00:27,716 [INFO] IPUIPlugin:80 - create IPUIPlugin
2025-07-20 16:00:27,716 [INFO] PluginManager:220 - loadIPPluginJar : add i2s
2025-07-20 16:00:27,717 [INFO] IPUIPlugin:80 - create IPUIPlugin
2025-07-20 16:00:27,717 [INFO] PluginManager:220 - loadIPPluginJar : add tracer_emb
2025-07-20 16:00:27,719 [INFO] IPUIPlugin:80 - create IPUIPlugin
2025-07-20 16:00:27,719 [INFO] PluginManager:220 - loadIPPluginJar : add fatfs
2025-07-20 16:00:27,720 [INFO] IPUIPlugin:80 - create IPUIPlugin
2025-07-20 16:00:27,720 [INFO] PluginManager:220 - loadIPPluginJar : add tsc
2025-07-20 16:00:27,722 [INFO] IPUIPlugin:80 - create IPUIPlugin
2025-07-20 16:00:27,722 [INFO] PluginManager:220 - loadIPPluginJar : add spi
2025-07-20 16:00:27,725 [INFO] IPUIPlugin:80 - create IPUIPlugin
2025-07-20 16:00:27,725 [INFO] PluginManager:220 - loadIPPluginJar : add opamp
2025-07-20 16:00:27,727 [INFO] IPUIPlugin:80 - create IPUIPlugin
2025-07-20 16:00:27,728 [INFO] PluginManager:220 - loadIPPluginJar : add hash
2025-07-20 16:00:27,730 [INFO] IPUIPlugin:80 - create IPUIPlugin
2025-07-20 16:00:27,731 [INFO] PluginManager:220 - loadIPPluginJar : add radio
2025-07-20 16:00:27,734 [INFO] IPUIPlugin:80 - create IPUIPlugin
2025-07-20 16:00:27,734 [INFO] PluginManager:220 - loadIPPluginJar : add openamp
2025-07-20 16:00:27,736 [INFO] IPUIPlugin:80 - create IPUIPlugin
2025-07-20 16:00:27,736 [INFO] PluginManager:220 - loadIPPluginJar : add comp
2025-07-20 16:00:27,738 [INFO] IPUIPlugin:80 - create IPUIPlugin
2025-07-20 16:00:27,739 [INFO] PluginManager:220 - loadIPPluginJar : add genericplugin
2025-07-20 16:00:27,741 [INFO] IPUIPlugin:80 - create IPUIPlugin
2025-07-20 16:00:27,741 [INFO] PluginManager:220 - loadIPPluginJar : add dfsdm
2025-07-20 16:00:27,744 [INFO] IPUIPlugin:80 - create IPUIPlugin
2025-07-20 16:00:27,744 [INFO] PluginManager:220 - loadIPPluginJar : add lorawan
2025-07-20 16:00:27,749 [INFO] IPUIPlugin:80 - create IPUIPlugin
2025-07-20 16:00:27,749 [INFO] PluginManager:220 - loadIPPluginJar : add dma
2025-07-20 16:00:27,755 [INFO] IPUIPlugin:80 - create IPUIPlugin
2025-07-20 16:00:27,755 [INFO] PluginManager:220 - loadIPPluginJar : add linkedlist
2025-07-20 16:00:27,757 [INFO] IPUIPlugin:80 - create IPUIPlugin
2025-07-20 16:00:27,757 [INFO] PluginManager:220 - loadIPPluginJar : add usbx
2025-07-20 16:00:27,758 [INFO] IPUIPlugin:80 - create IPUIPlugin
2025-07-20 16:00:27,759 [INFO] PluginManager:220 - loadIPPluginJar : add gtzc
2025-07-20 16:00:27,760 [INFO] IPUIPlugin:80 - create IPUIPlugin
2025-07-20 16:00:27,760 [INFO] PluginManager:220 - loadIPPluginJar : add gfxmmu
2025-07-20 16:00:27,762 [INFO] IPUIPlugin:80 - create IPUIPlugin
2025-07-20 16:00:27,762 [INFO] PluginManager:220 - loadIPPluginJar : add resmgrutility
2025-07-20 16:00:27,763 [INFO] IPUIPlugin:80 - create IPUIPlugin
2025-07-20 16:00:27,763 [INFO] PluginManager:220 - loadIPPluginJar : add ucpd
2025-07-20 16:00:27,764 [INFO] IPUIPlugin:80 - create IPUIPlugin
2025-07-20 16:00:27,765 [INFO] PluginManager:220 - loadIPPluginJar : add tim
2025-07-20 16:00:27,769 [INFO] IPUIPlugin:80 - create IPUIPlugin
2025-07-20 16:00:27,769 [INFO] PluginManager:220 - loadIPPluginJar : add mdma
2025-07-20 16:00:27,771 [INFO] IPUIPlugin:80 - create IPUIPlugin
2025-07-20 16:00:27,771 [INFO] PluginManager:220 - loadIPPluginJar : add extmemmanager
2025-07-20 16:00:27,772 [INFO] IPUIPlugin:80 - create IPUIPlugin
2025-07-20 16:00:27,772 [INFO] PluginManager:220 - loadIPPluginJar : add can
2025-07-20 16:00:27,774 [INFO] IPUIPlugin:80 - create IPUIPlugin
2025-07-20 16:00:27,774 [INFO] PluginManager:220 - loadIPPluginJar : add dma3
2025-07-20 16:00:27,786 [INFO] IPUIPlugin:80 - create IPUIPlugin
2025-07-20 16:00:27,789 [INFO] PluginManager:220 - loadIPPluginJar : add plateformsettings
2025-07-20 16:00:27,792 [INFO] IPUIPlugin:80 - create IPUIPlugin
2025-07-20 16:00:27,792 [INFO] PluginManager:220 - loadIPPluginJar : add touchsensing
2025-07-20 16:00:27,794 [INFO] IPUIPlugin:80 - create IPUIPlugin
2025-07-20 16:00:27,794 [INFO] PluginManager:220 - loadIPPluginJar : add ts
2025-07-20 16:00:27,800 [INFO] IPUIPlugin:80 - create IPUIPlugin
2025-07-20 16:00:27,800 [INFO] PluginManager:220 - loadIPPluginJar : add adc
2025-07-20 16:00:27,926 [FATAL] Updater:351 - Updater called before beeing initialized
2025-07-20 16:00:27,957 [INFO] RulesReader:64 - Compatibility file has been processed (317 Rules)
2025-07-20 16:00:27,976 [INFO] RulesReader:64 - Compatibility file has been processed (317 Rules)
2025-07-20 16:00:27,986 [INFO] CADModel:165 - CPN selected for project level
2025-07-20 16:00:27,986 [INFO] CADModel:114 - Register for checkConnection events
2025-07-20 16:00:27,986 [FATAL] Updater:351 - Updater called before beeing initialized
2025-07-20 16:00:27,986 [ERROR] CADModel:125 - Updater not yet initialized, retry later 
2025-07-20 16:00:28,084 [FATAL] Updater:351 - Updater called before beeing initialized
2025-07-20 16:00:28,086 [INFO] CADModel:165 - CPN selected for project level
2025-07-20 16:00:28,086 [INFO] CADModel:114 - Register for checkConnection events
2025-07-20 16:00:28,086 [FATAL] Updater:351 - Updater called before beeing initialized
2025-07-20 16:00:28,086 [ERROR] CADModel:125 - Updater not yet initialized, retry later 
2025-07-20 16:00:28,088 [FATAL] Updater:351 - Updater called before beeing initialized
2025-07-20 16:00:28,207 [FATAL] Updater:351 - Updater called before beeing initialized
2025-07-20 16:00:28,209 [INFO] DbMcusAds:53 - JSON generation date=Tue Jul 08 11:14:23 EEST 2025 (1751962463524)
2025-07-20 16:00:28,209 [FATAL] Updater:351 - Updater called before beeing initialized
2025-07-20 16:00:28,235 [WARN] DetailPanel:346 - Failed to get advertising image, set to default
2025-07-20 16:00:28,288 [FATAL] Updater:351 - Updater called before beeing initialized
2025-07-20 16:00:28,290 [FATAL] Updater:351 - Updater called before beeing initialized
2025-07-20 16:00:28,290 [FATAL] Updater:351 - Updater called before beeing initialized
2025-07-20 16:00:28,290 [WARN] DetailPanel:346 - Failed to get advertising image, set to default
2025-07-20 16:00:28,291 [FATAL] Updater:351 - Updater called before beeing initialized
2025-07-20 16:00:28,321 [ERROR] Updater:1198 - MainUpdater not yet initialized. External WinMGr cannot be set.
2025-07-20 16:00:28,322 [INFO] Updater:1134 - Updater Version found : 6.15.0
2025-07-20 16:00:28,335 [INFO] ApplicationProperties:184 - Using Application install path: /opt/st/stm32cubeide_1.19.0/plugins/com.st.stm32cube.common.mx_6.15.0.202507011659
2025-07-20 16:00:28,963 [INFO] MainUpdater:2872 - connection check result : 10
2025-07-20 16:00:28,964 [INFO] MainUpdater:3604 - Updater definition file requires update
2025-07-20 16:00:28,964 [INFO] MainUpdater:289 - Updater Check For Update Now.
2025-07-20 16:00:28,964 [INFO] MicroXplorer:498 - Change Database Version : DB.6.0.150
2025-07-20 16:00:28,968 [INFO] McuFinderGlobals:63 - Set McuFinder mode to 2 (CubeIDE integrated)
2025-07-20 16:00:28,968 [INFO] UserAuth:487 - Internet connection configuration mode: 1
2025-07-20 16:00:28,982 [INFO] JxBrowserEngine:152 - Initiate JxBrowser Engine with user profile folder
2025-07-20 16:00:29,371 [INFO] ServerAccessManage:452 - Complete download http(s) 200
2025-07-20 16:00:29,372 [INFO] ServerAccessManage:509 - Download File updaters.zip
2025-07-20 16:00:29,667 [INFO] FileExtend:248 - Unzip File : updaters.zip
2025-07-20 16:00:29,667 [INFO] FileExtend:263 - Standard Zip Deflate
2025-07-20 16:00:29,929 [INFO] WebApp:169 - Instantiating new browser for Auth
2025-07-20 16:00:29,993 [WARN] MainUpdater:1193 - Updater busy. Cannot search thirdparties
2025-07-20 16:00:29,993 [INFO] ThirdPartyUpdaterWithRetryManager:96 - Updater plugin is busy. [1/15]
2025-07-20 16:00:30,201 [INFO] ServerAccessManage:452 - Complete download http(s) 200
2025-07-20 16:00:30,201 [INFO] ServerAccessManage:509 - Download File PacksControlFlags.xml
2025-07-20 16:00:30,608 [INFO] ServerAccessManage:452 - Complete download http(s) 200
2025-07-20 16:00:30,608 [INFO] ServerAccessManage:509 - Download File cubemx.pidx
2025-07-20 16:00:30,625 [INFO] WebApp:463 - Apply proxy settings
2025-07-20 16:00:30,625 [INFO] WebApp:548 - Chromium requires no authentication
2025-07-20 16:00:30,630 [INFO] WebApp:491 - Direct internet connection detected
2025-07-20 16:00:30,641 [INFO] WebApp:900 - Register for checkConnection events
2025-07-20 16:00:30,642 [INFO] WebApp:463 - Apply proxy settings
2025-07-20 16:00:30,642 [INFO] WebApp:548 - Chromium requires no authentication
2025-07-20 16:00:30,642 [INFO] WebApp:491 - Direct internet connection detected
2025-07-20 16:00:30,776 [INFO] WebApp:225 - Starting web application
2025-07-20 16:00:30,776 [INFO] WebApp:593 - Web application path used /opt/st/stm32cubeide_1.19.0/plugins/com.st.stm32cube.common.mx_6.15.0.202507011659/db/plugins/mcufinder/reactClient1/index.html
2025-07-20 16:00:31,047 [INFO] WebApp:191 - Connection restablished
2025-07-20 16:00:31,451 [INFO] UserAuth:487 - Internet connection configuration mode: 1
2025-07-20 16:00:31,522 [INFO] ServerAccessManage:452 - Complete download http(s) 200
2025-07-20 16:00:31,522 [INFO] ServerAccessManage:509 - Download File STMicroelectronics.X-CUBE-BLEMGR.pdsc
2025-07-20 16:00:32,994 [WARN] MainUpdater:1193 - Updater busy. Cannot search thirdparties
2025-07-20 16:00:32,994 [INFO] ThirdPartyUpdaterWithRetryManager:96 - Updater plugin is busy. [2/15]
2025-07-20 16:00:33,065 [ERROR] ServerAccessManage:1212 - Problem, file not found on Server
2025-07-20 16:00:35,995 [WARN] MainUpdater:1193 - Updater busy. Cannot search thirdparties
2025-07-20 16:00:35,995 [INFO] ThirdPartyUpdaterWithRetryManager:96 - Updater plugin is busy. [3/15]
2025-07-20 16:00:36,208 [WARN] PackLoader:240 - Cannot read IP mode file for STMicroelectronics.X-CUBE-BLEMGR.4.1.0
2025-07-20 16:00:36,218 [INFO] PopulateThirdPartyThread:66 - Ending populate Thread
2025-07-20 16:00:36,222 [INFO] ThirdParty:1030 - CMSIS Pack Vendor :STMicroelectronics X-CUBE-BLEMGR 4.1.0
2025-07-20 16:00:36,222 [INFO] LoadServerUpdatesThread:375 - End of LoadServerUpdate Thread
2025-07-20 16:00:36,342 [INFO] CheckServerUpdateThread:120 - End of CheckServer Thread
2025-07-20 16:00:39,152 [WARN] PackLoader:240 - Cannot read IP mode file for STMicroelectronics.FP-SNS-MOTENVWB1.1.4.0
2025-07-20 16:00:39,157 [WARN] PackLoader:240 - Cannot read IP mode file for STMicroelectronics.FP-ATR-ASTRA1.2.0.2
2025-07-20 16:00:39,162 [WARN] PackLoader:240 - Cannot read IP mode file for STMicroelectronics.X-CUBE-SMBUS.2.1.0
2025-07-20 16:00:39,165 [WARN] PackLoader:240 - Cannot read IP mode file for STMicroelectronics.X-CUBE-ST60.1.0.0
2025-07-20 16:00:39,191 [WARN] PackLoader:240 - Cannot read IP mode file for STMicroelectronics.X-CUBE-AZRTOS-F7.1.1.0
2025-07-20 16:00:39,218 [WARN] PackLoader:240 - Cannot read IP mode file for Infineon.AIROC-Wi-Fi-Bluetooth-STM32.1.7.0
2025-07-20 16:00:39,244 [WARN] PackLoader:240 - Cannot read IP mode file for Infineon.AIROC-Wi-Fi-Bluetooth-STM32.1.7.1
2025-07-20 16:00:39,272 [WARN] PackLoader:240 - Cannot read IP mode file for STMicroelectronics.X-CUBE-AZRTOS-H7.3.4.0
2025-07-20 16:00:39,282 [WARN] PackLoader:240 - Cannot read IP mode file for STMicroelectronics.X-CUBE-DISPLAY.3.0.0
2025-07-20 16:00:39,345 [WARN] PackLoader:240 - Cannot read IP mode file for STMicroelectronics.X-CUBE-NFC10.1.0.0
2025-07-20 16:00:39,357 [WARN] PackLoader:240 - Cannot read IP mode file for STMicroelectronics.X-CUBE-BLEMGR.4.0.0
2025-07-20 16:00:39,365 [WARN] PackLoader:240 - Cannot read IP mode file for emotas.I-CUBE-CANOPEN.1.3.0
2025-07-20 16:00:39,367 [WARN] ConditionMgr:438 - getConditionDescription Invalid condition id : Cortex-A Device cause : null
2025-07-20 16:00:39,375 [WARN] ConditionMgr:1044 - genDependencies : Invalid condition id : Cortex-A Device cause : null
2025-07-20 16:00:39,375 [WARN] ConditionMgr:1044 - genDependencies : Invalid condition id : Cortex-A Device cause : null
2025-07-20 16:00:39,375 [WARN] ConditionMgr:1044 - genDependencies : Invalid condition id : Cortex-A Device cause : null
2025-07-20 16:00:39,379 [WARN] PackLoader:240 - Cannot read IP mode file for STMicroelectronics.FP-SNS-SMARTAG2.1.2.0
2025-07-20 16:00:39,382 [WARN] PackLoader:240 - Cannot read IP mode file for STMicroelectronics.FP-SNS-FLIGHT1.5.1.0
2025-07-20 16:00:39,391 [INFO] LogOutputStream:77 - [STDOUT_REDIRECT] 1 : Invalid condition id : UX_CORESTACK_Condition cause : null
2025-07-20 16:00:39,392 [INFO] LogOutputStream:77 - [STDOUT_REDIRECT] 1 : Invalid condition id : UX_CORESTACK_Condition cause : null
2025-07-20 16:00:39,392 [INFO] LogOutputStream:77 - [STDOUT_REDIRECT] 1 : Invalid condition id : UX_CORESTACK_Condition cause : null
2025-07-20 16:00:39,393 [INFO] LogOutputStream:77 - [STDOUT_REDIRECT] 1 : Invalid condition id : UX_CORESTACK_Condition cause : null
2025-07-20 16:00:39,393 [INFO] LogOutputStream:77 - [STDOUT_REDIRECT] 1 : Invalid condition id : UX_CORESTACK_Condition cause : null
2025-07-20 16:00:39,396 [WARN] PackLoader:240 - Cannot read IP mode file for STMicroelectronics.X-CUBE-AZRTOS-WL.2.0.0
2025-07-20 16:00:39,401 [WARN] PackLoader:240 - Cannot read IP mode file for STMicroelectronics.FP-SNS-MOTENV1.5.0.0
2025-07-20 16:00:39,408 [WARN] PackLoader:240 - Cannot read IP mode file for WES.I-CUBE-Cesium.1.3.0
2025-07-20 16:00:39,413 [WARN] PackLoader:240 - Cannot read IP mode file for STMicroelectronics.X-CUBE-BLE2.3.3.0
2025-07-20 16:00:39,419 [WARN] PackLoader:240 - Cannot read IP mode file for STMicroelectronics.X-CUBE-NFC9.1.0.0
2025-07-20 16:00:39,425 [WARN] PackLoader:240 - Cannot read IP mode file for wolfSSL.I-CUBE-wolfSSL.5.8.0
2025-07-20 16:00:39,429 [WARN] PackLoader:240 - Cannot read IP mode file for STMicroelectronics.X-CUBE-BLE1.7.1.0
2025-07-20 16:00:39,432 [WARN] PackLoader:240 - Cannot read IP mode file for wolfSSL.I-CUBE-wolfMQTT.1.19.2
2025-07-20 16:00:39,438 [WARN] PackLoader:240 - Cannot read IP mode file for STMicroelectronics.X-CUBE-EEPRMA1.5.2.0
2025-07-20 16:00:39,442 [WARN] PackLoader:240 - Cannot read IP mode file for STMicroelectronics.X-CUBE-AI.10.1.0
2025-07-20 16:00:39,458 [WARN] PackLoader:240 - Cannot read IP mode file for STMicroelectronics.X-CUBE-AZRTOS-G0.1.1.0
2025-07-20 16:00:39,465 [WARN] PackLoader:240 - Cannot read IP mode file for STMicroelectronics.X-CUBE-SAFEA1.1.2.2
2025-07-20 16:00:39,471 [WARN] PackLoader:240 - Cannot read IP mode file for STMicroelectronics.X-CUBE-NFC4.3.0.0
2025-07-20 16:00:39,482 [WARN] PackLoader:240 - Cannot read IP mode file for EmbeddedOffice.I-CUBE-FS-RTOS.1.0.1
2025-07-20 16:00:39,490 [WARN] PackLoader:240 - Cannot read IP mode file for STMicroelectronics.X-CUBE-WB05N.2.0.0
2025-07-20 16:00:39,495 [WARN] PackLoader:240 - Cannot read IP mode file for wolfSSL.I-CUBE-wolfTPM.3.8.0
2025-07-20 16:00:39,503 [WARN] PackLoader:240 - Cannot read IP mode file for STMicroelectronics.X-CUBE-TCPP.4.2.0
2025-07-20 16:00:39,511 [WARN] PackLoader:240 - Cannot read IP mode file for RealThread.X-CUBE-RT-Thread_Nano.4.1.1
2025-07-20 16:00:39,516 [WARN] PackLoader:240 - Cannot read IP mode file for STMicroelectronics.FP-ATR-SIGFOX1.3.2.0
2025-07-20 16:00:39,525 [WARN] PackLoader:240 - Cannot read IP mode file for STMicroelectronics.X-CUBE-EEPRMA1.5.1.0
2025-07-20 16:00:39,534 [WARN] PackLoader:240 - Cannot read IP mode file for ITTIA_DB.I-CUBE-ITTIADB.8.9.0
2025-07-20 16:00:39,544 [WARN] PackLoader:240 - Cannot read IP mode file for STMicroelectronics.X-CUBE-ST67W61.1.0.0
2025-07-20 16:00:39,579 [WARN] PackLoader:240 - Cannot read IP mode file for SEGGER.I-CUBE-embOS.1.3.1
2025-07-20 16:00:39,659 [WARN] PackLoader:240 - Cannot read IP mode file for STMicroelectronics.X-CUBE-ALGOBUILD.1.4.0
2025-07-20 16:00:39,747 [WARN] PackLoader:240 - Cannot read IP mode file for STMicroelectronics.X-CUBE-MEMS1.11.3.0
2025-07-20 16:00:39,882 [WARN] PackLoader:240 - Cannot read IP mode file for STMicroelectronics.X-CUBE-PM33A1.1.0.0
2025-07-20 16:00:39,897 [WARN] PackLoader:240 - Cannot read IP mode file for STMicroelectronics.X-CUBE-AZRTOS-F4.1.1.0
2025-07-20 16:00:39,901 [WARN] PackLoader:240 - Cannot read IP mode file for Avnet-IotConnect.X-CUBE-IoTC-DA16k-PMOD.1.0.0
2025-07-20 16:00:39,905 [WARN] PackLoader:240 - Cannot read IP mode file for STMicroelectronics.X-CUBE-ISPU.2.1.0
2025-07-20 16:00:39,910 [WARN] PackLoader:240 - Cannot read IP mode file for STMicroelectronics.X-CUBE-NFC12.1.0.0
2025-07-20 16:00:39,925 [WARN] PackLoader:240 - Cannot read IP mode file for STMicroelectronics.X-CUBE-AZRTOS-L5.2.0.0
2025-07-20 16:00:39,933 [WARN] PackLoader:240 - Cannot read IP mode file for STMicroelectronics.X-CUBE-NFC6.3.1.0
2025-07-20 16:00:39,942 [WARN] PackLoader:240 - Cannot read IP mode file for STMicroelectronics.X-CUBE-FREERTOS.1.3.1
2025-07-20 16:00:39,974 [WARN] PackLoader:240 - Cannot read IP mode file for STMicroelectronics.FP-SNS-STAIOTCFT.1.0.0
2025-07-20 16:00:39,978 [WARN] PackLoader:240 - Cannot read IP mode file for STMicroelectronics.X-CUBE-DPower.1.3.0
2025-07-20 16:00:39,996 [WARN] ConditionMgr:438 - getConditionDescription Invalid condition id : LAN8742 Phy interface Condition cause : null
2025-07-20 16:00:39,997 [WARN] PackLoader:240 - Cannot read IP mode file for STMicroelectronics.X-CUBE-AZRTOS-L4.2.0.0
2025-07-20 16:00:39,998 [WARN] ConditionMgr:1044 - genDependencies : Invalid condition id : LAN8742 Phy interface Condition cause : null
2025-07-20 16:00:39,998 [WARN] ConditionMgr:1044 - genDependencies : Invalid condition id : LAN8742 Phy interface Condition cause : null
2025-07-20 16:00:39,999 [WARN] ConditionMgr:1044 - genDependencies : Invalid condition id : LAN8742 Phy interface Condition cause : null
2025-07-20 16:00:40,006 [WARN] PackLoader:240 - Cannot read IP mode file for STMicroelectronics.X-CUBE-SFXS2LP1.4.0.0
2025-07-20 16:00:40,025 [WARN] PackLoader:240 - Cannot read IP mode file for STMicroelectronics.X-CUBE-AZRTOS-H7.3.3.0
2025-07-20 16:00:40,037 [WARN] PackLoader:240 - Cannot read IP mode file for STMicroelectronics.X-CUBE-BLEMGR.4.1.0
2025-07-20 16:00:40,051 [WARN] ConditionMgr:438 - getConditionDescription Invalid condition id : UX DEVICE CLASS RTOS Condition cause : null
2025-07-20 16:00:40,051 [WARN] ConditionMgr:438 - getConditionDescription Invalid condition id : UX DEVICE CLASS RTOS Condition cause : null
2025-07-20 16:00:40,054 [WARN] PackLoader:240 - Cannot read IP mode file for STMicroelectronics.X-CUBE-AZRTOS-WB.2.0.0
2025-07-20 16:00:40,055 [WARN] ConditionMgr:1044 - genDependencies : Invalid condition id : UX DEVICE CLASS RTOS Condition cause : null
2025-07-20 16:00:40,055 [WARN] ConditionMgr:1044 - genDependencies : Invalid condition id : UX DEVICE CLASS RTOS Condition cause : null
2025-07-20 16:00:40,056 [WARN] ConditionMgr:1044 - genDependencies : Invalid condition id : UX DEVICE CLASS RTOS Condition cause : null
2025-07-20 16:00:40,056 [WARN] ConditionMgr:1044 - genDependencies : Invalid condition id : UX DEVICE CLASS RTOS Condition cause : null
2025-07-20 16:00:40,056 [WARN] ConditionMgr:1044 - genDependencies : Invalid condition id : UX DEVICE CLASS RTOS Condition cause : null
2025-07-20 16:00:40,060 [WARN] PackLoader:240 - Cannot read IP mode file for STMicroelectronics.X-CUBE-GNSS1.7.0.1
2025-07-20 16:00:40,064 [WARN] PackLoader:240 - Cannot read IP mode file for STMicroelectronics.X-CUBE-TOUCHGFX.4.25.0
2025-07-20 16:00:40,068 [WARN] PackLoader:240 - Cannot read IP mode file for STMicroelectronics.FP-SNS-STBOX1.2.0.0
2025-07-20 16:00:40,078 [WARN] PackLoader:240 - Cannot read IP mode file for STMicroelectronics.X-CUBE-SUBG2.5.0.0
2025-07-20 16:00:40,098 [WARN] PackLoader:240 - Cannot read IP mode file for STMicroelectronics.X-CUBE-AZRTOS-H7RS.1.1.0
2025-07-20 16:00:40,105 [WARN] PackLoader:240 - Cannot read IP mode file for Cesanta.I-CUBE-Mongoose.7.13.0
2025-07-20 16:00:40,117 [WARN] PackLoader:240 - Cannot read IP mode file for STMicroelectronics.X-CUBE-AZRTOS-G4.2.0.0
2025-07-20 16:00:40,123 [WARN] PackLoader:240 - Cannot read IP mode file for wolfSSL.I-CUBE-wolfSSH.1.4.20
2025-07-20 16:00:40,129 [WARN] PackLoader:240 - Cannot read IP mode file for STMicroelectronics.X-CUBE-NFC7.2.0.0
2025-07-20 16:00:40,139 [WARN] PackLoader:240 - Cannot read IP mode file for STMicroelectronics.X-CUBE-IPS.3.1.0
2025-07-20 16:00:40,147 [WARN] PackLoader:240 - Cannot read IP mode file for STMicroelectronics.X-CUBE-ALS.1.0.2
2025-07-20 16:00:40,151 [WARN] PackLoader:240 - Cannot read IP mode file for portGmbH.I-Cube-SoM-uGOAL.1.1.0
2025-07-20 16:00:40,161 [WARN] PackLoader:240 - Cannot read IP mode file for STMicroelectronics.X-CUBE-TOF1.3.4.3
2025-07-20 16:00:40,172 [INFO] ThirdParty:978 - Integrity check success = true
2025-07-20 16:00:40,172 [INFO] IntegrityCheckThread:100 - exiting critical section [integrity check]
2025-07-20 16:00:40,172 [INFO] IntegrityCheckThread:103 - End integrity checks thread
2025-07-20 16:47:10,077 [INFO] WebApp:194 - Connection lost
2025-07-20 16:47:11,339 [INFO] WebApp:191 - Connection restablished
2025-07-20 18:53:26,016 [INFO] WebApp:194 - Connection lost
2025-07-20 18:53:28,270 [INFO] WebApp:191 - Connection restablished
2025-07-20 18:54:21,811 [INFO] WebApp:194 - Connection lost
2025-07-20 20:47:23,301 [INFO] WebApp:191 - Connection restablished
2025-07-20 20:47:25,484 [INFO] WebApp:194 - Connection lost
2025-07-20 20:47:25,647 [INFO] WebApp:191 - Connection restablished
2025-07-20 23:34:06,785 [ERROR] LogOutputStream:75 - [STDERR_REDIRECT] 
