2025-08-11 08:10:01,209 [INFO] Activator:176 - 


2025-08-11 08:10:01,210 [INFO] Activator:177 - !SESSION log4j initialized
2025-08-11 08:10:03,056 [INFO] LogOutputStream:77 - [STDOUT_REDIRECT] 
2025-08-11 08:10:05,247 [INFO] ApplicationProperties:184 - Using Application install path: /home/amer/st/stm32cubeide_1.12.0/plugins/com.st.stm32cube.common.mx_6.15.0.202507011659
2025-08-11 08:10:05,261 [INFO] DbMcusXml:78 - Set database path to: /home/amer/st/stm32cubeide_1.12.0/plugins/com.st.stm32cube.common.mx_6.15.0.202507011659//db//mcu/
2025-08-11 08:10:05,261 [INFO] ApiDb:274 - Set plugin database path to: /home/amer/st/stm32cubeide_1.12.0/plugins/com.st.stm32cube.common.mx_6.15.0.202507011659//db//plugins/boardmanager/
2025-08-11 08:10:05,262 [WARN] ApiDb:259 - Overriding images path with different value:  => /home/amer/st/stm32cubeide_1.12.0/plugins/com.st.stm32cube.common.mx_6.15.0.202507011659//db//plugins/mcufinder/images/
2025-08-11 08:10:05,265 [INFO] ApiDb:250 - Set database path to: /home/amer/.stmcufinder/plugins/mcufinder//mcu/
2025-08-11 08:10:05,266 [INFO] DbMcusAds:125 - Set database path to: /home/amer/.stmcufinder/plugins/mcufinder//mcu/
2025-08-11 08:10:05,267 [INFO] CrossReferenceDbSqlite:203 - Set database path to: /home/amer/.stmcufinder/plugins/mcufinder//mcu/cs/
2025-08-11 08:10:05,361 [INFO] RulesReader:64 - Compatibility file has been processed (317 Rules)
2025-08-11 08:10:05,434 [INFO] DbMcusXml:78 - Set database path to: /home/amer/st/stm32cubeide_1.12.0/plugins/com.st.stm32cube.common.mx_6.15.0.202507011659//db//mcu/
2025-08-11 08:10:05,434 [INFO] ApiDb:274 - Set plugin database path to: /home/amer/st/stm32cubeide_1.12.0/plugins/com.st.stm32cube.common.mx_6.15.0.202507011659//db//plugins/boardmanager/
2025-08-11 08:10:05,434 [INFO] ApiDb:261 - Set plugin images path to: /home/amer/st/stm32cubeide_1.12.0/plugins/com.st.stm32cube.common.mx_6.15.0.202507011659//db//plugins/mcufinder/images/
2025-08-11 08:10:05,435 [WARN] DbFile:41 - Overriding database path with different value: /home/amer/.stmcufinder/plugins/mcufinder/ => /home/amer/.stmcufinder/plugins/mcufinder
2025-08-11 08:10:05,435 [INFO] ApiDb:250 - Set database path to: /home/amer/.stmcufinder/plugins/mcufinder//mcu/
2025-08-11 08:10:05,435 [WARN] DbFile:41 - Overriding database path with different value: /home/amer/.stmcufinder/plugins/mcufinder/ => /home/amer/.stmcufinder/plugins/mcufinder
2025-08-11 08:10:05,435 [INFO] DbMcusAds:125 - Set database path to: /home/amer/.stmcufinder/plugins/mcufinder//mcu/
2025-08-11 08:10:05,435 [WARN] DbFile:41 - Overriding database path with different value: /home/amer/.stmcufinder/plugins/mcufinder/ => /home/amer/.stmcufinder/plugins/mcufinder
2025-08-11 08:10:05,435 [WARN] DbFile:41 - Overriding database path with different value: /home/amer/.stmcufinder/plugins/mcufinder/ => /home/amer/.stmcufinder/plugins/mcufinder
2025-08-11 08:10:05,435 [INFO] CrossReferenceDbSqlite:203 - Set database path to: /home/amer/.stmcufinder/plugins/mcufinder//mcu/cs/
2025-08-11 08:10:05,495 [INFO] MainPanel:274 - HeapMemory: 268435456
2025-08-11 08:10:05,608 [INFO] DbMcusXml:78 - Set database path to: /home/amer/st/stm32cubeide_1.12.0/plugins/com.st.stm32cube.common.mx_6.15.0.202507011659//db//mcu/
2025-08-11 08:10:05,608 [INFO] ApiDb:274 - Set plugin database path to: /home/amer/st/stm32cubeide_1.12.0/plugins/com.st.stm32cube.common.mx_6.15.0.202507011659//db//plugins/boardmanager/
2025-08-11 08:10:05,608 [INFO] ApiDb:261 - Set plugin images path to: /home/amer/st/stm32cubeide_1.12.0/plugins/com.st.stm32cube.common.mx_6.15.0.202507011659//db//plugins/mcufinder/images/
2025-08-11 08:10:05,608 [WARN] DbFile:41 - Overriding database path with different value: /home/amer/.stmcufinder/plugins/mcufinder/ => /home/amer/.stmcufinder/plugins/mcufinder
2025-08-11 08:10:05,608 [INFO] ApiDb:250 - Set database path to: /home/amer/.stmcufinder/plugins/mcufinder//mcu/
2025-08-11 08:10:05,609 [WARN] DbFile:41 - Overriding database path with different value: /home/amer/.stmcufinder/plugins/mcufinder/ => /home/amer/.stmcufinder/plugins/mcufinder
2025-08-11 08:10:05,609 [INFO] DbMcusAds:125 - Set database path to: /home/amer/.stmcufinder/plugins/mcufinder//mcu/
2025-08-11 08:10:05,609 [WARN] DbFile:41 - Overriding database path with different value: /home/amer/.stmcufinder/plugins/mcufinder/ => /home/amer/.stmcufinder/plugins/mcufinder
2025-08-11 08:10:05,609 [WARN] DbFile:41 - Overriding database path with different value: /home/amer/.stmcufinder/plugins/mcufinder/ => /home/amer/.stmcufinder/plugins/mcufinder
2025-08-11 08:10:05,609 [INFO] CrossReferenceDbSqlite:203 - Set database path to: /home/amer/.stmcufinder/plugins/mcufinder//mcu/cs/
2025-08-11 08:10:05,625 [INFO] ApplicationProperties:184 - Using Application install path: /home/amer/st/stm32cubeide_1.12.0/plugins/com.st.stm32cube.common.mx_6.15.0.202507011659
2025-08-11 08:10:05,626 [INFO] PluginManage:196 - Search for loadable plugins [exclusion list=, ]
2025-08-11 08:10:05,627 [INFO] PluginManage:310 - Check plugin analytics
2025-08-11 08:10:05,776 [INFO] AnalyticsPlugin:253 - Accepted Software Licenses: 
2025-08-11 08:10:05,776 [INFO] AnalyticsPlugin:255 - Accepted CMSIS Pack Licenses: 
2025-08-11 08:10:05,777 [INFO] AnalyticsPlugin:257 - Accepted Firmware Licenses: FW.F4.1.27.0,FW.G0.1.6.0,FW.F4.1.28.0
2025-08-11 08:10:05,780 [INFO] PluginManage:359 - Loaded plugin analytics (category:tool,tabindex:-1)
2025-08-11 08:10:05,780 [INFO] PluginManage:310 - Check plugin cadmodel
2025-08-11 08:10:05,784 [INFO] CADModel:105 - Init CAD model plugin
2025-08-11 08:10:05,784 [INFO] PluginManage:359 - Loaded plugin cadmodel (category:power,tabindex:5)
2025-08-11 08:10:05,785 [INFO] PluginManage:310 - Check plugin clock
2025-08-11 08:10:05,790 [INFO] PluginManage:359 - Loaded plugin clock (category:base,tabindex:2)
2025-08-11 08:10:05,791 [INFO] PluginManage:310 - Check plugin ddr
2025-08-11 08:10:05,792 [INFO] PluginManage:359 - Loaded plugin ddr (category:tool,tabindex:6)
2025-08-11 08:10:05,792 [INFO] PluginManage:310 - Check plugin filemanager
2025-08-11 08:10:05,994 [INFO] PluginManage:359 - Loaded plugin filemanager (category:base,tabindex:10)
2025-08-11 08:10:05,995 [INFO] PluginManage:310 - Check plugin ipmanager
2025-08-11 08:10:06,001 [INFO] PluginManage:359 - Loaded plugin ipmanager (category:base,tabindex:5)
2025-08-11 08:10:06,002 [INFO] PluginManage:310 - Check plugin lpbam
2025-08-11 08:10:06,014 [INFO] PluginManage:359 - Loaded plugin lpbam (category:base,tabindex:0)
2025-08-11 08:10:06,015 [INFO] PluginManage:310 - Check plugin memorymap
2025-08-11 08:10:06,028 [INFO] PluginManage:359 - Loaded plugin memorymap (category:base,tabindex:4)
2025-08-11 08:10:06,028 [INFO] PluginManage:310 - Check plugin pinoutandconfiguration
2025-08-11 08:10:06,034 [INFO] PluginManage:359 - Loaded plugin pinoutandconfiguration (category:base,tabindex:1)
2025-08-11 08:10:06,034 [INFO] PluginManage:310 - Check plugin pinoutconfig
2025-08-11 08:10:06,136 [WARN] SupportedApi:132 - Cannot load RTOS API schema: s4s-elt-must-match.1: The content of 'definitions' must match (annotation?, (simpleType | complexType)?, (unique | key | keyref)*)). A problem was found starting at: attribute.
2025-08-11 08:10:06,254 [INFO] PluginManage:359 - Loaded plugin pinoutconfig (category:base,tabindex:0)
2025-08-11 08:10:06,254 [INFO] PluginManage:310 - Check plugin power
2025-08-11 08:10:06,260 [INFO] PluginManage:359 - Loaded plugin power (category:power,tabindex:4)
2025-08-11 08:10:06,260 [INFO] PluginManage:310 - Check plugin projectmanager
2025-08-11 08:10:06,280 [INFO] PluginManage:359 - Loaded plugin projectmanager (category:projectmanager,tabindex:4)
2025-08-11 08:10:06,281 [INFO] PluginManage:310 - Check plugin rif
2025-08-11 08:10:06,288 [INFO] PluginManage:359 - Loaded plugin rif (category:base,tabindex:3)
2025-08-11 08:10:06,288 [INFO] PluginManage:310 - Check plugin thirdparty
2025-08-11 08:10:06,412 [INFO] PluginManage:359 - Loaded plugin thirdparty (category:base,tabindex:-1)
2025-08-11 08:10:06,412 [WARN] IntegrityCheckThread:84 - waiting for thirdparty lock release [integrity check]
2025-08-11 08:10:06,412 [INFO] PluginManage:310 - Check plugin tools
2025-08-11 08:10:06,412 [INFO] IntegrityCheckThread:86 - entering critical section [integrity check]
2025-08-11 08:10:06,413 [INFO] ThirdPartyUpdaterWithRetryManager:70 - Updater plugin not ready yet. [1/15]
2025-08-11 08:10:06,414 [INFO] PluginManage:359 - Loaded plugin tools (category:base,tabindex:7)
2025-08-11 08:10:06,414 [INFO] PluginManage:310 - Check plugin tutovideos
2025-08-11 08:10:06,579 [INFO] PluginManage:359 - Loaded plugin tutovideos (category:base,tabindex:-1)
2025-08-11 08:10:06,580 [INFO] PluginManage:310 - Check plugin updater
2025-08-11 08:10:06,604 [INFO] PluginManage:359 - Loaded plugin updater (category:base,tabindex:12)
2025-08-11 08:10:06,604 [INFO] PluginManage:310 - Check plugin userauth
2025-08-11 08:10:06,607 [INFO] UserAuth:118 - Init User Auth plugin
2025-08-11 08:10:06,608 [INFO] PluginManage:359 - Loaded plugin userauth (category:base,tabindex:14)
2025-08-11 08:10:06,609 [INFO] PluginManage:283 - PluginManage : Loaded plugins [18]
2025-08-11 08:10:06,784 [INFO] PinOutPanel:1589 - setPackage(No Configuration,No Configuration)
2025-08-11 08:10:06,857 [INFO] CADModel:165 - CPN selected for project level
2025-08-11 08:10:06,857 [INFO] CADModel:114 - Register for checkConnection events
2025-08-11 08:10:06,870 [INFO] IPUIPlugin:80 - create IPUIPlugin
2025-08-11 08:10:06,870 [INFO] PluginManager:220 - loadIPPluginJar : add pdm2pcm
2025-08-11 08:10:06,873 [INFO] IPUIPlugin:80 - create IPUIPlugin
2025-08-11 08:10:06,873 [INFO] PluginManager:220 - loadIPPluginJar : add i3c
2025-08-11 08:10:06,876 [INFO] IPUIPlugin:80 - create IPUIPlugin
2025-08-11 08:10:06,877 [INFO] PluginManager:220 - loadIPPluginJar : add usart
2025-08-11 08:10:06,879 [INFO] IPUIPlugin:80 - create IPUIPlugin
2025-08-11 08:10:06,880 [INFO] PluginManager:220 - loadIPPluginJar : add nvic
2025-08-11 08:10:06,882 [INFO] IPUIPlugin:80 - create IPUIPlugin
2025-08-11 08:10:06,883 [INFO] PluginManager:220 - loadIPPluginJar : add gpio
2025-08-11 08:10:06,884 [INFO] IPUIPlugin:80 - create IPUIPlugin
2025-08-11 08:10:06,884 [INFO] PluginManager:220 - loadIPPluginJar : add quadspi
2025-08-11 08:10:06,886 [INFO] IPUIPlugin:80 - create IPUIPlugin
2025-08-11 08:10:06,886 [INFO] PluginManager:220 - loadIPPluginJar : add aes
2025-08-11 08:10:06,889 [INFO] IPUIPlugin:80 - create IPUIPlugin
2025-08-11 08:10:06,889 [INFO] PluginManager:220 - loadIPPluginJar : add i2c
2025-08-11 08:10:06,892 [INFO] IPUIPlugin:80 - create IPUIPlugin
2025-08-11 08:10:06,892 [INFO] PluginManager:220 - loadIPPluginJar : add ipddr
2025-08-11 08:10:06,893 [INFO] IPUIPlugin:80 - create IPUIPlugin
2025-08-11 08:10:06,893 [INFO] PluginManager:220 - loadIPPluginJar : add cryp
2025-08-11 08:10:06,896 [INFO] IPUIPlugin:80 - create IPUIPlugin
2025-08-11 08:10:06,896 [INFO] PluginManager:220 - loadIPPluginJar : add fmc
2025-08-11 08:10:06,897 [INFO] IPUIPlugin:80 - create IPUIPlugin
2025-08-11 08:10:06,897 [INFO] PluginManager:220 - loadIPPluginJar : add ltdc
2025-08-11 08:10:06,900 [INFO] IPUIPlugin:80 - create IPUIPlugin
2025-08-11 08:10:06,900 [INFO] PluginManager:220 - loadIPPluginJar : add gic
2025-08-11 08:10:06,903 [INFO] IPUIPlugin:80 - create IPUIPlugin
2025-08-11 08:10:06,903 [INFO] PluginManager:220 - loadIPPluginJar : add sai
2025-08-11 08:10:06,905 [INFO] IPUIPlugin:80 - create IPUIPlugin
2025-08-11 08:10:06,905 [INFO] PluginManager:220 - loadIPPluginJar : add ddr_ctrl_phy
2025-08-11 08:10:06,909 [INFO] IPUIPlugin:80 - create IPUIPlugin
2025-08-11 08:10:06,909 [INFO] PluginManager:220 - loadIPPluginJar : add stm32_wpan
2025-08-11 08:10:06,912 [INFO] IPUIPlugin:80 - create IPUIPlugin
2025-08-11 08:10:06,912 [INFO] PluginManager:220 - loadIPPluginJar : add freertos
2025-08-11 08:10:06,913 [INFO] IPUIPlugin:80 - create IPUIPlugin
2025-08-11 08:10:06,913 [INFO] PluginManager:220 - loadIPPluginJar : add i2s
2025-08-11 08:10:06,914 [INFO] IPUIPlugin:80 - create IPUIPlugin
2025-08-11 08:10:06,914 [INFO] PluginManager:220 - loadIPPluginJar : add tracer_emb
2025-08-11 08:10:06,915 [INFO] IPUIPlugin:80 - create IPUIPlugin
2025-08-11 08:10:06,915 [INFO] PluginManager:220 - loadIPPluginJar : add fatfs
2025-08-11 08:10:06,916 [INFO] IPUIPlugin:80 - create IPUIPlugin
2025-08-11 08:10:06,916 [INFO] PluginManager:220 - loadIPPluginJar : add tsc
2025-08-11 08:10:06,917 [INFO] IPUIPlugin:80 - create IPUIPlugin
2025-08-11 08:10:06,917 [INFO] PluginManager:220 - loadIPPluginJar : add spi
2025-08-11 08:10:06,921 [INFO] IPUIPlugin:80 - create IPUIPlugin
2025-08-11 08:10:06,921 [INFO] PluginManager:220 - loadIPPluginJar : add opamp
2025-08-11 08:10:06,924 [INFO] IPUIPlugin:80 - create IPUIPlugin
2025-08-11 08:10:06,925 [INFO] PluginManager:220 - loadIPPluginJar : add hash
2025-08-11 08:10:06,927 [INFO] IPUIPlugin:80 - create IPUIPlugin
2025-08-11 08:10:06,928 [INFO] PluginManager:220 - loadIPPluginJar : add radio
2025-08-11 08:10:06,929 [INFO] IPUIPlugin:80 - create IPUIPlugin
2025-08-11 08:10:06,929 [INFO] PluginManager:220 - loadIPPluginJar : add openamp
2025-08-11 08:10:06,930 [INFO] IPUIPlugin:80 - create IPUIPlugin
2025-08-11 08:10:06,930 [INFO] PluginManager:220 - loadIPPluginJar : add comp
2025-08-11 08:10:06,930 [INFO] IPUIPlugin:80 - create IPUIPlugin
2025-08-11 08:10:06,931 [INFO] PluginManager:220 - loadIPPluginJar : add genericplugin
2025-08-11 08:10:06,932 [INFO] IPUIPlugin:80 - create IPUIPlugin
2025-08-11 08:10:06,932 [INFO] PluginManager:220 - loadIPPluginJar : add dfsdm
2025-08-11 08:10:06,933 [INFO] IPUIPlugin:80 - create IPUIPlugin
2025-08-11 08:10:06,933 [INFO] PluginManager:220 - loadIPPluginJar : add lorawan
2025-08-11 08:10:06,938 [INFO] IPUIPlugin:80 - create IPUIPlugin
2025-08-11 08:10:06,938 [INFO] PluginManager:220 - loadIPPluginJar : add dma
2025-08-11 08:10:06,944 [INFO] IPUIPlugin:80 - create IPUIPlugin
2025-08-11 08:10:06,945 [INFO] PluginManager:220 - loadIPPluginJar : add linkedlist
2025-08-11 08:10:06,946 [INFO] IPUIPlugin:80 - create IPUIPlugin
2025-08-11 08:10:06,946 [INFO] PluginManager:220 - loadIPPluginJar : add usbx
2025-08-11 08:10:06,947 [INFO] IPUIPlugin:80 - create IPUIPlugin
2025-08-11 08:10:06,947 [INFO] PluginManager:220 - loadIPPluginJar : add gtzc
2025-08-11 08:10:06,949 [INFO] IPUIPlugin:80 - create IPUIPlugin
2025-08-11 08:10:06,949 [INFO] PluginManager:220 - loadIPPluginJar : add gfxmmu
2025-08-11 08:10:06,950 [INFO] IPUIPlugin:80 - create IPUIPlugin
2025-08-11 08:10:06,950 [INFO] PluginManager:220 - loadIPPluginJar : add resmgrutility
2025-08-11 08:10:06,951 [INFO] IPUIPlugin:80 - create IPUIPlugin
2025-08-11 08:10:06,951 [INFO] PluginManager:220 - loadIPPluginJar : add ucpd
2025-08-11 08:10:06,953 [INFO] IPUIPlugin:80 - create IPUIPlugin
2025-08-11 08:10:06,953 [INFO] PluginManager:220 - loadIPPluginJar : add tim
2025-08-11 08:10:06,958 [INFO] IPUIPlugin:80 - create IPUIPlugin
2025-08-11 08:10:06,959 [INFO] PluginManager:220 - loadIPPluginJar : add mdma
2025-08-11 08:10:06,960 [INFO] IPUIPlugin:80 - create IPUIPlugin
2025-08-11 08:10:06,960 [INFO] PluginManager:220 - loadIPPluginJar : add extmemmanager
2025-08-11 08:10:06,962 [INFO] IPUIPlugin:80 - create IPUIPlugin
2025-08-11 08:10:06,962 [INFO] PluginManager:220 - loadIPPluginJar : add can
2025-08-11 08:10:06,963 [INFO] IPUIPlugin:80 - create IPUIPlugin
2025-08-11 08:10:06,963 [INFO] PluginManager:220 - loadIPPluginJar : add dma3
2025-08-11 08:10:06,966 [INFO] IPUIPlugin:80 - create IPUIPlugin
2025-08-11 08:10:06,968 [INFO] PluginManager:220 - loadIPPluginJar : add plateformsettings
2025-08-11 08:10:06,969 [INFO] IPUIPlugin:80 - create IPUIPlugin
2025-08-11 08:10:06,970 [INFO] PluginManager:220 - loadIPPluginJar : add touchsensing
2025-08-11 08:10:06,970 [INFO] IPUIPlugin:80 - create IPUIPlugin
2025-08-11 08:10:06,970 [INFO] PluginManager:220 - loadIPPluginJar : add ts
2025-08-11 08:10:06,976 [INFO] IPUIPlugin:80 - create IPUIPlugin
2025-08-11 08:10:06,976 [INFO] PluginManager:220 - loadIPPluginJar : add adc
2025-08-11 08:10:07,084 [FATAL] Updater:351 - Updater called before beeing initialized
2025-08-11 08:10:07,111 [INFO] RulesReader:64 - Compatibility file has been processed (317 Rules)
2025-08-11 08:10:07,124 [INFO] RulesReader:64 - Compatibility file has been processed (317 Rules)
2025-08-11 08:10:07,133 [INFO] CADModel:165 - CPN selected for project level
2025-08-11 08:10:07,133 [INFO] CADModel:114 - Register for checkConnection events
2025-08-11 08:10:07,133 [FATAL] Updater:351 - Updater called before beeing initialized
2025-08-11 08:10:07,134 [ERROR] CADModel:125 - Updater not yet initialized, retry later 
2025-08-11 08:10:07,297 [FATAL] Updater:351 - Updater called before beeing initialized
2025-08-11 08:10:07,298 [INFO] CADModel:165 - CPN selected for project level
2025-08-11 08:10:07,298 [INFO] CADModel:114 - Register for checkConnection events
2025-08-11 08:10:07,298 [FATAL] Updater:351 - Updater called before beeing initialized
2025-08-11 08:10:07,299 [ERROR] CADModel:125 - Updater not yet initialized, retry later 
2025-08-11 08:10:07,301 [FATAL] Updater:351 - Updater called before beeing initialized
2025-08-11 08:10:07,430 [FATAL] Updater:351 - Updater called before beeing initialized
2025-08-11 08:10:07,434 [INFO] DbMcusAds:53 - JSON generation date=Tue Jul 08 11:14:23 EEST 2025 (1751962463582)
2025-08-11 08:10:07,434 [FATAL] Updater:351 - Updater called before beeing initialized
2025-08-11 08:10:07,469 [WARN] DetailPanel:346 - Failed to get advertising image, set to default
2025-08-11 08:10:07,539 [FATAL] Updater:351 - Updater called before beeing initialized
2025-08-11 08:10:07,541 [FATAL] Updater:351 - Updater called before beeing initialized
2025-08-11 08:10:07,541 [FATAL] Updater:351 - Updater called before beeing initialized
2025-08-11 08:10:07,541 [WARN] DetailPanel:346 - Failed to get advertising image, set to default
2025-08-11 08:10:07,542 [FATAL] Updater:351 - Updater called before beeing initialized
2025-08-11 08:10:07,578 [ERROR] Updater:1198 - MainUpdater not yet initialized. External WinMGr cannot be set.
2025-08-11 08:10:07,579 [INFO] Updater:1134 - Updater Version found : 6.15.0
2025-08-11 08:10:07,593 [INFO] ApplicationProperties:184 - Using Application install path: /home/amer/st/stm32cubeide_1.12.0/plugins/com.st.stm32cube.common.mx_6.15.0.202507011659
2025-08-11 08:10:08,025 [INFO] MainUpdater:2872 - connection check result : 10
2025-08-11 08:10:08,026 [INFO] MainUpdater:289 - Updater Check For Update Now.
2025-08-11 08:10:08,026 [INFO] MicroXplorer:498 - Change Database Version : DB.6.0.150
2025-08-11 08:10:08,033 [INFO] McuFinderGlobals:63 - Set McuFinder mode to 2 (CubeIDE integrated)
2025-08-11 08:10:08,034 [INFO] UserAuth:487 - Internet connection configuration mode: 1
2025-08-11 08:10:08,051 [INFO] JxBrowserEngine:152 - Initiate JxBrowser Engine with user profile folder
2025-08-11 08:10:08,247 [INFO] CheckServerUpdateThread:120 - End of CheckServer Thread
2025-08-11 08:10:08,813 [INFO] WebApp:169 - Instantiating new browser for Auth
2025-08-11 08:10:09,572 [WARN] PackLoader:240 - Cannot read IP mode file for STMicroelectronics.FP-SNS-MOTENVWB1.1.4.0
2025-08-11 08:10:09,589 [WARN] PackLoader:240 - Cannot read IP mode file for STMicroelectronics.FP-ATR-ASTRA1.2.0.2
2025-08-11 08:10:09,597 [WARN] PackLoader:240 - Cannot read IP mode file for STMicroelectronics.X-CUBE-SMBUS.2.1.0
2025-08-11 08:10:09,602 [WARN] PackLoader:240 - Cannot read IP mode file for STMicroelectronics.X-CUBE-ST60.1.0.0
2025-08-11 08:10:09,603 [INFO] WebApp:463 - Apply proxy settings
2025-08-11 08:10:09,603 [INFO] WebApp:548 - Chromium requires no authentication
2025-08-11 08:10:09,613 [INFO] WebApp:491 - Direct internet connection detected
2025-08-11 08:10:09,642 [INFO] WebApp:900 - Register for checkConnection events
2025-08-11 08:10:09,643 [INFO] WebApp:463 - Apply proxy settings
2025-08-11 08:10:09,643 [INFO] WebApp:548 - Chromium requires no authentication
2025-08-11 08:10:09,644 [INFO] WebApp:491 - Direct internet connection detected
2025-08-11 08:10:09,659 [WARN] PackLoader:240 - Cannot read IP mode file for STMicroelectronics.X-CUBE-AZRTOS-F7.1.1.0
2025-08-11 08:10:09,720 [WARN] PackLoader:240 - Cannot read IP mode file for Infineon.AIROC-Wi-Fi-Bluetooth-STM32.1.7.1
2025-08-11 08:10:09,781 [WARN] PackLoader:240 - Cannot read IP mode file for STMicroelectronics.X-CUBE-AZRTOS-H7.3.4.0
2025-08-11 08:10:09,799 [WARN] PackLoader:240 - Cannot read IP mode file for STMicroelectronics.X-CUBE-DISPLAY.3.0.0
2025-08-11 08:10:09,819 [WARN] PackLoader:240 - Cannot read IP mode file for STMicroelectronics.X-CUBE-NFC10.1.0.0
2025-08-11 08:10:09,828 [WARN] PackLoader:240 - Cannot read IP mode file for emotas.I-CUBE-CANOPEN.1.3.0
2025-08-11 08:10:09,840 [WARN] PackLoader:240 - Cannot read IP mode file for STMicroelectronics.FP-SNS-STBOX1.2.1.0
2025-08-11 08:10:09,849 [WARN] PackLoader:240 - Cannot read IP mode file for STMicroelectronics.FP-SNS-SMARTAG2.1.2.0
2025-08-11 08:10:09,854 [WARN] PackLoader:240 - Cannot read IP mode file for STMicroelectronics.FP-SNS-FLIGHT1.5.1.0
2025-08-11 08:10:09,867 [INFO] LogOutputStream:77 - [STDOUT_REDIRECT] 1 : Invalid condition id : UX_CORESTACK_Condition cause : null
2025-08-11 08:10:09,867 [INFO] LogOutputStream:77 - [STDOUT_REDIRECT] 1 : Invalid condition id : UX_CORESTACK_Condition cause : null
2025-08-11 08:10:09,868 [INFO] LogOutputStream:77 - [STDOUT_REDIRECT] 1 : Invalid condition id : UX_CORESTACK_Condition cause : null
2025-08-11 08:10:09,868 [INFO] LogOutputStream:77 - [STDOUT_REDIRECT] 1 : Invalid condition id : UX_CORESTACK_Condition cause : null
2025-08-11 08:10:09,869 [INFO] LogOutputStream:77 - [STDOUT_REDIRECT] 1 : Invalid condition id : UX_CORESTACK_Condition cause : null
2025-08-11 08:10:09,875 [WARN] PackLoader:240 - Cannot read IP mode file for STMicroelectronics.X-CUBE-AZRTOS-WL.2.0.0
2025-08-11 08:10:09,883 [WARN] PackLoader:240 - Cannot read IP mode file for STMicroelectronics.FP-SNS-MOTENV1.5.0.0
2025-08-11 08:10:09,883 [INFO] WebApp:225 - Starting web application
2025-08-11 08:10:09,884 [INFO] WebApp:593 - Web application path used /home/amer/st/stm32cubeide_1.12.0/plugins/com.st.stm32cube.common.mx_6.15.0.202507011659/db/plugins/mcufinder/reactClient1/index.html
2025-08-11 08:10:09,907 [WARN] PackLoader:240 - Cannot read IP mode file for WES.I-CUBE-Cesium.1.3.0
2025-08-11 08:10:09,914 [WARN] PackLoader:240 - Cannot read IP mode file for STMicroelectronics.X-CUBE-BLE2.3.3.0
2025-08-11 08:10:09,918 [INFO] WebApp:191 - Connection restablished
2025-08-11 08:10:09,923 [WARN] PackLoader:240 - Cannot read IP mode file for STMicroelectronics.X-CUBE-NFC9.1.0.0
2025-08-11 08:10:09,931 [WARN] PackLoader:240 - Cannot read IP mode file for wolfSSL.I-CUBE-wolfSSL.5.8.0
2025-08-11 08:10:09,938 [WARN] PackLoader:240 - Cannot read IP mode file for STMicroelectronics.X-CUBE-BLE1.7.1.0
2025-08-11 08:10:09,942 [WARN] PackLoader:240 - Cannot read IP mode file for wolfSSL.I-CUBE-wolfMQTT.1.19.2
2025-08-11 08:10:09,952 [WARN] PackLoader:240 - Cannot read IP mode file for STMicroelectronics.X-CUBE-EEPRMA1.5.2.0
2025-08-11 08:10:09,961 [WARN] PackLoader:240 - Cannot read IP mode file for STMicroelectronics.X-CUBE-AI.10.1.0
2025-08-11 08:10:09,990 [WARN] PackLoader:240 - Cannot read IP mode file for STMicroelectronics.X-CUBE-AZRTOS-G0.1.1.0
2025-08-11 08:10:10,004 [WARN] PackLoader:240 - Cannot read IP mode file for STMicroelectronics.X-CUBE-SAFEA1.1.2.2
2025-08-11 08:10:10,015 [WARN] PackLoader:240 - Cannot read IP mode file for STMicroelectronics.X-CUBE-NFC4.3.0.0
2025-08-11 08:10:10,031 [WARN] PackLoader:240 - Cannot read IP mode file for EmbeddedOffice.I-CUBE-FS-RTOS.1.0.1
2025-08-11 08:10:10,040 [WARN] PackLoader:240 - Cannot read IP mode file for STMicroelectronics.X-CUBE-WB05N.2.0.0
2025-08-11 08:10:10,046 [WARN] PackLoader:240 - Cannot read IP mode file for wolfSSL.I-CUBE-wolfTPM.3.8.0
2025-08-11 08:10:10,054 [WARN] PackLoader:240 - Cannot read IP mode file for STMicroelectronics.X-CUBE-TCPP.4.2.0
2025-08-11 08:10:10,062 [WARN] PackLoader:240 - Cannot read IP mode file for RealThread.X-CUBE-RT-Thread_Nano.4.1.1
2025-08-11 08:10:10,068 [WARN] PackLoader:240 - Cannot read IP mode file for STMicroelectronics.FP-ATR-SIGFOX1.3.2.0
2025-08-11 08:10:10,075 [WARN] PackLoader:240 - Cannot read IP mode file for ITTIA_DB.I-CUBE-ITTIADB.8.9.0
2025-08-11 08:10:10,082 [WARN] PackLoader:240 - Cannot read IP mode file for STMicroelectronics.X-CUBE-ST67W61.1.0.0
2025-08-11 08:10:10,086 [WARN] PackLoader:240 - Cannot read IP mode file for STMicroelectronics.X-CUBE-AI.10.2.0
2025-08-11 08:10:10,140 [WARN] PackLoader:240 - Cannot read IP mode file for SEGGER.I-CUBE-embOS.1.3.1
2025-08-11 08:10:10,213 [WARN] PackLoader:240 - Cannot read IP mode file for STMicroelectronics.X-CUBE-ALGOBUILD.1.4.0
2025-08-11 08:10:10,296 [WARN] PackLoader:240 - Cannot read IP mode file for STMicroelectronics.X-CUBE-MEMS1.11.3.0
2025-08-11 08:10:10,470 [WARN] PackLoader:240 - Cannot read IP mode file for STMicroelectronics.X-CUBE-PM33A1.1.0.0
2025-08-11 08:10:10,492 [WARN] PackLoader:240 - Cannot read IP mode file for STMicroelectronics.X-CUBE-AZRTOS-F4.1.1.0
2025-08-11 08:10:10,498 [WARN] PackLoader:240 - Cannot read IP mode file for Avnet-IotConnect.X-CUBE-IoTC-DA16k-PMOD.1.0.0
2025-08-11 08:10:10,502 [WARN] PackLoader:240 - Cannot read IP mode file for STMicroelectronics.X-CUBE-ISPU.2.1.0
2025-08-11 08:10:10,514 [WARN] PackLoader:240 - Cannot read IP mode file for STMicroelectronics.X-CUBE-NFC12.1.0.0
2025-08-11 08:10:10,543 [WARN] PackLoader:240 - Cannot read IP mode file for STMicroelectronics.X-CUBE-AZRTOS-L5.2.0.0
2025-08-11 08:10:10,578 [WARN] PackLoader:240 - Cannot read IP mode file for STMicroelectronics.X-CUBE-NFC6.3.1.0
2025-08-11 08:10:10,584 [WARN] PackLoader:240 - Cannot read IP mode file for STMicroelectronics.X-CUBE-FREERTOS.1.3.1
2025-08-11 08:10:10,589 [WARN] PackLoader:240 - Cannot read IP mode file for STMicroelectronics.FP-SNS-STAIOTCFT.1.0.0
2025-08-11 08:10:10,596 [WARN] PackLoader:240 - Cannot read IP mode file for STMicroelectronics.X-CUBE-DPower.1.3.0
2025-08-11 08:10:10,619 [WARN] ConditionMgr:438 - getConditionDescription Invalid condition id : LAN8742 Phy interface Condition cause : null
2025-08-11 08:10:10,620 [WARN] PackLoader:240 - Cannot read IP mode file for STMicroelectronics.X-CUBE-AZRTOS-L4.2.0.0
2025-08-11 08:10:10,622 [WARN] ConditionMgr:1044 - genDependencies : Invalid condition id : LAN8742 Phy interface Condition cause : null
2025-08-11 08:10:10,623 [WARN] ConditionMgr:1044 - genDependencies : Invalid condition id : LAN8742 Phy interface Condition cause : null
2025-08-11 08:10:10,624 [WARN] ConditionMgr:1044 - genDependencies : Invalid condition id : LAN8742 Phy interface Condition cause : null
2025-08-11 08:10:10,634 [WARN] PackLoader:240 - Cannot read IP mode file for STMicroelectronics.X-CUBE-SFXS2LP1.4.0.0
2025-08-11 08:10:10,645 [WARN] PackLoader:240 - Cannot read IP mode file for STMicroelectronics.X-CUBE-BLEMGR.4.1.0
2025-08-11 08:10:10,659 [WARN] ConditionMgr:438 - getConditionDescription Invalid condition id : UX DEVICE CLASS RTOS Condition cause : null
2025-08-11 08:10:10,659 [WARN] ConditionMgr:438 - getConditionDescription Invalid condition id : UX DEVICE CLASS RTOS Condition cause : null
2025-08-11 08:10:10,662 [WARN] PackLoader:240 - Cannot read IP mode file for STMicroelectronics.X-CUBE-AZRTOS-WB.2.0.0
2025-08-11 08:10:10,663 [WARN] ConditionMgr:1044 - genDependencies : Invalid condition id : UX DEVICE CLASS RTOS Condition cause : null
2025-08-11 08:10:10,663 [WARN] ConditionMgr:1044 - genDependencies : Invalid condition id : UX DEVICE CLASS RTOS Condition cause : null
2025-08-11 08:10:10,664 [WARN] ConditionMgr:1044 - genDependencies : Invalid condition id : UX DEVICE CLASS RTOS Condition cause : null
2025-08-11 08:10:10,665 [WARN] ConditionMgr:1044 - genDependencies : Invalid condition id : UX DEVICE CLASS RTOS Condition cause : null
2025-08-11 08:10:10,665 [WARN] ConditionMgr:1044 - genDependencies : Invalid condition id : UX DEVICE CLASS RTOS Condition cause : null
2025-08-11 08:10:10,672 [WARN] PackLoader:240 - Cannot read IP mode file for STMicroelectronics.X-CUBE-GNSS1.7.0.1
2025-08-11 08:10:10,674 [INFO] UserAuth:487 - Internet connection configuration mode: 1
2025-08-11 08:10:10,678 [WARN] PackLoader:240 - Cannot read IP mode file for STMicroelectronics.X-CUBE-TOUCHGFX.4.25.0
2025-08-11 08:10:10,689 [WARN] PackLoader:240 - Cannot read IP mode file for STMicroelectronics.FP-SNS-STBOX1.2.0.0
2025-08-11 08:10:10,700 [WARN] ConditionMgr:438 - getConditionDescription Invalid condition id : Cortex-A Device cause : null
2025-08-11 08:10:10,721 [WARN] ConditionMgr:1044 - genDependencies : Invalid condition id : Cortex-A Device cause : null
2025-08-11 08:10:10,722 [WARN] ConditionMgr:1044 - genDependencies : Invalid condition id : Cortex-A Device cause : null
2025-08-11 08:10:10,722 [WARN] ConditionMgr:1044 - genDependencies : Invalid condition id : Cortex-A Device cause : null
2025-08-11 08:10:10,735 [WARN] PackLoader:240 - Cannot read IP mode file for STMicroelectronics.X-CUBE-SUBG2.5.0.0
2025-08-11 08:10:10,757 [WARN] PackLoader:240 - Cannot read IP mode file for STMicroelectronics.X-CUBE-AZRTOS-H7RS.1.1.0
2025-08-11 08:10:10,762 [WARN] PackLoader:240 - Cannot read IP mode file for Cesanta.I-CUBE-Mongoose.7.13.0
2025-08-11 08:10:10,774 [WARN] PackLoader:240 - Cannot read IP mode file for STMicroelectronics.X-CUBE-AZRTOS-G4.2.0.0
2025-08-11 08:10:10,778 [WARN] PackLoader:240 - Cannot read IP mode file for wolfSSL.I-CUBE-wolfSSH.1.4.20
2025-08-11 08:10:10,783 [WARN] PackLoader:240 - Cannot read IP mode file for STMicroelectronics.X-CUBE-NFC7.2.0.0
2025-08-11 08:10:10,802 [WARN] PackLoader:240 - Cannot read IP mode file for STMicroelectronics.X-CUBE-IPS.3.1.0
2025-08-11 08:10:10,811 [WARN] PackLoader:240 - Cannot read IP mode file for STMicroelectronics.X-CUBE-ALS.1.0.2
2025-08-11 08:10:10,818 [WARN] PackLoader:240 - Cannot read IP mode file for portGmbH.I-Cube-SoM-uGOAL.1.1.0
2025-08-11 08:10:10,829 [WARN] PackLoader:240 - Cannot read IP mode file for STMicroelectronics.X-CUBE-TOF1.3.4.3
2025-08-11 08:10:10,839 [INFO] ThirdParty:978 - Integrity check success = true
2025-08-11 08:10:10,840 [INFO] IntegrityCheckThread:100 - exiting critical section [integrity check]
2025-08-11 08:10:10,840 [INFO] IntegrityCheckThread:103 - End integrity checks thread
2025-08-11 08:52:53,326 [ERROR] LogOutputStream:75 - [STDERR_REDIRECT] SWT SessionManagerDBus: Failed to UnregisterClient: GDBus.Error:org.freedesktop.DBus.Error.NoReply: Message recipient disconnected from message bus without replying
2025-08-11 10:52:28,087 [INFO] Activator:176 - 


2025-08-11 10:52:28,089 [INFO] Activator:177 - !SESSION log4j initialized
2025-08-11 10:52:31,097 [INFO] LogOutputStream:77 - [STDOUT_REDIRECT] 
2025-08-11 10:52:36,631 [INFO] ApplicationProperties:184 - Using Application install path: /home/amer/st/stm32cubeide_1.12.0/plugins/com.st.stm32cube.common.mx_6.15.0.202507011659
2025-08-11 10:52:36,649 [INFO] DbMcusXml:78 - Set database path to: /home/amer/st/stm32cubeide_1.12.0/plugins/com.st.stm32cube.common.mx_6.15.0.202507011659//db//mcu/
2025-08-11 10:52:36,649 [INFO] ApiDb:274 - Set plugin database path to: /home/amer/st/stm32cubeide_1.12.0/plugins/com.st.stm32cube.common.mx_6.15.0.202507011659//db//plugins/boardmanager/
2025-08-11 10:52:36,649 [WARN] ApiDb:259 - Overriding images path with different value:  => /home/amer/st/stm32cubeide_1.12.0/plugins/com.st.stm32cube.common.mx_6.15.0.202507011659//db//plugins/mcufinder/images/
2025-08-11 10:52:36,654 [INFO] ApiDb:250 - Set database path to: /home/amer/.stmcufinder/plugins/mcufinder//mcu/
2025-08-11 10:52:36,656 [INFO] DbMcusAds:125 - Set database path to: /home/amer/.stmcufinder/plugins/mcufinder//mcu/
2025-08-11 10:52:36,659 [INFO] CrossReferenceDbSqlite:203 - Set database path to: /home/amer/.stmcufinder/plugins/mcufinder//mcu/cs/
2025-08-11 10:52:36,791 [INFO] RulesReader:64 - Compatibility file has been processed (317 Rules)
2025-08-11 10:52:36,869 [INFO] DbMcusXml:78 - Set database path to: /home/amer/st/stm32cubeide_1.12.0/plugins/com.st.stm32cube.common.mx_6.15.0.202507011659//db//mcu/
2025-08-11 10:52:36,869 [INFO] ApiDb:274 - Set plugin database path to: /home/amer/st/stm32cubeide_1.12.0/plugins/com.st.stm32cube.common.mx_6.15.0.202507011659//db//plugins/boardmanager/
2025-08-11 10:52:36,869 [INFO] ApiDb:261 - Set plugin images path to: /home/amer/st/stm32cubeide_1.12.0/plugins/com.st.stm32cube.common.mx_6.15.0.202507011659//db//plugins/mcufinder/images/
2025-08-11 10:52:36,869 [WARN] DbFile:41 - Overriding database path with different value: /home/amer/.stmcufinder/plugins/mcufinder/ => /home/amer/.stmcufinder/plugins/mcufinder
2025-08-11 10:52:36,870 [INFO] ApiDb:250 - Set database path to: /home/amer/.stmcufinder/plugins/mcufinder//mcu/
2025-08-11 10:52:36,870 [WARN] DbFile:41 - Overriding database path with different value: /home/amer/.stmcufinder/plugins/mcufinder/ => /home/amer/.stmcufinder/plugins/mcufinder
2025-08-11 10:52:36,870 [INFO] DbMcusAds:125 - Set database path to: /home/amer/.stmcufinder/plugins/mcufinder//mcu/
2025-08-11 10:52:36,870 [WARN] DbFile:41 - Overriding database path with different value: /home/amer/.stmcufinder/plugins/mcufinder/ => /home/amer/.stmcufinder/plugins/mcufinder
2025-08-11 10:52:36,870 [WARN] DbFile:41 - Overriding database path with different value: /home/amer/.stmcufinder/plugins/mcufinder/ => /home/amer/.stmcufinder/plugins/mcufinder
2025-08-11 10:52:36,870 [INFO] CrossReferenceDbSqlite:203 - Set database path to: /home/amer/.stmcufinder/plugins/mcufinder//mcu/cs/
2025-08-11 10:52:36,945 [INFO] MainPanel:274 - HeapMemory: 268435456
2025-08-11 10:52:37,093 [INFO] DbMcusXml:78 - Set database path to: /home/amer/st/stm32cubeide_1.12.0/plugins/com.st.stm32cube.common.mx_6.15.0.202507011659//db//mcu/
2025-08-11 10:52:37,093 [INFO] ApiDb:274 - Set plugin database path to: /home/amer/st/stm32cubeide_1.12.0/plugins/com.st.stm32cube.common.mx_6.15.0.202507011659//db//plugins/boardmanager/
2025-08-11 10:52:37,093 [INFO] ApiDb:261 - Set plugin images path to: /home/amer/st/stm32cubeide_1.12.0/plugins/com.st.stm32cube.common.mx_6.15.0.202507011659//db//plugins/mcufinder/images/
2025-08-11 10:52:37,093 [WARN] DbFile:41 - Overriding database path with different value: /home/amer/.stmcufinder/plugins/mcufinder/ => /home/amer/.stmcufinder/plugins/mcufinder
2025-08-11 10:52:37,094 [INFO] ApiDb:250 - Set database path to: /home/amer/.stmcufinder/plugins/mcufinder//mcu/
2025-08-11 10:52:37,094 [WARN] DbFile:41 - Overriding database path with different value: /home/amer/.stmcufinder/plugins/mcufinder/ => /home/amer/.stmcufinder/plugins/mcufinder
2025-08-11 10:52:37,094 [INFO] DbMcusAds:125 - Set database path to: /home/amer/.stmcufinder/plugins/mcufinder//mcu/
2025-08-11 10:52:37,094 [WARN] DbFile:41 - Overriding database path with different value: /home/amer/.stmcufinder/plugins/mcufinder/ => /home/amer/.stmcufinder/plugins/mcufinder
2025-08-11 10:52:37,094 [WARN] DbFile:41 - Overriding database path with different value: /home/amer/.stmcufinder/plugins/mcufinder/ => /home/amer/.stmcufinder/plugins/mcufinder
2025-08-11 10:52:37,101 [INFO] CrossReferenceDbSqlite:203 - Set database path to: /home/amer/.stmcufinder/plugins/mcufinder//mcu/cs/
2025-08-11 10:52:37,122 [INFO] ApplicationProperties:184 - Using Application install path: /home/amer/st/stm32cubeide_1.12.0/plugins/com.st.stm32cube.common.mx_6.15.0.202507011659
2025-08-11 10:52:37,124 [INFO] PluginManage:196 - Search for loadable plugins [exclusion list=, ]
2025-08-11 10:52:37,126 [INFO] PluginManage:310 - Check plugin analytics
2025-08-11 10:52:37,314 [INFO] AnalyticsPlugin:253 - Accepted Software Licenses: 
2025-08-11 10:52:37,314 [INFO] AnalyticsPlugin:255 - Accepted CMSIS Pack Licenses: 
2025-08-11 10:52:37,314 [INFO] AnalyticsPlugin:257 - Accepted Firmware Licenses: FW.F4.1.27.0,FW.G0.1.6.0,FW.F4.1.28.0
2025-08-11 10:52:37,317 [INFO] PluginManage:359 - Loaded plugin analytics (category:tool,tabindex:-1)
2025-08-11 10:52:37,318 [INFO] PluginManage:310 - Check plugin cadmodel
2025-08-11 10:52:37,323 [INFO] CADModel:105 - Init CAD model plugin
2025-08-11 10:52:37,324 [INFO] PluginManage:359 - Loaded plugin cadmodel (category:power,tabindex:5)
2025-08-11 10:52:37,324 [INFO] PluginManage:310 - Check plugin clock
2025-08-11 10:52:37,334 [INFO] PluginManage:359 - Loaded plugin clock (category:base,tabindex:2)
2025-08-11 10:52:37,334 [INFO] PluginManage:310 - Check plugin ddr
2025-08-11 10:52:37,337 [INFO] PluginManage:359 - Loaded plugin ddr (category:tool,tabindex:6)
2025-08-11 10:52:37,338 [INFO] PluginManage:310 - Check plugin filemanager
2025-08-11 10:52:37,541 [INFO] PluginManage:359 - Loaded plugin filemanager (category:base,tabindex:10)
2025-08-11 10:52:37,541 [INFO] PluginManage:310 - Check plugin ipmanager
2025-08-11 10:52:37,547 [INFO] PluginManage:359 - Loaded plugin ipmanager (category:base,tabindex:5)
2025-08-11 10:52:37,548 [INFO] PluginManage:310 - Check plugin lpbam
2025-08-11 10:52:37,558 [INFO] PluginManage:359 - Loaded plugin lpbam (category:base,tabindex:0)
2025-08-11 10:52:37,558 [INFO] PluginManage:310 - Check plugin memorymap
2025-08-11 10:52:37,578 [INFO] PluginManage:359 - Loaded plugin memorymap (category:base,tabindex:4)
2025-08-11 10:52:37,578 [INFO] PluginManage:310 - Check plugin pinoutandconfiguration
2025-08-11 10:52:37,590 [INFO] PluginManage:359 - Loaded plugin pinoutandconfiguration (category:base,tabindex:1)
2025-08-11 10:52:37,590 [INFO] PluginManage:310 - Check plugin pinoutconfig
2025-08-11 10:52:37,677 [WARN] SupportedApi:132 - Cannot load RTOS API schema: s4s-elt-must-match.1: The content of 'definitions' must match (annotation?, (simpleType | complexType)?, (unique | key | keyref)*)). A problem was found starting at: attribute.
2025-08-11 10:52:37,804 [INFO] PluginManage:359 - Loaded plugin pinoutconfig (category:base,tabindex:0)
2025-08-11 10:52:37,804 [INFO] PluginManage:310 - Check plugin power
2025-08-11 10:52:37,813 [INFO] PluginManage:359 - Loaded plugin power (category:power,tabindex:4)
2025-08-11 10:52:37,813 [INFO] PluginManage:310 - Check plugin projectmanager
2025-08-11 10:52:37,828 [INFO] PluginManage:359 - Loaded plugin projectmanager (category:projectmanager,tabindex:4)
2025-08-11 10:52:37,828 [INFO] PluginManage:310 - Check plugin rif
2025-08-11 10:52:37,837 [INFO] PluginManage:359 - Loaded plugin rif (category:base,tabindex:3)
2025-08-11 10:52:37,837 [INFO] PluginManage:310 - Check plugin thirdparty
2025-08-11 10:52:37,965 [INFO] PluginManage:359 - Loaded plugin thirdparty (category:base,tabindex:-1)
2025-08-11 10:52:37,965 [WARN] IntegrityCheckThread:84 - waiting for thirdparty lock release [integrity check]
2025-08-11 10:52:37,965 [INFO] IntegrityCheckThread:86 - entering critical section [integrity check]
2025-08-11 10:52:37,965 [INFO] PluginManage:310 - Check plugin tools
2025-08-11 10:52:37,965 [INFO] ThirdPartyUpdaterWithRetryManager:70 - Updater plugin not ready yet. [1/15]
2025-08-11 10:52:37,967 [INFO] PluginManage:359 - Loaded plugin tools (category:base,tabindex:7)
2025-08-11 10:52:37,967 [INFO] PluginManage:310 - Check plugin tutovideos
2025-08-11 10:52:38,125 [INFO] PluginManage:359 - Loaded plugin tutovideos (category:base,tabindex:-1)
2025-08-11 10:52:38,126 [INFO] PluginManage:310 - Check plugin updater
2025-08-11 10:52:38,146 [INFO] PluginManage:359 - Loaded plugin updater (category:base,tabindex:12)
2025-08-11 10:52:38,146 [INFO] PluginManage:310 - Check plugin userauth
2025-08-11 10:52:38,149 [INFO] UserAuth:118 - Init User Auth plugin
2025-08-11 10:52:38,149 [INFO] PluginManage:359 - Loaded plugin userauth (category:base,tabindex:14)
2025-08-11 10:52:38,150 [INFO] PluginManage:283 - PluginManage : Loaded plugins [18]
2025-08-11 10:52:38,273 [INFO] PinOutPanel:1589 - setPackage(No Configuration,No Configuration)
2025-08-11 10:52:38,321 [INFO] CADModel:165 - CPN selected for project level
2025-08-11 10:52:38,322 [INFO] CADModel:114 - Register for checkConnection events
2025-08-11 10:52:38,331 [INFO] IPUIPlugin:80 - create IPUIPlugin
2025-08-11 10:52:38,331 [INFO] PluginManager:220 - loadIPPluginJar : add pdm2pcm
2025-08-11 10:52:38,333 [INFO] IPUIPlugin:80 - create IPUIPlugin
2025-08-11 10:52:38,333 [INFO] PluginManager:220 - loadIPPluginJar : add i3c
2025-08-11 10:52:38,334 [INFO] IPUIPlugin:80 - create IPUIPlugin
2025-08-11 10:52:38,335 [INFO] PluginManager:220 - loadIPPluginJar : add usart
2025-08-11 10:52:38,338 [INFO] IPUIPlugin:80 - create IPUIPlugin
2025-08-11 10:52:38,338 [INFO] PluginManager:220 - loadIPPluginJar : add nvic
2025-08-11 10:52:38,341 [INFO] IPUIPlugin:80 - create IPUIPlugin
2025-08-11 10:52:38,341 [INFO] PluginManager:220 - loadIPPluginJar : add gpio
2025-08-11 10:52:38,342 [INFO] IPUIPlugin:80 - create IPUIPlugin
2025-08-11 10:52:38,342 [INFO] PluginManager:220 - loadIPPluginJar : add quadspi
2025-08-11 10:52:38,344 [INFO] IPUIPlugin:80 - create IPUIPlugin
2025-08-11 10:52:38,344 [INFO] PluginManager:220 - loadIPPluginJar : add aes
2025-08-11 10:52:38,345 [INFO] IPUIPlugin:80 - create IPUIPlugin
2025-08-11 10:52:38,345 [INFO] PluginManager:220 - loadIPPluginJar : add i2c
2025-08-11 10:52:38,348 [INFO] IPUIPlugin:80 - create IPUIPlugin
2025-08-11 10:52:38,348 [INFO] PluginManager:220 - loadIPPluginJar : add ipddr
2025-08-11 10:52:38,350 [INFO] IPUIPlugin:80 - create IPUIPlugin
2025-08-11 10:52:38,350 [INFO] PluginManager:220 - loadIPPluginJar : add cryp
2025-08-11 10:52:38,354 [INFO] IPUIPlugin:80 - create IPUIPlugin
2025-08-11 10:52:38,354 [INFO] PluginManager:220 - loadIPPluginJar : add fmc
2025-08-11 10:52:38,355 [INFO] IPUIPlugin:80 - create IPUIPlugin
2025-08-11 10:52:38,355 [INFO] PluginManager:220 - loadIPPluginJar : add ltdc
2025-08-11 10:52:38,359 [INFO] IPUIPlugin:80 - create IPUIPlugin
2025-08-11 10:52:38,359 [INFO] PluginManager:220 - loadIPPluginJar : add gic
2025-08-11 10:52:38,361 [INFO] IPUIPlugin:80 - create IPUIPlugin
2025-08-11 10:52:38,361 [INFO] PluginManager:220 - loadIPPluginJar : add sai
2025-08-11 10:52:38,363 [INFO] IPUIPlugin:80 - create IPUIPlugin
2025-08-11 10:52:38,363 [INFO] PluginManager:220 - loadIPPluginJar : add ddr_ctrl_phy
2025-08-11 10:52:38,367 [INFO] IPUIPlugin:80 - create IPUIPlugin
2025-08-11 10:52:38,367 [INFO] PluginManager:220 - loadIPPluginJar : add stm32_wpan
2025-08-11 10:52:38,371 [INFO] IPUIPlugin:80 - create IPUIPlugin
2025-08-11 10:52:38,371 [INFO] PluginManager:220 - loadIPPluginJar : add freertos
2025-08-11 10:52:38,373 [INFO] IPUIPlugin:80 - create IPUIPlugin
2025-08-11 10:52:38,373 [INFO] PluginManager:220 - loadIPPluginJar : add i2s
2025-08-11 10:52:38,374 [INFO] IPUIPlugin:80 - create IPUIPlugin
2025-08-11 10:52:38,374 [INFO] PluginManager:220 - loadIPPluginJar : add tracer_emb
2025-08-11 10:52:38,375 [INFO] IPUIPlugin:80 - create IPUIPlugin
2025-08-11 10:52:38,375 [INFO] PluginManager:220 - loadIPPluginJar : add fatfs
2025-08-11 10:52:38,376 [INFO] IPUIPlugin:80 - create IPUIPlugin
2025-08-11 10:52:38,376 [INFO] PluginManager:220 - loadIPPluginJar : add tsc
2025-08-11 10:52:38,377 [INFO] IPUIPlugin:80 - create IPUIPlugin
2025-08-11 10:52:38,378 [INFO] PluginManager:220 - loadIPPluginJar : add spi
2025-08-11 10:52:38,379 [INFO] IPUIPlugin:80 - create IPUIPlugin
2025-08-11 10:52:38,379 [INFO] PluginManager:220 - loadIPPluginJar : add opamp
2025-08-11 10:52:38,381 [INFO] IPUIPlugin:80 - create IPUIPlugin
2025-08-11 10:52:38,381 [INFO] PluginManager:220 - loadIPPluginJar : add hash
2025-08-11 10:52:38,382 [INFO] IPUIPlugin:80 - create IPUIPlugin
2025-08-11 10:52:38,382 [INFO] PluginManager:220 - loadIPPluginJar : add radio
2025-08-11 10:52:38,384 [INFO] IPUIPlugin:80 - create IPUIPlugin
2025-08-11 10:52:38,384 [INFO] PluginManager:220 - loadIPPluginJar : add openamp
2025-08-11 10:52:38,385 [INFO] IPUIPlugin:80 - create IPUIPlugin
2025-08-11 10:52:38,386 [INFO] PluginManager:220 - loadIPPluginJar : add comp
2025-08-11 10:52:38,387 [INFO] IPUIPlugin:80 - create IPUIPlugin
2025-08-11 10:52:38,387 [INFO] PluginManager:220 - loadIPPluginJar : add genericplugin
2025-08-11 10:52:38,388 [INFO] IPUIPlugin:80 - create IPUIPlugin
2025-08-11 10:52:38,389 [INFO] PluginManager:220 - loadIPPluginJar : add dfsdm
2025-08-11 10:52:38,390 [INFO] IPUIPlugin:80 - create IPUIPlugin
2025-08-11 10:52:38,390 [INFO] PluginManager:220 - loadIPPluginJar : add lorawan
2025-08-11 10:52:38,394 [INFO] IPUIPlugin:80 - create IPUIPlugin
2025-08-11 10:52:38,394 [INFO] PluginManager:220 - loadIPPluginJar : add dma
2025-08-11 10:52:38,398 [INFO] IPUIPlugin:80 - create IPUIPlugin
2025-08-11 10:52:38,398 [INFO] PluginManager:220 - loadIPPluginJar : add linkedlist
2025-08-11 10:52:38,401 [INFO] IPUIPlugin:80 - create IPUIPlugin
2025-08-11 10:52:38,401 [INFO] PluginManager:220 - loadIPPluginJar : add usbx
2025-08-11 10:52:38,402 [INFO] IPUIPlugin:80 - create IPUIPlugin
2025-08-11 10:52:38,402 [INFO] PluginManager:220 - loadIPPluginJar : add gtzc
2025-08-11 10:52:38,404 [INFO] IPUIPlugin:80 - create IPUIPlugin
2025-08-11 10:52:38,404 [INFO] PluginManager:220 - loadIPPluginJar : add gfxmmu
2025-08-11 10:52:38,407 [INFO] IPUIPlugin:80 - create IPUIPlugin
2025-08-11 10:52:38,407 [INFO] PluginManager:220 - loadIPPluginJar : add resmgrutility
2025-08-11 10:52:38,408 [INFO] IPUIPlugin:80 - create IPUIPlugin
2025-08-11 10:52:38,408 [INFO] PluginManager:220 - loadIPPluginJar : add ucpd
2025-08-11 10:52:38,409 [INFO] IPUIPlugin:80 - create IPUIPlugin
2025-08-11 10:52:38,409 [INFO] PluginManager:220 - loadIPPluginJar : add tim
2025-08-11 10:52:38,413 [INFO] IPUIPlugin:80 - create IPUIPlugin
2025-08-11 10:52:38,413 [INFO] PluginManager:220 - loadIPPluginJar : add mdma
2025-08-11 10:52:38,415 [INFO] IPUIPlugin:80 - create IPUIPlugin
2025-08-11 10:52:38,416 [INFO] PluginManager:220 - loadIPPluginJar : add extmemmanager
2025-08-11 10:52:38,417 [INFO] IPUIPlugin:80 - create IPUIPlugin
2025-08-11 10:52:38,417 [INFO] PluginManager:220 - loadIPPluginJar : add can
2025-08-11 10:52:38,419 [INFO] IPUIPlugin:80 - create IPUIPlugin
2025-08-11 10:52:38,419 [INFO] PluginManager:220 - loadIPPluginJar : add dma3
2025-08-11 10:52:38,425 [INFO] IPUIPlugin:80 - create IPUIPlugin
2025-08-11 10:52:38,427 [INFO] PluginManager:220 - loadIPPluginJar : add plateformsettings
2025-08-11 10:52:38,429 [INFO] IPUIPlugin:80 - create IPUIPlugin
2025-08-11 10:52:38,430 [INFO] PluginManager:220 - loadIPPluginJar : add touchsensing
2025-08-11 10:52:38,431 [INFO] IPUIPlugin:80 - create IPUIPlugin
2025-08-11 10:52:38,431 [INFO] PluginManager:220 - loadIPPluginJar : add ts
2025-08-11 10:52:38,435 [INFO] IPUIPlugin:80 - create IPUIPlugin
2025-08-11 10:52:38,435 [INFO] PluginManager:220 - loadIPPluginJar : add adc
2025-08-11 10:52:38,536 [FATAL] Updater:351 - Updater called before beeing initialized
2025-08-11 10:52:38,556 [INFO] RulesReader:64 - Compatibility file has been processed (317 Rules)
2025-08-11 10:52:38,572 [INFO] RulesReader:64 - Compatibility file has been processed (317 Rules)
2025-08-11 10:52:38,578 [INFO] CADModel:165 - CPN selected for project level
2025-08-11 10:52:38,579 [INFO] CADModel:114 - Register for checkConnection events
2025-08-11 10:52:38,579 [FATAL] Updater:351 - Updater called before beeing initialized
2025-08-11 10:52:38,579 [ERROR] CADModel:125 - Updater not yet initialized, retry later 
2025-08-11 10:52:38,678 [FATAL] Updater:351 - Updater called before beeing initialized
2025-08-11 10:52:38,679 [INFO] CADModel:165 - CPN selected for project level
2025-08-11 10:52:38,679 [INFO] CADModel:114 - Register for checkConnection events
2025-08-11 10:52:38,679 [FATAL] Updater:351 - Updater called before beeing initialized
2025-08-11 10:52:38,679 [ERROR] CADModel:125 - Updater not yet initialized, retry later 
2025-08-11 10:52:38,681 [FATAL] Updater:351 - Updater called before beeing initialized
2025-08-11 10:52:38,736 [FATAL] Updater:351 - Updater called before beeing initialized
2025-08-11 10:52:38,740 [INFO] DbMcusAds:53 - JSON generation date=Tue Jul 08 11:14:23 EEST 2025 (1751962463582)
2025-08-11 10:52:38,740 [FATAL] Updater:351 - Updater called before beeing initialized
2025-08-11 10:52:38,769 [WARN] DetailPanel:346 - Failed to get advertising image, set to default
2025-08-11 10:52:38,827 [FATAL] Updater:351 - Updater called before beeing initialized
2025-08-11 10:52:38,828 [FATAL] Updater:351 - Updater called before beeing initialized
2025-08-11 10:52:38,828 [FATAL] Updater:351 - Updater called before beeing initialized
2025-08-11 10:52:38,828 [WARN] DetailPanel:346 - Failed to get advertising image, set to default
2025-08-11 10:52:38,829 [FATAL] Updater:351 - Updater called before beeing initialized
2025-08-11 10:52:38,854 [ERROR] Updater:1198 - MainUpdater not yet initialized. External WinMGr cannot be set.
2025-08-11 10:52:38,855 [INFO] Updater:1134 - Updater Version found : 6.15.0
2025-08-11 10:52:38,866 [INFO] ApplicationProperties:184 - Using Application install path: /home/amer/st/stm32cubeide_1.12.0/plugins/com.st.stm32cube.common.mx_6.15.0.202507011659
2025-08-11 10:52:39,226 [INFO] MainUpdater:2872 - connection check result : 10
2025-08-11 10:52:39,227 [INFO] MainUpdater:289 - Updater Check For Update Now.
2025-08-11 10:52:39,227 [INFO] MicroXplorer:498 - Change Database Version : DB.6.0.150
2025-08-11 10:52:39,230 [INFO] McuFinderGlobals:63 - Set McuFinder mode to 2 (CubeIDE integrated)
2025-08-11 10:52:39,230 [INFO] UserAuth:487 - Internet connection configuration mode: 1
2025-08-11 10:52:39,245 [INFO] JxBrowserEngine:152 - Initiate JxBrowser Engine with user profile folder
2025-08-11 10:52:39,391 [INFO] CheckServerUpdateThread:120 - End of CheckServer Thread
2025-08-11 10:52:40,174 [INFO] WebApp:169 - Instantiating new browser for Auth
2025-08-11 10:52:41,106 [WARN] PackLoader:240 - Cannot read IP mode file for STMicroelectronics.FP-SNS-MOTENVWB1.1.4.0
2025-08-11 10:52:41,113 [WARN] PackLoader:240 - Cannot read IP mode file for STMicroelectronics.FP-ATR-ASTRA1.2.0.2
2025-08-11 10:52:41,118 [WARN] PackLoader:240 - Cannot read IP mode file for STMicroelectronics.X-CUBE-SMBUS.2.1.0
2025-08-11 10:52:41,124 [WARN] PackLoader:240 - Cannot read IP mode file for STMicroelectronics.X-CUBE-ST60.1.0.0
2025-08-11 10:52:41,160 [WARN] PackLoader:240 - Cannot read IP mode file for STMicroelectronics.X-CUBE-AZRTOS-F7.1.1.0
2025-08-11 10:52:41,205 [WARN] PackLoader:240 - Cannot read IP mode file for Infineon.AIROC-Wi-Fi-Bluetooth-STM32.1.7.1
2025-08-11 10:52:41,255 [WARN] PackLoader:240 - Cannot read IP mode file for STMicroelectronics.X-CUBE-AZRTOS-H7.3.4.0
2025-08-11 10:52:41,275 [WARN] PackLoader:240 - Cannot read IP mode file for STMicroelectronics.X-CUBE-DISPLAY.3.0.0
2025-08-11 10:52:41,297 [WARN] PackLoader:240 - Cannot read IP mode file for STMicroelectronics.X-CUBE-NFC10.1.0.0
2025-08-11 10:52:41,303 [WARN] PackLoader:240 - Cannot read IP mode file for emotas.I-CUBE-CANOPEN.1.3.0
2025-08-11 10:52:41,312 [WARN] PackLoader:240 - Cannot read IP mode file for STMicroelectronics.FP-SNS-STBOX1.2.1.0
2025-08-11 10:52:41,317 [WARN] PackLoader:240 - Cannot read IP mode file for STMicroelectronics.FP-SNS-SMARTAG2.1.2.0
2025-08-11 10:52:41,323 [WARN] PackLoader:240 - Cannot read IP mode file for STMicroelectronics.FP-SNS-FLIGHT1.5.1.0
2025-08-11 10:52:41,333 [INFO] LogOutputStream:77 - [STDOUT_REDIRECT] 1 : Invalid condition id : UX_CORESTACK_Condition cause : null
2025-08-11 10:52:41,333 [INFO] LogOutputStream:77 - [STDOUT_REDIRECT] 1 : Invalid condition id : UX_CORESTACK_Condition cause : null
2025-08-11 10:52:41,334 [INFO] LogOutputStream:77 - [STDOUT_REDIRECT] 1 : Invalid condition id : UX_CORESTACK_Condition cause : null
2025-08-11 10:52:41,336 [INFO] LogOutputStream:77 - [STDOUT_REDIRECT] 1 : Invalid condition id : UX_CORESTACK_Condition cause : null
2025-08-11 10:52:41,338 [INFO] LogOutputStream:77 - [STDOUT_REDIRECT] 1 : Invalid condition id : UX_CORESTACK_Condition cause : null
2025-08-11 10:52:41,342 [WARN] PackLoader:240 - Cannot read IP mode file for STMicroelectronics.X-CUBE-AZRTOS-WL.2.0.0
2025-08-11 10:52:41,348 [WARN] PackLoader:240 - Cannot read IP mode file for STMicroelectronics.FP-SNS-MOTENV1.5.0.0
2025-08-11 10:52:41,360 [WARN] PackLoader:240 - Cannot read IP mode file for WES.I-CUBE-Cesium.1.3.0
2025-08-11 10:52:41,365 [WARN] PackLoader:240 - Cannot read IP mode file for STMicroelectronics.X-CUBE-BLE2.3.3.0
2025-08-11 10:52:41,395 [WARN] PackLoader:240 - Cannot read IP mode file for STMicroelectronics.X-CUBE-NFC9.1.0.0
2025-08-11 10:52:41,407 [WARN] PackLoader:240 - Cannot read IP mode file for wolfSSL.I-CUBE-wolfSSL.5.8.0
2025-08-11 10:52:41,414 [INFO] WebApp:463 - Apply proxy settings
2025-08-11 10:52:41,414 [INFO] WebApp:548 - Chromium requires no authentication
2025-08-11 10:52:41,418 [WARN] PackLoader:240 - Cannot read IP mode file for STMicroelectronics.X-CUBE-BLE1.7.1.0
2025-08-11 10:52:41,427 [INFO] WebApp:491 - Direct internet connection detected
2025-08-11 10:52:41,430 [WARN] PackLoader:240 - Cannot read IP mode file for wolfSSL.I-CUBE-wolfMQTT.1.19.2
2025-08-11 10:52:41,438 [WARN] PackLoader:240 - Cannot read IP mode file for STMicroelectronics.X-CUBE-EEPRMA1.5.2.0
2025-08-11 10:52:41,447 [WARN] PackLoader:240 - Cannot read IP mode file for STMicroelectronics.X-CUBE-AI.10.1.0
2025-08-11 10:52:41,450 [INFO] WebApp:900 - Register for checkConnection events
2025-08-11 10:52:41,450 [INFO] WebApp:463 - Apply proxy settings
2025-08-11 10:52:41,450 [INFO] WebApp:548 - Chromium requires no authentication
2025-08-11 10:52:41,451 [INFO] WebApp:491 - Direct internet connection detected
2025-08-11 10:52:41,475 [WARN] PackLoader:240 - Cannot read IP mode file for STMicroelectronics.X-CUBE-AZRTOS-G0.1.1.0
2025-08-11 10:52:41,503 [WARN] PackLoader:240 - Cannot read IP mode file for STMicroelectronics.X-CUBE-SAFEA1.1.2.2
2025-08-11 10:52:41,512 [WARN] PackLoader:240 - Cannot read IP mode file for STMicroelectronics.X-CUBE-NFC4.3.0.0
2025-08-11 10:52:41,524 [WARN] PackLoader:240 - Cannot read IP mode file for EmbeddedOffice.I-CUBE-FS-RTOS.1.0.1
2025-08-11 10:52:41,531 [WARN] PackLoader:240 - Cannot read IP mode file for STMicroelectronics.X-CUBE-WB05N.2.0.0
2025-08-11 10:52:41,536 [WARN] PackLoader:240 - Cannot read IP mode file for wolfSSL.I-CUBE-wolfTPM.3.8.0
2025-08-11 10:52:41,545 [WARN] PackLoader:240 - Cannot read IP mode file for STMicroelectronics.X-CUBE-TCPP.4.2.0
2025-08-11 10:52:41,552 [WARN] PackLoader:240 - Cannot read IP mode file for RealThread.X-CUBE-RT-Thread_Nano.4.1.1
2025-08-11 10:52:41,557 [WARN] PackLoader:240 - Cannot read IP mode file for STMicroelectronics.FP-ATR-SIGFOX1.3.2.0
2025-08-11 10:52:41,562 [WARN] PackLoader:240 - Cannot read IP mode file for ITTIA_DB.I-CUBE-ITTIADB.8.9.0
2025-08-11 10:52:41,589 [WARN] PackLoader:240 - Cannot read IP mode file for STMicroelectronics.X-CUBE-ST67W61.1.0.0
2025-08-11 10:52:41,595 [WARN] PackLoader:240 - Cannot read IP mode file for STMicroelectronics.X-CUBE-AI.10.2.0
2025-08-11 10:52:41,650 [WARN] PackLoader:240 - Cannot read IP mode file for SEGGER.I-CUBE-embOS.1.3.1
2025-08-11 10:52:41,689 [INFO] WebApp:225 - Starting web application
2025-08-11 10:52:41,689 [INFO] WebApp:593 - Web application path used /home/amer/st/stm32cubeide_1.12.0/plugins/com.st.stm32cube.common.mx_6.15.0.202507011659/db/plugins/mcufinder/reactClient1/index.html
2025-08-11 10:52:41,720 [WARN] PackLoader:240 - Cannot read IP mode file for STMicroelectronics.X-CUBE-ALGOBUILD.1.4.0
2025-08-11 10:52:41,803 [WARN] PackLoader:240 - Cannot read IP mode file for STMicroelectronics.X-CUBE-MEMS1.11.3.0
2025-08-11 10:52:41,873 [INFO] UserAuth:487 - Internet connection configuration mode: 1
2025-08-11 10:52:41,976 [WARN] PackLoader:240 - Cannot read IP mode file for STMicroelectronics.X-CUBE-PM33A1.1.0.0
2025-08-11 10:52:41,992 [WARN] PackLoader:240 - Cannot read IP mode file for STMicroelectronics.X-CUBE-AZRTOS-F4.1.1.0
2025-08-11 10:52:41,998 [WARN] PackLoader:240 - Cannot read IP mode file for Avnet-IotConnect.X-CUBE-IoTC-DA16k-PMOD.1.0.0
2025-08-11 10:52:42,001 [WARN] PackLoader:240 - Cannot read IP mode file for STMicroelectronics.X-CUBE-ISPU.2.1.0
2025-08-11 10:52:42,019 [WARN] PackLoader:240 - Cannot read IP mode file for STMicroelectronics.X-CUBE-NFC12.1.0.0
2025-08-11 10:52:42,048 [WARN] PackLoader:240 - Cannot read IP mode file for STMicroelectronics.X-CUBE-AZRTOS-L5.2.0.0
2025-08-11 10:52:42,060 [WARN] PackLoader:240 - Cannot read IP mode file for STMicroelectronics.X-CUBE-NFC6.3.1.0
2025-08-11 10:52:42,069 [WARN] PackLoader:240 - Cannot read IP mode file for STMicroelectronics.X-CUBE-FREERTOS.1.3.1
2025-08-11 10:52:42,076 [WARN] PackLoader:240 - Cannot read IP mode file for STMicroelectronics.FP-SNS-STAIOTCFT.1.0.0
2025-08-11 10:52:42,091 [WARN] PackLoader:240 - Cannot read IP mode file for STMicroelectronics.X-CUBE-DPower.1.3.0
2025-08-11 10:52:42,112 [WARN] ConditionMgr:438 - getConditionDescription Invalid condition id : LAN8742 Phy interface Condition cause : null
2025-08-11 10:52:42,113 [WARN] PackLoader:240 - Cannot read IP mode file for STMicroelectronics.X-CUBE-AZRTOS-L4.2.0.0
2025-08-11 10:52:42,115 [WARN] ConditionMgr:1044 - genDependencies : Invalid condition id : LAN8742 Phy interface Condition cause : null
2025-08-11 10:52:42,115 [WARN] ConditionMgr:1044 - genDependencies : Invalid condition id : LAN8742 Phy interface Condition cause : null
2025-08-11 10:52:42,116 [WARN] ConditionMgr:1044 - genDependencies : Invalid condition id : LAN8742 Phy interface Condition cause : null
2025-08-11 10:52:42,127 [WARN] PackLoader:240 - Cannot read IP mode file for STMicroelectronics.X-CUBE-SFXS2LP1.4.0.0
2025-08-11 10:52:42,135 [INFO] WebApp:191 - Connection restablished
2025-08-11 10:52:42,142 [WARN] PackLoader:240 - Cannot read IP mode file for STMicroelectronics.X-CUBE-BLEMGR.4.1.0
2025-08-11 10:52:42,162 [WARN] ConditionMgr:438 - getConditionDescription Invalid condition id : UX DEVICE CLASS RTOS Condition cause : null
2025-08-11 10:52:42,163 [WARN] ConditionMgr:438 - getConditionDescription Invalid condition id : UX DEVICE CLASS RTOS Condition cause : null
2025-08-11 10:52:42,166 [WARN] PackLoader:240 - Cannot read IP mode file for STMicroelectronics.X-CUBE-AZRTOS-WB.2.0.0
2025-08-11 10:52:42,166 [WARN] ConditionMgr:1044 - genDependencies : Invalid condition id : UX DEVICE CLASS RTOS Condition cause : null
2025-08-11 10:52:42,166 [WARN] ConditionMgr:1044 - genDependencies : Invalid condition id : UX DEVICE CLASS RTOS Condition cause : null
2025-08-11 10:52:42,167 [WARN] ConditionMgr:1044 - genDependencies : Invalid condition id : UX DEVICE CLASS RTOS Condition cause : null
2025-08-11 10:52:42,167 [WARN] ConditionMgr:1044 - genDependencies : Invalid condition id : UX DEVICE CLASS RTOS Condition cause : null
2025-08-11 10:52:42,167 [WARN] ConditionMgr:1044 - genDependencies : Invalid condition id : UX DEVICE CLASS RTOS Condition cause : null
2025-08-11 10:52:42,174 [WARN] PackLoader:240 - Cannot read IP mode file for STMicroelectronics.X-CUBE-GNSS1.7.0.1
2025-08-11 10:52:42,178 [WARN] PackLoader:240 - Cannot read IP mode file for STMicroelectronics.X-CUBE-TOUCHGFX.4.25.0
2025-08-11 10:52:42,184 [WARN] PackLoader:240 - Cannot read IP mode file for STMicroelectronics.FP-SNS-STBOX1.2.0.0
2025-08-11 10:52:42,191 [WARN] ConditionMgr:438 - getConditionDescription Invalid condition id : Cortex-A Device cause : null
2025-08-11 10:52:42,201 [WARN] ConditionMgr:1044 - genDependencies : Invalid condition id : Cortex-A Device cause : null
2025-08-11 10:52:42,202 [WARN] ConditionMgr:1044 - genDependencies : Invalid condition id : Cortex-A Device cause : null
2025-08-11 10:52:42,202 [WARN] ConditionMgr:1044 - genDependencies : Invalid condition id : Cortex-A Device cause : null
2025-08-11 10:52:42,211 [WARN] PackLoader:240 - Cannot read IP mode file for STMicroelectronics.X-CUBE-SUBG2.5.0.0
2025-08-11 10:52:42,232 [WARN] PackLoader:240 - Cannot read IP mode file for STMicroelectronics.X-CUBE-AZRTOS-H7RS.1.1.0
2025-08-11 10:52:42,236 [WARN] PackLoader:240 - Cannot read IP mode file for Cesanta.I-CUBE-Mongoose.7.13.0
2025-08-11 10:52:42,247 [WARN] PackLoader:240 - Cannot read IP mode file for STMicroelectronics.X-CUBE-AZRTOS-G4.2.0.0
2025-08-11 10:52:42,250 [WARN] PackLoader:240 - Cannot read IP mode file for wolfSSL.I-CUBE-wolfSSH.1.4.20
2025-08-11 10:52:42,252 [WARN] PackLoader:240 - Cannot read IP mode file for STMicroelectronics.X-CUBE-NFC7.2.0.0
2025-08-11 10:52:42,264 [WARN] PackLoader:240 - Cannot read IP mode file for STMicroelectronics.X-CUBE-IPS.3.1.0
2025-08-11 10:52:42,271 [WARN] PackLoader:240 - Cannot read IP mode file for STMicroelectronics.X-CUBE-ALS.1.0.2
2025-08-11 10:52:42,278 [WARN] PackLoader:240 - Cannot read IP mode file for portGmbH.I-Cube-SoM-uGOAL.1.1.0
2025-08-11 10:52:42,286 [WARN] PackLoader:240 - Cannot read IP mode file for STMicroelectronics.X-CUBE-TOF1.3.4.3
2025-08-11 10:52:42,301 [INFO] ThirdParty:978 - Integrity check success = true
2025-08-11 10:52:42,301 [INFO] IntegrityCheckThread:100 - exiting critical section [integrity check]
2025-08-11 10:52:42,301 [INFO] IntegrityCheckThread:103 - End integrity checks thread
2025-08-11 13:54:33,958 [INFO] WebApp:194 - Connection lost
