2025-07-04 06:26:04,668 [INFO] Activator:176 - 


2025-07-04 06:26:04,671 [INFO] Activator:177 - !SESSION log4j initialized
2025-07-04 06:26:08,407 [INFO] LogOutputStream:77 - [STDOUT_REDIRECT] 
2025-07-04 06:26:08,827 [ERROR] ConfigurationRetriever:142 - IOException on connection: sw-center.st.com
2025-07-04 06:26:08,829 [ERROR] ConfigurationRetriever:142 - IOException on connection: sw-center.st.com
2025-07-04 06:26:08,829 [ERROR] ConfigurationRetriever:142 - IOException on connection: sw-center.st.com
2025-07-04 06:26:29,397 [ERROR] LogOutputStream:75 - [STDERR_REDIRECT] SLF4J: Failed to load class "org.slf4j.impl.StaticLoggerBinder".
2025-07-04 06:26:29,397 [ERROR] LogOutputStream:75 - [STDERR_REDIRECT] SLF4J: Defaulting to no-operation (NOP) logger implementation
2025-07-04 06:26:29,398 [ERROR] LogOutputStream:75 - [STDERR_REDIRECT] SLF4J: See http://www.slf4j.org/codes.html#StaticLoggerBinder for further details.
2025-07-04 06:31:28,378 [INFO] ApplicationProperties:184 - Using Application install path: /app/stm32cubeide/plugins/com.st.stm32cube.common.mx_6.8.0.202302231600
2025-07-04 06:31:28,404 [INFO] DbMcusXml:78 - Set database path to: /app/stm32cubeide/plugins/com.st.stm32cube.common.mx_6.8.0.202302231600//db//mcu/
2025-07-04 06:31:28,404 [INFO] ApiDb:274 - Set plugin database path to: /app/stm32cubeide/plugins/com.st.stm32cube.common.mx_6.8.0.202302231600//db//plugins/boardmanager/
2025-07-04 06:31:28,409 [WARN] ApiDb:259 - Overriding images path with different value:  => /app/stm32cubeide/plugins/com.st.stm32cube.common.mx_6.8.0.202302231600//db//plugins/mcufinder/images/
2025-07-04 06:31:28,428 [INFO] ApiDb:250 - Set database path to: /home/amer/.stmcufinder/plugins/mcufinder//mcu/
2025-07-04 06:31:28,430 [INFO] DbMcusAds:125 - Set database path to: /home/amer/.stmcufinder/plugins/mcufinder//mcu/
2025-07-04 06:31:28,434 [INFO] CrossReferenceDbSqlite:203 - Set database path to: /home/amer/.stmcufinder/plugins/mcufinder//mcu/cs/
2025-07-04 06:31:28,554 [INFO] RulesReader:64 - Compatibility file has been processed (293 Rules)
2025-07-04 06:31:28,623 [INFO] DbMcusXml:78 - Set database path to: /app/stm32cubeide/plugins/com.st.stm32cube.common.mx_6.8.0.202302231600//db//mcu/
2025-07-04 06:31:28,623 [INFO] ApiDb:274 - Set plugin database path to: /app/stm32cubeide/plugins/com.st.stm32cube.common.mx_6.8.0.202302231600//db//plugins/boardmanager/
2025-07-04 06:31:28,624 [INFO] ApiDb:261 - Set plugin images path to: /app/stm32cubeide/plugins/com.st.stm32cube.common.mx_6.8.0.202302231600//db//plugins/mcufinder/images/
2025-07-04 06:31:28,624 [WARN] DbFile:41 - Overriding database path with different value: /home/amer/.stmcufinder/plugins/mcufinder/ => /home/amer/.stmcufinder/plugins/mcufinder
2025-07-04 06:31:28,624 [INFO] ApiDb:250 - Set database path to: /home/amer/.stmcufinder/plugins/mcufinder//mcu/
2025-07-04 06:31:28,624 [WARN] DbFile:41 - Overriding database path with different value: /home/amer/.stmcufinder/plugins/mcufinder/ => /home/amer/.stmcufinder/plugins/mcufinder
2025-07-04 06:31:28,624 [INFO] DbMcusAds:125 - Set database path to: /home/amer/.stmcufinder/plugins/mcufinder//mcu/
2025-07-04 06:31:28,624 [WARN] DbFile:41 - Overriding database path with different value: /home/amer/.stmcufinder/plugins/mcufinder/ => /home/amer/.stmcufinder/plugins/mcufinder
2025-07-04 06:31:28,624 [WARN] DbFile:41 - Overriding database path with different value: /home/amer/.stmcufinder/plugins/mcufinder/ => /home/amer/.stmcufinder/plugins/mcufinder
2025-07-04 06:31:28,625 [INFO] CrossReferenceDbSqlite:203 - Set database path to: /home/amer/.stmcufinder/plugins/mcufinder//mcu/cs/
2025-07-04 06:31:28,725 [INFO] MainPanel:253 - HeapMemory: 268435456
2025-07-04 06:31:28,858 [INFO] DbMcusXml:78 - Set database path to: /app/stm32cubeide/plugins/com.st.stm32cube.common.mx_6.8.0.202302231600//db//mcu/
2025-07-04 06:31:28,859 [INFO] ApiDb:274 - Set plugin database path to: /app/stm32cubeide/plugins/com.st.stm32cube.common.mx_6.8.0.202302231600//db//plugins/boardmanager/
2025-07-04 06:31:28,859 [INFO] ApiDb:261 - Set plugin images path to: /app/stm32cubeide/plugins/com.st.stm32cube.common.mx_6.8.0.202302231600//db//plugins/mcufinder/images/
2025-07-04 06:31:28,859 [WARN] DbFile:41 - Overriding database path with different value: /home/amer/.stmcufinder/plugins/mcufinder/ => /home/amer/.stmcufinder/plugins/mcufinder
2025-07-04 06:31:28,859 [INFO] ApiDb:250 - Set database path to: /home/amer/.stmcufinder/plugins/mcufinder//mcu/
2025-07-04 06:31:28,859 [WARN] DbFile:41 - Overriding database path with different value: /home/amer/.stmcufinder/plugins/mcufinder/ => /home/amer/.stmcufinder/plugins/mcufinder
2025-07-04 06:31:28,859 [INFO] DbMcusAds:125 - Set database path to: /home/amer/.stmcufinder/plugins/mcufinder//mcu/
2025-07-04 06:31:28,860 [WARN] DbFile:41 - Overriding database path with different value: /home/amer/.stmcufinder/plugins/mcufinder/ => /home/amer/.stmcufinder/plugins/mcufinder
2025-07-04 06:31:28,860 [WARN] DbFile:41 - Overriding database path with different value: /home/amer/.stmcufinder/plugins/mcufinder/ => /home/amer/.stmcufinder/plugins/mcufinder
2025-07-04 06:31:28,860 [INFO] CrossReferenceDbSqlite:203 - Set database path to: /home/amer/.stmcufinder/plugins/mcufinder//mcu/cs/
2025-07-04 06:31:28,878 [INFO] ApplicationProperties:184 - Using Application install path: /app/stm32cubeide/plugins/com.st.stm32cube.common.mx_6.8.0.202302231600
2025-07-04 06:31:28,880 [INFO] PluginManage:196 - Search for loadable plugins [exclusion list=, ]
2025-07-04 06:31:28,881 [INFO] PluginManage:310 - Check plugin analytics
2025-07-04 06:31:29,039 [INFO] AnalyticsPlugin:253 - Accepted Software Licenses: 
2025-07-04 06:31:29,040 [INFO] AnalyticsPlugin:255 - Accepted CMSIS Pack Licenses: 
2025-07-04 06:31:29,040 [INFO] AnalyticsPlugin:257 - Accepted Firmware Licenses: FW.F4.1.27.0
2025-07-04 06:31:29,044 [ERROR] ConfigurationRetriever:142 - IOException on connection: sw-center.st.com
2025-07-04 06:31:29,045 [ERROR] ConfigurationRetriever:142 - IOException on connection: sw-center.st.com
2025-07-04 06:31:29,045 [ERROR] ConfigurationRetriever:142 - IOException on connection: sw-center.st.com
2025-07-04 06:31:29,048 [INFO] PluginManage:359 - Loaded plugin analytics (category:tool,tabindex:-1)
2025-07-04 06:31:29,048 [INFO] PluginManage:310 - Check plugin cadmodel
2025-07-04 06:31:29,100 [INFO] CADModel:105 - Init CAD model plugin
2025-07-04 06:31:29,100 [INFO] PluginManage:359 - Loaded plugin cadmodel (category:power,tabindex:5)
2025-07-04 06:31:29,100 [INFO] PluginManage:310 - Check plugin clock
2025-07-04 06:31:29,112 [INFO] PluginManage:359 - Loaded plugin clock (category:base,tabindex:2)
2025-07-04 06:31:29,112 [INFO] PluginManage:310 - Check plugin ddr
2025-07-04 06:31:29,115 [INFO] PluginManage:359 - Loaded plugin ddr (category:tool,tabindex:6)
2025-07-04 06:31:29,116 [INFO] PluginManage:310 - Check plugin filemanager
2025-07-04 06:31:29,270 [INFO] PluginManage:359 - Loaded plugin filemanager (category:base,tabindex:10)
2025-07-04 06:31:29,271 [INFO] PluginManage:310 - Check plugin ipmanager
2025-07-04 06:31:29,277 [INFO] PluginManage:359 - Loaded plugin ipmanager (category:base,tabindex:5)
2025-07-04 06:31:29,277 [INFO] PluginManage:310 - Check plugin lpbam
2025-07-04 06:31:29,288 [INFO] PluginManage:359 - Loaded plugin lpbam (category:base,tabindex:0)
2025-07-04 06:31:29,288 [INFO] PluginManage:310 - Check plugin pinoutandconfiguration
2025-07-04 06:31:29,297 [INFO] PluginManage:359 - Loaded plugin pinoutandconfiguration (category:base,tabindex:1)
2025-07-04 06:31:29,298 [INFO] PluginManage:310 - Check plugin pinoutconfig
2025-07-04 06:31:29,383 [WARN] SupportedApi:132 - Cannot load RTOS API schema: s4s-elt-must-match.1: The content of 'definitions' must match (annotation?, (simpleType | complexType)?, (unique | key | keyref)*)). A problem was found starting at: attribute.
2025-07-04 06:31:29,531 [INFO] PluginManage:359 - Loaded plugin pinoutconfig (category:base,tabindex:0)
2025-07-04 06:31:29,531 [INFO] PluginManage:310 - Check plugin power
2025-07-04 06:31:29,543 [INFO] PluginManage:359 - Loaded plugin power (category:power,tabindex:4)
2025-07-04 06:31:29,543 [INFO] PluginManage:310 - Check plugin projectmanager
2025-07-04 06:31:29,559 [INFO] PluginManage:359 - Loaded plugin projectmanager (category:projectmanager,tabindex:3)
2025-07-04 06:31:29,559 [INFO] PluginManage:310 - Check plugin thirdparty
2025-07-04 06:31:29,683 [WARN] IntegrityCheckThread:84 - waiting for thirdparty lock release [integrity check]
2025-07-04 06:31:29,683 [INFO] PluginManage:359 - Loaded plugin thirdparty (category:base,tabindex:-1)
2025-07-04 06:31:29,683 [INFO] IntegrityCheckThread:86 - entering critical section [integrity check]
2025-07-04 06:31:29,683 [INFO] PluginManage:310 - Check plugin tools
2025-07-04 06:31:29,685 [INFO] ThirdPartyUpdaterWithRetryManager:70 - Updater plugin not ready yet. [1/15]
2025-07-04 06:31:29,686 [INFO] PluginManage:359 - Loaded plugin tools (category:base,tabindex:7)
2025-07-04 06:31:29,686 [INFO] PluginManage:310 - Check plugin tutovideos
2025-07-04 06:31:29,933 [INFO] PluginManage:359 - Loaded plugin tutovideos (category:base,tabindex:-1)
2025-07-04 06:31:29,933 [INFO] PluginManage:310 - Check plugin updater
2025-07-04 06:31:29,950 [INFO] PluginManage:359 - Loaded plugin updater (category:base,tabindex:12)
2025-07-04 06:31:29,950 [INFO] PluginManage:283 - PluginManage : Loaded plugins [15]
2025-07-04 06:31:30,205 [INFO] PinOutPanel:1499 - setPackage(No Configuration,No Configuration)
2025-07-04 06:31:30,267 [INFO] CADModel:165 - CPN selected for project level
2025-07-04 06:31:30,268 [INFO] CADModel:114 - Register for checkConnection events
2025-07-04 06:31:30,285 [INFO] IPUIPlugin:80 - create IPUIPlugin
2025-07-04 06:31:30,285 [INFO] PluginManager:220 - loadIPPluginJar : add pdm2pcm
2025-07-04 06:31:30,288 [INFO] IPUIPlugin:80 - create IPUIPlugin
2025-07-04 06:31:30,288 [INFO] PluginManager:220 - loadIPPluginJar : add i3c
2025-07-04 06:31:30,291 [INFO] IPUIPlugin:80 - create IPUIPlugin
2025-07-04 06:31:30,291 [INFO] PluginManager:220 - loadIPPluginJar : add usart
2025-07-04 06:31:30,295 [INFO] IPUIPlugin:80 - create IPUIPlugin
2025-07-04 06:31:30,296 [INFO] PluginManager:220 - loadIPPluginJar : add nvic
2025-07-04 06:31:30,301 [INFO] IPUIPlugin:80 - create IPUIPlugin
2025-07-04 06:31:30,302 [INFO] PluginManager:220 - loadIPPluginJar : add gpio
2025-07-04 06:31:30,304 [INFO] IPUIPlugin:80 - create IPUIPlugin
2025-07-04 06:31:30,304 [INFO] PluginManager:220 - loadIPPluginJar : add quadspi
2025-07-04 06:31:30,306 [INFO] IPUIPlugin:80 - create IPUIPlugin
2025-07-04 06:31:30,306 [INFO] PluginManager:220 - loadIPPluginJar : add aes
2025-07-04 06:31:30,309 [INFO] IPUIPlugin:80 - create IPUIPlugin
2025-07-04 06:31:30,309 [INFO] PluginManager:220 - loadIPPluginJar : add i2c
2025-07-04 06:31:30,313 [INFO] IPUIPlugin:80 - create IPUIPlugin
2025-07-04 06:31:30,313 [INFO] PluginManager:220 - loadIPPluginJar : add ipddr
2025-07-04 06:31:30,316 [INFO] IPUIPlugin:80 - create IPUIPlugin
2025-07-04 06:31:30,316 [INFO] PluginManager:220 - loadIPPluginJar : add cryp
2025-07-04 06:31:30,324 [INFO] IPUIPlugin:80 - create IPUIPlugin
2025-07-04 06:31:30,324 [INFO] PluginManager:220 - loadIPPluginJar : add fmc
2025-07-04 06:31:30,326 [INFO] IPUIPlugin:80 - create IPUIPlugin
2025-07-04 06:31:30,326 [INFO] PluginManager:220 - loadIPPluginJar : add ltdc
2025-07-04 06:31:30,332 [INFO] IPUIPlugin:80 - create IPUIPlugin
2025-07-04 06:31:30,332 [INFO] PluginManager:220 - loadIPPluginJar : add gic
2025-07-04 06:31:30,336 [INFO] IPUIPlugin:80 - create IPUIPlugin
2025-07-04 06:31:30,336 [INFO] PluginManager:220 - loadIPPluginJar : add sai
2025-07-04 06:31:30,341 [INFO] IPUIPlugin:80 - create IPUIPlugin
2025-07-04 06:31:30,342 [INFO] PluginManager:220 - loadIPPluginJar : add stm32_wpan
2025-07-04 06:31:30,349 [INFO] IPUIPlugin:80 - create IPUIPlugin
2025-07-04 06:31:30,350 [INFO] PluginManager:220 - loadIPPluginJar : add freertos
2025-07-04 06:31:30,352 [INFO] IPUIPlugin:80 - create IPUIPlugin
2025-07-04 06:31:30,353 [INFO] PluginManager:220 - loadIPPluginJar : add i2s
2025-07-04 06:31:30,355 [INFO] IPUIPlugin:80 - create IPUIPlugin
2025-07-04 06:31:30,355 [INFO] PluginManager:220 - loadIPPluginJar : add tracer_emb
2025-07-04 06:31:30,356 [INFO] IPUIPlugin:80 - create IPUIPlugin
2025-07-04 06:31:30,356 [INFO] PluginManager:220 - loadIPPluginJar : add fatfs
2025-07-04 06:31:30,358 [INFO] IPUIPlugin:80 - create IPUIPlugin
2025-07-04 06:31:30,358 [INFO] PluginManager:220 - loadIPPluginJar : add tsc
2025-07-04 06:31:30,360 [INFO] IPUIPlugin:80 - create IPUIPlugin
2025-07-04 06:31:30,360 [INFO] PluginManager:220 - loadIPPluginJar : add spi
2025-07-04 06:31:30,363 [INFO] IPUIPlugin:80 - create IPUIPlugin
2025-07-04 06:31:30,363 [INFO] PluginManager:220 - loadIPPluginJar : add opamp
2025-07-04 06:31:30,366 [INFO] IPUIPlugin:80 - create IPUIPlugin
2025-07-04 06:31:30,366 [INFO] PluginManager:220 - loadIPPluginJar : add hash
2025-07-04 06:31:30,369 [INFO] IPUIPlugin:80 - create IPUIPlugin
2025-07-04 06:31:30,369 [INFO] PluginManager:220 - loadIPPluginJar : add openamp
2025-07-04 06:31:30,371 [INFO] IPUIPlugin:80 - create IPUIPlugin
2025-07-04 06:31:30,371 [INFO] PluginManager:220 - loadIPPluginJar : add comp
2025-07-04 06:31:30,374 [INFO] IPUIPlugin:80 - create IPUIPlugin
2025-07-04 06:31:30,374 [INFO] PluginManager:220 - loadIPPluginJar : add genericplugin
2025-07-04 06:31:30,378 [INFO] IPUIPlugin:80 - create IPUIPlugin
2025-07-04 06:31:30,379 [INFO] PluginManager:220 - loadIPPluginJar : add dfsdm
2025-07-04 06:31:30,382 [INFO] IPUIPlugin:80 - create IPUIPlugin
2025-07-04 06:31:30,382 [INFO] PluginManager:220 - loadIPPluginJar : add lorawan
2025-07-04 06:31:30,421 [INFO] IPUIPlugin:80 - create IPUIPlugin
2025-07-04 06:31:30,422 [INFO] PluginManager:220 - loadIPPluginJar : add dma
2025-07-04 06:31:30,431 [INFO] IPUIPlugin:80 - create IPUIPlugin
2025-07-04 06:31:30,431 [INFO] PluginManager:220 - loadIPPluginJar : add linkedlist
2025-07-04 06:31:30,434 [INFO] IPUIPlugin:80 - create IPUIPlugin
2025-07-04 06:31:30,434 [INFO] PluginManager:220 - loadIPPluginJar : add usbx
2025-07-04 06:31:30,438 [INFO] IPUIPlugin:80 - create IPUIPlugin
2025-07-04 06:31:30,438 [INFO] PluginManager:220 - loadIPPluginJar : add gtzc
2025-07-04 06:31:30,440 [INFO] IPUIPlugin:80 - create IPUIPlugin
2025-07-04 06:31:30,440 [INFO] PluginManager:220 - loadIPPluginJar : add gfxmmu
2025-07-04 06:31:30,444 [INFO] IPUIPlugin:80 - create IPUIPlugin
2025-07-04 06:31:30,445 [INFO] PluginManager:220 - loadIPPluginJar : add resmgrutility
2025-07-04 06:31:30,447 [INFO] IPUIPlugin:80 - create IPUIPlugin
2025-07-04 06:31:30,447 [INFO] PluginManager:220 - loadIPPluginJar : add ucpd
2025-07-04 06:31:30,448 [INFO] IPUIPlugin:80 - create IPUIPlugin
2025-07-04 06:31:30,448 [INFO] PluginManager:220 - loadIPPluginJar : add tim
2025-07-04 06:31:30,456 [INFO] IPUIPlugin:80 - create IPUIPlugin
2025-07-04 06:31:30,456 [INFO] PluginManager:220 - loadIPPluginJar : add mdma
2025-07-04 06:31:30,459 [INFO] IPUIPlugin:80 - create IPUIPlugin
2025-07-04 06:31:30,459 [INFO] PluginManager:220 - loadIPPluginJar : add can
2025-07-04 06:31:30,463 [INFO] IPUIPlugin:80 - create IPUIPlugin
2025-07-04 06:31:30,463 [INFO] PluginManager:220 - loadIPPluginJar : add dma3
2025-07-04 06:31:30,471 [INFO] IPUIPlugin:80 - create IPUIPlugin
2025-07-04 06:31:30,475 [INFO] PluginManager:220 - loadIPPluginJar : add plateformsettings
2025-07-04 06:31:30,478 [INFO] IPUIPlugin:80 - create IPUIPlugin
2025-07-04 06:31:30,478 [INFO] PluginManager:220 - loadIPPluginJar : add touchsensing
2025-07-04 06:31:30,501 [INFO] IPUIPlugin:80 - create IPUIPlugin
2025-07-04 06:31:30,502 [INFO] PluginManager:220 - loadIPPluginJar : add ts
2025-07-04 06:31:30,510 [INFO] IPUIPlugin:80 - create IPUIPlugin
2025-07-04 06:31:30,511 [INFO] PluginManager:220 - loadIPPluginJar : add adc
2025-07-04 06:31:30,625 [INFO] CADModel:165 - CPN selected for project level
2025-07-04 06:31:30,625 [INFO] CADModel:114 - Register for checkConnection events
2025-07-04 06:31:30,625 [FATAL] Updater:308 - Updater called before beeing initialized
2025-07-04 06:31:30,625 [ERROR] CADModel:125 - Updater not yet initialized, retry later 
2025-07-04 06:31:30,778 [INFO] CADModel:165 - CPN selected for project level
2025-07-04 06:31:30,779 [INFO] CADModel:114 - Register for checkConnection events
2025-07-04 06:31:30,779 [FATAL] Updater:308 - Updater called before beeing initialized
2025-07-04 06:31:30,779 [ERROR] CADModel:125 - Updater not yet initialized, retry later 
2025-07-04 06:31:30,783 [FATAL] Updater:308 - Updater called before beeing initialized
2025-07-04 06:31:30,875 [FATAL] Updater:308 - Updater called before beeing initialized
2025-07-04 06:31:30,883 [INFO] DbMcusAds:53 - JSON generation date=Thu Jun 19 10:32:37 EET 2025 (1750321957418)
2025-07-04 06:31:30,884 [FATAL] Updater:308 - Updater called before beeing initialized
2025-07-04 06:31:30,933 [WARN] DetailPanel:346 - Failed to get advertising image, set to default
2025-07-04 06:31:31,055 [FATAL] Updater:308 - Updater called before beeing initialized
2025-07-04 06:31:31,057 [FATAL] Updater:308 - Updater called before beeing initialized
2025-07-04 06:31:31,058 [FATAL] Updater:308 - Updater called before beeing initialized
2025-07-04 06:31:31,058 [WARN] DetailPanel:346 - Failed to get advertising image, set to default
2025-07-04 06:31:31,059 [FATAL] Updater:308 - Updater called before beeing initialized
2025-07-04 06:31:31,093 [ERROR] Updater:1120 - MainUpdater not yet initialized. External WinMGr cannot be set.
2025-07-04 06:31:31,095 [INFO] Updater:1056 - Updater Version found : 6.8.0
2025-07-04 06:31:31,114 [INFO] ApplicationProperties:184 - Using Application install path: /app/stm32cubeide/plugins/com.st.stm32cube.common.mx_6.8.0.202302231600
2025-07-04 06:31:31,183 [ERROR] ServerAccessManage:1146 - Warning during Server Connection :  Unknown host sw-center.st.com
2025-07-04 06:31:31,186 [INFO] MainUpdater:2854 - connection check result : 22
2025-07-04 06:31:31,187 [INFO] MainUpdater:283 - Updater Check For Update Now.
2025-07-04 06:31:31,187 [INFO] MicroXplorer:498 - Change Database Version : DB.6.0.80
2025-07-04 06:31:31,360 [INFO] CheckServerUpdateThread:120 - End of CheckServer Thread
2025-07-04 06:31:31,395 [ERROR] ServerAccessManage:1146 - Warning during Server Connection :  Unknown host sw-center.st.com
2025-07-04 06:31:31,395 [INFO] MainUpdater:2854 - connection check result : 22
2025-07-04 06:31:31,396 [ERROR] ServerAccessManage:1146 - Warning during Server Connection :  Unknown host sw-center.st.com
2025-07-04 06:31:31,397 [INFO] MainUpdater:2854 - connection check result : 22
2025-07-04 06:31:32,814 [WARN] PackLoader:240 - Cannot read IP mode file for STMicroelectronics.FP-SNS-MOTENVWB1.1.4.0
2025-07-04 06:31:32,822 [WARN] PackLoader:240 - Cannot read IP mode file for STMicroelectronics.FP-ATR-ASTRA1.2.0.2
2025-07-04 06:31:32,829 [WARN] PackLoader:240 - Cannot read IP mode file for STMicroelectronics.X-CUBE-SMBUS.2.1.0
2025-07-04 06:31:32,831 [ERROR] Engine:466 - /home/amer/.stm32cubemx/thirdparties/pdsc/STMicroelectronics.X-CUBE-ST60.1.0.0.pdsc: PDSC version is not supported
2025-07-04 06:31:32,870 [WARN] PackLoader:240 - Cannot read IP mode file for STMicroelectronics.X-CUBE-AZRTOS-F7.1.1.0
2025-07-04 06:31:32,882 [ERROR] Engine:466 - /home/amer/.stm32cubemx/thirdparties/pdsc/Infineon.AIROC-Wi-Fi-Bluetooth-STM32.1.7.0.pdsc: PDSC version is not supported
2025-07-04 06:31:32,890 [WARN] PackLoader:240 - Cannot read IP mode file for STMicroelectronics.X-CUBE-DISPLAY.3.0.0
2025-07-04 06:31:32,915 [WARN] PackLoader:240 - Cannot read IP mode file for STMicroelectronics.X-CUBE-NFC10.1.0.0
2025-07-04 06:31:32,921 [ERROR] Engine:466 - /home/amer/.stm32cubemx/thirdparties/pdsc/STMicroelectronics.X-CUBE-BLEMGR.4.0.0.pdsc: PDSC version is not supported
2025-07-04 06:31:32,925 [WARN] PackLoader:240 - Cannot read IP mode file for emotas.I-CUBE-CANOPEN.1.3.0
2025-07-04 06:31:32,927 [ERROR] Engine:466 - /home/amer/.stm32cubemx/thirdparties/pdsc/quantropi.X-CUBE-qispace-sdk-base.2.0.0.pdsc: PDSC version is not supported
2025-07-04 06:31:32,930 [WARN] PackLoader:240 - Cannot read IP mode file for STMicroelectronics.FP-SNS-SMARTAG2.1.2.0
2025-07-04 06:31:32,933 [ERROR] Engine:466 - /home/amer/.stm32cubemx/thirdparties/pdsc/STMicroelectronics.FP-SNS-FLIGHT1.5.1.0.pdsc: PDSC version is not supported
2025-07-04 06:31:32,943 [INFO] LogOutputStream:77 - [STDOUT_REDIRECT] 1 : Invalid condition id : UX_CORESTACK_Condition cause : null
2025-07-04 06:31:32,943 [INFO] LogOutputStream:77 - [STDOUT_REDIRECT] 1 : Invalid condition id : UX_CORESTACK_Condition cause : null
2025-07-04 06:31:32,943 [INFO] LogOutputStream:77 - [STDOUT_REDIRECT] 1 : Invalid condition id : UX_CORESTACK_Condition cause : null
2025-07-04 06:31:32,944 [INFO] LogOutputStream:77 - [STDOUT_REDIRECT] 1 : Invalid condition id : UX_CORESTACK_Condition cause : null
2025-07-04 06:31:32,944 [INFO] LogOutputStream:77 - [STDOUT_REDIRECT] 1 : Invalid condition id : UX_CORESTACK_Condition cause : null
2025-07-04 06:31:32,948 [WARN] PackLoader:240 - Cannot read IP mode file for STMicroelectronics.X-CUBE-AZRTOS-WL.2.0.0
2025-07-04 06:31:32,953 [WARN] PackLoader:240 - Cannot read IP mode file for STMicroelectronics.FP-SNS-MOTENV1.5.0.0
2025-07-04 06:31:32,960 [WARN] PackLoader:240 - Cannot read IP mode file for WES.I-CUBE-Cesium.1.3.0
2025-07-04 06:31:32,964 [WARN] PackLoader:240 - Cannot read IP mode file for STMicroelectronics.X-CUBE-BLE2.3.3.0
2025-07-04 06:31:32,970 [WARN] PackLoader:240 - Cannot read IP mode file for STMicroelectronics.X-CUBE-NFC9.1.0.0
2025-07-04 06:31:32,975 [WARN] PackLoader:240 - Cannot read IP mode file for wolfSSL.I-CUBE-wolfSSL.5.8.0
2025-07-04 06:31:32,978 [WARN] PackLoader:240 - Cannot read IP mode file for STMicroelectronics.X-CUBE-BLE1.7.1.0
2025-07-04 06:31:32,981 [WARN] PackLoader:240 - Cannot read IP mode file for wolfSSL.I-CUBE-wolfMQTT.1.19.2
2025-07-04 06:31:32,984 [WARN] PackLoader:240 - Cannot read IP mode file for STMicroelectronics.X-CUBE-AI.10.1.0
2025-07-04 06:31:32,998 [WARN] PackLoader:240 - Cannot read IP mode file for STMicroelectronics.X-CUBE-AZRTOS-G0.1.1.0
2025-07-04 06:31:33,005 [WARN] PackLoader:240 - Cannot read IP mode file for STMicroelectronics.X-CUBE-SAFEA1.1.2.2
2025-07-04 06:31:33,011 [WARN] PackLoader:240 - Cannot read IP mode file for STMicroelectronics.X-CUBE-NFC4.3.0.0
2025-07-04 06:31:33,015 [ERROR] Engine:466 - /home/amer/.stm32cubemx/thirdparties/pdsc/EmbeddedOffice.I-CUBE-FS-RTOS.1.0.1.pdsc: PDSC version is not supported
2025-07-04 06:31:33,019 [WARN] PackLoader:240 - Cannot read IP mode file for STMicroelectronics.X-CUBE-WB05N.2.0.0
2025-07-04 06:31:33,022 [WARN] PackLoader:240 - Cannot read IP mode file for wolfSSL.I-CUBE-wolfTPM.3.8.0
2025-07-04 06:31:33,025 [ERROR] Engine:466 - /home/amer/.stm32cubemx/thirdparties/pdsc/STMicroelectronics.X-CUBE-TCPP.4.2.0.pdsc: PDSC version is not supported
2025-07-04 06:31:33,026 [ERROR] Engine:466 - /home/amer/.stm32cubemx/thirdparties/pdsc/RealThread.X-CUBE-RT-Thread_Nano.4.1.1.pdsc: PDSC version is not supported
2025-07-04 06:31:33,028 [WARN] PackLoader:240 - Cannot read IP mode file for STMicroelectronics.FP-ATR-SIGFOX1.3.2.0
2025-07-04 06:31:33,032 [WARN] PackLoader:240 - Cannot read IP mode file for STMicroelectronics.X-CUBE-EEPRMA1.5.1.0
2025-07-04 06:31:33,037 [WARN] PackLoader:240 - Cannot read IP mode file for ITTIA_DB.I-CUBE-ITTIADB.8.9.0
2025-07-04 06:31:33,039 [ERROR] Engine:466 - /home/amer/.stm32cubemx/thirdparties/pdsc/STMicroelectronics.X-CUBE-ST67W61.1.0.0.pdsc: PDSC version is not supported
2025-07-04 06:31:33,069 [WARN] PackLoader:240 - Cannot read IP mode file for SEGGER.I-CUBE-embOS.1.3.1
2025-07-04 06:31:33,135 [WARN] PackLoader:240 - Cannot read IP mode file for STMicroelectronics.X-CUBE-ALGOBUILD.1.4.0
2025-07-04 06:31:33,240 [WARN] PackLoader:240 - Cannot read IP mode file for STMicroelectronics.X-CUBE-MEMS1.11.3.0
2025-07-04 06:31:33,522 [WARN] PackLoader:240 - Cannot read IP mode file for STMicroelectronics.X-CUBE-PM33A1.1.0.0
2025-07-04 06:31:33,546 [WARN] PackLoader:240 - Cannot read IP mode file for STMicroelectronics.X-CUBE-AZRTOS-F4.1.1.0
2025-07-04 06:31:33,553 [ERROR] Engine:466 - /home/amer/.stm32cubemx/thirdparties/pdsc/Avnet-IotConnect.X-CUBE-IoTC-DA16k-PMOD.1.0.0.pdsc: PDSC version is not supported
2025-07-04 06:31:33,557 [WARN] PackLoader:240 - Cannot read IP mode file for STMicroelectronics.X-CUBE-ISPU.2.1.0
2025-07-04 06:31:33,583 [WARN] PackLoader:240 - Cannot read IP mode file for STMicroelectronics.X-CUBE-AZRTOS-L5.2.0.0
2025-07-04 06:31:33,597 [WARN] PackLoader:240 - Cannot read IP mode file for STMicroelectronics.X-CUBE-NFC6.3.1.0
2025-07-04 06:31:33,606 [WARN] PackLoader:240 - Cannot read IP mode file for STMicroelectronics.X-CUBE-FREERTOS.1.3.1
2025-07-04 06:31:33,609 [ERROR] Engine:466 - /home/amer/.stm32cubemx/thirdparties/pdsc/STMicroelectronics.FP-SNS-STAIOTCFT.1.0.0.pdsc: PDSC version is not supported
2025-07-04 06:31:33,612 [ERROR] Engine:466 - /home/amer/.stm32cubemx/thirdparties/pdsc/STMicroelectronics.X-CUBE-DPower.1.3.0.pdsc: PDSC version is not supported
2025-07-04 06:31:33,635 [WARN] ConditionMgr:438 - getConditionDescription Invalid condition id : LAN8742 Phy interface Condition cause : null
2025-07-04 06:31:33,637 [WARN] PackLoader:240 - Cannot read IP mode file for STMicroelectronics.X-CUBE-AZRTOS-L4.2.0.0
2025-07-04 06:31:33,639 [WARN] ConditionMgr:1039 - genDependencies : Invalid condition id : LAN8742 Phy interface Condition cause : null
2025-07-04 06:31:33,640 [WARN] ConditionMgr:1039 - genDependencies : Invalid condition id : LAN8742 Phy interface Condition cause : null
2025-07-04 06:31:33,641 [WARN] ConditionMgr:1039 - genDependencies : Invalid condition id : LAN8742 Phy interface Condition cause : null
2025-07-04 06:31:33,650 [WARN] PackLoader:240 - Cannot read IP mode file for STMicroelectronics.X-CUBE-SFXS2LP1.4.0.0
2025-07-04 06:31:33,694 [WARN] PackLoader:240 - Cannot read IP mode file for STMicroelectronics.X-CUBE-AZRTOS-H7.3.3.0
2025-07-04 06:31:33,718 [WARN] ConditionMgr:438 - getConditionDescription Invalid condition id : UX DEVICE CLASS RTOS Condition cause : null
2025-07-04 06:31:33,718 [WARN] ConditionMgr:438 - getConditionDescription Invalid condition id : UX DEVICE CLASS RTOS Condition cause : null
2025-07-04 06:31:33,722 [WARN] PackLoader:240 - Cannot read IP mode file for STMicroelectronics.X-CUBE-AZRTOS-WB.2.0.0
2025-07-04 06:31:33,723 [WARN] ConditionMgr:1039 - genDependencies : Invalid condition id : UX DEVICE CLASS RTOS Condition cause : null
2025-07-04 06:31:33,723 [WARN] ConditionMgr:1039 - genDependencies : Invalid condition id : UX DEVICE CLASS RTOS Condition cause : null
2025-07-04 06:31:33,724 [WARN] ConditionMgr:1039 - genDependencies : Invalid condition id : UX DEVICE CLASS RTOS Condition cause : null
2025-07-04 06:31:33,724 [WARN] ConditionMgr:1039 - genDependencies : Invalid condition id : UX DEVICE CLASS RTOS Condition cause : null
2025-07-04 06:31:33,725 [WARN] ConditionMgr:1039 - genDependencies : Invalid condition id : UX DEVICE CLASS RTOS Condition cause : null
2025-07-04 06:31:33,732 [WARN] PackLoader:240 - Cannot read IP mode file for STMicroelectronics.X-CUBE-GNSS1.7.0.1
2025-07-04 06:31:33,739 [WARN] PackLoader:240 - Cannot read IP mode file for STMicroelectronics.X-CUBE-TOUCHGFX.4.25.0
2025-07-04 06:31:33,743 [ERROR] Engine:466 - /home/amer/.stm32cubemx/thirdparties/pdsc/STMicroelectronics.FP-SNS-STBOX1.2.0.0.pdsc: PDSC version is not supported
2025-07-04 06:31:33,755 [WARN] PackLoader:240 - Cannot read IP mode file for STMicroelectronics.X-CUBE-SUBG2.5.0.0
2025-07-04 06:31:33,807 [WARN] PackLoader:240 - Cannot read IP mode file for STMicroelectronics.X-CUBE-AZRTOS-H7RS.1.1.0
2025-07-04 06:31:33,815 [WARN] PackLoader:240 - Cannot read IP mode file for Cesanta.I-CUBE-Mongoose.7.13.0
2025-07-04 06:31:33,831 [WARN] PackLoader:240 - Cannot read IP mode file for STMicroelectronics.X-CUBE-AZRTOS-G4.2.0.0
2025-07-04 06:31:33,837 [WARN] PackLoader:240 - Cannot read IP mode file for wolfSSL.I-CUBE-wolfSSH.1.4.20
2025-07-04 06:31:33,843 [WARN] PackLoader:240 - Cannot read IP mode file for STMicroelectronics.X-CUBE-NFC7.2.0.0
2025-07-04 06:31:33,851 [ERROR] Engine:466 - /home/amer/.stm32cubemx/thirdparties/pdsc/STMicroelectronics.X-CUBE-IPS.3.1.0.pdsc: PDSC version is not supported
2025-07-04 06:31:33,856 [WARN] PackLoader:240 - Cannot read IP mode file for STMicroelectronics.X-CUBE-ALS.1.0.2
2025-07-04 06:31:33,863 [WARN] PackLoader:240 - Cannot read IP mode file for portGmbH.I-Cube-SoM-uGOAL.1.1.0
2025-07-04 06:31:33,870 [ERROR] Engine:466 - /home/amer/.stm32cubemx/thirdparties/pdsc/STMicroelectronics.X-CUBE-TOF1.3.4.3.pdsc: PDSC version is not supported
2025-07-04 06:31:33,871 [INFO] ThirdParty:978 - Integrity check success = true
2025-07-04 06:31:33,871 [INFO] IntegrityCheckThread:100 - exiting critical section [integrity check]
2025-07-04 06:31:33,871 [INFO] IntegrityCheckThread:103 - End integrity checks thread
2025-07-04 06:31:40,338 [ERROR] ServerAccessManage:1146 - Warning during Server Connection :  Unknown host sw-center.st.com
2025-07-04 06:31:40,338 [INFO] MainUpdater:2854 - connection check result : 22
2025-07-04 06:31:44,745 [ERROR] ServerAccessManage:1146 - Warning during Server Connection :  Unknown host sw-center.st.com
2025-07-04 06:31:44,746 [INFO] MainUpdater:2854 - connection check result : 22
2025-07-04 06:31:46,028 [INFO] MicroXplorer:468 - Change Database Path : 
2025-07-04 06:31:46,028 [INFO] MicroXplorer:498 - Change Database Version : DB.6.0.80
2025-07-04 06:31:46,029 [WARN] ThirdParty:871 - waiting for thirdparty lock release [close project]
2025-07-04 06:31:46,029 [INFO] ThirdParty:873 - entering critical section [close project]
2025-07-04 06:31:46,030 [INFO] ThirdParty:883 - exiting critical section [close project]
2025-07-04 06:31:46,034 [INFO] PinOutPanel:1499 - setPackage(No Configuration,No Configuration)
2025-07-04 06:31:46,041 [INFO] UtilMem:75 - Begin LoadConfig() Used Memory: 141499048 Bytes (268435456)
2025-07-04 06:31:46,042 [INFO] MicroXplorer:468 - Change Database Path : 
2025-07-04 06:31:46,042 [INFO] MicroXplorer:498 - Change Database Version : DB.6.0.80
2025-07-04 06:31:46,042 [INFO] OpenFileManager:308 - Change cursor
2025-07-04 06:31:46,075 [INFO] Mcu:1937 - Initializing MCU STM32F405RGTx STM32F405RGTx STM32F405RGT6
2025-07-04 06:31:47,996 [INFO] Context:659 - Trying to add GPIOservice into a context  which must be forbidden
2025-07-04 06:31:48,581 [INFO] RtosManager:555 - Registered RTOS mode: class=CMSIS, group=RTOS, mode=CMSIS_V1, owner=FREERTOS
2025-07-04 06:31:48,582 [INFO] RtosManager:555 - Registered RTOS mode: class=CMSIS, group=RTOS2, mode=CMSIS_V2, owner=FREERTOS
2025-07-04 06:31:48,583 [INFO] RtosManager:555 - Registered RTOS mode: class=RTOS, group=Core, mode=CMSIS_V1, owner=FREERTOS
2025-07-04 06:31:48,583 [INFO] RtosManager:555 - Registered RTOS mode: class=RTOS, group=Core, mode=CMSIS_V2, owner=FREERTOS
2025-07-04 06:31:48,583 [WARN] ModelIntegratedComponent:184 - Missing modes for component STMicroelectronics:FreeRTOS:0.0.1:STMicroelectronics:RTOS:FreeRTOS:Core:::10.2.0:
2025-07-04 06:31:48,606 [WARN] ModelIntegratedComponent:63 - No mode defined for component null
2025-07-04 06:31:48,606 [WARN] ModelIntegratedComponent:63 - No mode defined for component null
2025-07-04 06:31:48,606 [WARN] ModelIntegratedComponent:63 - No mode defined for component null
2025-07-04 06:31:48,607 [WARN] ModelIntegratedComponent:63 - No mode defined for component null
2025-07-04 06:31:48,607 [WARN] ModelIntegratedComponent:63 - No mode defined for component null
2025-07-04 06:31:48,607 [WARN] ModelIntegratedComponent:63 - No mode defined for component null
2025-07-04 06:31:48,607 [WARN] ModelIntegratedComponent:63 - No mode defined for component null
2025-07-04 06:31:48,607 [WARN] ModelIntegratedComponent:63 - No mode defined for component null
2025-07-04 06:31:48,607 [WARN] ModelIntegratedComponent:63 - No mode defined for component null
2025-07-04 06:31:48,607 [WARN] ModelIntegratedComponent:63 - No mode defined for component null
2025-07-04 06:31:48,607 [WARN] ModelIntegratedComponent:63 - No mode defined for component null
2025-07-04 06:31:48,607 [WARN] ModelIntegratedComponent:63 - No mode defined for component null
2025-07-04 06:31:48,607 [WARN] ModelIntegratedComponent:63 - No mode defined for component null
2025-07-04 06:31:48,607 [WARN] ModelIntegratedComponent:63 - No mode defined for component null
2025-07-04 06:31:48,607 [WARN] ModelIntegratedComponent:63 - No mode defined for component null
2025-07-04 06:31:48,607 [WARN] ModelIntegratedComponent:63 - No mode defined for component null
2025-07-04 06:31:48,607 [WARN] ModelIntegratedComponent:63 - No mode defined for component null
2025-07-04 06:31:48,607 [WARN] ModelIntegratedComponent:63 - No mode defined for component null
2025-07-04 06:31:48,608 [WARN] ModelIntegratedComponent:63 - No mode defined for component null
2025-07-04 06:31:48,608 [WARN] ModelIntegratedComponent:63 - No mode defined for component null
2025-07-04 06:31:48,608 [WARN] ModelIntegratedComponent:63 - No mode defined for component null
2025-07-04 06:31:48,608 [WARN] ModelIntegratedComponent:63 - No mode defined for component null
2025-07-04 06:31:48,608 [WARN] ModelIntegratedComponent:63 - No mode defined for component null
2025-07-04 06:31:48,608 [WARN] ModelIntegratedComponent:63 - No mode defined for component null
2025-07-04 06:31:48,608 [WARN] ModelIntegratedComponent:63 - No mode defined for component null
2025-07-04 06:31:48,608 [WARN] ModelIntegratedComponent:63 - No mode defined for component null
2025-07-04 06:31:48,608 [WARN] ModelIntegratedComponent:63 - No mode defined for component null
2025-07-04 06:31:48,608 [WARN] ModelIntegratedComponent:63 - No mode defined for component null
2025-07-04 06:31:48,608 [WARN] ModelIntegratedComponent:63 - No mode defined for component null
2025-07-04 06:31:48,608 [WARN] ModelIntegratedComponent:63 - No mode defined for component null
2025-07-04 06:31:48,608 [WARN] ModelIntegratedComponent:63 - No mode defined for component null
2025-07-04 06:31:48,609 [WARN] ModelIntegratedComponent:63 - No mode defined for component null
2025-07-04 06:31:48,609 [WARN] ModelIntegratedComponent:63 - No mode defined for component null
2025-07-04 06:31:48,715 [INFO] ThirdPartyModel:298 - Start build external matchings
2025-07-04 06:31:48,999 [INFO] ThirdPartyModel:316 - End build external matchings
2025-07-04 06:31:49,254 [INFO] UtilMem:75 - End LoadConfig() Used Memory: 192067552 Bytes (347078656)
2025-07-04 06:31:49,388 [INFO] ApiDb:581 - Connected to CubeFinder SQLite database (/home/amer/.stmcufinder/plugins/mcufinder/mcu/cube-finder-db.db)
2025-07-04 06:31:49,452 [INFO] ApiDb:668 - CubeFinder database Data Model version=2.1
2025-07-04 06:31:49,452 [INFO] ApiDb:669 - CubeFinder database Configuration version=3.0.39
2025-07-04 06:31:49,452 [INFO] ApiDb:670 - CubeFinder database generation date=2025-06-16 (1750072209)
2025-07-04 06:31:49,452 [INFO] ApiDb:671 - CubeFinder database FW Pack versions=[FP-ATR-ASTRA1_V2.0.0, FP-SNS-FLIGHT1_V5.1.0, FP-SNS-MOTENV1_V5.0.0, FP-SNS-MOTENVWB1_V1.4.0, FP-SNS-SMARTAG2_V1.2.0, FP-SNS-STBOX1_V2.0.0, STM32Cube_FW_C0_V1.4.0, STM32Cube_FW_F4_V1.28.2, STM32Cube_FW_F7_V1.17.3, STM32Cube_FW_G0_V1.6.2, STM32Cube_FW_G4_V1.6.1, STM32Cube_FW_H5_V1.5.0, STM32Cube_FW_H7RS_V1.2.0, STM32Cube_FW_H7_V1.12.1, STM32Cube_FW_L0_V1.12.2, STM32Cube_FW_L4_V1.18.1, STM32Cube_FW_L5_V1.5.1, STM32Cube_FW_N6_V1.1.1, STM32Cube_FW_U0_V1.2.0, STM32Cube_FW_U3_V1.1.0, STM32Cube_FW_U5_V1.7.0, STM32Cube_FW_WB0_V1.2.0, STM32Cube_FW_WBA_V1.6.0, STM32Cube_FW_WB_V1.22.0, STM32Cube_FW_WL3_V1.1.0, STM32Cube_FW_WL_V1.3.1, X-CUBE-ALGOBUILD_V1.4.0, X-CUBE-ALS_V1.0.2, X-CUBE-AZRTOS-F4_V1.1.0, X-CUBE-AZRTOS-F7_V1.1.0, X-CUBE-AZRTOS-G0_V1.1.0, X-CUBE-AZRTOS-G4_V2.0.0, X-CUBE-AZRTOS-H7RS_V1.1.0, X-CUBE-AZRTOS-H7_V3.3.0, X-CUBE-AZRTOS-L4_V2.0.0, X-CUBE-AZRTOS-L5_V2.0.0, X-CUBE-AZRTOS-WB_V2.0.0, X-CUBE-AZRTOS-WL_V2.0.0, X-CUBE-BLE1_V7.1.0, X-CUBE-BLE2_V3.3.0, X-CUBE-BLEMGR_V4.0.0, X-CUBE-EEPRMA1_V5.1.0, X-CUBE-FREERTOS_V1.3.1, X-CUBE-GNSS1_V6.0.0, X-CUBE-MEMS1_V11.3.0, X-CUBE-NFC4_V3.0.0, X-CUBE-NFC7_V2.0.0, X-CUBE-SFXS2LP1_V4.0.0, X-CUBE-SUBG2_V5.0.0, X-CUBE-TOF1_V3.4.3]
2025-07-04 06:31:51,507 [INFO] ApiDb:240 - Found 297 in-development CPN: [B-G473E-ZEST1S, B-WB1M-WPAN1, B-WL5M-SUBG1, NUCLEO-C031C6, NUCLEO-H503RB, NUCLEO-H563ZI, NUCLEO-U545RE-Q, NUCLEO-U5A5ZJ-Q, NUCLEO-WBA52CG, STEVAL-PROTEUS1, STEVAL-STWINBX1, STM320518-EVAL, STM32C0116-DK, STM32C011D6Y3TR, STM32C011D6Y6TR, STM32C011F4P3, STM32C011F4P6, STM32C011F4U3, STM32C011F4U6TR, STM32C011F6P3, STM32C011F6P6, STM32C011F6U3, STM32C011F6U6TR, STM32C011J4M3, STM32C011J4M6, STM32C011J6M3, STM32C011J6M6, STM32C0316-DK, STM32C031C4T3, STM32C031C4T6, STM32C031C4U3, STM32C031C4U6, STM32C031C6T3, STM32C031C6T6, STM32C031C6U3, STM32C031C6U6, STM32C031F4P3, STM32C031F4P6, STM32C031F6P3, STM32C031F6P6, STM32C031G4U3, STM32C031G4U6, STM32C031G6U3, STM32C031G6U6, STM32C031K4T3, STM32C031K4T6, STM32C031K4U3, STM32C031K4U6, STM32C031K6T3, STM32C031K6T6, STM32C031K6U3, STM32C031K6U6, STM32G071K8TXN, STM32G071K8UXN, STM32G081GBU6N, STM32G081KBT6N, STM32G081KBUXN, STM32G0B1CCT6N, STM32G0B1KCT6, STM32G0B1NEY6TR, STM32G0B1RCT6N, STM32G0C1CCT6, STM32G0C1CCT6N, STM32G0C1CCU6N, STM32G0C1CET6N, STM32G0C1CEU6N, STM32G0C1KCT6, STM32G0C1NEY6TR, STM32G0C1RCI6N, STM32G0C1RCT6N, STM32G0C1REI6N, STM32G0C1RET6N, STM32G0C1VCI6, STM32G0C1VEI6, STM32G471CCT6, STM32G471CCU6, STM32G471CET3, STM32G471CET6, STM32G471CEU3, STM32G471CEU6, STM32G471MCT6, STM32G471MET3, STM32G471MET6, STM32G471MEY6TR, STM32G471QCT6, STM32G471QET3, STM32G471RCT6, STM32G471RET3, STM32G471RET6, STM32G471VCH6, STM32G471VCI6, STM32G471VCT6, STM32G471VEH3, STM32G471VEH6, STM32G471VEI3, STM32G471VEI6, STM32G471VET3, STM32G471VET6, STM32G474CCT6, STM32H503CBT6, STM32H503CBU6, STM32H503EBY6TR, STM32H503KBU6, STM32H503RBT6, STM32H562AGI6, STM32H562AII6, STM32H562IGK6, STM32H562IGT6, STM32H562IIK6, STM32H562IIT6, STM32H562RGT6, STM32H562RGV6, STM32H562RIT6, STM32H562RIV6, STM32H562VGT6, STM32H562VIT6, STM32H562ZGT6, STM32H562ZIT6, STM32H563AGI6, STM32H563AII3Q, STM32H563AII6, STM32H563IGK6, STM32H563IGT6, STM32H563IIK3Q, STM32H563IIK6, STM32H563IIT3Q, STM32H563IIT6, STM32H563MIY3QTR, STM32H563RGT6, STM32H563RGV6, STM32H563RIT6, STM32H563RIV6, STM32H563VGT6, STM32H563VIT3Q, STM32H563VIT6, STM32H563ZGT6, STM32H563ZIT3Q, STM32H563ZIT6, STM32H573AII3Q, STM32H573AII6, STM32H573I-DK, STM32H573IIK3Q, STM32H573IIK6, STM32H573IIT3Q, STM32H573IIT6, STM32H573MIY3QTR, STM32H573RIT6, STM32H573RIV6, STM32H573VIT3Q, STM32H573VIT6, STM32H573ZIT3Q, STM32H573ZIT6, STM32L4R5QGI6STR, STM32MP131AAE3, STM32MP131AAF3, STM32MP131AAG3, STM32MP131CAE3, STM32MP131CAF3, STM32MP131CAG3, STM32MP131DAE7, STM32MP131DAF7, STM32MP131DAG7, STM32MP131FAE7, STM32MP131FAF7, STM32MP131FAG7, STM32MP133AAE3, STM32MP133AAF3, STM32MP133AAG3, STM32MP133CAE3, STM32MP133CAF3, STM32MP133CAG3, STM32MP133DAE7, STM32MP133DAF7, STM32MP133DAG7, STM32MP133FAE7, STM32MP133FAF7, STM32MP133FAG7, STM32MP135AAE3, STM32MP135AAF3, STM32MP135AAG3, STM32MP135CAE3, STM32MP135CAF3, STM32MP135CAG3, STM32MP135DAE7, STM32MP135DAF7, STM32MP135DAG7, STM32MP135F-DK, STM32MP135FAE7, STM32MP135FAF7, STM32MP135FAF7T, STM32MP135FAF7U, STM32MP135FAG7, STM32U535CBT6, STM32U535CBT6Q, STM32U535CBU6, STM32U535CBU6Q, STM32U535CCT6, STM32U535CCT6Q, STM32U535CCU6, STM32U535CCU6Q, STM32U535CET6, STM32U535CET6Q, STM32U535CEU6, STM32U535CEU6Q, STM32U535JEY6QTR, STM32U535NCY6QTR, STM32U535NEY6QTR, STM32U535RBI6, STM32U535RBI6Q, STM32U535RBT6, STM32U535RBT6Q, STM32U535RCI6, STM32U535RCI6Q, STM32U535RCT6, STM32U535RCT6Q, STM32U535REI6, STM32U535REI6Q, STM32U535RET6, STM32U535RET6Q, STM32U535VCI6, STM32U535VCI6Q, STM32U535VCT6, STM32U535VCT6Q, STM32U535VEI6, STM32U535VEI6Q, STM32U535VET6, STM32U535VET6Q, STM32U545CET6, STM32U545CET6Q, STM32U545CEU6, STM32U545CEU6Q, STM32U545JEY6QTR, STM32U545NEY6QTR, STM32U545REI6, STM32U545REI6Q, STM32U545RET6, STM32U545RET6Q, STM32U545VEI6, STM32U545VEI6Q, STM32U545VET6, STM32U545VET6Q, STM32U595AIH6, STM32U595AIH6Q, STM32U595AJH6, STM32U595AJH6Q, STM32U595QII6, STM32U595QII6Q, STM32U595QJI6, STM32U595QJI6Q, STM32U595RIT6, STM32U595RIT6Q, STM32U595RJT6, STM32U595RJT6Q, STM32U595VIT6, STM32U595VIT6Q, STM32U595VJT6, STM32U595VJT6Q, STM32U595ZIT6, STM32U595ZIT6Q, STM32U595ZIY6QTR, STM32U595ZJT6, STM32U595ZJT6Q, STM32U595ZJY6QTR, STM32U599BJY6QTR, STM32U599NIH6Q, STM32U599NJH6Q, STM32U599VIT6Q, STM32U599VJT6, STM32U599VJT6Q, STM32U599ZIT6Q, STM32U599ZIY6QTR, STM32U599ZJT6Q, STM32U599ZJY6QTR, STM32U5A5AJH6, STM32U5A5AJH6Q, STM32U5A5QJI6, STM32U5A5QJI6Q, STM32U5A5RJT6, STM32U5A5RJT6Q, STM32U5A5VJT6, STM32U5A5VJT6Q, STM32U5A5ZJT6, STM32U5A5ZJT6Q, STM32U5A5ZJY6QTR, STM32U5A9BJY6QTR, STM32U5A9J-DK, STM32U5A9NJH6Q, STM32U5A9VJT6Q, STM32U5A9ZJT6Q, STM32U5A9ZJY6QTR, STM32WB1MMCH6, STM32WBA52CEU6, STM32WBA52CEU6T, STM32WBA52CGU6, STM32WBA52CGU6T, STM32WL5MOCH6, STM32WL5MOCH6TR]
2025-07-04 06:31:51,511 [INFO] DbMcus:216 - Found 4635 MCUs, 4635 are supported
2025-07-04 06:31:51,513 [INFO] ApiDb:423 - Load user favorites file /home/amer/.stm32cubeide/favorites.mcus.txt: 1 item(s)
2025-07-04 06:31:51,514 [INFO] ApiDb:427 - User favorites MCUs=[STM32F405RGT6]
2025-07-04 06:31:51,514 [INFO] DbMcus:222 - Set 1 / 1 favorites MCUs
2025-07-04 06:31:52,054 [WARN] ThirdParty:833 - waiting for thirdparty lock release [change project]
2025-07-04 06:31:52,054 [INFO] ThirdParty:835 - entering critical section [change project]
2025-07-04 06:31:52,054 [INFO] ThirdParty:1030 - CMSIS Pack Vendor :STMicroelectronics X-CUBE-PM33A1 1.0.0
2025-07-04 06:31:52,054 [INFO] ThirdParty:1030 - CMSIS Pack Vendor :STMicroelectronics X-CUBE-AZRTOS-H7 3.3.0
2025-07-04 06:31:52,054 [INFO] ThirdParty:1030 - CMSIS Pack Vendor :STMicroelectronics X-CUBE-NFC9 1.0.0
2025-07-04 06:31:52,054 [INFO] ThirdParty:1030 - CMSIS Pack Vendor :wolfSSL I-CUBE-wolfSSL 5.8.0
2025-07-04 06:31:52,054 [INFO] ThirdParty:1030 - CMSIS Pack Vendor :STMicroelectronics USB_HOST 2.0.0
2025-07-04 06:31:52,054 [INFO] ThirdParty:1030 - CMSIS Pack Vendor :STMicroelectronics FP-SNS-MOTENVWB1 1.4.0
2025-07-04 06:31:52,054 [INFO] ThirdParty:1030 - CMSIS Pack Vendor :STMicroelectronics X-CUBE-AZRTOS-F4 1.1.0
2025-07-04 06:31:52,054 [INFO] ThirdParty:1030 - CMSIS Pack Vendor :STMicroelectronics LIBJPEG 8.0.0
2025-07-04 06:31:52,054 [INFO] ThirdParty:1030 - CMSIS Pack Vendor :STMicroelectronics FP-ATR-ASTRA1 2.0.2
2025-07-04 06:31:52,054 [INFO] ThirdParty:1030 - CMSIS Pack Vendor :STMicroelectronics X-CUBE-BLE1 7.1.0
2025-07-04 06:31:52,054 [INFO] ThirdParty:1030 - CMSIS Pack Vendor :STMicroelectronics X-CUBE-SMBUS 2.1.0
2025-07-04 06:31:52,054 [INFO] ThirdParty:1030 - CMSIS Pack Vendor :wolfSSL I-CUBE-wolfMQTT 1.19.2
2025-07-04 06:31:52,054 [INFO] ThirdParty:1030 - CMSIS Pack Vendor :STMicroelectronics USB_DEVICE 3.0.0
2025-07-04 06:31:52,054 [INFO] ThirdParty:1030 - CMSIS Pack Vendor :STMicroelectronics X-CUBE-ISPU 2.1.0
2025-07-04 06:31:52,054 [INFO] ThirdParty:1030 - CMSIS Pack Vendor :STMicroelectronics X-CUBE-AZRTOS-WB 2.0.0
2025-07-04 06:31:52,055 [INFO] ThirdParty:1030 - CMSIS Pack Vendor :STMicroelectronics X-CUBE-GNSS1 7.0.1
2025-07-04 06:31:52,055 [INFO] ThirdParty:1030 - CMSIS Pack Vendor :STMicroelectronics X-CUBE-AZRTOS-F7 1.1.0
2025-07-04 06:31:52,055 [INFO] ThirdParty:1030 - CMSIS Pack Vendor :STMicroelectronics X-CUBE-AZRTOS-L5 2.0.0
2025-07-04 06:31:52,055 [INFO] ThirdParty:1030 - CMSIS Pack Vendor :STMicroelectronics X-CUBE-TOUCHGFX 4.25.0
2025-07-04 06:31:52,055 [INFO] ThirdParty:1030 - CMSIS Pack Vendor :STMicroelectronics USB_DEVICE 2.0.0
2025-07-04 06:31:52,055 [INFO] ThirdParty:1030 - CMSIS Pack Vendor :STMicroelectronics X-CUBE-NFC6 3.1.0
2025-07-04 06:31:52,055 [INFO] ThirdParty:1030 - CMSIS Pack Vendor :STMicroelectronics X-CUBE-AI 10.1.0
2025-07-04 06:31:52,055 [INFO] ThirdParty:1030 - CMSIS Pack Vendor :STMicroelectronics FreeRTOS 0.0.1
2025-07-04 06:31:52,055 [INFO] ThirdParty:1030 - CMSIS Pack Vendor :STMicroelectronics X-CUBE-AZRTOS-G0 1.1.0
2025-07-04 06:31:52,055 [INFO] ThirdParty:1030 - CMSIS Pack Vendor :STMicroelectronics X-CUBE-SAFEA1 1.2.2
2025-07-04 06:31:52,055 [INFO] ThirdParty:1030 - CMSIS Pack Vendor :STMicroelectronics X-CUBE-NFC4 3.0.0
2025-07-04 06:31:52,055 [INFO] ThirdParty:1030 - CMSIS Pack Vendor :STMicroelectronics X-CUBE-SUBG2 5.0.0
2025-07-04 06:31:52,055 [INFO] ThirdParty:1030 - CMSIS Pack Vendor :STMicroelectronics X-CUBE-AZRTOS-H7RS 1.1.0
2025-07-04 06:31:52,055 [INFO] ThirdParty:1030 - CMSIS Pack Vendor :STMicroelectronics STM32_WPAN 1.0.0
2025-07-04 06:31:52,055 [INFO] ThirdParty:1030 - CMSIS Pack Vendor :STMicroelectronics lwIP 2.0.3
2025-07-04 06:31:52,055 [INFO] ThirdParty:1030 - CMSIS Pack Vendor :Cesanta I-CUBE-Mongoose 7.13.0
2025-07-04 06:31:52,055 [INFO] ThirdParty:1030 - CMSIS Pack Vendor :STMicroelectronics USB_HOST 1.0.0
2025-07-04 06:31:52,055 [INFO] ThirdParty:1030 - CMSIS Pack Vendor :STMicroelectronics X-CUBE-AZRTOS-G4 2.0.0
2025-07-04 06:31:52,055 [INFO] ThirdParty:1030 - CMSIS Pack Vendor :STMicroelectronics X-CUBE-WB05N 2.0.0
2025-07-04 06:31:52,055 [INFO] ThirdParty:1030 - CMSIS Pack Vendor :STMicroelectronics PDM2PCM 3.1.0
2025-07-04 06:31:52,055 [INFO] ThirdParty:1030 - CMSIS Pack Vendor :STMicroelectronics PDM2PCM 3.3.0
2025-07-04 06:31:52,055 [INFO] ThirdParty:1030 - CMSIS Pack Vendor :wolfSSL I-CUBE-wolfTPM 3.8.0
2025-07-04 06:31:52,055 [INFO] ThirdParty:1030 - CMSIS Pack Vendor :STMicroelectronics X-CUBE-DISPLAY 3.0.0
2025-07-04 06:31:52,055 [INFO] ThirdParty:1030 - CMSIS Pack Vendor :wolfSSL I-CUBE-wolfSSH 1.4.20
2025-07-04 06:31:52,055 [INFO] ThirdParty:1030 - CMSIS Pack Vendor :STMicroelectronics X-CUBE-NFC7 2.0.0
2025-07-04 06:31:52,056 [INFO] ThirdParty:1030 - CMSIS Pack Vendor :STMicroelectronics FP-ATR-SIGFOX1 3.2.0
2025-07-04 06:31:52,056 [INFO] ThirdParty:1030 - CMSIS Pack Vendor :STMicroelectronics X-CUBE-NFC10 1.0.0
2025-07-04 06:31:52,056 [INFO] ThirdParty:1030 - CMSIS Pack Vendor :STMicroelectronics X-CUBE-EEPRMA1 5.1.0
2025-07-04 06:31:52,056 [INFO] ThirdParty:1030 - CMSIS Pack Vendor :STMicroelectronics X-CUBE-FREERTOS 1.3.1
2025-07-04 06:31:52,056 [INFO] ThirdParty:1030 - CMSIS Pack Vendor :STMicroelectronics HAL Drivers 0.0.0
2025-07-04 06:31:52,056 [INFO] ThirdParty:1030 - CMSIS Pack Vendor :STMicroelectronics MBEDTLS 2.16.2
2025-07-04 06:31:52,056 [INFO] ThirdParty:1030 - CMSIS Pack Vendor :STMicroelectronics X-CUBE-ALS 1.0.2
2025-07-04 06:31:52,056 [INFO] ThirdParty:1030 - CMSIS Pack Vendor :emotas I-CUBE-CANOPEN 1.3.0
2025-07-04 06:31:52,056 [INFO] ThirdParty:1030 - CMSIS Pack Vendor :STMicroelectronics MBEDTLS 2.14.1
2025-07-04 06:31:52,056 [INFO] ThirdParty:1030 - CMSIS Pack Vendor :ITTIA_DB I-CUBE-ITTIADB 8.9.0
2025-07-04 06:31:52,056 [INFO] ThirdParty:1030 - CMSIS Pack Vendor :portGmbH I-Cube-SoM-uGOAL 1.1.0
2025-07-04 06:31:52,056 [INFO] ThirdParty:1030 - CMSIS Pack Vendor :STMicroelectronics ThreadX 1.0.0
2025-07-04 06:31:52,056 [INFO] ThirdParty:1030 - CMSIS Pack Vendor :STMicroelectronics FP-SNS-SMARTAG2 1.2.0
2025-07-04 06:31:52,056 [INFO] ThirdParty:1030 - CMSIS Pack Vendor :STMicroelectronics X-CUBE-AZRTOS-WL 2.0.0
2025-07-04 06:31:52,056 [INFO] ThirdParty:1030 - CMSIS Pack Vendor :SEGGER I-CUBE-embOS 1.3.1
2025-07-04 06:31:52,056 [INFO] ThirdParty:1030 - CMSIS Pack Vendor :STMicroelectronics X-CUBE-ALGOBUILD 1.4.0
2025-07-04 06:31:52,056 [INFO] ThirdParty:1030 - CMSIS Pack Vendor :STMicroelectronics X-CUBE-MEMS1 11.3.0
2025-07-04 06:31:52,056 [INFO] ThirdParty:1030 - CMSIS Pack Vendor :STMicroelectronics FP-SNS-MOTENV1 5.0.0
2025-07-04 06:31:52,056 [INFO] ThirdParty:1030 - CMSIS Pack Vendor :STMicroelectronics USB_DEVICE 1.0.0
2025-07-04 06:31:52,056 [INFO] ThirdParty:1030 - CMSIS Pack Vendor :STMicroelectronics X-CUBE-AZRTOS-L4 2.0.0
2025-07-04 06:31:52,056 [INFO] ThirdParty:1030 - CMSIS Pack Vendor :STMicroelectronics ThreadX 0.0.2
2025-07-04 06:31:52,056 [INFO] ThirdParty:1030 - CMSIS Pack Vendor :WES I-CUBE-Cesium 1.3.0
2025-07-04 06:31:52,056 [INFO] ThirdParty:1030 - CMSIS Pack Vendor :STMicroelectronics lwIP 2.1.2
2025-07-04 06:31:52,056 [INFO] ThirdParty:1030 - CMSIS Pack Vendor :STMicroelectronics X-CUBE-SFXS2LP1 4.0.0
2025-07-04 06:31:52,057 [INFO] ThirdParty:1030 - CMSIS Pack Vendor :STMicroelectronics X-CUBE-BLE2 3.3.0
2025-07-04 06:31:52,057 [INFO] ThirdParty:1030 - CMSIS Pack Vendor :STMicroelectronics PDM2PCM 3.2.0
2025-07-04 06:31:52,057 [INFO] ThirdParty:841 - exiting critical section [change project]
2025-07-04 06:31:52,565 [INFO] PinOutPanel:1499 - setPackage(No Configuration,No Configuration)
2025-07-04 06:31:52,567 [INFO] PinOutPanel:1499 - setPackage(STM32F405RGTx,LQFP64)
2025-07-04 06:31:53,213 [INFO] UtilMem:75 - Before build in PCC Used Memory: 215353416 Bytes (347078656)
2025-07-04 06:31:54,107 [INFO] UtilMem:75 - After build in PCC Used Memory: 255043096 Bytes (347078656)
2025-07-04 06:31:54,159 [INFO] IPUIPlugin:80 - create IPUIPlugin
2025-07-04 06:31:54,160 [INFO] IPUIPlugin:80 - create IPUIPlugin
2025-07-04 06:31:54,160 [INFO] IPUIPlugin:80 - create IPUIPlugin
2025-07-04 06:31:54,160 [INFO] IPUIPlugin:80 - create IPUIPlugin
2025-07-04 06:31:54,160 [INFO] IPUIPlugin:80 - create IPUIPlugin
2025-07-04 06:31:54,160 [INFO] IPUIPlugin:80 - create IPUIPlugin
2025-07-04 06:31:54,161 [INFO] IPUIPlugin:80 - create IPUIPlugin
2025-07-04 06:31:54,161 [INFO] IPUIPlugin:80 - create IPUIPlugin
2025-07-04 06:31:54,161 [INFO] IPUIPlugin:80 - create IPUIPlugin
2025-07-04 06:31:54,161 [INFO] IPUIPlugin:80 - create IPUIPlugin
2025-07-04 06:31:54,161 [INFO] IPUIPlugin:80 - create IPUIPlugin
2025-07-04 06:31:54,161 [INFO] IPUIPlugin:80 - create IPUIPlugin
2025-07-04 06:31:54,161 [INFO] IPUIPlugin:80 - create IPUIPlugin
2025-07-04 06:31:54,162 [INFO] IPUIPlugin:80 - create IPUIPlugin
2025-07-04 06:31:54,162 [INFO] IPUIPlugin:80 - create IPUIPlugin
2025-07-04 06:31:54,162 [INFO] IPUIPlugin:80 - create IPUIPlugin
2025-07-04 06:31:54,162 [INFO] IPUIPlugin:80 - create IPUIPlugin
2025-07-04 06:31:54,162 [INFO] IPUIPlugin:80 - create IPUIPlugin
2025-07-04 06:31:54,163 [INFO] IPUIPlugin:80 - create IPUIPlugin
2025-07-04 06:31:54,163 [INFO] IPUIPlugin:80 - create IPUIPlugin
2025-07-04 06:31:54,163 [INFO] IPUIPlugin:80 - create IPUIPlugin
2025-07-04 06:31:54,163 [INFO] IPUIPlugin:80 - create IPUIPlugin
2025-07-04 06:31:54,163 [INFO] IPUIPlugin:80 - create IPUIPlugin
2025-07-04 06:31:54,164 [INFO] IPUIPlugin:80 - create IPUIPlugin
2025-07-04 06:31:54,164 [INFO] IPUIPlugin:80 - create IPUIPlugin
2025-07-04 06:31:54,164 [INFO] IPUIPlugin:80 - create IPUIPlugin
2025-07-04 06:31:54,164 [INFO] IPUIPlugin:80 - create IPUIPlugin
2025-07-04 06:31:54,165 [INFO] IPUIPlugin:80 - create IPUIPlugin
2025-07-04 06:31:54,165 [INFO] IPUIPlugin:80 - create IPUIPlugin
2025-07-04 06:31:54,165 [INFO] IPUIPlugin:80 - create IPUIPlugin
2025-07-04 06:31:54,165 [INFO] IPUIPlugin:80 - create IPUIPlugin
2025-07-04 06:31:54,166 [INFO] IPUIPlugin:80 - create IPUIPlugin
2025-07-04 06:31:54,166 [INFO] IPUIPlugin:80 - create IPUIPlugin
2025-07-04 06:31:54,166 [INFO] IPUIPlugin:80 - create IPUIPlugin
2025-07-04 06:31:54,166 [INFO] IPUIPlugin:80 - create IPUIPlugin
2025-07-04 06:31:54,167 [INFO] IPUIPlugin:80 - create IPUIPlugin
2025-07-04 06:31:54,167 [INFO] IPUIPlugin:80 - create IPUIPlugin
2025-07-04 06:31:54,167 [INFO] IPUIPlugin:80 - create IPUIPlugin
2025-07-04 06:31:54,168 [INFO] IPUIPlugin:80 - create IPUIPlugin
2025-07-04 06:31:54,168 [INFO] IPUIPlugin:80 - create IPUIPlugin
2025-07-04 06:31:54,169 [INFO] IPUIPlugin:80 - create IPUIPlugin
2025-07-04 06:31:54,169 [INFO] IPUIPlugin:80 - create IPUIPlugin
2025-07-04 06:31:54,169 [INFO] IPUIPlugin:80 - create IPUIPlugin
2025-07-04 06:31:54,169 [INFO] IPUIPlugin:80 - create IPUIPlugin
2025-07-04 06:31:54,169 [INFO] IPUIPlugin:80 - create IPUIPlugin
2025-07-04 06:31:54,170 [INFO] IPUIPlugin:80 - create IPUIPlugin
2025-07-04 06:31:54,170 [INFO] IPUIPlugin:80 - create IPUIPlugin
2025-07-04 06:31:54,170 [INFO] IPUIPlugin:80 - create IPUIPlugin
2025-07-04 06:31:54,170 [INFO] IPUIPlugin:80 - create IPUIPlugin
2025-07-04 06:31:54,170 [INFO] IPUIPlugin:80 - create IPUIPlugin
2025-07-04 06:31:54,171 [INFO] IPUIPlugin:80 - create IPUIPlugin
2025-07-04 06:31:54,171 [INFO] IPUIPlugin:80 - create IPUIPlugin
2025-07-04 06:31:54,172 [INFO] IPUIPlugin:80 - create IPUIPlugin
2025-07-04 06:31:54,173 [INFO] IPUIPlugin:80 - create IPUIPlugin
2025-07-04 06:31:54,240 [INFO] ApiDbMcu:507 - Load IP Config File for PDM2PCM
2025-07-04 06:31:54,619 [INFO] CADModel:165 - CPN selected for project levelSTM32F405RGT6
2025-07-04 06:31:54,619 [INFO] CADModel:114 - Register for checkConnection events
2025-07-04 06:31:54,662 [INFO] OpenFileManager:328 - Restore cursor
2025-07-04 06:43:06,043 [INFO] UtilMem:75 - End SaveConfig() Used Memory: 246682048 Bytes (347078656)
2025-07-04 06:43:12,510 [INFO] UtilMem:75 - End SaveConfig() Used Memory: 286499936 Bytes (347078656)
2025-07-04 06:44:21,107 [INFO] UtilMem:75 - End SaveConfig() Used Memory: 294807800 Bytes (347078656)
2025-07-04 06:44:21,181 [INFO] UtilMem:75 - End SaveConfig() Used Memory: 247815808 Bytes (347078656)
2025-07-04 06:44:21,813 [INFO] UtilMem:75 - End SaveConfig() Used Memory: 294582992 Bytes (347078656)
2025-07-04 06:44:22,747 [INFO] BlockDiagram:2759 - set Specific Code input for plugin: TIM1_8
2025-07-04 06:44:22,748 [INFO] BlockDiagram:2759 - set Specific Code input for plugin: ADC
2025-07-04 06:44:22,748 [INFO] BlockDiagram:2759 - set Specific Code input for plugin: ADC
2025-07-04 06:44:22,748 [INFO] BlockDiagram:2759 - set Specific Code input for plugin: RCC
2025-07-04 06:44:22,748 [INFO] BlockDiagram:2759 - set Specific Code input for plugin: NVIC
2025-07-04 06:44:22,748 [INFO] BlockDiagram:2759 - set Specific Code input for plugin: USART
2025-07-04 06:44:22,748 [INFO] BlockDiagram:2759 - set Specific Code input for plugin: USART
2025-07-04 06:44:22,748 [INFO] BlockDiagram:2759 - set Specific Code input for plugin: USART
2025-07-04 06:44:22,748 [INFO] BlockDiagram:2759 - set Specific Code input for plugin: GPIO
2025-07-04 06:44:22,749 [INFO] CodeGenerator:793 - code generatio: config db path: /app/stm32cubeide/plugins/com.st.stm32cube.common.mx_6.8.0.202302231600//db/
2025-07-04 06:44:23,275 [INFO] CodeEngine:255 - oldGeneratedFile, /home/amer/Work/Elebel/18jun25/code/model_a/MXTmpFiles/license.tmp_save
2025-07-04 06:44:23,743 [INFO] CodeEngine:279 - Generated code: /home/amer/Work/Elebel/18jun25/code/model_a/MXTmpFiles/license.tmp
2025-07-04 06:44:23,810 [INFO] CodeEngine:255 - oldGeneratedFile, /home/amer/Work/Elebel/18jun25/code/model_a/MXTmpFiles/gpio.tmp_save
2025-07-04 06:44:23,958 [INFO] CodeEngine:279 - Generated code: /home/amer/Work/Elebel/18jun25/code/model_a/MXTmpFiles/gpio.tmp
2025-07-04 06:44:24,281 [INFO] CodeEngine:255 - oldGeneratedFile, /home/amer/Work/Elebel/18jun25/code/model_a/Core/Src/stm32f4xx_it.c_save
2025-07-04 06:44:24,479 [INFO] CodeEngine:279 - Generated code: /home/amer/Work/Elebel/18jun25/code/model_a/Core/Src/stm32f4xx_it.c
2025-07-04 06:44:24,482 [INFO] CodeEngine:255 - oldGeneratedFile, /home/amer/Work/Elebel/18jun25/code/model_a/Core/Inc/stm32f4xx_it.h_save
2025-07-04 06:44:24,577 [INFO] CodeEngine:279 - Generated code: /home/amer/Work/Elebel/18jun25/code/model_a/Core/Inc/stm32f4xx_it.h
2025-07-04 06:44:24,618 [INFO] CodeEngine:255 - oldGeneratedFile, /home/amer/Work/Elebel/18jun25/code/model_a/Core/Src/stm32f4xx_hal_msp.c_save
2025-07-04 06:44:24,809 [INFO] CodeEngine:279 - Generated code: /home/amer/Work/Elebel/18jun25/code/model_a/Core/Src/stm32f4xx_hal_msp.c
2025-07-04 06:44:24,811 [INFO] CodeEngine:255 - oldGeneratedFile, /home/amer/Work/Elebel/18jun25/code/model_a/MXTmpFiles/system.tmp_save
2025-07-04 06:44:24,881 [INFO] CodeEngine:279 - Generated code: /home/amer/Work/Elebel/18jun25/code/model_a/MXTmpFiles/system.tmp
2025-07-04 06:44:24,884 [INFO] CodeEngine:311 - oldGeneratedFile, /home/amer/Work/Elebel/18jun25/code/model_a/Core/Inc/stm32f4xx_hal_conf.h_save
2025-07-04 06:44:24,984 [INFO] CodeEngine:335 - Generated code: /home/amer/Work/Elebel/18jun25/code/model_a/Core/Inc/stm32f4xx_hal_conf.h
2025-07-04 06:44:25,013 [WARN] IPConfigManager:3431 - IP not found : TIM
2025-07-04 06:44:25,013 [WARN] CodeGenerator:3754 - IP not found : null
2025-07-04 06:44:25,016 [INFO] CodeEngine:255 - oldGeneratedFile, /home/amer/Work/Elebel/18jun25/code/model_a/Core/Inc/main.h_save
2025-07-04 06:44:25,108 [INFO] CodeEngine:279 - Generated code: /home/amer/Work/Elebel/18jun25/code/model_a/Core/Inc/main.h
2025-07-04 06:44:25,110 [INFO] CodeEngine:255 - oldGeneratedFile, /home/amer/Work/Elebel/18jun25/code/model_a/Core/Src/main.c_save
2025-07-04 06:44:25,268 [INFO] CodeEngine:279 - Generated code: /home/amer/Work/Elebel/18jun25/code/model_a/Core/Src/main.c
2025-07-04 06:44:25,983 [INFO] ProjectBuilder:2996 - Time for Copy HAL[1] : 48mS.
2025-07-04 06:44:26,023 [INFO] ProjectBuilder:4304 - Project Generator version: 3.19.2
2025-07-04 06:44:26,402 [INFO] ConfigFileManager:1483 - The Die is : DIE413
2025-07-04 06:44:26,410 [INFO] ApiDbMcu:507 - Load IP Config File for FATFS
2025-07-04 06:44:26,415 [INFO] ApiDbMcu:507 - Load IP Config File for FREERTOS
2025-07-04 06:44:26,416 [INFO] ApiDbMcu:507 - Load IP Config File for LIBJPEG
2025-07-04 06:44:26,422 [INFO] ApiDbMcu:507 - Load IP Config File for MBEDTLS
2025-07-04 06:44:26,431 [INFO] ApiDbMcu:507 - Load IP Config File for USB_DEVICE
2025-07-04 06:44:26,434 [INFO] ApiDbMcu:507 - Load IP Config File for USB_HOST
2025-07-04 06:44:27,357 [INFO] LogOutputStream:77 - [STDOUT_REDIRECT] 
2025-07-04 06:44:28,344 [INFO] ProjectBuilder:4505 - Time for Generating toolchain IDE Files: 2319mS.
2025-07-04 06:44:28,346 [INFO] ProjectBuilder:2867 - Time for Copy CMSIS : 1mS.
2025-07-04 06:44:28,347 [INFO] ProjectBuilder:2867 - Time for Copy CMSIS : 0mS.
